[ 2016-12-29T08:03:16+08:00 ] 172.16.18.200 /github/Wplus/ThinkWplus/index.php
INFO: [ app_init ] --START--
INFO: Run Behavior\BuildLiteBehavior [ RunTime:0.000069s ]
INFO: [ app_init ] --END-- [ RunTime:0.110639s ]
INFO: [ app_begin ] --START--
INFO: Run Behavior\ReadHtmlCacheBehavior [ RunTime:0.023590s ]
INFO: [ app_begin ] --END-- [ RunTime:0.023844s ]

[ 2016-12-29T08:03:16+08:00 ] 172.16.18.200 /github/Wplus/ThinkWplus/index.php
INFO: [ app_init ] --START--
INFO: Run Behavior\BuildLiteBehavior [ RunTime:0.000070s ]
INFO: [ app_init ] --END-- [ RunTime:0.129786s ]
INFO: [ app_begin ] --START--
INFO: Run Behavior\ReadHtmlCacheBehavior [ RunTime:0.044632s ]
INFO: [ app_begin ] --END-- [ RunTime:0.044864s ]

[ 2016-12-29T08:03:17+08:00 ] 172.16.18.200 /github/Wplus/ThinkWplus/index.php/Home/Signup/signin.html
INFO: [ app_init ] --START--
INFO: Run Behavior\BuildLiteBehavior [ RunTime:0.000017s ]
INFO: [ app_init ] --END-- [ RunTime:0.000515s ]
INFO: [ app_begin ] --START--
INFO: Run Behavior\ReadHtmlCacheBehavior [ RunTime:0.000993s ]
INFO: [ app_begin ] --END-- [ RunTime:0.001084s ]
INFO: [ view_parse ] --START--
INFO: [ template_filter ] --START--
INFO: Run Behavior\ContentReplaceBehavior [ RunTime:0.000124s ]
INFO: [ template_filter ] --END-- [ RunTime:0.000244s ]
INFO: Run Behavior\ParseTemplateBehavior [ RunTime:0.208912s ]
INFO: [ view_parse ] --END-- [ RunTime:0.209056s ]
INFO: [ view_filter ] --START--
INFO: Run Behavior\WriteHtmlCacheBehavior [ RunTime:0.025700s ]
INFO: [ view_filter ] --END-- [ RunTime:0.025853s ]
INFO: [ app_end ] --START--
INFO: Run Behavior\ShowPageTraceBehavior [ RunTime:0.018993s ]
INFO: [ app_end ] --END-- [ RunTime:0.019188s ]

[ 2016-12-29T08:03:49+08:00 ] 172.16.18.200 /github/Wplus/ThinkWplus/index.php/Home/Signup/doSign
INFO: [ app_init ] --START--
INFO: Run Behavior\BuildLiteBehavior [ RunTime:0.000026s ]
INFO: [ app_init ] --END-- [ RunTime:0.001180s ]
INFO: [ app_begin ] --START--
INFO: Run Behavior\ReadHtmlCacheBehavior [ RunTime:0.001478s ]
INFO: [ app_begin ] --END-- [ RunTime:0.001622s ]
SQL: SHOW COLUMNS FROM `user` [ RunTime:0.1458s ]
SQL: SELECT COUNT(*) AS tp_count FROM `user` WHERE `phonenum` = '15230812698' AND `password` = 'sun234' LIMIT 1   [ RunTime:0.4409s ]
SQL: SELECT `username` FROM `user` WHERE `phonenum` = '15230812698' AND `password` = 'sun234' LIMIT 1   [ RunTime:0.0360s ]
SQL: SELECT `id` FROM `user` WHERE `phonenum` = '15230812698' AND `password` = 'sun234' LIMIT 1   [ RunTime:0.0369s ]
INFO: [ app_end ] --START--
INFO: Run Behavior\ShowPageTraceBehavior [ RunTime:0.002656s ]
INFO: [ app_end ] --END-- [ RunTime:0.002843s ]

[ 2016-12-29T08:04:09+08:00 ] 172.16.18.200 /github/Wplus/ThinkWplus/index.php/Home/Signup/doSign
INFO: [ app_init ] --START--
INFO: Run Behavior\BuildLiteBehavior [ RunTime:0.000017s ]
INFO: [ app_init ] --END-- [ RunTime:0.000593s ]
INFO: [ app_begin ] --START--
INFO: Run Behavior\ReadHtmlCacheBehavior [ RunTime:0.000822s ]
INFO: [ app_begin ] --END-- [ RunTime:0.000905s ]
SQL: SHOW COLUMNS FROM `user` [ RunTime:0.0356s ]
SQL: SELECT COUNT(*) AS tp_count FROM `user` WHERE `phonenum` = '15232145874' AND `password` = 'sun234' LIMIT 1   [ RunTime:0.0347s ]
SQL: SELECT `username` FROM `user` WHERE `phonenum` = '15232145874' AND `password` = 'sun234' LIMIT 1   [ RunTime:0.0351s ]
SQL: SELECT `id` FROM `user` WHERE `phonenum` = '15232145874' AND `password` = 'sun234' LIMIT 1   [ RunTime:0.0351s ]

[ 2016-12-29T08:04:12+08:00 ] 172.16.18.200 /github/Wplus/ThinkWplus/index.php/Home/Index/index.html
INFO: [ app_init ] --START--
INFO: Run Behavior\BuildLiteBehavior [ RunTime:0.000028s ]
INFO: [ app_init ] --END-- [ RunTime:0.001006s ]
INFO: [ app_begin ] --START--
INFO: Run Behavior\ReadHtmlCacheBehavior [ RunTime:0.001183s ]
INFO: [ app_begin ] --END-- [ RunTime:0.001303s ]
SQL: SHOW COLUMNS FROM `article` [ RunTime:0.0588s ]
SQL: SELECT * FROM article a,user b WHERE ( a.authorid = b.id ) LIMIT 10   [ RunTime:0.2667s ]
INFO: [ view_parse ] --START--
INFO: [ template_filter ] --START--
INFO: Run Behavior\ContentReplaceBehavior [ RunTime:0.000301s ]
INFO: [ template_filter ] --END-- [ RunTime:0.000498s ]
INFO: Run Behavior\ParseTemplateBehavior [ RunTime:0.080418s ]
INFO: [ view_parse ] --END-- [ RunTime:0.080627s ]
INFO: [ view_filter ] --START--
INFO: Run Behavior\WriteHtmlCacheBehavior [ RunTime:0.001433s ]
INFO: [ view_filter ] --END-- [ RunTime:0.001600s ]
INFO: [ app_end ] --START--
INFO: Run Behavior\ShowPageTraceBehavior [ RunTime:0.002407s ]
INFO: [ app_end ] --END-- [ RunTime:0.002598s ]

[ 2016-12-29T08:04:19+08:00 ] 172.16.18.200 /github/Wplus/ThinkWplus/index.php/Home/Nowait/requestlist
INFO: [ app_init ] --START--
INFO: Run Behavior\BuildLiteBehavior [ RunTime:0.000015s ]
INFO: [ app_init ] --END-- [ RunTime:0.000665s ]
INFO: [ app_begin ] --START--
INFO: Run Behavior\ReadHtmlCacheBehavior [ RunTime:0.000923s ]
INFO: [ app_begin ] --END-- [ RunTime:0.001011s ]
NOTIC: [2048] Declaration of Home\Controller\NowaitController::get() should be compatible with that of Think\Controller::get() G:\wwwroot\github\Wplus\ThinkWplus\Application\Home\Controller\NowaitController.class.php 第 108 行.
SQL: SHOW COLUMNS FROM `orderform` [ RunTime:0.0375s ]
SQL: SELECT * FROM `orderform` INNER JOIN address ON orderform.addressid = address.id INNER JOIN user ON orderform.makerid = user.id  WHERE ( purchaserid is null ) ORDER BY oid desc  [ RunTime:0.0698s ]
INFO: [ view_parse ] --START--
INFO: [ template_filter ] --START--
INFO: Run Behavior\ContentReplaceBehavior [ RunTime:0.000236s ]
INFO: [ template_filter ] --END-- [ RunTime:0.000417s ]
INFO: Run Behavior\ParseTemplateBehavior [ RunTime:0.092170s ]
INFO: [ view_parse ] --END-- [ RunTime:0.092400s ]
INFO: [ view_filter ] --START--
INFO: Run Behavior\WriteHtmlCacheBehavior [ RunTime:0.001428s ]
INFO: [ view_filter ] --END-- [ RunTime:0.001600s ]
INFO: [ app_end ] --START--
INFO: Run Behavior\ShowPageTraceBehavior [ RunTime:0.002424s ]
INFO: [ app_end ] --END-- [ RunTime:0.002636s ]

[ 2016-12-29T08:04:21+08:00 ] 172.16.18.200 /github/Wplus/ThinkWplus/index.php/Home/Nowait/requestlist
INFO: [ app_init ] --START--
INFO: Run Behavior\BuildLiteBehavior [ RunTime:0.000014s ]
INFO: [ app_init ] --END-- [ RunTime:0.000583s ]
INFO: [ app_begin ] --START--
INFO: Run Behavior\ReadHtmlCacheBehavior [ RunTime:0.000701s ]
INFO: [ app_begin ] --END-- [ RunTime:0.000762s ]
NOTIC: [2048] Declaration of Home\Controller\NowaitController::get() should be compatible with that of Think\Controller::get() G:\wwwroot\github\Wplus\ThinkWplus\Application\Home\Controller\NowaitController.class.php 第 108 行.
SQL: SHOW COLUMNS FROM `orderform` [ RunTime:0.0347s ]
SQL: SELECT * FROM `orderform` INNER JOIN address ON orderform.addressid = address.id INNER JOIN user ON orderform.makerid = user.id  WHERE ( purchaserid is null ) ORDER BY oid desc  [ RunTime:0.0408s ]
INFO: [ view_parse ] --START--
INFO: [ template_filter ] --START--
INFO: Run Behavior\ContentReplaceBehavior [ RunTime:0.000228s ]
INFO: [ template_filter ] --END-- [ RunTime:0.000416s ]
INFO: Run Behavior\ParseTemplateBehavior [ RunTime:0.047349s ]
INFO: [ view_parse ] --END-- [ RunTime:0.047522s ]
INFO: [ view_filter ] --START--
INFO: Run Behavior\WriteHtmlCacheBehavior [ RunTime:0.000595s ]
INFO: [ view_filter ] --END-- [ RunTime:0.000661s ]
INFO: [ app_end ] --START--
INFO: Run Behavior\ShowPageTraceBehavior [ RunTime:0.001169s ]
INFO: [ app_end ] --END-- [ RunTime:0.001284s ]

[ 2016-12-29T08:04:26+08:00 ] 172.16.18.200 /github/Wplus/ThinkWplus/index.php/Home/Nowait/basketlist
INFO: [ app_init ] --START--
INFO: Run Behavior\BuildLiteBehavior [ RunTime:0.000028s ]
INFO: [ app_init ] --END-- [ RunTime:0.000963s ]
INFO: [ app_begin ] --START--
INFO: Run Behavior\ReadHtmlCacheBehavior [ RunTime:0.001189s ]
INFO: [ app_begin ] --END-- [ RunTime:0.001306s ]
NOTIC: [2048] Declaration of Home\Controller\NowaitController::get() should be compatible with that of Think\Controller::get() G:\wwwroot\github\Wplus\ThinkWplus\Application\Home\Controller\NowaitController.class.php 第 108 行.
SQL: SHOW COLUMNS FROM `orderform` [ RunTime:0.0416s ]
SQL: SHOW COLUMNS FROM `user` [ RunTime:0.0412s ]
SQL: SELECT `id` FROM `user` WHERE `username` = '孙哲' LIMIT 1   [ RunTime:0.0389s ]
SQL: SELECT * FROM `orderform` INNER JOIN address ON orderform.addressid = address.id INNER JOIN user ON orderform.makerid = user.id  WHERE ( purchaserid = 2 AND purchaserid <> makerid )  [ RunTime:0.0609s ]
SQL: SELECT * FROM `orderform` WHERE ( makerid = purchaserid and makerid = 2 )  [ RunTime:0.0395s ]
INFO: [ view_parse ] --START--
INFO: [ template_filter ] --START--
INFO: Run Behavior\ContentReplaceBehavior [ RunTime:0.000300s ]
INFO: [ template_filter ] --END-- [ RunTime:0.000506s ]
INFO: Run Behavior\ParseTemplateBehavior [ RunTime:0.061702s ]
INFO: [ view_parse ] --END-- [ RunTime:0.061840s ]
INFO: [ view_filter ] --START--
INFO: Run Behavior\WriteHtmlCacheBehavior [ RunTime:0.000518s ]
INFO: [ view_filter ] --END-- [ RunTime:0.000582s ]
INFO: [ app_end ] --START--
INFO: Run Behavior\ShowPageTraceBehavior [ RunTime:0.000766s ]
INFO: [ app_end ] --END-- [ RunTime:0.000881s ]

[ 2016-12-29T08:13:05+08:00 ] 172.16.18.200 /github/Wplus/ThinkWplus/index.php/Home/Nowait/requestlist
INFO: [ app_init ] --START--
INFO: Run Behavior\BuildLiteBehavior [ RunTime:0.000027s ]
INFO: [ app_init ] --END-- [ RunTime:0.001037s ]
INFO: [ app_begin ] --START--
INFO: Run Behavior\ReadHtmlCacheBehavior [ RunTime:0.001417s ]
INFO: [ app_begin ] --END-- [ RunTime:0.001531s ]
NOTIC: [2048] Declaration of Home\Controller\NowaitController::get() should be compatible with that of Think\Controller::get() G:\wwwroot\github\Wplus\ThinkWplus\Application\Home\Controller\NowaitController.class.php 第 108 行.
SQL: SHOW COLUMNS FROM `orderform` [ RunTime:0.0395s ]
SQL: SELECT * FROM `orderform` INNER JOIN address ON orderform.addressid = address.id INNER JOIN user ON orderform.makerid = user.id  WHERE ( purchaserid is null ) ORDER BY oid desc  [ RunTime:0.0408s ]
INFO: [ view_parse ] --START--
INFO: [ template_filter ] --START--
INFO: Run Behavior\ContentReplaceBehavior [ RunTime:0.000240s ]
INFO: [ template_filter ] --END-- [ RunTime:0.000439s ]
INFO: Run Behavior\ParseTemplateBehavior [ RunTime:0.033863s ]
INFO: [ view_parse ] --END-- [ RunTime:0.034072s ]
INFO: [ view_filter ] --START--
INFO: Run Behavior\WriteHtmlCacheBehavior [ RunTime:0.001549s ]
INFO: [ view_filter ] --END-- [ RunTime:0.001722s ]
INFO: [ app_end ] --START--
INFO: Run Behavior\ShowPageTraceBehavior [ RunTime:0.001738s ]
INFO: [ app_end ] --END-- [ RunTime:0.001929s ]

[ 2016-12-29T08:13:40+08:00 ] 172.16.18.200 /github/Wplus/ThinkWplus/index.php/Home/Nowait/requestlist
INFO: [ app_init ] --START--
INFO: Run Behavior\BuildLiteBehavior [ RunTime:0.000025s ]
INFO: [ app_init ] --END-- [ RunTime:0.000892s ]
INFO: [ app_begin ] --START--
INFO: Run Behavior\ReadHtmlCacheBehavior [ RunTime:0.001122s ]
INFO: [ app_begin ] --END-- [ RunTime:0.001225s ]
NOTIC: [2048] Declaration of Home\Controller\NowaitController::get() should be compatible with that of Think\Controller::get() G:\wwwroot\github\Wplus\ThinkWplus\Application\Home\Controller\NowaitController.class.php 第 108 行.
SQL: SHOW COLUMNS FROM `orderform` [ RunTime:0.0436s ]
SQL: SELECT * FROM `orderform` INNER JOIN address ON orderform.addressid = address.id INNER JOIN user ON orderform.makerid = user.id  WHERE ( purchaserid is null ) ORDER BY oid desc  [ RunTime:0.0461s ]
INFO: [ view_parse ] --START--
INFO: [ template_filter ] --START--
INFO: Run Behavior\ContentReplaceBehavior [ RunTime:0.000239s ]
INFO: [ template_filter ] --END-- [ RunTime:0.000524s ]
INFO: Run Behavior\ParseTemplateBehavior [ RunTime:0.030008s ]
INFO: [ view_parse ] --END-- [ RunTime:0.030156s ]
INFO: [ view_filter ] --START--
INFO: Run Behavior\WriteHtmlCacheBehavior [ RunTime:0.000621s ]
INFO: [ view_filter ] --END-- [ RunTime:0.000708s ]
INFO: [ app_end ] --START--
INFO: Run Behavior\ShowPageTraceBehavior [ RunTime:0.002232s ]
INFO: [ app_end ] --END-- [ RunTime:0.002483s ]

[ 2016-12-29T08:14:56+08:00 ] 172.16.18.200 /github/Wplus/ThinkWplus/index.php/Home/Nowait/requestlist
INFO: [ app_init ] --START--
INFO: Run Behavior\BuildLiteBehavior [ RunTime:0.000028s ]
INFO: [ app_init ] --END-- [ RunTime:0.001111s ]
INFO: [ app_begin ] --START--
INFO: Run Behavior\ReadHtmlCacheBehavior [ RunTime:0.001462s ]
INFO: [ app_begin ] --END-- [ RunTime:0.001585s ]
NOTIC: [2048] Declaration of Home\Controller\NowaitController::get() should be compatible with that of Think\Controller::get() G:\wwwroot\github\Wplus\ThinkWplus\Application\Home\Controller\NowaitController.class.php 第 108 行.
SQL: SHOW COLUMNS FROM `orderform` [ RunTime:0.0375s ]
SQL: SELECT * FROM `orderform` INNER JOIN address ON orderform.addressid = address.id INNER JOIN user ON orderform.makerid = user.id  WHERE ( purchaserid is null ) ORDER BY oid desc  [ RunTime:0.0369s ]
INFO: [ view_parse ] --START--
INFO: [ template_filter ] --START--
INFO: Run Behavior\ContentReplaceBehavior [ RunTime:0.000127s ]
INFO: [ template_filter ] --END-- [ RunTime:0.000245s ]
INFO: Run Behavior\ParseTemplateBehavior [ RunTime:0.071101s ]
INFO: [ view_parse ] --END-- [ RunTime:0.071299s ]
INFO: [ view_filter ] --START--
INFO: Run Behavior\WriteHtmlCacheBehavior [ RunTime:0.000800s ]
INFO: [ view_filter ] --END-- [ RunTime:0.000892s ]
INFO: [ app_end ] --START--
INFO: Run Behavior\ShowPageTraceBehavior [ RunTime:0.001128s ]
INFO: [ app_end ] --END-- [ RunTime:0.001245s ]

[ 2016-12-29T08:16:57+08:00 ] 172.16.18.200 /github/Wplus/ThinkWplus/index.php/Home/Nowait/requestlist
INFO: [ app_init ] --START--
INFO: Run Behavior\BuildLiteBehavior [ RunTime:0.000029s ]
INFO: [ app_init ] --END-- [ RunTime:0.001187s ]
INFO: [ app_begin ] --START--
INFO: Run Behavior\ReadHtmlCacheBehavior [ RunTime:0.001522s ]
INFO: [ app_begin ] --END-- [ RunTime:0.001643s ]
NOTIC: [2048] Declaration of Home\Controller\NowaitController::get() should be compatible with that of Think\Controller::get() G:\wwwroot\github\Wplus\ThinkWplus\Application\Home\Controller\NowaitController.class.php 第 108 行.
SQL: SHOW COLUMNS FROM `orderform` [ RunTime:0.0376s ]
SQL: SELECT * FROM `orderform` INNER JOIN address ON orderform.addressid = address.id INNER JOIN user ON orderform.makerid = user.id  WHERE ( purchaserid is null ) ORDER BY oid desc  [ RunTime:0.0387s ]
INFO: [ view_parse ] --START--
INFO: [ template_filter ] --START--
INFO: Run Behavior\ContentReplaceBehavior [ RunTime:0.000355s ]
INFO: [ template_filter ] --END-- [ RunTime:0.000580s ]
INFO: Run Behavior\ParseTemplateBehavior [ RunTime:0.057719s ]
INFO: [ view_parse ] --END-- [ RunTime:0.057941s ]
INFO: [ view_filter ] --START--
INFO: Run Behavior\WriteHtmlCacheBehavior [ RunTime:0.001532s ]
INFO: [ view_filter ] --END-- [ RunTime:0.001703s ]
INFO: [ app_end ] --START--
INFO: Run Behavior\ShowPageTraceBehavior [ RunTime:0.002422s ]
INFO: [ app_end ] --END-- [ RunTime:0.002618s ]

[ 2016-12-29T08:18:45+08:00 ] 172.16.18.200 /github/Wplus/ThinkWplus/index.php/Home/Nowait/requestlist
INFO: [ app_init ] --START--
INFO: Run Behavior\BuildLiteBehavior [ RunTime:0.000028s ]
INFO: [ app_init ] --END-- [ RunTime:0.001134s ]
INFO: [ app_begin ] --START--
INFO: Run Behavior\ReadHtmlCacheBehavior [ RunTime:0.001516s ]
INFO: [ app_begin ] --END-- [ RunTime:0.001637s ]
NOTIC: [2048] Declaration of Home\Controller\NowaitController::get() should be compatible with that of Think\Controller::get() G:\wwwroot\github\Wplus\ThinkWplus\Application\Home\Controller\NowaitController.class.php 第 108 行.
SQL: SHOW COLUMNS FROM `orderform` [ RunTime:0.0416s ]
SQL: SELECT * FROM `orderform` INNER JOIN address ON orderform.addressid = address.id INNER JOIN user ON orderform.makerid = user.id  WHERE ( purchaserid is null ) ORDER BY oid desc  [ RunTime:0.0429s ]
INFO: [ view_parse ] --START--
INFO: [ template_filter ] --START--
INFO: Run Behavior\ContentReplaceBehavior [ RunTime:0.000242s ]
INFO: [ template_filter ] --END-- [ RunTime:0.000433s ]
INFO: Run Behavior\ParseTemplateBehavior [ RunTime:0.030861s ]
INFO: [ view_parse ] --END-- [ RunTime:0.030999s ]
INFO: [ view_filter ] --START--
INFO: Run Behavior\WriteHtmlCacheBehavior [ RunTime:0.000659s ]
INFO: [ view_filter ] --END-- [ RunTime:0.000735s ]
INFO: [ app_end ] --START--
INFO: Run Behavior\ShowPageTraceBehavior [ RunTime:0.000939s ]
INFO: [ app_end ] --END-- [ RunTime:0.001006s ]

[ 2016-12-29T08:19:51+08:00 ] 172.16.18.200 /github/Wplus/ThinkWplus/index.php/Home/Nowait/basketlist
INFO: [ app_init ] --START--
INFO: Run Behavior\BuildLiteBehavior [ RunTime:0.000029s ]
INFO: [ app_init ] --END-- [ RunTime:0.001115s ]
INFO: [ app_begin ] --START--
INFO: Run Behavior\ReadHtmlCacheBehavior [ RunTime:0.001548s ]
INFO: [ app_begin ] --END-- [ RunTime:0.001689s ]
NOTIC: [2048] Declaration of Home\Controller\NowaitController::get() should be compatible with that of Think\Controller::get() G:\wwwroot\github\Wplus\ThinkWplus\Application\Home\Controller\NowaitController.class.php 第 108 行.
SQL: SHOW COLUMNS FROM `orderform` [ RunTime:0.0435s ]
SQL: SHOW COLUMNS FROM `user` [ RunTime:0.0423s ]
SQL: SELECT `id` FROM `user` WHERE `username` = '孙哲' LIMIT 1   [ RunTime:0.0418s ]
SQL: SELECT * FROM `orderform` INNER JOIN address ON orderform.addressid = address.id INNER JOIN user ON orderform.makerid = user.id  WHERE ( purchaserid = 2 AND purchaserid <> makerid )  [ RunTime:0.0459s ]
SQL: SELECT * FROM `orderform` WHERE ( makerid = purchaserid and makerid = 2 )  [ RunTime:0.0426s ]
INFO: [ view_parse ] --START--
INFO: [ template_filter ] --START--
INFO: Run Behavior\ContentReplaceBehavior [ RunTime:0.000181s ]
INFO: [ template_filter ] --END-- [ RunTime:0.000304s ]
INFO: Run Behavior\ParseTemplateBehavior [ RunTime:0.033481s ]
INFO: [ view_parse ] --END-- [ RunTime:0.033663s ]
INFO: [ view_filter ] --START--
INFO: Run Behavior\WriteHtmlCacheBehavior [ RunTime:0.001007s ]
INFO: [ view_filter ] --END-- [ RunTime:0.001109s ]
INFO: [ app_end ] --START--
INFO: Run Behavior\ShowPageTraceBehavior [ RunTime:0.001546s ]
INFO: [ app_end ] --END-- [ RunTime:0.001665s ]

[ 2016-12-29T08:19:59+08:00 ] 172.16.18.200 /github/Wplus/ThinkWplus/index.php/Home/Nowait/requestlist
INFO: [ app_init ] --START--
INFO: Run Behavior\BuildLiteBehavior [ RunTime:0.000019s ]
INFO: [ app_init ] --END-- [ RunTime:0.000583s ]
INFO: [ app_begin ] --START--
INFO: Run Behavior\ReadHtmlCacheBehavior [ RunTime:0.000763s ]
INFO: [ app_begin ] --END-- [ RunTime:0.000834s ]
NOTIC: [2048] Declaration of Home\Controller\NowaitController::get() should be compatible with that of Think\Controller::get() G:\wwwroot\github\Wplus\ThinkWplus\Application\Home\Controller\NowaitController.class.php 第 108 行.
SQL: SHOW COLUMNS FROM `orderform` [ RunTime:0.0394s ]
SQL: SELECT * FROM `orderform` INNER JOIN address ON orderform.addressid = address.id INNER JOIN user ON orderform.makerid = user.id  WHERE ( purchaserid is null ) ORDER BY oid desc  [ RunTime:0.0407s ]
INFO: [ view_parse ] --START--
INFO: [ template_filter ] --START--
INFO: Run Behavior\ContentReplaceBehavior [ RunTime:0.000117s ]
INFO: [ template_filter ] --END-- [ RunTime:0.000217s ]
INFO: Run Behavior\ParseTemplateBehavior [ RunTime:0.026496s ]
INFO: [ view_parse ] --END-- [ RunTime:0.026635s ]
INFO: [ view_filter ] --START--
INFO: Run Behavior\WriteHtmlCacheBehavior [ RunTime:0.000461s ]
INFO: [ view_filter ] --END-- [ RunTime:0.000515s ]
INFO: [ app_end ] --START--
INFO: Run Behavior\ShowPageTraceBehavior [ RunTime:0.000729s ]
INFO: [ app_end ] --END-- [ RunTime:0.000793s ]

[ 2016-12-29T08:20:51+08:00 ] 172.16.18.200 /github/Wplus/ThinkWplus/index.php/Home/Nowait/requestlist
INFO: [ app_init ] --START--
INFO: Run Behavior\BuildLiteBehavior [ RunTime:0.000028s ]
INFO: [ app_init ] --END-- [ RunTime:0.001049s ]
INFO: [ app_begin ] --START--
INFO: Run Behavior\ReadHtmlCacheBehavior [ RunTime:0.001327s ]
INFO: [ app_begin ] --END-- [ RunTime:0.001457s ]
NOTIC: [2048] Declaration of Home\Controller\NowaitController::get() should be compatible with that of Think\Controller::get() G:\wwwroot\github\Wplus\ThinkWplus\Application\Home\Controller\NowaitController.class.php 第 108 行.
SQL: SHOW COLUMNS FROM `orderform` [ RunTime:0.0362s ]
SQL: SELECT * FROM `orderform` INNER JOIN address ON orderform.addressid = address.id INNER JOIN user ON orderform.makerid = user.id  WHERE ( purchaserid is null ) ORDER BY oid desc  [ RunTime:0.0381s ]
INFO: [ view_parse ] --START--
INFO: [ template_filter ] --START--
INFO: Run Behavior\ContentReplaceBehavior [ RunTime:0.000228s ]
INFO: [ template_filter ] --END-- [ RunTime:0.000412s ]
INFO: Run Behavior\ParseTemplateBehavior [ RunTime:0.030789s ]
INFO: [ view_parse ] --END-- [ RunTime:0.031009s ]
INFO: [ view_filter ] --START--
INFO: Run Behavior\WriteHtmlCacheBehavior [ RunTime:0.001328s ]
INFO: [ view_filter ] --END-- [ RunTime:0.001504s ]
INFO: [ app_end ] --START--
INFO: Run Behavior\ShowPageTraceBehavior [ RunTime:0.002143s ]
INFO: [ app_end ] --END-- [ RunTime:0.002351s ]

[ 2016-12-29T08:21:20+08:00 ] 172.16.18.200 /github/Wplus/ThinkWplus/index.php/Home/Nowait/get/id/27
INFO: [ app_init ] --START--
INFO: Run Behavior\BuildLiteBehavior [ RunTime:0.000019s ]
INFO: [ app_init ] --END-- [ RunTime:0.000689s ]
INFO: [ app_begin ] --START--
INFO: Run Behavior\ReadHtmlCacheBehavior [ RunTime:0.001274s ]
INFO: [ app_begin ] --END-- [ RunTime:0.001385s ]
NOTIC: [2048] Declaration of Home\Controller\NowaitController::get() should be compatible with that of Think\Controller::get() G:\wwwroot\github\Wplus\ThinkWplus\Application\Home\Controller\NowaitController.class.php 第 108 行.
SQL: SHOW COLUMNS FROM `orderform` [ RunTime:0.0381s ]
SQL: SHOW COLUMNS FROM `user` [ RunTime:0.0348s ]
SQL: SELECT * FROM `orderform` INNER JOIN address ON orderform.addressid = address.id INNER JOIN user ON orderform.makerid = user.id  WHERE ( oid=27 ) LIMIT 1   [ RunTime:0.0514s ]
SQL: SELECT `id` FROM `user` WHERE `username` = '孙哲' LIMIT 1   [ RunTime:0.0338s ]
SQL: UPDATE `orderform` SET `makerid`='10',`ingredients`='小麦面粉',`reward`='2',`deadline`='12:00',`addressid`='3',`purchaserid`='2',`amount`='1袋' WHERE `oid` = 27 [ RunTime:0.1013s ]

[ 2016-12-29T08:21:21+08:00 ] 172.16.18.200 /github/Wplus/ThinkWplus/index.php/Home/Nowait/requestlist.html
INFO: [ app_init ] --START--
INFO: Run Behavior\BuildLiteBehavior [ RunTime:0.000016s ]
INFO: [ app_init ] --END-- [ RunTime:0.000565s ]
INFO: [ app_begin ] --START--
INFO: Run Behavior\ReadHtmlCacheBehavior [ RunTime:0.000794s ]
INFO: [ app_begin ] --END-- [ RunTime:0.000865s ]
NOTIC: [2048] Declaration of Home\Controller\NowaitController::get() should be compatible with that of Think\Controller::get() G:\wwwroot\github\Wplus\ThinkWplus\Application\Home\Controller\NowaitController.class.php 第 108 行.
SQL: SHOW COLUMNS FROM `orderform` [ RunTime:0.0415s ]
SQL: SELECT * FROM `orderform` INNER JOIN address ON orderform.addressid = address.id INNER JOIN user ON orderform.makerid = user.id  WHERE ( purchaserid is null ) ORDER BY oid desc  [ RunTime:0.0433s ]
INFO: [ view_parse ] --START--
INFO: [ template_filter ] --START--
INFO: Run Behavior\ContentReplaceBehavior [ RunTime:0.000251s ]
INFO: [ template_filter ] --END-- [ RunTime:0.000445s ]
INFO: Run Behavior\ParseTemplateBehavior [ RunTime:0.032569s ]
INFO: [ view_parse ] --END-- [ RunTime:0.032787s ]
INFO: [ view_filter ] --START--
INFO: Run Behavior\WriteHtmlCacheBehavior [ RunTime:0.001514s ]
INFO: [ view_filter ] --END-- [ RunTime:0.001700s ]
INFO: [ app_end ] --START--
INFO: Run Behavior\ShowPageTraceBehavior [ RunTime:0.002556s ]
INFO: [ app_end ] --END-- [ RunTime:0.002755s ]

[ 2016-12-29T08:21:36+08:00 ] 172.16.18.200 /github/Wplus/ThinkWplus/index.php/Home/Nowait/get/id/29
INFO: [ app_init ] --START--
INFO: Run Behavior\BuildLiteBehavior [ RunTime:0.000025s ]
INFO: [ app_init ] --END-- [ RunTime:0.000960s ]
INFO: [ app_begin ] --START--
INFO: Run Behavior\ReadHtmlCacheBehavior [ RunTime:0.001216s ]
INFO: [ app_begin ] --END-- [ RunTime:0.001348s ]
NOTIC: [2048] Declaration of Home\Controller\NowaitController::get() should be compatible with that of Think\Controller::get() G:\wwwroot\github\Wplus\ThinkWplus\Application\Home\Controller\NowaitController.class.php 第 108 行.
SQL: SHOW COLUMNS FROM `orderform` [ RunTime:0.0430s ]
SQL: SHOW COLUMNS FROM `user` [ RunTime:0.0431s ]
SQL: SELECT * FROM `orderform` INNER JOIN address ON orderform.addressid = address.id INNER JOIN user ON orderform.makerid = user.id  WHERE ( oid=29 ) LIMIT 1   [ RunTime:0.0449s ]
SQL: SELECT `id` FROM `user` WHERE `username` = '孙哲' LIMIT 1   [ RunTime:0.0436s ]
SQL: UPDATE `orderform` SET `makerid`='3',`ingredients`='鱼',`reward`='2',`deadline`='11:30',`addressid`='12',`purchaserid`='2',`amount`='1斤' WHERE `oid` = 29 [ RunTime:0.0559s ]

[ 2016-12-29T08:21:39+08:00 ] 172.16.18.200 /github/Wplus/ThinkWplus/index.php/Home/Nowait/requestlist.html
INFO: [ app_init ] --START--
INFO: Run Behavior\BuildLiteBehavior [ RunTime:0.000027s ]
INFO: [ app_init ] --END-- [ RunTime:0.000541s ]
INFO: [ app_begin ] --START--
INFO: Run Behavior\ReadHtmlCacheBehavior [ RunTime:0.000729s ]
INFO: [ app_begin ] --END-- [ RunTime:0.000791s ]
NOTIC: [2048] Declaration of Home\Controller\NowaitController::get() should be compatible with that of Think\Controller::get() G:\wwwroot\github\Wplus\ThinkWplus\Application\Home\Controller\NowaitController.class.php 第 108 行.
SQL: SHOW COLUMNS FROM `orderform` [ RunTime:0.0386s ]
SQL: SELECT * FROM `orderform` INNER JOIN address ON orderform.addressid = address.id INNER JOIN user ON orderform.makerid = user.id  WHERE ( purchaserid is null ) ORDER BY oid desc  [ RunTime:0.0390s ]
INFO: [ view_parse ] --START--
INFO: [ template_filter ] --START--
INFO: Run Behavior\ContentReplaceBehavior [ RunTime:0.000233s ]
INFO: [ template_filter ] --END-- [ RunTime:0.000424s ]
INFO: Run Behavior\ParseTemplateBehavior [ RunTime:0.030637s ]
INFO: [ view_parse ] --END-- [ RunTime:0.030848s ]
INFO: [ view_filter ] --START--
INFO: Run Behavior\WriteHtmlCacheBehavior [ RunTime:0.001206s ]
INFO: [ view_filter ] --END-- [ RunTime:0.001381s ]
INFO: [ app_end ] --START--
INFO: Run Behavior\ShowPageTraceBehavior [ RunTime:0.002185s ]
INFO: [ app_end ] --END-- [ RunTime:0.002381s ]

[ 2016-12-29T08:22:09+08:00 ] 172.16.18.200 /github/Wplus/ThinkWplus/index.php/Home/Nowait/basketlist
INFO: [ app_init ] --START--
INFO: Run Behavior\BuildLiteBehavior [ RunTime:0.000030s ]
INFO: [ app_init ] --END-- [ RunTime:0.001066s ]
INFO: [ app_begin ] --START--
INFO: Run Behavior\ReadHtmlCacheBehavior [ RunTime:0.001296s ]
INFO: [ app_begin ] --END-- [ RunTime:0.001418s ]
NOTIC: [2048] Declaration of Home\Controller\NowaitController::get() should be compatible with that of Think\Controller::get() G:\wwwroot\github\Wplus\ThinkWplus\Application\Home\Controller\NowaitController.class.php 第 108 行.
SQL: SHOW COLUMNS FROM `orderform` [ RunTime:0.0384s ]
SQL: SHOW COLUMNS FROM `user` [ RunTime:0.0391s ]
SQL: SELECT `id` FROM `user` WHERE `username` = '孙哲' LIMIT 1   [ RunTime:0.0372s ]
SQL: SELECT * FROM `orderform` INNER JOIN address ON orderform.addressid = address.id INNER JOIN user ON orderform.makerid = user.id  WHERE ( purchaserid = 2 AND purchaserid <> makerid )  [ RunTime:0.0398s ]
SQL: SELECT * FROM `orderform` WHERE ( makerid = purchaserid and makerid = 2 )  [ RunTime:0.0366s ]
INFO: [ view_parse ] --START--
INFO: [ template_filter ] --START--
INFO: Run Behavior\ContentReplaceBehavior [ RunTime:0.000297s ]
INFO: [ template_filter ] --END-- [ RunTime:0.000477s ]
NOTIC: [8] Undefined offset: 1 G:\wwwroot\github\Wplus\ThinkWplus\Application\Runtime\Cache\Home\687880a3cfd052a3386f2865c7548140.php 第 100 行.
NOTIC: [8] Undefined offset: 1 G:\wwwroot\github\Wplus\ThinkWplus\Application\Runtime\Cache\Home\687880a3cfd052a3386f2865c7548140.php 第 100 行.
NOTIC: [8] Undefined offset: 2 G:\wwwroot\github\Wplus\ThinkWplus\Application\Runtime\Cache\Home\687880a3cfd052a3386f2865c7548140.php 第 100 行.
NOTIC: [8] Undefined offset: 2 G:\wwwroot\github\Wplus\ThinkWplus\Application\Runtime\Cache\Home\687880a3cfd052a3386f2865c7548140.php 第 100 行.
NOTIC: [8] Undefined offset: 1 G:\wwwroot\github\Wplus\ThinkWplus\Application\Runtime\Cache\Home\687880a3cfd052a3386f2865c7548140.php 第 100 行.
NOTIC: [8] Undefined offset: 1 G:\wwwroot\github\Wplus\ThinkWplus\Application\Runtime\Cache\Home\687880a3cfd052a3386f2865c7548140.php 第 100 行.
NOTIC: [8] Undefined offset: 2 G:\wwwroot\github\Wplus\ThinkWplus\Application\Runtime\Cache\Home\687880a3cfd052a3386f2865c7548140.php 第 100 行.
NOTIC: [8] Undefined offset: 2 G:\wwwroot\github\Wplus\ThinkWplus\Application\Runtime\Cache\Home\687880a3cfd052a3386f2865c7548140.php 第 100 行.
INFO: Run Behavior\ParseTemplateBehavior [ RunTime:0.040910s ]
INFO: [ view_parse ] --END-- [ RunTime:0.041099s ]
INFO: [ view_filter ] --START--
INFO: Run Behavior\WriteHtmlCacheBehavior [ RunTime:0.001199s ]
INFO: [ view_filter ] --END-- [ RunTime:0.001366s ]
INFO: [ app_end ] --START--
INFO: Run Behavior\ShowPageTraceBehavior [ RunTime:0.002218s ]
INFO: [ app_end ] --END-- [ RunTime:0.002452s ]

[ 2016-12-29T08:22:26+08:00 ] 172.16.18.200 /github/Wplus/ThinkWplus/index.php/Home/Nowait/requestlist
INFO: [ app_init ] --START--
INFO: Run Behavior\BuildLiteBehavior [ RunTime:0.000030s ]
INFO: [ app_init ] --END-- [ RunTime:0.001017s ]
INFO: [ app_begin ] --START--
INFO: Run Behavior\ReadHtmlCacheBehavior [ RunTime:0.001422s ]
INFO: [ app_begin ] --END-- [ RunTime:0.001553s ]
NOTIC: [2048] Declaration of Home\Controller\NowaitController::get() should be compatible with that of Think\Controller::get() G:\wwwroot\github\Wplus\ThinkWplus\Application\Home\Controller\NowaitController.class.php 第 108 行.
SQL: SHOW COLUMNS FROM `orderform` [ RunTime:0.0356s ]
SQL: SELECT * FROM `orderform` INNER JOIN address ON orderform.addressid = address.id INNER JOIN user ON orderform.makerid = user.id  WHERE ( purchaserid is null ) ORDER BY oid desc  [ RunTime:0.0370s ]
INFO: [ view_parse ] --START--
INFO: [ template_filter ] --START--
INFO: Run Behavior\ContentReplaceBehavior [ RunTime:0.000241s ]
INFO: [ template_filter ] --END-- [ RunTime:0.000445s ]
INFO: Run Behavior\ParseTemplateBehavior [ RunTime:0.032277s ]
INFO: [ view_parse ] --END-- [ RunTime:0.032492s ]
INFO: [ view_filter ] --START--
INFO: Run Behavior\WriteHtmlCacheBehavior [ RunTime:0.001469s ]
INFO: [ view_filter ] --END-- [ RunTime:0.001685s ]
INFO: [ app_end ] --START--
INFO: Run Behavior\ShowPageTraceBehavior [ RunTime:0.002363s ]
INFO: [ app_end ] --END-- [ RunTime:0.002609s ]

[ 2016-12-29T08:22:56+08:00 ] 172.16.18.200 /github/Wplus/ThinkWplus/index.php/Home/Video/lists
INFO: [ app_init ] --START--
INFO: Run Behavior\BuildLiteBehavior [ RunTime:0.000015s ]
INFO: [ app_init ] --END-- [ RunTime:0.000569s ]
INFO: [ app_begin ] --START--
INFO: Run Behavior\ReadHtmlCacheBehavior [ RunTime:0.000709s ]
INFO: [ app_begin ] --END-- [ RunTime:0.000770s ]
INFO: [ view_parse ] --START--
INFO: [ template_filter ] --START--
INFO: Run Behavior\ContentReplaceBehavior [ RunTime:0.000188s ]
INFO: [ template_filter ] --END-- [ RunTime:0.000315s ]
INFO: Run Behavior\ParseTemplateBehavior [ RunTime:0.083157s ]
INFO: [ view_parse ] --END-- [ RunTime:0.083288s ]
INFO: [ view_filter ] --START--
INFO: Run Behavior\WriteHtmlCacheBehavior [ RunTime:0.000804s ]
INFO: [ view_filter ] --END-- [ RunTime:0.000908s ]
INFO: [ app_end ] --START--
INFO: Run Behavior\ShowPageTraceBehavior [ RunTime:0.001484s ]
INFO: [ app_end ] --END-- [ RunTime:0.001644s ]

[ 2016-12-29T08:22:58+08:00 ] 172.16.18.200 /github/Wplus/ThinkWplus/index.php/Home/Video/content
INFO: [ app_init ] --START--
INFO: Run Behavior\BuildLiteBehavior [ RunTime:0.000046s ]
INFO: [ app_init ] --END-- [ RunTime:0.002047s ]
INFO: [ app_begin ] --START--
INFO: Run Behavior\ReadHtmlCacheBehavior [ RunTime:0.002472s ]
INFO: [ app_begin ] --END-- [ RunTime:0.002693s ]
INFO: [ view_parse ] --START--
INFO: [ template_filter ] --START--
INFO: Run Behavior\ContentReplaceBehavior [ RunTime:0.000247s ]
INFO: [ template_filter ] --END-- [ RunTime:0.000451s ]
INFO: Run Behavior\ParseTemplateBehavior [ RunTime:0.072946s ]
INFO: [ view_parse ] --END-- [ RunTime:0.073198s ]
INFO: [ view_filter ] --START--
INFO: Run Behavior\WriteHtmlCacheBehavior [ RunTime:0.001461s ]
INFO: [ view_filter ] --END-- [ RunTime:0.001633s ]
INFO: [ app_end ] --START--
INFO: Run Behavior\ShowPageTraceBehavior [ RunTime:0.002580s ]
INFO: [ app_end ] --END-- [ RunTime:0.002760s ]

[ 2016-12-29T08:23:14+08:00 ] 172.16.18.200 /github/Wplus/ThinkWplus/index.php/Home/Nearby/lists
INFO: [ app_init ] --START--
INFO: Run Behavior\BuildLiteBehavior [ RunTime:0.000027s ]
INFO: [ app_init ] --END-- [ RunTime:0.000983s ]
INFO: [ app_begin ] --START--
INFO: Run Behavior\ReadHtmlCacheBehavior [ RunTime:0.001205s ]
INFO: [ app_begin ] --END-- [ RunTime:0.001317s ]
SQL: SHOW COLUMNS FROM `article` [ RunTime:0.0379s ]
SQL: SELECT * FROM article a,user b WHERE ( a.authorid = b.id ) LIMIT 10   [ RunTime:0.0401s ]
INFO: [ view_parse ] --START--
INFO: [ template_filter ] --START--
INFO: Run Behavior\ContentReplaceBehavior [ RunTime:0.000140s ]
INFO: [ template_filter ] --END-- [ RunTime:0.000257s ]
INFO: Run Behavior\ParseTemplateBehavior [ RunTime:0.063710s ]
INFO: [ view_parse ] --END-- [ RunTime:0.063883s ]
INFO: [ view_filter ] --START--
INFO: Run Behavior\WriteHtmlCacheBehavior [ RunTime:0.000752s ]
INFO: [ view_filter ] --END-- [ RunTime:0.000852s ]
INFO: [ app_end ] --START--
INFO: Run Behavior\ShowPageTraceBehavior [ RunTime:0.001419s ]
INFO: [ app_end ] --END-- [ RunTime:0.001548s ]

[ 2016-12-29T08:23:18+08:00 ] 172.16.18.200 /github/Wplus/ThinkWplus/index.php/Home/Nearby/content
INFO: [ app_init ] --START--
INFO: Run Behavior\BuildLiteBehavior [ RunTime:0.000014s ]
INFO: [ app_init ] --END-- [ RunTime:0.000634s ]
INFO: [ app_begin ] --START--
INFO: Run Behavior\ReadHtmlCacheBehavior [ RunTime:0.000760s ]
INFO: [ app_begin ] --END-- [ RunTime:0.000826s ]
INFO: [ view_parse ] --START--
INFO: [ template_filter ] --START--
INFO: Run Behavior\ContentReplaceBehavior [ RunTime:0.000066s ]
INFO: [ template_filter ] --END-- [ RunTime:0.000133s ]
INFO: Run Behavior\ParseTemplateBehavior [ RunTime:0.042113s ]
INFO: [ view_parse ] --END-- [ RunTime:0.042193s ]
INFO: [ view_filter ] --START--
INFO: Run Behavior\WriteHtmlCacheBehavior [ RunTime:0.000510s ]
INFO: [ view_filter ] --END-- [ RunTime:0.000563s ]
INFO: [ app_end ] --START--
INFO: Run Behavior\ShowPageTraceBehavior [ RunTime:0.000752s ]
INFO: [ app_end ] --END-- [ RunTime:0.000807s ]

[ 2016-12-29T08:23:35+08:00 ] 172.16.18.200 /github/Wplus/ThinkWplus/index.php/Home/Nearby/lists
INFO: [ app_init ] --START--
INFO: Run Behavior\BuildLiteBehavior [ RunTime:0.000014s ]
INFO: [ app_init ] --END-- [ RunTime:0.000612s ]
INFO: [ app_begin ] --START--
INFO: Run Behavior\ReadHtmlCacheBehavior [ RunTime:0.000712s ]
INFO: [ app_begin ] --END-- [ RunTime:0.000774s ]
SQL: SHOW COLUMNS FROM `article` [ RunTime:0.0385s ]
SQL: SELECT * FROM article a,user b WHERE ( a.authorid = b.id ) LIMIT 10   [ RunTime:0.0410s ]
INFO: [ view_parse ] --START--
INFO: [ template_filter ] --START--
INFO: Run Behavior\ContentReplaceBehavior [ RunTime:0.000230s ]
INFO: [ template_filter ] --END-- [ RunTime:0.000426s ]
INFO: Run Behavior\ParseTemplateBehavior [ RunTime:0.087753s ]
INFO: [ view_parse ] --END-- [ RunTime:0.087977s ]
INFO: [ view_filter ] --START--
INFO: Run Behavior\WriteHtmlCacheBehavior [ RunTime:0.001217s ]
INFO: [ view_filter ] --END-- [ RunTime:0.001392s ]
INFO: [ app_end ] --START--
INFO: Run Behavior\ShowPageTraceBehavior [ RunTime:0.002192s ]
INFO: [ app_end ] --END-- [ RunTime:0.002426s ]

[ 2016-12-29T08:23:40+08:00 ] 172.16.18.200 /github/Wplus/ThinkWplus/index.php/Home/Nearby/content
INFO: [ app_init ] --START--
INFO: Run Behavior\BuildLiteBehavior [ RunTime:0.000027s ]
INFO: [ app_init ] --END-- [ RunTime:0.001153s ]
INFO: [ app_begin ] --START--
INFO: Run Behavior\ReadHtmlCacheBehavior [ RunTime:0.001311s ]
INFO: [ app_begin ] --END-- [ RunTime:0.001430s ]
INFO: [ view_parse ] --START--
INFO: [ template_filter ] --START--
INFO: Run Behavior\ContentReplaceBehavior [ RunTime:0.000126s ]
INFO: [ template_filter ] --END-- [ RunTime:0.000245s ]
INFO: Run Behavior\ParseTemplateBehavior [ RunTime:0.013055s ]
INFO: [ view_parse ] --END-- [ RunTime:0.013180s ]
INFO: [ view_filter ] --START--
INFO: Run Behavior\WriteHtmlCacheBehavior [ RunTime:0.000792s ]
INFO: [ view_filter ] --END-- [ RunTime:0.000898s ]
INFO: [ app_end ] --START--
INFO: Run Behavior\ShowPageTraceBehavior [ RunTime:0.001353s ]
INFO: [ app_end ] --END-- [ RunTime:0.001462s ]

[ 2016-12-29T08:23:46+08:00 ] 172.16.18.200 /github/Wplus/ThinkWplus/index.php/Home/Nearby/lists
INFO: [ app_init ] --START--
INFO: Run Behavior\BuildLiteBehavior [ RunTime:0.000064s ]
INFO: [ app_init ] --END-- [ RunTime:0.001936s ]
INFO: [ app_begin ] --START--
INFO: Run Behavior\ReadHtmlCacheBehavior [ RunTime:0.002002s ]
INFO: [ app_begin ] --END-- [ RunTime:0.002198s ]
SQL: SHOW COLUMNS FROM `article` [ RunTime:0.0455s ]
SQL: SELECT * FROM article a,user b WHERE ( a.authorid = b.id ) LIMIT 10   [ RunTime:0.0482s ]
INFO: [ view_parse ] --START--
INFO: [ template_filter ] --START--
INFO: Run Behavior\ContentReplaceBehavior [ RunTime:0.000131s ]
INFO: [ template_filter ] --END-- [ RunTime:0.000239s ]
INFO: Run Behavior\ParseTemplateBehavior [ RunTime:0.025065s ]
INFO: [ view_parse ] --END-- [ RunTime:0.025218s ]
INFO: [ view_filter ] --START--
INFO: Run Behavior\WriteHtmlCacheBehavior [ RunTime:0.000681s ]
INFO: [ view_filter ] --END-- [ RunTime:0.000771s ]
INFO: [ app_end ] --START--
INFO: Run Behavior\ShowPageTraceBehavior [ RunTime:0.001184s ]
INFO: [ app_end ] --END-- [ RunTime:0.001289s ]

[ 2016-12-29T08:23:51+08:00 ] 172.16.18.200 /github/Wplus/ThinkWplus/index.php/Home/Nearby/content
INFO: [ app_init ] --START--
INFO: Run Behavior\BuildLiteBehavior [ RunTime:0.000015s ]
INFO: [ app_init ] --END-- [ RunTime:0.000610s ]
INFO: [ app_begin ] --START--
INFO: Run Behavior\ReadHtmlCacheBehavior [ RunTime:0.000900s ]
INFO: [ app_begin ] --END-- [ RunTime:0.000975s ]
INFO: [ view_parse ] --START--
INFO: [ template_filter ] --START--
INFO: Run Behavior\ContentReplaceBehavior [ RunTime:0.000067s ]
INFO: [ template_filter ] --END-- [ RunTime:0.000125s ]
INFO: Run Behavior\ParseTemplateBehavior [ RunTime:0.007021s ]
INFO: [ view_parse ] --END-- [ RunTime:0.007099s ]
INFO: [ view_filter ] --START--
INFO: Run Behavior\WriteHtmlCacheBehavior [ RunTime:0.000440s ]
INFO: [ view_filter ] --END-- [ RunTime:0.000494s ]
INFO: [ app_end ] --START--
INFO: Run Behavior\ShowPageTraceBehavior [ RunTime:0.000757s ]
INFO: [ app_end ] --END-- [ RunTime:0.000816s ]

[ 2016-12-29T08:23:57+08:00 ] 172.16.18.200 /github/Wplus/ThinkWplus/index.php/Home/Nearby/lists
INFO: [ app_init ] --START--
INFO: Run Behavior\BuildLiteBehavior [ RunTime:0.000045s ]
INFO: [ app_init ] --END-- [ RunTime:0.001624s ]
INFO: [ app_begin ] --START--
INFO: Run Behavior\ReadHtmlCacheBehavior [ RunTime:0.001274s ]
INFO: [ app_begin ] --END-- [ RunTime:0.001422s ]
SQL: SHOW COLUMNS FROM `article` [ RunTime:0.0426s ]
SQL: SELECT * FROM article a,user b WHERE ( a.authorid = b.id ) LIMIT 10   [ RunTime:0.0459s ]
INFO: [ view_parse ] --START--
INFO: [ template_filter ] --START--
INFO: Run Behavior\ContentReplaceBehavior [ RunTime:0.000233s ]
INFO: [ template_filter ] --END-- [ RunTime:0.000428s ]
INFO: Run Behavior\ParseTemplateBehavior [ RunTime:0.029310s ]
INFO: [ view_parse ] --END-- [ RunTime:0.029539s ]
INFO: [ view_filter ] --START--
INFO: Run Behavior\WriteHtmlCacheBehavior [ RunTime:0.001201s ]
INFO: [ view_filter ] --END-- [ RunTime:0.001375s ]
INFO: [ app_end ] --START--
INFO: Run Behavior\ShowPageTraceBehavior [ RunTime:0.002120s ]
INFO: [ app_end ] --END-- [ RunTime:0.002304s ]

[ 2016-12-29T08:24:27+08:00 ] 172.16.18.200 /github/Wplus/ThinkWplus/index.php/Home/Nearby/content
INFO: [ app_init ] --START--
INFO: Run Behavior\BuildLiteBehavior [ RunTime:0.000028s ]
INFO: [ app_init ] --END-- [ RunTime:0.001072s ]
INFO: [ app_begin ] --START--
INFO: Run Behavior\ReadHtmlCacheBehavior [ RunTime:0.001310s ]
INFO: [ app_begin ] --END-- [ RunTime:0.001430s ]
INFO: [ view_parse ] --START--
INFO: [ template_filter ] --START--
INFO: Run Behavior\ContentReplaceBehavior [ RunTime:0.000128s ]
INFO: [ template_filter ] --END-- [ RunTime:0.000249s ]
INFO: Run Behavior\ParseTemplateBehavior [ RunTime:0.013112s ]
INFO: [ view_parse ] --END-- [ RunTime:0.013238s ]
INFO: [ view_filter ] --START--
INFO: Run Behavior\WriteHtmlCacheBehavior [ RunTime:0.011245s ]
INFO: [ view_filter ] --END-- [ RunTime:0.011366s ]
INFO: [ app_end ] --START--
INFO: Run Behavior\ShowPageTraceBehavior [ RunTime:0.001377s ]
INFO: [ app_end ] --END-- [ RunTime:0.001487s ]

[ 2016-12-29T08:26:03+08:00 ] 172.16.18.200 /github/Wplus/ThinkWplus/index.php/Home/Nearby/lists
INFO: [ app_init ] --START--
INFO: Run Behavior\BuildLiteBehavior [ RunTime:0.000030s ]
INFO: [ app_init ] --END-- [ RunTime:0.001137s ]
INFO: [ app_begin ] --START--
INFO: Run Behavior\ReadHtmlCacheBehavior [ RunTime:0.001532s ]
INFO: [ app_begin ] --END-- [ RunTime:0.001660s ]
SQL: SHOW COLUMNS FROM `article` [ RunTime:0.0430s ]
SQL: SELECT * FROM article a,user b WHERE ( a.authorid = b.id ) LIMIT 10   [ RunTime:0.0455s ]
INFO: [ view_parse ] --START--
INFO: [ template_filter ] --START--
INFO: Run Behavior\ContentReplaceBehavior [ RunTime:0.000232s ]
INFO: [ template_filter ] --END-- [ RunTime:0.000428s ]
INFO: Run Behavior\ParseTemplateBehavior [ RunTime:0.032264s ]
INFO: [ view_parse ] --END-- [ RunTime:0.032478s ]
INFO: [ view_filter ] --START--
INFO: Run Behavior\WriteHtmlCacheBehavior [ RunTime:0.001519s ]
INFO: [ view_filter ] --END-- [ RunTime:0.001707s ]
INFO: [ app_end ] --START--
INFO: Run Behavior\ShowPageTraceBehavior [ RunTime:0.001559s ]
INFO: [ app_end ] --END-- [ RunTime:0.001749s ]

[ 2016-12-29T08:26:07+08:00 ] 172.16.18.200 /github/Wplus/ThinkWplus/index.php/Home/Nowait/requestlist
INFO: [ app_init ] --START--
INFO: Run Behavior\BuildLiteBehavior [ RunTime:0.000024s ]
INFO: [ app_init ] --END-- [ RunTime:0.000912s ]
INFO: [ app_begin ] --START--
INFO: Run Behavior\ReadHtmlCacheBehavior [ RunTime:0.001152s ]
INFO: [ app_begin ] --END-- [ RunTime:0.001270s ]
NOTIC: [2048] Declaration of Home\Controller\NowaitController::get() should be compatible with that of Think\Controller::get() G:\wwwroot\github\Wplus\ThinkWplus\Application\Home\Controller\NowaitController.class.php 第 108 行.
SQL: SHOW COLUMNS FROM `orderform` [ RunTime:0.0374s ]
SQL: SELECT * FROM `orderform` INNER JOIN address ON orderform.addressid = address.id INNER JOIN user ON orderform.makerid = user.id  WHERE ( purchaserid is null ) ORDER BY oid desc  [ RunTime:0.0380s ]
INFO: [ view_parse ] --START--
INFO: [ template_filter ] --START--
INFO: Run Behavior\ContentReplaceBehavior [ RunTime:0.000131s ]
INFO: [ template_filter ] --END-- [ RunTime:0.000242s ]
INFO: Run Behavior\ParseTemplateBehavior [ RunTime:0.019505s ]
INFO: [ view_parse ] --END-- [ RunTime:0.019661s ]
INFO: [ view_filter ] --START--
INFO: Run Behavior\WriteHtmlCacheBehavior [ RunTime:0.000885s ]
INFO: [ view_filter ] --END-- [ RunTime:0.001013s ]
INFO: [ app_end ] --START--
INFO: Run Behavior\ShowPageTraceBehavior [ RunTime:0.001632s ]
INFO: [ app_end ] --END-- [ RunTime:0.001778s ]

[ 2016-12-29T08:26:11+08:00 ] 172.16.18.200 /github/Wplus/ThinkWplus/index.php/Home/Nowait/basketlist
INFO: [ app_init ] --START--
INFO: Run Behavior\BuildLiteBehavior [ RunTime:0.000027s ]
INFO: [ app_init ] --END-- [ RunTime:0.000959s ]
INFO: [ app_begin ] --START--
INFO: Run Behavior\ReadHtmlCacheBehavior [ RunTime:0.001213s ]
INFO: [ app_begin ] --END-- [ RunTime:0.001326s ]
NOTIC: [2048] Declaration of Home\Controller\NowaitController::get() should be compatible with that of Think\Controller::get() G:\wwwroot\github\Wplus\ThinkWplus\Application\Home\Controller\NowaitController.class.php 第 108 行.
SQL: SHOW COLUMNS FROM `orderform` [ RunTime:0.0393s ]
SQL: SHOW COLUMNS FROM `user` [ RunTime:0.0384s ]
SQL: SELECT `id` FROM `user` WHERE `username` = '孙哲' LIMIT 1   [ RunTime:0.0387s ]
SQL: SELECT * FROM `orderform` INNER JOIN address ON orderform.addressid = address.id INNER JOIN user ON orderform.makerid = user.id  WHERE ( purchaserid = 2 AND purchaserid <> makerid )  [ RunTime:0.0390s ]
SQL: SELECT * FROM `orderform` WHERE ( makerid = purchaserid and makerid = 2 )  [ RunTime:0.0390s ]
INFO: [ view_parse ] --START--
INFO: [ template_filter ] --START--
INFO: Run Behavior\ContentReplaceBehavior [ RunTime:0.000094s ]
INFO: [ template_filter ] --END-- [ RunTime:0.000152s ]
NOTIC: [8] Undefined offset: 1 G:\wwwroot\github\Wplus\ThinkWplus\Application\Runtime\Cache\Home\687880a3cfd052a3386f2865c7548140.php 第 100 行.
NOTIC: [8] Undefined offset: 1 G:\wwwroot\github\Wplus\ThinkWplus\Application\Runtime\Cache\Home\687880a3cfd052a3386f2865c7548140.php 第 100 行.
NOTIC: [8] Undefined offset: 2 G:\wwwroot\github\Wplus\ThinkWplus\Application\Runtime\Cache\Home\687880a3cfd052a3386f2865c7548140.php 第 100 行.
NOTIC: [8] Undefined offset: 2 G:\wwwroot\github\Wplus\ThinkWplus\Application\Runtime\Cache\Home\687880a3cfd052a3386f2865c7548140.php 第 100 行.
NOTIC: [8] Undefined offset: 1 G:\wwwroot\github\Wplus\ThinkWplus\Application\Runtime\Cache\Home\687880a3cfd052a3386f2865c7548140.php 第 100 行.
NOTIC: [8] Undefined offset: 1 G:\wwwroot\github\Wplus\ThinkWplus\Application\Runtime\Cache\Home\687880a3cfd052a3386f2865c7548140.php 第 100 行.
NOTIC: [8] Undefined offset: 2 G:\wwwroot\github\Wplus\ThinkWplus\Application\Runtime\Cache\Home\687880a3cfd052a3386f2865c7548140.php 第 100 行.
NOTIC: [8] Undefined offset: 2 G:\wwwroot\github\Wplus\ThinkWplus\Application\Runtime\Cache\Home\687880a3cfd052a3386f2865c7548140.php 第 100 行.
INFO: Run Behavior\ParseTemplateBehavior [ RunTime:0.021631s ]
INFO: [ view_parse ] --END-- [ RunTime:0.021704s ]
INFO: [ view_filter ] --START--
INFO: Run Behavior\WriteHtmlCacheBehavior [ RunTime:0.000437s ]
INFO: [ view_filter ] --END-- [ RunTime:0.000489s ]
INFO: [ app_end ] --START--
INFO: Run Behavior\ShowPageTraceBehavior [ RunTime:0.000753s ]
INFO: [ app_end ] --END-- [ RunTime:0.000817s ]

[ 2016-12-29T08:26:32+08:00 ] 172.16.18.200 /github/Wplus/ThinkWplus/index.php/Home/Index/index
INFO: [ app_init ] --START--
INFO: Run Behavior\BuildLiteBehavior [ RunTime:0.000031s ]
INFO: [ app_init ] --END-- [ RunTime:0.001105s ]
INFO: [ app_begin ] --START--
INFO: Run Behavior\ReadHtmlCacheBehavior [ RunTime:0.001320s ]
INFO: [ app_begin ] --END-- [ RunTime:0.001445s ]
SQL: SHOW COLUMNS FROM `article` [ RunTime:0.0372s ]
SQL: SELECT * FROM article a,user b WHERE ( a.authorid = b.id ) LIMIT 10   [ RunTime:0.0389s ]
INFO: [ view_parse ] --START--
INFO: [ template_filter ] --START--
INFO: Run Behavior\ContentReplaceBehavior [ RunTime:0.000172s ]
INFO: [ template_filter ] --END-- [ RunTime:0.000304s ]
INFO: Run Behavior\ParseTemplateBehavior [ RunTime:0.011467s ]
INFO: [ view_parse ] --END-- [ RunTime:0.011562s ]
INFO: [ view_filter ] --START--
INFO: Run Behavior\WriteHtmlCacheBehavior [ RunTime:0.000424s ]
INFO: [ view_filter ] --END-- [ RunTime:0.000499s ]
INFO: [ app_end ] --START--
INFO: Run Behavior\ShowPageTraceBehavior [ RunTime:0.000897s ]
INFO: [ app_end ] --END-- [ RunTime:0.000983s ]

[ 2016-12-29T08:27:00+08:00 ] 172.16.18.200 /github/Wplus/ThinkWplus/index.php/Home/Menu/add
INFO: [ app_init ] --START--
INFO: Run Behavior\BuildLiteBehavior [ RunTime:0.000014s ]
INFO: [ app_init ] --END-- [ RunTime:0.000549s ]
INFO: [ app_begin ] --START--
INFO: Run Behavior\ReadHtmlCacheBehavior [ RunTime:0.000691s ]
INFO: [ app_begin ] --END-- [ RunTime:0.000751s ]
INFO: [ view_parse ] --START--
INFO: [ template_filter ] --START--
INFO: Run Behavior\ContentReplaceBehavior [ RunTime:0.000078s ]
INFO: [ template_filter ] --END-- [ RunTime:0.000147s ]
INFO: Run Behavior\ParseTemplateBehavior [ RunTime:0.029808s ]
INFO: [ view_parse ] --END-- [ RunTime:0.029889s ]
INFO: [ view_filter ] --START--
INFO: Run Behavior\WriteHtmlCacheBehavior [ RunTime:0.000448s ]
INFO: [ view_filter ] --END-- [ RunTime:0.000501s ]
INFO: [ app_end ] --START--
INFO: Run Behavior\ShowPageTraceBehavior [ RunTime:0.000740s ]
INFO: [ app_end ] --END-- [ RunTime:0.000798s ]

[ 2016-12-29T08:27:07+08:00 ] 172.16.18.200 /github/Wplus/ThinkWplus/index.php/Home/Index/index
INFO: [ app_init ] --START--
INFO: Run Behavior\BuildLiteBehavior [ RunTime:0.000015s ]
INFO: [ app_init ] --END-- [ RunTime:0.000555s ]
INFO: [ app_begin ] --START--
INFO: Run Behavior\ReadHtmlCacheBehavior [ RunTime:0.000696s ]
INFO: [ app_begin ] --END-- [ RunTime:0.000756s ]
SQL: SHOW COLUMNS FROM `article` [ RunTime:0.0355s ]
SQL: SELECT * FROM article a,user b WHERE ( a.authorid = b.id ) LIMIT 10   [ RunTime:0.0362s ]
INFO: [ view_parse ] --START--
INFO: [ template_filter ] --START--
INFO: Run Behavior\ContentReplaceBehavior [ RunTime:0.000190s ]
INFO: [ template_filter ] --END-- [ RunTime:0.000305s ]
INFO: Run Behavior\ParseTemplateBehavior [ RunTime:0.020523s ]
INFO: [ view_parse ] --END-- [ RunTime:0.020679s ]
INFO: [ view_filter ] --START--
INFO: Run Behavior\WriteHtmlCacheBehavior [ RunTime:0.000764s ]
INFO: [ view_filter ] --END-- [ RunTime:0.000866s ]
INFO: [ app_end ] --START--
INFO: Run Behavior\ShowPageTraceBehavior [ RunTime:0.001265s ]
INFO: [ app_end ] --END-- [ RunTime:0.001380s ]

[ 2016-12-29T08:27:12+08:00 ] 172.16.18.200 /github/Wplus/ThinkWplus/index.php/Home/Menu/assortment
INFO: [ app_init ] --START--
INFO: Run Behavior\BuildLiteBehavior [ RunTime:0.000027s ]
INFO: [ app_init ] --END-- [ RunTime:0.001010s ]
INFO: [ app_begin ] --START--
INFO: Run Behavior\ReadHtmlCacheBehavior [ RunTime:0.001209s ]
INFO: [ app_begin ] --END-- [ RunTime:0.001327s ]
SQL: SHOW COLUMNS FROM `menu` [ RunTime:0.0354s ]
SQL: SELECT * FROM `menu`  [ RunTime:0.0328s ]
INFO: [ view_parse ] --START--
INFO: [ template_filter ] --START--
INFO: Run Behavior\ContentReplaceBehavior [ RunTime:0.000117s ]
INFO: [ template_filter ] --END-- [ RunTime:0.000190s ]
INFO: Run Behavior\ParseTemplateBehavior [ RunTime:0.065431s ]
INFO: [ view_parse ] --END-- [ RunTime:0.065620s ]
INFO: [ view_filter ] --START--
INFO: Run Behavior\WriteHtmlCacheBehavior [ RunTime:0.000448s ]
INFO: [ view_filter ] --END-- [ RunTime:0.000498s ]
INFO: [ app_end ] --START--
INFO: Run Behavior\ShowPageTraceBehavior [ RunTime:0.000733s ]
INFO: [ app_end ] --END-- [ RunTime:0.000794s ]

[ 2016-12-29T08:27:23+08:00 ] 172.16.18.200 /github/Wplus/ThinkWplus/index.php/Home/Menu/lists/tagid/4
INFO: [ app_init ] --START--
INFO: Run Behavior\BuildLiteBehavior [ RunTime:0.000014s ]
INFO: [ app_init ] --END-- [ RunTime:0.000556s ]
INFO: [ app_begin ] --START--
INFO: Run Behavior\ReadHtmlCacheBehavior [ RunTime:0.000684s ]
INFO: [ app_begin ] --END-- [ RunTime:0.000744s ]
SQL: SHOW COLUMNS FROM `menu` [ RunTime:0.0404s ]
SQL: SELECT * FROM `menu` WHERE ( id=4 )  [ RunTime:0.0387s ]
SQL: SHOW COLUMNS FROM `recipe` [ RunTime:0.0398s ]
SQL: SELECT `id`,`recipename`,`img` FROM `recipe` WHERE ( recipetagid = 4 )  [ RunTime:0.0393s ]
INFO: [ view_parse ] --START--
INFO: [ template_filter ] --START--
INFO: Run Behavior\ContentReplaceBehavior [ RunTime:0.000151s ]
INFO: [ template_filter ] --END-- [ RunTime:0.000262s ]
INFO: Run Behavior\ParseTemplateBehavior [ RunTime:0.068716s ]
INFO: [ view_parse ] --END-- [ RunTime:0.068872s ]
INFO: [ view_filter ] --START--
INFO: Run Behavior\WriteHtmlCacheBehavior [ RunTime:0.000720s ]
INFO: [ view_filter ] --END-- [ RunTime:0.000818s ]
INFO: [ app_end ] --START--
INFO: Run Behavior\ShowPageTraceBehavior [ RunTime:0.001290s ]
INFO: [ app_end ] --END-- [ RunTime:0.001389s ]

[ 2016-12-29T08:27:38+08:00 ] 172.16.18.200 /github/Wplus/ThinkWplus/index.php/Home/Menu/assortment
INFO: [ app_init ] --START--
INFO: Run Behavior\BuildLiteBehavior [ RunTime:0.000014s ]
INFO: [ app_init ] --END-- [ RunTime:0.000561s ]
INFO: [ app_begin ] --START--
INFO: Run Behavior\ReadHtmlCacheBehavior [ RunTime:0.000685s ]
INFO: [ app_begin ] --END-- [ RunTime:0.000744s ]
SQL: SHOW COLUMNS FROM `menu` [ RunTime:0.0374s ]
SQL: SELECT * FROM `menu`  [ RunTime:0.0379s ]
INFO: [ view_parse ] --START--
INFO: [ template_filter ] --START--
INFO: Run Behavior\ContentReplaceBehavior [ RunTime:0.000342s ]
INFO: [ template_filter ] --END-- [ RunTime:0.000528s ]
INFO: Run Behavior\ParseTemplateBehavior [ RunTime:0.026034s ]
INFO: [ view_parse ] --END-- [ RunTime:0.026238s ]
INFO: [ view_filter ] --START--
INFO: Run Behavior\WriteHtmlCacheBehavior [ RunTime:0.001169s ]
INFO: [ view_filter ] --END-- [ RunTime:0.001280s ]
INFO: [ app_end ] --START--
INFO: Run Behavior\ShowPageTraceBehavior [ RunTime:0.001170s ]
INFO: [ app_end ] --END-- [ RunTime:0.001261s ]

[ 2016-12-29T08:27:45+08:00 ] 172.16.18.200 /github/Wplus/ThinkWplus/index.php/Home/Menu/lists/tagid/2
INFO: [ app_init ] --START--
INFO: Run Behavior\BuildLiteBehavior [ RunTime:0.000017s ]
INFO: [ app_init ] --END-- [ RunTime:0.000657s ]
INFO: [ app_begin ] --START--
INFO: Run Behavior\ReadHtmlCacheBehavior [ RunTime:0.000706s ]
INFO: [ app_begin ] --END-- [ RunTime:0.000768s ]
SQL: SHOW COLUMNS FROM `menu` [ RunTime:0.0386s ]
SQL: SELECT * FROM `menu` WHERE ( id=2 )  [ RunTime:0.0398s ]
SQL: SHOW COLUMNS FROM `recipe` [ RunTime:0.0398s ]
SQL: SELECT `id`,`recipename`,`img` FROM `recipe` WHERE ( recipetagid = 2 )  [ RunTime:0.0397s ]
INFO: [ view_parse ] --START--
INFO: [ template_filter ] --START--
INFO: Run Behavior\ContentReplaceBehavior [ RunTime:0.000138s ]
INFO: [ template_filter ] --END-- [ RunTime:0.000236s ]
INFO: Run Behavior\ParseTemplateBehavior [ RunTime:0.019944s ]
INFO: [ view_parse ] --END-- [ RunTime:0.020094s ]
INFO: [ view_filter ] --START--
INFO: Run Behavior\WriteHtmlCacheBehavior [ RunTime:0.000678s ]
INFO: [ view_filter ] --END-- [ RunTime:0.000769s ]
INFO: [ app_end ] --START--
INFO: Run Behavior\ShowPageTraceBehavior [ RunTime:0.001134s ]
INFO: [ app_end ] --END-- [ RunTime:0.001239s ]

[ 2016-12-29T08:27:56+08:00 ] 172.16.18.200 /github/Wplus/ThinkWplus/index.php/Home/Menu/content/id/1
INFO: [ app_init ] --START--
INFO: Run Behavior\BuildLiteBehavior [ RunTime:0.000028s ]
INFO: [ app_init ] --END-- [ RunTime:0.001071s ]
INFO: [ app_begin ] --START--
INFO: Run Behavior\ReadHtmlCacheBehavior [ RunTime:0.001454s ]
INFO: [ app_begin ] --END-- [ RunTime:0.001578s ]
SQL: SHOW COLUMNS FROM `recipe` [ RunTime:0.0376s ]
SQL: SELECT * FROM `recipe` WHERE ( id=1 ) LIMIT 1   [ RunTime:0.0386s ]
INFO: [ view_parse ] --START--
INFO: [ template_filter ] --START--
INFO: Run Behavior\ContentReplaceBehavior [ RunTime:0.000182s ]
INFO: [ template_filter ] --END-- [ RunTime:0.000294s ]
NOTIC: [8] Undefined offset: 3 G:\wwwroot\github\Wplus\ThinkWplus\Application\Runtime\Cache\Home\3b92e5aee561cba8eaafd2831ee92d6e.php 第 82 行.
INFO: Run Behavior\ParseTemplateBehavior [ RunTime:0.101287s ]
INFO: [ view_parse ] --END-- [ RunTime:0.101439s ]
INFO: [ view_filter ] --START--
INFO: Run Behavior\WriteHtmlCacheBehavior [ RunTime:0.001293s ]
INFO: [ view_filter ] --END-- [ RunTime:0.001431s ]
INFO: [ app_end ] --START--
INFO: Run Behavior\ShowPageTraceBehavior [ RunTime:0.002526s ]
INFO: [ app_end ] --END-- [ RunTime:0.002748s ]

[ 2016-12-29T08:28:09+08:00 ] 172.16.18.200 /github/Wplus/ThinkWplus/index.php/Home/Menu/content/id/3
INFO: [ app_init ] --START--
INFO: Run Behavior\BuildLiteBehavior [ RunTime:0.000016s ]
INFO: [ app_init ] --END-- [ RunTime:0.000633s ]
INFO: [ app_begin ] --START--
INFO: Run Behavior\ReadHtmlCacheBehavior [ RunTime:0.000894s ]
INFO: [ app_begin ] --END-- [ RunTime:0.000969s ]
SQL: SHOW COLUMNS FROM `recipe` [ RunTime:0.0366s ]
SQL: SELECT * FROM `recipe` WHERE ( id=3 ) LIMIT 1   [ RunTime:0.0386s ]
INFO: [ view_parse ] --START--
INFO: [ template_filter ] --START--
INFO: Run Behavior\ContentReplaceBehavior [ RunTime:0.000315s ]
INFO: [ template_filter ] --END-- [ RunTime:0.000500s ]
NOTIC: [8] Undefined offset: 2 G:\wwwroot\github\Wplus\ThinkWplus\Application\Runtime\Cache\Home\3b92e5aee561cba8eaafd2831ee92d6e.php 第 82 行.
NOTIC: [8] Undefined offset: 2 G:\wwwroot\github\Wplus\ThinkWplus\Application\Runtime\Cache\Home\3b92e5aee561cba8eaafd2831ee92d6e.php 第 82 行.
INFO: Run Behavior\ParseTemplateBehavior [ RunTime:0.098284s ]
INFO: [ view_parse ] --END-- [ RunTime:0.098475s ]
INFO: [ view_filter ] --START--
INFO: Run Behavior\WriteHtmlCacheBehavior [ RunTime:0.001430s ]
INFO: [ view_filter ] --END-- [ RunTime:0.001600s ]
INFO: [ app_end ] --START--
INFO: Run Behavior\ShowPageTraceBehavior [ RunTime:0.002367s ]
INFO: [ app_end ] --END-- [ RunTime:0.002557s ]

[ 2016-12-29T08:28:22+08:00 ] 172.16.18.200 /github/Wplus/ThinkWplus/index.php/Home/Menu/steps/id/3
INFO: [ app_init ] --START--
INFO: Run Behavior\BuildLiteBehavior [ RunTime:0.000017s ]
INFO: [ app_init ] --END-- [ RunTime:0.000621s ]
INFO: [ app_begin ] --START--
INFO: Run Behavior\ReadHtmlCacheBehavior [ RunTime:0.000683s ]
INFO: [ app_begin ] --END-- [ RunTime:0.000742s ]
SQL: SHOW COLUMNS FROM `recipe` [ RunTime:0.0397s ]
SQL: SELECT * FROM `recipe` WHERE ( id=3 ) LIMIT 1   [ RunTime:0.0406s ]
INFO: [ view_parse ] --START--
INFO: [ template_filter ] --START--
INFO: Run Behavior\ContentReplaceBehavior [ RunTime:0.000466s ]
INFO: [ template_filter ] --END-- [ RunTime:0.000754s ]
NOTIC: [8] Undefined offset: 2 G:\wwwroot\github\Wplus\ThinkWplus\Application\Runtime\Cache\Home\2f2545dfa069154872ac9e82eb68b401.php 第 76 行.
NOTIC: [8] Undefined offset: 2 G:\wwwroot\github\Wplus\ThinkWplus\Application\Runtime\Cache\Home\2f2545dfa069154872ac9e82eb68b401.php 第 76 行.
INFO: Run Behavior\ParseTemplateBehavior [ RunTime:0.047215s ]
INFO: [ view_parse ] --END-- [ RunTime:0.047393s ]
INFO: [ view_filter ] --START--
INFO: Run Behavior\WriteHtmlCacheBehavior [ RunTime:0.001156s ]
INFO: [ view_filter ] --END-- [ RunTime:0.001324s ]
INFO: [ app_end ] --START--
INFO: Run Behavior\ShowPageTraceBehavior [ RunTime:0.002189s ]
INFO: [ app_end ] --END-- [ RunTime:0.002373s ]

[ 2016-12-29T08:28:31+08:00 ] 172.16.18.200 /github/Wplus/ThinkWplus/index.php/Home/index/index
INFO: [ app_init ] --START--
INFO: Run Behavior\BuildLiteBehavior [ RunTime:0.000028s ]
INFO: [ app_init ] --END-- [ RunTime:0.001062s ]
INFO: [ app_begin ] --START--
INFO: Run Behavior\ReadHtmlCacheBehavior [ RunTime:0.001451s ]
INFO: [ app_begin ] --END-- [ RunTime:0.001572s ]
SQL: SHOW COLUMNS FROM `article` [ RunTime:0.0395s ]
SQL: SELECT * FROM article a,user b WHERE ( a.authorid = b.id ) LIMIT 10   [ RunTime:0.0420s ]
INFO: [ view_parse ] --START--
INFO: [ template_filter ] --START--
INFO: Run Behavior\ContentReplaceBehavior [ RunTime:0.000302s ]
INFO: [ template_filter ] --END-- [ RunTime:0.000501s ]
INFO: Run Behavior\ParseTemplateBehavior [ RunTime:0.026613s ]
INFO: [ view_parse ] --END-- [ RunTime:0.026862s ]
INFO: [ view_filter ] --START--
INFO: Run Behavior\WriteHtmlCacheBehavior [ RunTime:0.001405s ]
INFO: [ view_filter ] --END-- [ RunTime:0.001575s ]
INFO: [ app_end ] --START--
INFO: Run Behavior\ShowPageTraceBehavior [ RunTime:0.002508s ]
INFO: [ app_end ] --END-- [ RunTime:0.002706s ]

[ 2016-12-29T08:28:36+08:00 ] 172.16.18.200 /github/Wplus/ThinkWplus/index.php/Home/Me/index
INFO: [ app_init ] --START--
INFO: Run Behavior\BuildLiteBehavior [ RunTime:0.000015s ]
INFO: [ app_init ] --END-- [ RunTime:0.000584s ]
INFO: [ app_begin ] --START--
INFO: Run Behavior\ReadHtmlCacheBehavior [ RunTime:0.000675s ]
INFO: [ app_begin ] --END-- [ RunTime:0.000734s ]
SQL: SHOW COLUMNS FROM `orderform` [ RunTime:0.0416s ]
SQL: SELECT * FROM orderform a,user b WHERE ( a.makerid = b.id and a.makerid = 2 and a.purchaserid is null ) LIMIT 10   [ RunTime:0.0417s ]
SQL: SHOW COLUMNS FROM `orderform` [ RunTime:0.0415s ]
SQL: SELECT * FROM orderform a,user b,user c WHERE ( a.makerid = b.id and a.makerid = 2 and a.purchaserid = c.id ) LIMIT 10   [ RunTime:0.0433s ]
INFO: [ view_parse ] --START--
INFO: [ template_filter ] --START--
INFO: Run Behavior\ContentReplaceBehavior [ RunTime:0.000256s ]
INFO: [ template_filter ] --END-- [ RunTime:0.000457s ]
INFO: Run Behavior\ParseTemplateBehavior [ RunTime:0.115106s ]
INFO: [ view_parse ] --END-- [ RunTime:0.115310s ]
INFO: [ view_filter ] --START--
INFO: Run Behavior\WriteHtmlCacheBehavior [ RunTime:0.001137s ]
INFO: [ view_filter ] --END-- [ RunTime:0.001308s ]
INFO: [ app_end ] --START--
INFO: Run Behavior\ShowPageTraceBehavior [ RunTime:0.002131s ]
INFO: [ app_end ] --END-- [ RunTime:0.002318s ]

[ 2016-12-29T08:28:55+08:00 ] 172.16.18.200 /github/Wplus/ThinkWplus/index.php/Home/Me/personal.html
INFO: [ app_init ] --START--
INFO: Run Behavior\BuildLiteBehavior [ RunTime:0.000015s ]
INFO: [ app_init ] --END-- [ RunTime:0.000541s ]
INFO: [ app_begin ] --START--
INFO: Run Behavior\ReadHtmlCacheBehavior [ RunTime:0.000662s ]
INFO: [ app_begin ] --END-- [ RunTime:0.000723s ]
INFO: [ view_parse ] --START--
INFO: [ template_filter ] --START--
INFO: Run Behavior\ContentReplaceBehavior [ RunTime:0.000397s ]
INFO: [ template_filter ] --END-- [ RunTime:0.000691s ]
INFO: Run Behavior\ParseTemplateBehavior [ RunTime:0.054869s ]
INFO: [ view_parse ] --END-- [ RunTime:0.055009s ]
INFO: [ view_filter ] --START--
INFO: Run Behavior\WriteHtmlCacheBehavior [ RunTime:0.001153s ]
INFO: [ view_filter ] --END-- [ RunTime:0.001322s ]
INFO: [ app_end ] --START--
INFO: Run Behavior\ShowPageTraceBehavior [ RunTime:0.002095s ]
INFO: [ app_end ] --END-- [ RunTime:0.002272s ]

[ 2016-12-29T08:29:03+08:00 ] 172.16.18.200 /github/Wplus/ThinkWplus/index.php/Home/Me/address
INFO: [ app_init ] --START--
INFO: Run Behavior\BuildLiteBehavior [ RunTime:0.000017s ]
INFO: [ app_init ] --END-- [ RunTime:0.000622s ]
INFO: [ app_begin ] --START--
INFO: Run Behavior\ReadHtmlCacheBehavior [ RunTime:0.000717s ]
INFO: [ app_begin ] --END-- [ RunTime:0.000779s ]
SQL: SHOW COLUMNS FROM `address` [ RunTime:0.0419s ]
SQL: SELECT * FROM address a,user b WHERE ( a.userid = b.id and b.id = 2 )  [ RunTime:0.0423s ]
INFO: [ view_parse ] --START--
INFO: [ template_filter ] --START--
INFO: Run Behavior\ContentReplaceBehavior [ RunTime:0.000189s ]
INFO: [ template_filter ] --END-- [ RunTime:0.000414s ]
INFO: Run Behavior\ParseTemplateBehavior [ RunTime:0.025297s ]
INFO: [ view_parse ] --END-- [ RunTime:0.025506s ]
INFO: [ view_filter ] --START--
INFO: Run Behavior\WriteHtmlCacheBehavior [ RunTime:0.001152s ]
INFO: [ view_filter ] --END-- [ RunTime:0.001320s ]
INFO: [ app_end ] --START--
INFO: Run Behavior\ShowPageTraceBehavior [ RunTime:0.002095s ]
INFO: [ app_end ] --END-- [ RunTime:0.002268s ]

[ 2016-12-29T08:29:08+08:00 ] 172.16.18.200 /github/Wplus/ThinkWplus/index.php/Home/Me/addAddress
INFO: [ app_init ] --START--
INFO: Run Behavior\BuildLiteBehavior [ RunTime:0.000018s ]
INFO: [ app_init ] --END-- [ RunTime:0.000672s ]
INFO: [ app_begin ] --START--
INFO: Run Behavior\ReadHtmlCacheBehavior [ RunTime:0.000705s ]
INFO: [ app_begin ] --END-- [ RunTime:0.000768s ]
SQL: SHOW COLUMNS FROM `province` [ RunTime:0.0395s ]
SQL: SELECT * FROM `province`  [ RunTime:0.1068s ]
SQL: SHOW COLUMNS FROM `city` [ RunTime:0.0397s ]
SQL: SELECT * FROM `city` WHERE ( provinceid = 130000 )  [ RunTime:0.0545s ]
INFO: [ view_parse ] --START--
INFO: [ template_filter ] --START--
INFO: Run Behavior\ContentReplaceBehavior [ RunTime:0.000267s ]
INFO: [ template_filter ] --END-- [ RunTime:0.000455s ]
INFO: Run Behavior\ParseTemplateBehavior [ RunTime:0.055558s ]
INFO: [ view_parse ] --END-- [ RunTime:0.055772s ]
INFO: [ view_filter ] --START--
INFO: Run Behavior\WriteHtmlCacheBehavior [ RunTime:0.001123s ]
INFO: [ view_filter ] --END-- [ RunTime:0.001292s ]
INFO: [ app_end ] --START--
INFO: Run Behavior\ShowPageTraceBehavior [ RunTime:0.002012s ]
INFO: [ app_end ] --END-- [ RunTime:0.002217s ]

