[ 2016-12-19T14:27:33+08:00 ] 127.0.0.1 /github/Wplus/ThinkWplus/index.php/Home/Menu/content
INFO: [ app_init ] --START--
INFO: Run Behavior\BuildLiteBehavior [ RunTime:0.000031s ]
INFO: [ app_init ] --END-- [ RunTime:0.013163s ]
INFO: [ app_begin ] --START--
INFO: Run Behavior\ReadHtmlCacheBehavior [ RunTime:0.012946s ]
INFO: [ app_begin ] --END-- [ RunTime:0.013089s ]
SQL: SHOW COLUMNS FROM `recipe` [ RunTime:0.0431s ]
SQL: SELECT * FROM `recipe` WHERE ( id=1 ) LIMIT 1   [ RunTime:0.0687s ]
INFO: [ view_parse ] --START--
INFO: [ template_filter ] --START--
INFO: Run Behavior\ContentReplaceBehavior [ RunTime:0.000226s ]
INFO: [ template_filter ] --END-- [ RunTime:0.000329s ]
INFO: Run Behavior\ParseTemplateBehavior [ RunTime:0.075971s ]
INFO: [ view_parse ] --END-- [ RunTime:0.076090s ]
INFO: [ view_filter ] --START--
INFO: Run Behavior\WriteHtmlCacheBehavior [ RunTime:0.040010s ]
INFO: [ view_filter ] --END-- [ RunTime:0.040102s ]
INFO: [ app_end ] --START--
INFO: Run Behavior\ShowPageTraceBehavior [ RunTime:0.009473s ]
INFO: [ app_end ] --END-- [ RunTime:0.009595s ]

[ 2016-12-19T14:27:43+08:00 ] 127.0.0.1 /github/Wplus/ThinkWplus/index.php/Home/Menu/content
INFO: [ app_init ] --START--
INFO: Run Behavior\BuildLiteBehavior [ RunTime:0.000017s ]
INFO: [ app_init ] --END-- [ RunTime:0.000630s ]
INFO: [ app_begin ] --START--
INFO: Run Behavior\ReadHtmlCacheBehavior [ RunTime:0.000893s ]
INFO: [ app_begin ] --END-- [ RunTime:0.000964s ]
SQL: SHOW COLUMNS FROM `recipe` [ RunTime:0.2495s ]
SQL: SELECT * FROM `recipe` WHERE ( id=1 ) LIMIT 1   [ RunTime:0.0340s ]
INFO: [ view_parse ] --START--
INFO: [ template_filter ] --START--
INFO: Run Behavior\ContentReplaceBehavior [ RunTime:0.000585s ]
INFO: [ template_filter ] --END-- [ RunTime:0.000914s ]
INFO: Run Behavior\ParseTemplateBehavior [ RunTime:0.062693s ]
INFO: [ view_parse ] --END-- [ RunTime:0.062844s ]
INFO: [ view_filter ] --START--
INFO: Run Behavior\WriteHtmlCacheBehavior [ RunTime:0.000844s ]
INFO: [ view_filter ] --END-- [ RunTime:0.000934s ]
INFO: [ app_end ] --START--
INFO: Run Behavior\ShowPageTraceBehavior [ RunTime:0.001705s ]
INFO: [ app_end ] --END-- [ RunTime:0.001876s ]

[ 2016-12-19T14:28:04+08:00 ] 127.0.0.1 /github/Wplus/ThinkWplus/index.php/Home/Menu/content
INFO: [ app_init ] --START--
INFO: Run Behavior\BuildLiteBehavior [ RunTime:0.000016s ]
INFO: [ app_init ] --END-- [ RunTime:0.000626s ]
INFO: [ app_begin ] --START--
INFO: Run Behavior\ReadHtmlCacheBehavior [ RunTime:0.000758s ]
INFO: [ app_begin ] --END-- [ RunTime:0.000820s ]
SQL: SHOW COLUMNS FROM `recipe` [ RunTime:0.0340s ]
SQL: SELECT * FROM `recipe` WHERE ( id=1 ) LIMIT 1   [ RunTime:0.0345s ]
INFO: [ view_parse ] --START--
INFO: [ template_filter ] --START--
INFO: Run Behavior\ContentReplaceBehavior [ RunTime:0.000379s ]
INFO: [ template_filter ] --END-- [ RunTime:0.000574s ]
INFO: Run Behavior\ParseTemplateBehavior [ RunTime:0.034535s ]
INFO: [ view_parse ] --END-- [ RunTime:0.034746s ]
INFO: [ view_filter ] --START--
INFO: Run Behavior\WriteHtmlCacheBehavior [ RunTime:0.001352s ]
INFO: [ view_filter ] --END-- [ RunTime:0.001579s ]
INFO: [ app_end ] --START--
INFO: Run Behavior\ShowPageTraceBehavior [ RunTime:0.003293s ]
INFO: [ app_end ] --END-- [ RunTime:0.003575s ]

[ 2016-12-19T14:29:52+08:00 ] 127.0.0.1 /github/Wplus/ThinkWplus/index.php/Home/Menu/content
INFO: [ app_init ] --START--
INFO: Run Behavior\BuildLiteBehavior [ RunTime:0.000016s ]
INFO: [ app_init ] --END-- [ RunTime:0.000601s ]
INFO: [ app_begin ] --START--
INFO: Run Behavior\ReadHtmlCacheBehavior [ RunTime:0.001216s ]
INFO: [ app_begin ] --END-- [ RunTime:0.001329s ]
SQL: SHOW COLUMNS FROM `recipe` [ RunTime:0.0371s ]
SQL: SELECT * FROM `recipe` WHERE ( id=1 ) LIMIT 1   [ RunTime:0.0699s ]
INFO: [ view_parse ] --START--
INFO: [ template_filter ] --START--
INFO: Run Behavior\ContentReplaceBehavior [ RunTime:0.000505s ]
INFO: [ template_filter ] --END-- [ RunTime:0.000868s ]
INFO: Run Behavior\ParseTemplateBehavior [ RunTime:0.035218s ]
INFO: [ view_parse ] --END-- [ RunTime:0.035434s ]
INFO: [ view_filter ] --START--
INFO: Run Behavior\WriteHtmlCacheBehavior [ RunTime:0.001408s ]
INFO: [ view_filter ] --END-- [ RunTime:0.001583s ]
INFO: [ app_end ] --START--
INFO: Run Behavior\ShowPageTraceBehavior [ RunTime:0.001838s ]
INFO: [ app_end ] --END-- [ RunTime:0.001961s ]

[ 2016-12-19T14:31:16+08:00 ] 127.0.0.1 /github/Wplus/ThinkWplus/index.php/Home/Menu/content
INFO: [ app_init ] --START--
INFO: Run Behavior\BuildLiteBehavior [ RunTime:0.000017s ]
INFO: [ app_init ] --END-- [ RunTime:0.000663s ]
INFO: [ app_begin ] --START--
INFO: Run Behavior\ReadHtmlCacheBehavior [ RunTime:0.000792s ]
INFO: [ app_begin ] --END-- [ RunTime:0.000862s ]
SQL: SHOW COLUMNS FROM `recipe` [ RunTime:0.2603s ]
SQL: SELECT * FROM `recipe` WHERE ( id=1 ) LIMIT 1   [ RunTime:0.0675s ]
INFO: [ view_parse ] --START--
INFO: [ template_filter ] --START--
INFO: Run Behavior\ContentReplaceBehavior [ RunTime:0.000357s ]
INFO: [ template_filter ] --END-- [ RunTime:0.000527s ]
INFO: Run Behavior\ParseTemplateBehavior [ RunTime:0.032578s ]
INFO: [ view_parse ] --END-- [ RunTime:0.032793s ]
INFO: [ view_filter ] --START--
INFO: Run Behavior\WriteHtmlCacheBehavior [ RunTime:0.000822s ]
INFO: [ view_filter ] --END-- [ RunTime:0.000925s ]
INFO: [ app_end ] --START--
INFO: Run Behavior\ShowPageTraceBehavior [ RunTime:0.002397s ]
INFO: [ app_end ] --END-- [ RunTime:0.002593s ]

[ 2016-12-19T14:33:37+08:00 ] 127.0.0.1 /github/Wplus/ThinkWplus/index.php/Home/Menu/content
INFO: [ app_init ] --START--
INFO: Run Behavior\BuildLiteBehavior [ RunTime:0.000025s ]
INFO: [ app_init ] --END-- [ RunTime:0.000723s ]
INFO: [ app_begin ] --START--
INFO: Run Behavior\ReadHtmlCacheBehavior [ RunTime:0.001015s ]
INFO: [ app_begin ] --END-- [ RunTime:0.001115s ]
SQL: SHOW COLUMNS FROM `recipe` [ RunTime:0.0345s ]
SQL: SELECT * FROM `recipe` WHERE ( id=1 ) LIMIT 1   [ RunTime:0.0337s ]
INFO: [ view_parse ] --START--
INFO: [ template_filter ] --START--
INFO: Run Behavior\ContentReplaceBehavior [ RunTime:0.000104s ]
INFO: [ template_filter ] --END-- [ RunTime:0.000167s ]
INFO: Run Behavior\ParseTemplateBehavior [ RunTime:0.011040s ]
INFO: [ view_parse ] --END-- [ RunTime:0.011132s ]
INFO: [ view_filter ] --START--
INFO: Run Behavior\WriteHtmlCacheBehavior [ RunTime:0.000535s ]
INFO: [ view_filter ] --END-- [ RunTime:0.000594s ]
INFO: [ app_end ] --START--
INFO: Run Behavior\ShowPageTraceBehavior [ RunTime:0.001156s ]
INFO: [ app_end ] --END-- [ RunTime:0.001253s ]

[ 2016-12-19T14:52:26+08:00 ] 127.0.0.1 /github/Wplus/ThinkWplus/index.php/Home/Menu/content
INFO: [ app_init ] --START--
INFO: Run Behavior\BuildLiteBehavior [ RunTime:0.000031s ]
INFO: [ app_init ] --END-- [ RunTime:0.000666s ]
INFO: [ app_begin ] --START--
INFO: Run Behavior\ReadHtmlCacheBehavior [ RunTime:0.001142s ]
INFO: [ app_begin ] --END-- [ RunTime:0.001248s ]
SQL: SHOW COLUMNS FROM `recipe` [ RunTime:0.0311s ]
SQL: SELECT * FROM `recipe` WHERE ( id=1 ) LIMIT 1   [ RunTime:0.0612s ]
INFO: [ view_parse ] --START--
INFO: [ template_filter ] --START--
INFO: Run Behavior\ContentReplaceBehavior [ RunTime:0.000120s ]
INFO: [ template_filter ] --END-- [ RunTime:0.000198s ]
NOTIC: [8] Undefined offset: 4 G:\wwwroot\github\Wplus\ThinkWplus\Application\Runtime\Cache\Home\3b92e5aee561cba8eaafd2831ee92d6e.php 第 81 行.
INFO: Run Behavior\ParseTemplateBehavior [ RunTime:0.010718s ]
INFO: [ view_parse ] --END-- [ RunTime:0.010821s ]
INFO: [ view_filter ] --START--
INFO: Run Behavior\WriteHtmlCacheBehavior [ RunTime:0.000544s ]
INFO: [ view_filter ] --END-- [ RunTime:0.000598s ]
INFO: [ app_end ] --START--
INFO: Run Behavior\ShowPageTraceBehavior [ RunTime:0.001063s ]
INFO: [ app_end ] --END-- [ RunTime:0.001142s ]

[ 2016-12-19T14:52:44+08:00 ] 127.0.0.1 /github/Wplus/ThinkWplus/index.php/Home/Menu/content
INFO: [ app_init ] --START--
INFO: Run Behavior\BuildLiteBehavior [ RunTime:0.000019s ]
INFO: [ app_init ] --END-- [ RunTime:0.000705s ]
INFO: [ app_begin ] --START--
INFO: Run Behavior\ReadHtmlCacheBehavior [ RunTime:0.000829s ]
INFO: [ app_begin ] --END-- [ RunTime:0.000893s ]
SQL: SHOW COLUMNS FROM `recipe` [ RunTime:0.8961s ]
SQL: SELECT * FROM `recipe` WHERE ( id=1 ) LIMIT 1   [ RunTime:0.0338s ]
INFO: [ view_parse ] --START--
INFO: [ template_filter ] --START--
INFO: Run Behavior\ContentReplaceBehavior [ RunTime:0.000320s ]
INFO: [ template_filter ] --END-- [ RunTime:0.000522s ]
NOTIC: [8] Undefined offset: 4 G:\wwwroot\github\Wplus\ThinkWplus\Application\Runtime\Cache\Home\3b92e5aee561cba8eaafd2831ee92d6e.php 第 81 行.
INFO: Run Behavior\ParseTemplateBehavior [ RunTime:0.032127s ]
INFO: [ view_parse ] --END-- [ RunTime:0.032349s ]
INFO: [ view_filter ] --START--
INFO: Run Behavior\WriteHtmlCacheBehavior [ RunTime:0.001429s ]
INFO: [ view_filter ] --END-- [ RunTime:0.001608s ]
INFO: [ app_end ] --START--
INFO: Run Behavior\ShowPageTraceBehavior [ RunTime:0.004308s ]
INFO: [ app_end ] --END-- [ RunTime:0.004728s ]

[ 2016-12-19T14:53:07+08:00 ] 127.0.0.1 /github/Wplus/ThinkWplus/index.php/Home/Menu/content
INFO: [ app_init ] --START--
INFO: Run Behavior\BuildLiteBehavior [ RunTime:0.000015s ]
INFO: [ app_init ] --END-- [ RunTime:0.000662s ]
INFO: [ app_begin ] --START--
INFO: Run Behavior\ReadHtmlCacheBehavior [ RunTime:0.001071s ]
INFO: [ app_begin ] --END-- [ RunTime:0.001184s ]
SQL: SHOW COLUMNS FROM `recipe` [ RunTime:0.0321s ]
SQL: SELECT * FROM `recipe` WHERE ( id=1 ) LIMIT 1   [ RunTime:0.0334s ]
INFO: [ view_parse ] --START--
INFO: [ template_filter ] --START--
INFO: Run Behavior\ContentReplaceBehavior [ RunTime:0.000286s ]
INFO: [ template_filter ] --END-- [ RunTime:0.000452s ]
INFO: Run Behavior\ParseTemplateBehavior [ RunTime:0.030025s ]
INFO: [ view_parse ] --END-- [ RunTime:0.030268s ]
INFO: [ view_filter ] --START--
INFO: Run Behavior\WriteHtmlCacheBehavior [ RunTime:0.001596s ]
INFO: [ view_filter ] --END-- [ RunTime:0.001803s ]
INFO: [ app_end ] --START--
INFO: Run Behavior\ShowPageTraceBehavior [ RunTime:0.004164s ]
INFO: [ app_end ] --END-- [ RunTime:0.004505s ]

[ 2016-12-19T14:58:54+08:00 ] 127.0.0.1 /github/Wplus/ThinkWplus/index.php/Home/Menu/content
INFO: [ app_init ] --START--
INFO: Run Behavior\BuildLiteBehavior [ RunTime:0.000028s ]
INFO: [ app_init ] --END-- [ RunTime:0.000769s ]
INFO: [ app_begin ] --START--
INFO: Run Behavior\ReadHtmlCacheBehavior [ RunTime:0.000825s ]
INFO: [ app_begin ] --END-- [ RunTime:0.000893s ]
SQL: SHOW COLUMNS FROM `recipe` [ RunTime:0.0303s ]
SQL: SELECT * FROM `recipe` WHERE ( id=1 ) LIMIT 1   [ RunTime:0.0328s ]
INFO: [ view_parse ] --START--
INFO: [ template_filter ] --START--
INFO: Run Behavior\ContentReplaceBehavior [ RunTime:0.000115s ]
INFO: [ template_filter ] --END-- [ RunTime:0.000205s ]
NOTIC: [8] Undefined offset: 4 G:\wwwroot\github\Wplus\ThinkWplus\Application\Runtime\Cache\Home\3b92e5aee561cba8eaafd2831ee92d6e.php 第 81 行.
INFO: Run Behavior\ParseTemplateBehavior [ RunTime:0.024479s ]
INFO: [ view_parse ] --END-- [ RunTime:0.024601s ]
INFO: [ view_filter ] --START--
INFO: Run Behavior\WriteHtmlCacheBehavior [ RunTime:0.000518s ]
INFO: [ view_filter ] --END-- [ RunTime:0.000583s ]
INFO: [ app_end ] --START--
INFO: Run Behavior\ShowPageTraceBehavior [ RunTime:0.001080s ]
INFO: [ app_end ] --END-- [ RunTime:0.001160s ]

[ 2016-12-19T14:59:47+08:00 ] 127.0.0.1 /github/Wplus/ThinkWplus/index.php/Home/Menu/content
INFO: [ app_init ] --START--
INFO: Run Behavior\BuildLiteBehavior [ RunTime:0.000021s ]
INFO: [ app_init ] --END-- [ RunTime:0.001123s ]
INFO: [ app_begin ] --START--
INFO: Run Behavior\ReadHtmlCacheBehavior [ RunTime:0.000925s ]
INFO: [ app_begin ] --END-- [ RunTime:0.001084s ]
SQL: SHOW COLUMNS FROM `recipe` [ RunTime:0.0370s ]
SQL: SELECT * FROM `recipe` WHERE ( id=1 ) LIMIT 1   [ RunTime:0.0708s ]
INFO: [ view_parse ] --START--
INFO: [ template_filter ] --START--
INFO: Run Behavior\ContentReplaceBehavior [ RunTime:0.000222s ]
INFO: [ template_filter ] --END-- [ RunTime:0.000352s ]
NOTIC: [8] Undefined offset: 4 G:\wwwroot\github\Wplus\ThinkWplus\Application\Runtime\Cache\Home\3b92e5aee561cba8eaafd2831ee92d6e.php 第 81 行.
INFO: Run Behavior\ParseTemplateBehavior [ RunTime:0.080763s ]
INFO: [ view_parse ] --END-- [ RunTime:0.080931s ]
INFO: [ view_filter ] --START--
INFO: Run Behavior\WriteHtmlCacheBehavior [ RunTime:0.000975s ]
INFO: [ view_filter ] --END-- [ RunTime:0.001084s ]
INFO: [ app_end ] --START--
INFO: Run Behavior\ShowPageTraceBehavior [ RunTime:0.002554s ]
INFO: [ app_end ] --END-- [ RunTime:0.002762s ]

[ 2016-12-19T15:05:21+08:00 ] 127.0.0.1 /github/Wplus/ThinkWplus/index.php/Home/Menu/content
INFO: [ app_init ] --START--
INFO: Run Behavior\BuildLiteBehavior [ RunTime:0.000016s ]
INFO: [ app_init ] --END-- [ RunTime:0.000629s ]
INFO: [ app_begin ] --START--
INFO: Run Behavior\ReadHtmlCacheBehavior [ RunTime:0.000819s ]
INFO: [ app_begin ] --END-- [ RunTime:0.000882s ]
SQL: SHOW COLUMNS FROM `recipe` [ RunTime:0.0331s ]
SQL: SELECT * FROM `recipe` WHERE ( id=1 ) LIMIT 1   [ RunTime:0.2473s ]
INFO: [ view_parse ] --START--
INFO: [ template_filter ] --START--
INFO: Run Behavior\ContentReplaceBehavior [ RunTime:0.000223s ]
INFO: [ template_filter ] --END-- [ RunTime:0.000386s ]
NOTIC: [8] Undefined offset: 4 G:\wwwroot\github\Wplus\ThinkWplus\Application\Runtime\Cache\Home\3b92e5aee561cba8eaafd2831ee92d6e.php 第 81 行.
INFO: Run Behavior\ParseTemplateBehavior [ RunTime:0.031226s ]
INFO: [ view_parse ] --END-- [ RunTime:0.031381s ]
INFO: [ view_filter ] --START--
INFO: Run Behavior\WriteHtmlCacheBehavior [ RunTime:0.001053s ]
INFO: [ view_filter ] --END-- [ RunTime:0.001168s ]
INFO: [ app_end ] --START--
INFO: Run Behavior\ShowPageTraceBehavior [ RunTime:0.002314s ]
INFO: [ app_end ] --END-- [ RunTime:0.002485s ]

[ 2016-12-19T15:07:48+08:00 ] 127.0.0.1 /github/Wplus/ThinkWplus/index.php/Home/Menu/content
INFO: [ app_init ] --START--
INFO: Run Behavior\BuildLiteBehavior [ RunTime:0.000032s ]
INFO: [ app_init ] --END-- [ RunTime:0.000645s ]
INFO: [ app_begin ] --START--
INFO: Run Behavior\ReadHtmlCacheBehavior [ RunTime:0.000876s ]
INFO: [ app_begin ] --END-- [ RunTime:0.000945s ]
SQL: SHOW COLUMNS FROM `recipe` [ RunTime:0.0314s ]
SQL: SELECT * FROM `recipe` WHERE ( id=1 ) LIMIT 1   [ RunTime:0.0299s ]
INFO: [ view_parse ] --START--
INFO: [ template_filter ] --START--
INFO: Run Behavior\ContentReplaceBehavior [ RunTime:0.000354s ]
INFO: [ template_filter ] --END-- [ RunTime:0.000579s ]
NOTIC: [8] Undefined offset: 4 G:\wwwroot\github\Wplus\ThinkWplus\Application\Runtime\Cache\Home\3b92e5aee561cba8eaafd2831ee92d6e.php 第 81 行.
INFO: Run Behavior\ParseTemplateBehavior [ RunTime:0.037598s ]
INFO: [ view_parse ] --END-- [ RunTime:0.037860s ]
INFO: [ view_filter ] --START--
INFO: Run Behavior\WriteHtmlCacheBehavior [ RunTime:0.002163s ]
INFO: [ view_filter ] --END-- [ RunTime:0.002429s ]
INFO: [ app_end ] --START--
INFO: Run Behavior\ShowPageTraceBehavior [ RunTime:0.002330s ]
INFO: [ app_end ] --END-- [ RunTime:0.002593s ]

[ 2016-12-19T15:08:18+08:00 ] 127.0.0.1 /github/Wplus/ThinkWplus/index.php/Home/Menu/content
INFO: [ app_init ] --START--
INFO: Run Behavior\BuildLiteBehavior [ RunTime:0.000017s ]
INFO: [ app_init ] --END-- [ RunTime:0.000642s ]
INFO: [ app_begin ] --START--
INFO: Run Behavior\ReadHtmlCacheBehavior [ RunTime:0.000864s ]
INFO: [ app_begin ] --END-- [ RunTime:0.000937s ]
SQL: SHOW COLUMNS FROM `recipe` [ RunTime:0.0367s ]
SQL: SELECT * FROM `recipe` WHERE ( id=1 ) LIMIT 1   [ RunTime:0.0378s ]
INFO: [ view_parse ] --START--
INFO: [ template_filter ] --START--
INFO: Run Behavior\ContentReplaceBehavior [ RunTime:0.000337s ]
INFO: [ template_filter ] --END-- [ RunTime:0.000525s ]
NOTIC: [8] Undefined offset: 4 G:\wwwroot\github\Wplus\ThinkWplus\Application\Runtime\Cache\Home\3b92e5aee561cba8eaafd2831ee92d6e.php 第 81 行.
INFO: Run Behavior\ParseTemplateBehavior [ RunTime:0.034353s ]
INFO: [ view_parse ] --END-- [ RunTime:0.034552s ]
INFO: [ view_filter ] --START--
INFO: Run Behavior\WriteHtmlCacheBehavior [ RunTime:0.001153s ]
INFO: [ view_filter ] --END-- [ RunTime:0.001272s ]
INFO: [ app_end ] --START--
INFO: Run Behavior\ShowPageTraceBehavior [ RunTime:0.001893s ]
INFO: [ app_end ] --END-- [ RunTime:0.002017s ]

[ 2016-12-19T15:12:55+08:00 ] 127.0.0.1 /github/Wplus/ThinkWplus/index.php/Home/Menu/content
INFO: [ app_init ] --START--
INFO: Run Behavior\BuildLiteBehavior [ RunTime:0.000017s ]
INFO: [ app_init ] --END-- [ RunTime:0.000769s ]
INFO: [ app_begin ] --START--
INFO: Run Behavior\ReadHtmlCacheBehavior [ RunTime:0.000803s ]
INFO: [ app_begin ] --END-- [ RunTime:0.000869s ]
SQL: SHOW COLUMNS FROM `recipe` [ RunTime:0.0307s ]
SQL: SELECT * FROM `recipe` WHERE ( id=1 ) LIMIT 1   [ RunTime:0.0299s ]
INFO: [ view_parse ] --START--
INFO: [ template_filter ] --START--
INFO: Run Behavior\ContentReplaceBehavior [ RunTime:0.000306s ]
INFO: [ template_filter ] --END-- [ RunTime:0.000609s ]
NOTIC: [8] Undefined offset: 4 G:\wwwroot\github\Wplus\ThinkWplus\Application\Runtime\Cache\Home\3b92e5aee561cba8eaafd2831ee92d6e.php 第 81 行.
INFO: Run Behavior\ParseTemplateBehavior [ RunTime:0.061672s ]
INFO: [ view_parse ] --END-- [ RunTime:0.061769s ]
INFO: [ view_filter ] --START--
INFO: Run Behavior\WriteHtmlCacheBehavior [ RunTime:0.000813s ]
INFO: [ view_filter ] --END-- [ RunTime:0.000884s ]
INFO: [ app_end ] --START--
INFO: Run Behavior\ShowPageTraceBehavior [ RunTime:0.001238s ]
INFO: [ app_end ] --END-- [ RunTime:0.001324s ]

[ 2016-12-19T15:15:10+08:00 ] 127.0.0.1 /github/Wplus/ThinkWplus/index.php/Home/Menu/content
INFO: [ app_init ] --START--
INFO: Run Behavior\BuildLiteBehavior [ RunTime:0.000023s ]
INFO: [ app_init ] --END-- [ RunTime:0.000845s ]
INFO: [ app_begin ] --START--
INFO: Run Behavior\ReadHtmlCacheBehavior [ RunTime:0.000853s ]
INFO: [ app_begin ] --END-- [ RunTime:0.000925s ]
SQL: SHOW COLUMNS FROM `recipe` [ RunTime:0.0331s ]
SQL: SELECT * FROM `recipe` WHERE ( id=1 ) LIMIT 1   [ RunTime:0.0315s ]
INFO: [ view_parse ] --START--
INFO: [ template_filter ] --START--
INFO: Run Behavior\ContentReplaceBehavior [ RunTime:0.000188s ]
INFO: [ template_filter ] --END-- [ RunTime:0.000298s ]
NOTIC: [8] Undefined offset: 2 G:\wwwroot\github\Wplus\ThinkWplus\Application\Runtime\Cache\Home\3b92e5aee561cba8eaafd2831ee92d6e.php 第 81 行.
NOTIC: [8] Undefined offset: 3 G:\wwwroot\github\Wplus\ThinkWplus\Application\Runtime\Cache\Home\3b92e5aee561cba8eaafd2831ee92d6e.php 第 81 行.
NOTIC: [8] Undefined offset: 4 G:\wwwroot\github\Wplus\ThinkWplus\Application\Runtime\Cache\Home\3b92e5aee561cba8eaafd2831ee92d6e.php 第 81 行.
NOTIC: [8] Undefined offset: 5 G:\wwwroot\github\Wplus\ThinkWplus\Application\Runtime\Cache\Home\3b92e5aee561cba8eaafd2831ee92d6e.php 第 81 行.
INFO: Run Behavior\ParseTemplateBehavior [ RunTime:0.080180s ]
INFO: [ view_parse ] --END-- [ RunTime:0.080326s ]
INFO: [ view_filter ] --START--
INFO: Run Behavior\WriteHtmlCacheBehavior [ RunTime:0.001002s ]
INFO: [ view_filter ] --END-- [ RunTime:0.001098s ]
INFO: [ app_end ] --START--
INFO: Run Behavior\ShowPageTraceBehavior [ RunTime:0.001680s ]
INFO: [ app_end ] --END-- [ RunTime:0.001830s ]

[ 2016-12-19T15:15:42+08:00 ] 127.0.0.1 /github/Wplus/ThinkWplus/index.php/Home/Menu/content
INFO: [ app_init ] --START--
INFO: Run Behavior\BuildLiteBehavior [ RunTime:0.000017s ]
INFO: [ app_init ] --END-- [ RunTime:0.000750s ]
INFO: [ app_begin ] --START--
INFO: Run Behavior\ReadHtmlCacheBehavior [ RunTime:0.001058s ]
INFO: [ app_begin ] --END-- [ RunTime:0.001123s ]
SQL: SHOW COLUMNS FROM `recipe` [ RunTime:0.0353s ]
SQL: SELECT * FROM `recipe` WHERE ( id=1 ) LIMIT 1   [ RunTime:0.0343s ]
INFO: [ view_parse ] --START--
INFO: [ template_filter ] --START--
INFO: Run Behavior\ContentReplaceBehavior [ RunTime:0.000476s ]
INFO: [ template_filter ] --END-- [ RunTime:0.000868s ]
NOTIC: [8] Undefined offset: 2 G:\wwwroot\github\Wplus\ThinkWplus\Application\Runtime\Cache\Home\3b92e5aee561cba8eaafd2831ee92d6e.php 第 81 行.
NOTIC: [8] Undefined offset: 3 G:\wwwroot\github\Wplus\ThinkWplus\Application\Runtime\Cache\Home\3b92e5aee561cba8eaafd2831ee92d6e.php 第 81 行.
NOTIC: [8] Undefined offset: 4 G:\wwwroot\github\Wplus\ThinkWplus\Application\Runtime\Cache\Home\3b92e5aee561cba8eaafd2831ee92d6e.php 第 81 行.
NOTIC: [8] Undefined offset: 5 G:\wwwroot\github\Wplus\ThinkWplus\Application\Runtime\Cache\Home\3b92e5aee561cba8eaafd2831ee92d6e.php 第 81 行.
INFO: Run Behavior\ParseTemplateBehavior [ RunTime:0.035442s ]
INFO: [ view_parse ] --END-- [ RunTime:0.035775s ]
INFO: [ view_filter ] --START--
INFO: Run Behavior\WriteHtmlCacheBehavior [ RunTime:0.002596s ]
INFO: [ view_filter ] --END-- [ RunTime:0.002842s ]
INFO: [ app_end ] --START--
INFO: Run Behavior\ShowPageTraceBehavior [ RunTime:0.002370s ]
INFO: [ app_end ] --END-- [ RunTime:0.002582s ]

[ 2016-12-19T15:18:10+08:00 ] 127.0.0.1 /github/Wplus/ThinkWplus/index.php/Home/Menu/content
INFO: [ app_init ] --START--
INFO: Run Behavior\BuildLiteBehavior [ RunTime:0.000018s ]
INFO: [ app_init ] --END-- [ RunTime:0.000665s ]
INFO: [ app_begin ] --START--
INFO: Run Behavior\ReadHtmlCacheBehavior [ RunTime:0.001001s ]
INFO: [ app_begin ] --END-- [ RunTime:0.001086s ]
SQL: SHOW COLUMNS FROM `recipe` [ RunTime:0.0335s ]
SQL: SELECT * FROM `recipe` WHERE ( id=1 ) LIMIT 1   [ RunTime:0.0378s ]
INFO: [ view_parse ] --START--
INFO: [ template_filter ] --START--
INFO: Run Behavior\ContentReplaceBehavior [ RunTime:0.000518s ]
INFO: [ template_filter ] --END-- [ RunTime:0.000683s ]
NOTIC: [8] Undefined offset: 2 G:\wwwroot\github\Wplus\ThinkWplus\Application\Runtime\Cache\Home\3b92e5aee561cba8eaafd2831ee92d6e.php 第 81 行.
NOTIC: [8] Undefined offset: 3 G:\wwwroot\github\Wplus\ThinkWplus\Application\Runtime\Cache\Home\3b92e5aee561cba8eaafd2831ee92d6e.php 第 81 行.
NOTIC: [8] Undefined offset: 4 G:\wwwroot\github\Wplus\ThinkWplus\Application\Runtime\Cache\Home\3b92e5aee561cba8eaafd2831ee92d6e.php 第 81 行.
NOTIC: [8] Undefined offset: 5 G:\wwwroot\github\Wplus\ThinkWplus\Application\Runtime\Cache\Home\3b92e5aee561cba8eaafd2831ee92d6e.php 第 81 行.
INFO: Run Behavior\ParseTemplateBehavior [ RunTime:0.031215s ]
INFO: [ view_parse ] --END-- [ RunTime:0.031381s ]
INFO: [ view_filter ] --START--
INFO: Run Behavior\WriteHtmlCacheBehavior [ RunTime:0.000884s ]
INFO: [ view_filter ] --END-- [ RunTime:0.000981s ]
INFO: [ app_end ] --START--
INFO: Run Behavior\ShowPageTraceBehavior [ RunTime:0.001698s ]
INFO: [ app_end ] --END-- [ RunTime:0.001840s ]

[ 2016-12-19T15:18:53+08:00 ] 127.0.0.1 /github/Wplus/ThinkWplus/index.php/Home/Menu/content
INFO: [ app_init ] --START--
INFO: Run Behavior\BuildLiteBehavior [ RunTime:0.000016s ]
INFO: [ app_init ] --END-- [ RunTime:0.000567s ]
INFO: [ app_begin ] --START--
INFO: Run Behavior\ReadHtmlCacheBehavior [ RunTime:0.000771s ]
INFO: [ app_begin ] --END-- [ RunTime:0.000850s ]
SQL: SHOW COLUMNS FROM `recipe` [ RunTime:0.0315s ]
SQL: SELECT * FROM `recipe` WHERE ( id=1 ) LIMIT 1   [ RunTime:0.0329s ]
INFO: [ view_parse ] --START--
INFO: [ template_filter ] --START--
INFO: Run Behavior\ContentReplaceBehavior [ RunTime:0.000188s ]
INFO: [ template_filter ] --END-- [ RunTime:0.000308s ]
NOTIC: [8] Undefined offset: 2 G:\wwwroot\github\Wplus\ThinkWplus\Application\Runtime\Cache\Home\3b92e5aee561cba8eaafd2831ee92d6e.php 第 81 行.
NOTIC: [8] Undefined offset: 3 G:\wwwroot\github\Wplus\ThinkWplus\Application\Runtime\Cache\Home\3b92e5aee561cba8eaafd2831ee92d6e.php 第 81 行.
NOTIC: [8] Undefined offset: 4 G:\wwwroot\github\Wplus\ThinkWplus\Application\Runtime\Cache\Home\3b92e5aee561cba8eaafd2831ee92d6e.php 第 81 行.
NOTIC: [8] Undefined offset: 5 G:\wwwroot\github\Wplus\ThinkWplus\Application\Runtime\Cache\Home\3b92e5aee561cba8eaafd2831ee92d6e.php 第 81 行.
INFO: Run Behavior\ParseTemplateBehavior [ RunTime:0.019459s ]
INFO: [ view_parse ] --END-- [ RunTime:0.019569s ]
INFO: [ view_filter ] --START--
INFO: Run Behavior\WriteHtmlCacheBehavior [ RunTime:0.000853s ]
INFO: [ view_filter ] --END-- [ RunTime:0.000949s ]
INFO: [ app_end ] --START--
INFO: Run Behavior\ShowPageTraceBehavior [ RunTime:0.001727s ]
INFO: [ app_end ] --END-- [ RunTime:0.001848s ]

[ 2016-12-19T15:19:10+08:00 ] 127.0.0.1 /github/Wplus/ThinkWplus/index.php/Home/Menu/content
INFO: [ app_init ] --START--
INFO: Run Behavior\BuildLiteBehavior [ RunTime:0.000016s ]
INFO: [ app_init ] --END-- [ RunTime:0.000634s ]
INFO: [ app_begin ] --START--
INFO: Run Behavior\ReadHtmlCacheBehavior [ RunTime:0.000791s ]
INFO: [ app_begin ] --END-- [ RunTime:0.000852s ]
SQL: SHOW COLUMNS FROM `recipe` [ RunTime:0.0343s ]
SQL: SELECT * FROM `recipe` WHERE ( id=1 ) LIMIT 1   [ RunTime:0.0374s ]
INFO: [ view_parse ] --START--
INFO: [ template_filter ] --START--
INFO: Run Behavior\ContentReplaceBehavior [ RunTime:0.000331s ]
INFO: [ template_filter ] --END-- [ RunTime:0.000522s ]
NOTIC: [8] Undefined offset: 2 G:\wwwroot\github\Wplus\ThinkWplus\Application\Runtime\Cache\Home\3b92e5aee561cba8eaafd2831ee92d6e.php 第 81 行.
NOTIC: [8] Undefined offset: 3 G:\wwwroot\github\Wplus\ThinkWplus\Application\Runtime\Cache\Home\3b92e5aee561cba8eaafd2831ee92d6e.php 第 81 行.
NOTIC: [8] Undefined offset: 4 G:\wwwroot\github\Wplus\ThinkWplus\Application\Runtime\Cache\Home\3b92e5aee561cba8eaafd2831ee92d6e.php 第 81 行.
NOTIC: [8] Undefined offset: 5 G:\wwwroot\github\Wplus\ThinkWplus\Application\Runtime\Cache\Home\3b92e5aee561cba8eaafd2831ee92d6e.php 第 81 行.
INFO: Run Behavior\ParseTemplateBehavior [ RunTime:0.034080s ]
INFO: [ view_parse ] --END-- [ RunTime:0.034376s ]
INFO: [ view_filter ] --START--
INFO: Run Behavior\WriteHtmlCacheBehavior [ RunTime:0.001501s ]
INFO: [ view_filter ] --END-- [ RunTime:0.001671s ]
INFO: [ app_end ] --START--
INFO: Run Behavior\ShowPageTraceBehavior [ RunTime:0.002947s ]
INFO: [ app_end ] --END-- [ RunTime:0.003132s ]

[ 2016-12-19T15:19:49+08:00 ] 127.0.0.1 /github/Wplus/ThinkWplus/index.php/Home/Menu/content
INFO: [ app_init ] --START--
INFO: Run Behavior\BuildLiteBehavior [ RunTime:0.000027s ]
INFO: [ app_init ] --END-- [ RunTime:0.000752s ]
INFO: [ app_begin ] --START--
INFO: Run Behavior\ReadHtmlCacheBehavior [ RunTime:0.001050s ]
INFO: [ app_begin ] --END-- [ RunTime:0.001184s ]
SQL: SHOW COLUMNS FROM `recipe` [ RunTime:0.0303s ]
SQL: SELECT * FROM `recipe` WHERE ( id=1 ) LIMIT 1   [ RunTime:0.0323s ]
INFO: [ view_parse ] --START--
INFO: [ template_filter ] --START--
INFO: Run Behavior\ContentReplaceBehavior [ RunTime:0.000332s ]
INFO: [ template_filter ] --END-- [ RunTime:0.000491s ]
NOTIC: [8] Undefined offset: 2 G:\wwwroot\github\Wplus\ThinkWplus\Application\Runtime\Cache\Home\3b92e5aee561cba8eaafd2831ee92d6e.php 第 81 行.
NOTIC: [8] Undefined offset: 3 G:\wwwroot\github\Wplus\ThinkWplus\Application\Runtime\Cache\Home\3b92e5aee561cba8eaafd2831ee92d6e.php 第 81 行.
NOTIC: [8] Undefined offset: 4 G:\wwwroot\github\Wplus\ThinkWplus\Application\Runtime\Cache\Home\3b92e5aee561cba8eaafd2831ee92d6e.php 第 81 行.
NOTIC: [8] Undefined offset: 5 G:\wwwroot\github\Wplus\ThinkWplus\Application\Runtime\Cache\Home\3b92e5aee561cba8eaafd2831ee92d6e.php 第 81 行.
INFO: Run Behavior\ParseTemplateBehavior [ RunTime:0.030575s ]
INFO: [ view_parse ] --END-- [ RunTime:0.030731s ]
INFO: [ view_filter ] --START--
INFO: Run Behavior\WriteHtmlCacheBehavior [ RunTime:0.000997s ]
INFO: [ view_filter ] --END-- [ RunTime:0.001105s ]
INFO: [ app_end ] --START--
INFO: Run Behavior\ShowPageTraceBehavior [ RunTime:0.002209s ]
INFO: [ app_end ] --END-- [ RunTime:0.002392s ]

[ 2016-12-19T15:22:11+08:00 ] 127.0.0.1 /github/Wplus/ThinkWplus/index.php/Home/Menu/steps
INFO: [ app_init ] --START--
INFO: Run Behavior\BuildLiteBehavior [ RunTime:0.000016s ]
INFO: [ app_init ] --END-- [ RunTime:0.000621s ]
INFO: [ app_begin ] --START--
INFO: Run Behavior\ReadHtmlCacheBehavior [ RunTime:0.000772s ]
INFO: [ app_begin ] --END-- [ RunTime:0.000846s ]
INFO: [ view_parse ] --START--
INFO: [ template_filter ] --START--
INFO: Run Behavior\ContentReplaceBehavior [ RunTime:0.000111s ]
INFO: [ template_filter ] --END-- [ RunTime:0.000187s ]
INFO: Run Behavior\ParseTemplateBehavior [ RunTime:0.041843s ]
INFO: [ view_parse ] --END-- [ RunTime:0.041925s ]
INFO: [ view_filter ] --START--
INFO: Run Behavior\WriteHtmlCacheBehavior [ RunTime:0.000528s ]
INFO: [ view_filter ] --END-- [ RunTime:0.000598s ]
INFO: [ app_end ] --START--
INFO: Run Behavior\ShowPageTraceBehavior [ RunTime:0.001081s ]
INFO: [ app_end ] --END-- [ RunTime:0.001163s ]

[ 2016-12-19T15:22:16+08:00 ] 127.0.0.1 /github/Wplus/ThinkWplus/index.php/Home/Menu/content
INFO: [ app_init ] --START--
INFO: Run Behavior\BuildLiteBehavior [ RunTime:0.000019s ]
INFO: [ app_init ] --END-- [ RunTime:0.000719s ]
INFO: [ app_begin ] --START--
INFO: Run Behavior\ReadHtmlCacheBehavior [ RunTime:0.000734s ]
INFO: [ app_begin ] --END-- [ RunTime:0.000798s ]
SQL: SHOW COLUMNS FROM `recipe` [ RunTime:0.0398s ]
SQL: SELECT * FROM `recipe` WHERE ( id=1 ) LIMIT 1   [ RunTime:0.0330s ]
INFO: [ view_parse ] --START--
INFO: [ template_filter ] --START--
INFO: Run Behavior\ContentReplaceBehavior [ RunTime:0.000223s ]
INFO: [ template_filter ] --END-- [ RunTime:0.000349s ]
NOTIC: [8] Undefined offset: 2 G:\wwwroot\github\Wplus\ThinkWplus\Application\Runtime\Cache\Home\3b92e5aee561cba8eaafd2831ee92d6e.php 第 81 行.
NOTIC: [8] Undefined offset: 3 G:\wwwroot\github\Wplus\ThinkWplus\Application\Runtime\Cache\Home\3b92e5aee561cba8eaafd2831ee92d6e.php 第 81 行.
NOTIC: [8] Undefined offset: 4 G:\wwwroot\github\Wplus\ThinkWplus\Application\Runtime\Cache\Home\3b92e5aee561cba8eaafd2831ee92d6e.php 第 81 行.
NOTIC: [8] Undefined offset: 5 G:\wwwroot\github\Wplus\ThinkWplus\Application\Runtime\Cache\Home\3b92e5aee561cba8eaafd2831ee92d6e.php 第 81 行.
INFO: Run Behavior\ParseTemplateBehavior [ RunTime:0.023815s ]
INFO: [ view_parse ] --END-- [ RunTime:0.023984s ]
INFO: [ view_filter ] --START--
INFO: Run Behavior\WriteHtmlCacheBehavior [ RunTime:0.000984s ]
INFO: [ view_filter ] --END-- [ RunTime:0.001098s ]
INFO: [ app_end ] --START--
INFO: Run Behavior\ShowPageTraceBehavior [ RunTime:0.001822s ]
INFO: [ app_end ] --END-- [ RunTime:0.002004s ]

[ 2016-12-19T15:25:31+08:00 ] 127.0.0.1 /github/Wplus/ThinkWplus/index.php/Home/Menu/content
INFO: [ app_init ] --START--
INFO: Run Behavior\BuildLiteBehavior [ RunTime:0.000016s ]
INFO: [ app_init ] --END-- [ RunTime:0.000630s ]
INFO: [ app_begin ] --START--
INFO: Run Behavior\ReadHtmlCacheBehavior [ RunTime:0.000736s ]
INFO: [ app_begin ] --END-- [ RunTime:0.000800s ]
SQL: SHOW COLUMNS FROM `recipe` [ RunTime:0.0390s ]
SQL: SELECT * FROM `recipe` WHERE ( id=1 ) LIMIT 1   [ RunTime:0.0383s ]
INFO: [ view_parse ] --START--
INFO: [ template_filter ] --START--
INFO: Run Behavior\ContentReplaceBehavior [ RunTime:0.000322s ]
INFO: [ template_filter ] --END-- [ RunTime:0.000511s ]
NOTIC: [8] Undefined offset: 3 G:\wwwroot\github\Wplus\ThinkWplus\Application\Runtime\Cache\Home\3b92e5aee561cba8eaafd2831ee92d6e.php 第 81 行.
NOTIC: [8] Undefined offset: 4 G:\wwwroot\github\Wplus\ThinkWplus\Application\Runtime\Cache\Home\3b92e5aee561cba8eaafd2831ee92d6e.php 第 81 行.
NOTIC: [8] Undefined offset: 5 G:\wwwroot\github\Wplus\ThinkWplus\Application\Runtime\Cache\Home\3b92e5aee561cba8eaafd2831ee92d6e.php 第 81 行.
INFO: Run Behavior\ParseTemplateBehavior [ RunTime:0.033012s ]
INFO: [ view_parse ] --END-- [ RunTime:0.033192s ]
INFO: [ view_filter ] --START--
INFO: Run Behavior\WriteHtmlCacheBehavior [ RunTime:0.001067s ]
INFO: [ view_filter ] --END-- [ RunTime:0.001222s ]
INFO: [ app_end ] --START--
INFO: Run Behavior\ShowPageTraceBehavior [ RunTime:0.002687s ]
INFO: [ app_end ] --END-- [ RunTime:0.002944s ]

[ 2016-12-19T15:26:39+08:00 ] 127.0.0.1 /github/Wplus/ThinkWplus/index.php/Home/Menu/content
INFO: [ app_init ] --START--
INFO: Run Behavior\BuildLiteBehavior [ RunTime:0.000018s ]
INFO: [ app_init ] --END-- [ RunTime:0.000902s ]
INFO: [ app_begin ] --START--
INFO: Run Behavior\ReadHtmlCacheBehavior [ RunTime:0.001047s ]
INFO: [ app_begin ] --END-- [ RunTime:0.001118s ]
SQL: SHOW COLUMNS FROM `recipe` [ RunTime:0.0318s ]
SQL: SELECT * FROM `recipe` WHERE ( id=1 ) LIMIT 1   [ RunTime:0.0322s ]
INFO: [ view_parse ] --START--
INFO: [ template_filter ] --START--
INFO: Run Behavior\ContentReplaceBehavior [ RunTime:0.000336s ]
INFO: [ template_filter ] --END-- [ RunTime:0.000520s ]
NOTIC: [8] Undefined offset: 3 G:\wwwroot\github\Wplus\ThinkWplus\Application\Runtime\Cache\Home\3b92e5aee561cba8eaafd2831ee92d6e.php 第 81 行.
NOTIC: [8] Undefined offset: 4 G:\wwwroot\github\Wplus\ThinkWplus\Application\Runtime\Cache\Home\3b92e5aee561cba8eaafd2831ee92d6e.php 第 81 行.
NOTIC: [8] Undefined offset: 5 G:\wwwroot\github\Wplus\ThinkWplus\Application\Runtime\Cache\Home\3b92e5aee561cba8eaafd2831ee92d6e.php 第 81 行.
INFO: Run Behavior\ParseTemplateBehavior [ RunTime:0.033333s ]
INFO: [ view_parse ] --END-- [ RunTime:0.033517s ]
INFO: [ view_filter ] --START--
INFO: Run Behavior\WriteHtmlCacheBehavior [ RunTime:0.001568s ]
INFO: [ view_filter ] --END-- [ RunTime:0.001822s ]
INFO: [ app_end ] --START--
INFO: Run Behavior\ShowPageTraceBehavior [ RunTime:0.004751s ]
INFO: [ app_end ] --END-- [ RunTime:0.005070s ]

[ 2016-12-19T15:32:09+08:00 ] 127.0.0.1 /github/Wplus/ThinkWplus/index.php/Home/Menu/content
INFO: [ app_init ] --START--
INFO: Run Behavior\BuildLiteBehavior [ RunTime:0.000015s ]
INFO: [ app_init ] --END-- [ RunTime:0.000652s ]
INFO: [ app_begin ] --START--
INFO: Run Behavior\ReadHtmlCacheBehavior [ RunTime:0.000784s ]
INFO: [ app_begin ] --END-- [ RunTime:0.000861s ]
SQL: SHOW COLUMNS FROM `recipe` [ RunTime:0.2568s ]
SQL: SELECT * FROM `recipe` WHERE ( id=1 ) LIMIT 1   [ RunTime:0.0725s ]
INFO: [ view_parse ] --START--
INFO: [ template_filter ] --START--
INFO: Run Behavior\ContentReplaceBehavior [ RunTime:0.000227s ]
INFO: [ template_filter ] --END-- [ RunTime:0.000354s ]
NOTIC: [8] Undefined offset: 3 G:\wwwroot\github\Wplus\ThinkWplus\Application\Runtime\Cache\Home\3b92e5aee561cba8eaafd2831ee92d6e.php 第 81 行.
NOTIC: [8] Undefined offset: 4 G:\wwwroot\github\Wplus\ThinkWplus\Application\Runtime\Cache\Home\3b92e5aee561cba8eaafd2831ee92d6e.php 第 81 行.
NOTIC: [8] Undefined offset: 5 G:\wwwroot\github\Wplus\ThinkWplus\Application\Runtime\Cache\Home\3b92e5aee561cba8eaafd2831ee92d6e.php 第 81 行.
INFO: Run Behavior\ParseTemplateBehavior [ RunTime:0.020027s ]
INFO: [ view_parse ] --END-- [ RunTime:0.020152s ]
INFO: [ view_filter ] --START--
INFO: Run Behavior\WriteHtmlCacheBehavior [ RunTime:0.001034s ]
INFO: [ view_filter ] --END-- [ RunTime:0.001145s ]
INFO: [ app_end ] --START--
INFO: Run Behavior\ShowPageTraceBehavior [ RunTime:0.002778s ]
INFO: [ app_end ] --END-- [ RunTime:0.002967s ]

[ 2016-12-19T15:32:51+08:00 ] 127.0.0.1 /github/Wplus/ThinkWplus/index.php/Home/Menu/content
INFO: [ app_init ] --START--
INFO: Run Behavior\BuildLiteBehavior [ RunTime:0.000017s ]
INFO: [ app_init ] --END-- [ RunTime:0.000560s ]
INFO: [ app_begin ] --START--
INFO: Run Behavior\ReadHtmlCacheBehavior [ RunTime:0.000761s ]
INFO: [ app_begin ] --END-- [ RunTime:0.000830s ]
SQL: SHOW COLUMNS FROM `recipe` [ RunTime:0.0298s ]
SQL: SELECT * FROM `recipe` WHERE ( id=1 ) LIMIT 1   [ RunTime:0.0306s ]
INFO: [ view_parse ] --START--
INFO: [ template_filter ] --START--
INFO: Run Behavior\ContentReplaceBehavior [ RunTime:0.000325s ]
INFO: [ template_filter ] --END-- [ RunTime:0.000513s ]
NOTIC: [8] Undefined offset: 3 G:\wwwroot\github\Wplus\ThinkWplus\Application\Runtime\Cache\Home\3b92e5aee561cba8eaafd2831ee92d6e.php 第 81 行.
NOTIC: [8] Undefined offset: 4 G:\wwwroot\github\Wplus\ThinkWplus\Application\Runtime\Cache\Home\3b92e5aee561cba8eaafd2831ee92d6e.php 第 81 行.
NOTIC: [8] Undefined offset: 5 G:\wwwroot\github\Wplus\ThinkWplus\Application\Runtime\Cache\Home\3b92e5aee561cba8eaafd2831ee92d6e.php 第 81 行.
INFO: Run Behavior\ParseTemplateBehavior [ RunTime:0.033199s ]
INFO: [ view_parse ] --END-- [ RunTime:0.033390s ]
INFO: [ view_filter ] --START--
INFO: Run Behavior\WriteHtmlCacheBehavior [ RunTime:0.001558s ]
INFO: [ view_filter ] --END-- [ RunTime:0.001733s ]
INFO: [ app_end ] --START--
INFO: Run Behavior\ShowPageTraceBehavior [ RunTime:0.003254s ]
INFO: [ app_end ] --END-- [ RunTime:0.003492s ]

[ 2016-12-19T15:33:38+08:00 ] 127.0.0.1 /github/Wplus/ThinkWplus/index.php/Home/Menu/content
INFO: [ app_init ] --START--
INFO: Run Behavior\BuildLiteBehavior [ RunTime:0.000028s ]
INFO: [ app_init ] --END-- [ RunTime:0.000775s ]
INFO: [ app_begin ] --START--
INFO: Run Behavior\ReadHtmlCacheBehavior [ RunTime:0.000813s ]
INFO: [ app_begin ] --END-- [ RunTime:0.000891s ]
SQL: SHOW COLUMNS FROM `recipe` [ RunTime:0.2402s ]
SQL: SELECT * FROM `recipe` WHERE ( id=1 ) LIMIT 1   [ RunTime:0.0466s ]
INFO: [ view_parse ] --START--
INFO: [ template_filter ] --START--
INFO: Run Behavior\ContentReplaceBehavior [ RunTime:0.000206s ]
INFO: [ template_filter ] --END-- [ RunTime:0.000391s ]
NOTIC: [8] Undefined offset: 3 G:\wwwroot\github\Wplus\ThinkWplus\Application\Runtime\Cache\Home\3b92e5aee561cba8eaafd2831ee92d6e.php 第 81 行.
NOTIC: [8] Undefined offset: 4 G:\wwwroot\github\Wplus\ThinkWplus\Application\Runtime\Cache\Home\3b92e5aee561cba8eaafd2831ee92d6e.php 第 81 行.
NOTIC: [8] Undefined offset: 5 G:\wwwroot\github\Wplus\ThinkWplus\Application\Runtime\Cache\Home\3b92e5aee561cba8eaafd2831ee92d6e.php 第 81 行.
INFO: Run Behavior\ParseTemplateBehavior [ RunTime:0.020400s ]
INFO: [ view_parse ] --END-- [ RunTime:0.020518s ]
INFO: [ view_filter ] --START--
INFO: Run Behavior\WriteHtmlCacheBehavior [ RunTime:0.001058s ]
INFO: [ view_filter ] --END-- [ RunTime:0.001215s ]
INFO: [ app_end ] --START--
INFO: Run Behavior\ShowPageTraceBehavior [ RunTime:0.001972s ]
INFO: [ app_end ] --END-- [ RunTime:0.002136s ]

[ 2016-12-19T15:33:41+08:00 ] 127.0.0.1 /github/Wplus/ThinkWplus/index.php/Home/Menu/steps
INFO: [ app_init ] --START--
INFO: Run Behavior\BuildLiteBehavior [ RunTime:0.000016s ]
INFO: [ app_init ] --END-- [ RunTime:0.000563s ]
INFO: [ app_begin ] --START--
INFO: Run Behavior\ReadHtmlCacheBehavior [ RunTime:0.000699s ]
INFO: [ app_begin ] --END-- [ RunTime:0.000769s ]
INFO: [ view_parse ] --START--
INFO: [ template_filter ] --START--
INFO: Run Behavior\ContentReplaceBehavior [ RunTime:0.000146s ]
INFO: [ template_filter ] --END-- [ RunTime:0.000233s ]
INFO: Run Behavior\ParseTemplateBehavior [ RunTime:0.010561s ]
INFO: [ view_parse ] --END-- [ RunTime:0.010648s ]
INFO: [ view_filter ] --START--
INFO: Run Behavior\WriteHtmlCacheBehavior [ RunTime:0.000451s ]
INFO: [ view_filter ] --END-- [ RunTime:0.000512s ]
INFO: [ app_end ] --START--
INFO: Run Behavior\ShowPageTraceBehavior [ RunTime:0.000797s ]
INFO: [ app_end ] --END-- [ RunTime:0.000890s ]

[ 2016-12-19T15:33:47+08:00 ] 127.0.0.1 /github/Wplus/ThinkWplus/index.php/Home/Menu/content
INFO: [ app_init ] --START--
INFO: Run Behavior\BuildLiteBehavior [ RunTime:0.000014s ]
INFO: [ app_init ] --END-- [ RunTime:0.000585s ]
INFO: [ app_begin ] --START--
INFO: Run Behavior\ReadHtmlCacheBehavior [ RunTime:0.000725s ]
INFO: [ app_begin ] --END-- [ RunTime:0.000794s ]
SQL: SHOW COLUMNS FROM `recipe` [ RunTime:0.0391s ]
SQL: SELECT * FROM `recipe` WHERE ( id=1 ) LIMIT 1   [ RunTime:0.0347s ]
INFO: [ view_parse ] --START--
INFO: [ template_filter ] --START--
INFO: Run Behavior\ContentReplaceBehavior [ RunTime:0.000117s ]
INFO: [ template_filter ] --END-- [ RunTime:0.000204s ]
NOTIC: [8] Undefined offset: 3 G:\wwwroot\github\Wplus\ThinkWplus\Application\Runtime\Cache\Home\3b92e5aee561cba8eaafd2831ee92d6e.php 第 81 行.
NOTIC: [8] Undefined offset: 4 G:\wwwroot\github\Wplus\ThinkWplus\Application\Runtime\Cache\Home\3b92e5aee561cba8eaafd2831ee92d6e.php 第 81 行.
NOTIC: [8] Undefined offset: 5 G:\wwwroot\github\Wplus\ThinkWplus\Application\Runtime\Cache\Home\3b92e5aee561cba8eaafd2831ee92d6e.php 第 81 行.
INFO: Run Behavior\ParseTemplateBehavior [ RunTime:0.010790s ]
INFO: [ view_parse ] --END-- [ RunTime:0.010857s ]
INFO: [ view_filter ] --START--
INFO: Run Behavior\WriteHtmlCacheBehavior [ RunTime:0.000385s ]
INFO: [ view_filter ] --END-- [ RunTime:0.000440s ]
INFO: [ app_end ] --START--
INFO: Run Behavior\ShowPageTraceBehavior [ RunTime:0.001064s ]
INFO: [ app_end ] --END-- [ RunTime:0.001182s ]

[ 2016-12-19T15:37:20+08:00 ] 127.0.0.1 /github/Wplus/ThinkWplus/index.php/Home/Menu/content
INFO: [ app_init ] --START--
INFO: Run Behavior\BuildLiteBehavior [ RunTime:0.000017s ]
INFO: [ app_init ] --END-- [ RunTime:0.000655s ]
INFO: [ app_begin ] --START--
INFO: Run Behavior\ReadHtmlCacheBehavior [ RunTime:0.000809s ]
INFO: [ app_begin ] --END-- [ RunTime:0.000871s ]
SQL: SHOW COLUMNS FROM `recipe` [ RunTime:0.2519s ]
SQL: SELECT * FROM `recipe` WHERE ( id=1 ) LIMIT 1   [ RunTime:0.0349s ]
INFO: [ view_parse ] --START--
INFO: [ template_filter ] --START--
INFO: Run Behavior\ContentReplaceBehavior [ RunTime:0.000405s ]
INFO: [ template_filter ] --END-- [ RunTime:0.000658s ]
NOTIC: [8] Undefined offset: 3 G:\wwwroot\github\Wplus\ThinkWplus\Application\Runtime\Cache\Home\3b92e5aee561cba8eaafd2831ee92d6e.php 第 81 行.
NOTIC: [8] Undefined offset: 3 G:\wwwroot\github\Wplus\ThinkWplus\Application\Runtime\Cache\Home\3b92e5aee561cba8eaafd2831ee92d6e.php 第 81 行.
NOTIC: [8] Undefined offset: 3 G:\wwwroot\github\Wplus\ThinkWplus\Application\Runtime\Cache\Home\3b92e5aee561cba8eaafd2831ee92d6e.php 第 81 行.
NOTIC: [8] Undefined offset: 3 G:\wwwroot\github\Wplus\ThinkWplus\Application\Runtime\Cache\Home\3b92e5aee561cba8eaafd2831ee92d6e.php 第 81 行.
NOTIC: [8] Undefined offset: 4 G:\wwwroot\github\Wplus\ThinkWplus\Application\Runtime\Cache\Home\3b92e5aee561cba8eaafd2831ee92d6e.php 第 81 行.
NOTIC: [8] Undefined offset: 3 G:\wwwroot\github\Wplus\ThinkWplus\Application\Runtime\Cache\Home\3b92e5aee561cba8eaafd2831ee92d6e.php 第 81 行.
NOTIC: [8] Undefined offset: 3 G:\wwwroot\github\Wplus\ThinkWplus\Application\Runtime\Cache\Home\3b92e5aee561cba8eaafd2831ee92d6e.php 第 81 行.
INFO: Run Behavior\ParseTemplateBehavior [ RunTime:0.036002s ]
INFO: [ view_parse ] --END-- [ RunTime:0.036147s ]
INFO: [ view_filter ] --START--
INFO: Run Behavior\WriteHtmlCacheBehavior [ RunTime:0.000779s ]
INFO: [ view_filter ] --END-- [ RunTime:0.000864s ]
INFO: [ app_end ] --START--
INFO: Run Behavior\ShowPageTraceBehavior [ RunTime:0.001713s ]
INFO: [ app_end ] --END-- [ RunTime:0.001870s ]

[ 2016-12-19T15:43:06+08:00 ] 127.0.0.1 /github/Wplus/ThinkWplus/index.php/Home/Menu/content
INFO: [ app_init ] --START--
INFO: Run Behavior\BuildLiteBehavior [ RunTime:0.000015s ]
INFO: [ app_init ] --END-- [ RunTime:0.000603s ]
INFO: [ app_begin ] --START--
INFO: Run Behavior\ReadHtmlCacheBehavior [ RunTime:0.000825s ]
INFO: [ app_begin ] --END-- [ RunTime:0.000891s ]
SQL: SHOW COLUMNS FROM `recipe` [ RunTime:0.0339s ]
SQL: SELECT * FROM `recipe` WHERE ( id=1 ) LIMIT 1   [ RunTime:0.0349s ]
INFO: [ view_parse ] --START--
INFO: [ template_filter ] --START--
INFO: Run Behavior\ContentReplaceBehavior [ RunTime:0.000120s ]
INFO: [ template_filter ] --END-- [ RunTime:0.000195s ]
NOTIC: [8] Undefined offset: 3 G:\wwwroot\github\Wplus\ThinkWplus\Application\Runtime\Cache\Home\3b92e5aee561cba8eaafd2831ee92d6e.php 第 81 行.
NOTIC: [8] Undefined offset: 4 G:\wwwroot\github\Wplus\ThinkWplus\Application\Runtime\Cache\Home\3b92e5aee561cba8eaafd2831ee92d6e.php 第 81 行.
NOTIC: [8] Undefined offset: 5 G:\wwwroot\github\Wplus\ThinkWplus\Application\Runtime\Cache\Home\3b92e5aee561cba8eaafd2831ee92d6e.php 第 81 行.
NOTIC: [8] Undefined offset: 6 G:\wwwroot\github\Wplus\ThinkWplus\Application\Runtime\Cache\Home\3b92e5aee561cba8eaafd2831ee92d6e.php 第 81 行.
INFO: Run Behavior\ParseTemplateBehavior [ RunTime:0.012509s ]
INFO: [ view_parse ] --END-- [ RunTime:0.012632s ]
INFO: [ view_filter ] --START--
INFO: Run Behavior\WriteHtmlCacheBehavior [ RunTime:0.000600s ]
INFO: [ view_filter ] --END-- [ RunTime:0.000675s ]
INFO: [ app_end ] --START--
INFO: Run Behavior\ShowPageTraceBehavior [ RunTime:0.001203s ]
INFO: [ app_end ] --END-- [ RunTime:0.001305s ]

[ 2016-12-19T15:43:16+08:00 ] 127.0.0.1 /github/Wplus/ThinkWplus/index.php/Home/Menu/content
INFO: [ app_init ] --START--
INFO: Run Behavior\BuildLiteBehavior [ RunTime:0.000019s ]
INFO: [ app_init ] --END-- [ RunTime:0.000701s ]
INFO: [ app_begin ] --START--
INFO: Run Behavior\ReadHtmlCacheBehavior [ RunTime:0.000884s ]
INFO: [ app_begin ] --END-- [ RunTime:0.000977s ]
SQL: SHOW COLUMNS FROM `recipe` [ RunTime:0.0325s ]
SQL: SELECT * FROM `recipe` WHERE ( id=1 ) LIMIT 1   [ RunTime:0.0318s ]
INFO: [ view_parse ] --START--
INFO: [ template_filter ] --START--
INFO: Run Behavior\ContentReplaceBehavior [ RunTime:0.000310s ]
INFO: [ template_filter ] --END-- [ RunTime:0.000609s ]
NOTIC: [8] Undefined offset: 3 G:\wwwroot\github\Wplus\ThinkWplus\Application\Runtime\Cache\Home\3b92e5aee561cba8eaafd2831ee92d6e.php 第 81 行.
NOTIC: [8] Undefined offset: 4 G:\wwwroot\github\Wplus\ThinkWplus\Application\Runtime\Cache\Home\3b92e5aee561cba8eaafd2831ee92d6e.php 第 81 行.
NOTIC: [8] Undefined offset: 5 G:\wwwroot\github\Wplus\ThinkWplus\Application\Runtime\Cache\Home\3b92e5aee561cba8eaafd2831ee92d6e.php 第 81 行.
NOTIC: [8] Undefined offset: 6 G:\wwwroot\github\Wplus\ThinkWplus\Application\Runtime\Cache\Home\3b92e5aee561cba8eaafd2831ee92d6e.php 第 81 行.
INFO: Run Behavior\ParseTemplateBehavior [ RunTime:0.014638s ]
INFO: [ view_parse ] --END-- [ RunTime:0.014734s ]
INFO: [ view_filter ] --START--
INFO: Run Behavior\WriteHtmlCacheBehavior [ RunTime:0.000591s ]
INFO: [ view_filter ] --END-- [ RunTime:0.000649s ]
INFO: [ app_end ] --START--
INFO: Run Behavior\ShowPageTraceBehavior [ RunTime:0.001115s ]
INFO: [ app_end ] --END-- [ RunTime:0.001197s ]

[ 2016-12-19T15:43:47+08:00 ] 127.0.0.1 /github/Wplus/ThinkWplus/index.php/Home/Menu/content
INFO: [ app_init ] --START--
INFO: Run Behavior\BuildLiteBehavior [ RunTime:0.000015s ]
INFO: [ app_init ] --END-- [ RunTime:0.000592s ]
INFO: [ app_begin ] --START--
INFO: Run Behavior\ReadHtmlCacheBehavior [ RunTime:0.000809s ]
INFO: [ app_begin ] --END-- [ RunTime:0.000882s ]
SQL: SHOW COLUMNS FROM `recipe` [ RunTime:0.0380s ]
SQL: SELECT * FROM `recipe` WHERE ( id=1 ) LIMIT 1   [ RunTime:0.2544s ]
INFO: [ view_parse ] --START--
INFO: [ template_filter ] --START--
INFO: Run Behavior\ContentReplaceBehavior [ RunTime:0.000104s ]
INFO: [ template_filter ] --END-- [ RunTime:0.000167s ]
NOTIC: [8] Undefined offset: 3 G:\wwwroot\github\Wplus\ThinkWplus\Application\Runtime\Cache\Home\3b92e5aee561cba8eaafd2831ee92d6e.php 第 81 行.
NOTIC: [8] Undefined offset: 4 G:\wwwroot\github\Wplus\ThinkWplus\Application\Runtime\Cache\Home\3b92e5aee561cba8eaafd2831ee92d6e.php 第 81 行.
NOTIC: [8] Undefined offset: 5 G:\wwwroot\github\Wplus\ThinkWplus\Application\Runtime\Cache\Home\3b92e5aee561cba8eaafd2831ee92d6e.php 第 81 行.
INFO: Run Behavior\ParseTemplateBehavior [ RunTime:0.010442s ]
INFO: [ view_parse ] --END-- [ RunTime:0.010506s ]
INFO: [ view_filter ] --START--
INFO: Run Behavior\WriteHtmlCacheBehavior [ RunTime:0.000519s ]
INFO: [ view_filter ] --END-- [ RunTime:0.000571s ]
INFO: [ app_end ] --START--
INFO: Run Behavior\ShowPageTraceBehavior [ RunTime:0.001023s ]
INFO: [ app_end ] --END-- [ RunTime:0.001117s ]

[ 2016-12-19T15:46:32+08:00 ] 127.0.0.1 /github/Wplus/ThinkWplus/index.php/Home/Menu/content
INFO: [ app_init ] --START--
INFO: Run Behavior\BuildLiteBehavior [ RunTime:0.000018s ]
INFO: [ app_init ] --END-- [ RunTime:0.000656s ]
INFO: [ app_begin ] --START--
INFO: Run Behavior\ReadHtmlCacheBehavior [ RunTime:0.000946s ]
INFO: [ app_begin ] --END-- [ RunTime:0.001018s ]
SQL: SHOW COLUMNS FROM `recipe` [ RunTime:0.0307s ]
SQL: SELECT * FROM `recipe` WHERE ( id=1 ) LIMIT 1   [ RunTime:0.0315s ]
INFO: [ view_parse ] --START--
INFO: [ template_filter ] --START--
INFO: Run Behavior\ContentReplaceBehavior [ RunTime:0.000220s ]
INFO: [ template_filter ] --END-- [ RunTime:0.000342s ]
NOTIC: [8] Undefined offset: 3 G:\wwwroot\github\Wplus\ThinkWplus\Application\Runtime\Cache\Home\3b92e5aee561cba8eaafd2831ee92d6e.php 第 81 行.
NOTIC: [8] Undefined offset: 3 G:\wwwroot\github\Wplus\ThinkWplus\Application\Runtime\Cache\Home\3b92e5aee561cba8eaafd2831ee92d6e.php 第 81 行.
NOTIC: [8] Undefined offset: 3 G:\wwwroot\github\Wplus\ThinkWplus\Application\Runtime\Cache\Home\3b92e5aee561cba8eaafd2831ee92d6e.php 第 81 行.
NOTIC: [8] Undefined offset: 3 G:\wwwroot\github\Wplus\ThinkWplus\Application\Runtime\Cache\Home\3b92e5aee561cba8eaafd2831ee92d6e.php 第 81 行.
NOTIC: [8] Undefined offset: 3 G:\wwwroot\github\Wplus\ThinkWplus\Application\Runtime\Cache\Home\3b92e5aee561cba8eaafd2831ee92d6e.php 第 81 行.
NOTIC: [8] Undefined offset: 3 G:\wwwroot\github\Wplus\ThinkWplus\Application\Runtime\Cache\Home\3b92e5aee561cba8eaafd2831ee92d6e.php 第 81 行.
INFO: Run Behavior\ParseTemplateBehavior [ RunTime:0.021206s ]
INFO: [ view_parse ] --END-- [ RunTime:0.021334s ]
INFO: [ view_filter ] --START--
INFO: Run Behavior\WriteHtmlCacheBehavior [ RunTime:0.001003s ]
INFO: [ view_filter ] --END-- [ RunTime:0.001129s ]
INFO: [ app_end ] --START--
INFO: Run Behavior\ShowPageTraceBehavior [ RunTime:0.002466s ]
INFO: [ app_end ] --END-- [ RunTime:0.002659s ]

[ 2016-12-19T15:47:03+08:00 ] 127.0.0.1 /github/Wplus/ThinkWplus/index.php/Home/Menu/content
INFO: [ app_init ] --START--
INFO: Run Behavior\BuildLiteBehavior [ RunTime:0.000017s ]
INFO: [ app_init ] --END-- [ RunTime:0.000727s ]
INFO: [ app_begin ] --START--
INFO: Run Behavior\ReadHtmlCacheBehavior [ RunTime:0.000942s ]
INFO: [ app_begin ] --END-- [ RunTime:0.001007s ]
SQL: SHOW COLUMNS FROM `recipe` [ RunTime:0.0340s ]
SQL: SELECT * FROM `recipe` WHERE ( id=1 ) LIMIT 1   [ RunTime:0.0322s ]
INFO: [ view_parse ] --START--
INFO: [ template_filter ] --START--
INFO: Run Behavior\ContentReplaceBehavior [ RunTime:0.000324s ]
INFO: [ template_filter ] --END-- [ RunTime:0.000506s ]
INFO: Run Behavior\ParseTemplateBehavior [ RunTime:0.034101s ]
INFO: [ view_parse ] --END-- [ RunTime:0.034362s ]
INFO: [ view_filter ] --START--
INFO: Run Behavior\WriteHtmlCacheBehavior [ RunTime:0.001419s ]
INFO: [ view_filter ] --END-- [ RunTime:0.001641s ]
INFO: [ app_end ] --START--
INFO: Run Behavior\ShowPageTraceBehavior [ RunTime:0.003049s ]
INFO: [ app_end ] --END-- [ RunTime:0.003276s ]

[ 2016-12-19T15:48:52+08:00 ] 127.0.0.1 /github/Wplus/ThinkWplus/index.php/Home/Menu/content
INFO: [ app_init ] --START--
INFO: Run Behavior\BuildLiteBehavior [ RunTime:0.000016s ]
INFO: [ app_init ] --END-- [ RunTime:0.000738s ]
INFO: [ app_begin ] --START--
INFO: Run Behavior\ReadHtmlCacheBehavior [ RunTime:0.000824s ]
INFO: [ app_begin ] --END-- [ RunTime:0.000887s ]
SQL: SHOW COLUMNS FROM `recipe` [ RunTime:0.0289s ]
SQL: SELECT * FROM `recipe` WHERE ( id=1 ) LIMIT 1   [ RunTime:0.0324s ]
INFO: [ view_parse ] --START--
INFO: [ template_filter ] --START--
INFO: Run Behavior\ContentReplaceBehavior [ RunTime:0.000317s ]
INFO: [ template_filter ] --END-- [ RunTime:0.000538s ]

[ 2016-12-19T15:49:05+08:00 ] 127.0.0.1 /github/Wplus/ThinkWplus/index.php/Home/Menu/content
INFO: [ app_init ] --START--
INFO: Run Behavior\BuildLiteBehavior [ RunTime:0.000016s ]
INFO: [ app_init ] --END-- [ RunTime:0.000647s ]
INFO: [ app_begin ] --START--
INFO: Run Behavior\ReadHtmlCacheBehavior [ RunTime:0.000838s ]
INFO: [ app_begin ] --END-- [ RunTime:0.000901s ]
SQL: SHOW COLUMNS FROM `recipe` [ RunTime:0.0384s ]
SQL: SELECT * FROM `recipe` WHERE ( id=1 ) LIMIT 1   [ RunTime:0.0388s ]
INFO: [ view_parse ] --START--
INFO: [ template_filter ] --START--
INFO: Run Behavior\ContentReplaceBehavior [ RunTime:0.000335s ]
INFO: [ template_filter ] --END-- [ RunTime:0.000529s ]
NOTIC: [8] Undefined offset: 3 G:\wwwroot\github\Wplus\ThinkWplus\Application\Runtime\Cache\Home\3b92e5aee561cba8eaafd2831ee92d6e.php 第 81 行.
NOTIC: [8] Undefined offset: 4 G:\wwwroot\github\Wplus\ThinkWplus\Application\Runtime\Cache\Home\3b92e5aee561cba8eaafd2831ee92d6e.php 第 81 行.
NOTIC: [8] Undefined offset: 5 G:\wwwroot\github\Wplus\ThinkWplus\Application\Runtime\Cache\Home\3b92e5aee561cba8eaafd2831ee92d6e.php 第 81 行.
INFO: Run Behavior\ParseTemplateBehavior [ RunTime:0.034320s ]
INFO: [ view_parse ] --END-- [ RunTime:0.034603s ]
INFO: [ view_filter ] --START--
INFO: Run Behavior\WriteHtmlCacheBehavior [ RunTime:0.001534s ]
INFO: [ view_filter ] --END-- [ RunTime:0.001744s ]
INFO: [ app_end ] --START--
INFO: Run Behavior\ShowPageTraceBehavior [ RunTime:0.003177s ]
INFO: [ app_end ] --END-- [ RunTime:0.003475s ]

[ 2016-12-19T15:49:22+08:00 ] 127.0.0.1 /github/Wplus/ThinkWplus/index.php/Home/Menu/steps
INFO: [ app_init ] --START--
INFO: Run Behavior\BuildLiteBehavior [ RunTime:0.000016s ]
INFO: [ app_init ] --END-- [ RunTime:0.000649s ]
INFO: [ app_begin ] --START--
INFO: Run Behavior\ReadHtmlCacheBehavior [ RunTime:0.000786s ]
INFO: [ app_begin ] --END-- [ RunTime:0.000849s ]
INFO: [ view_parse ] --START--
INFO: [ template_filter ] --START--
INFO: Run Behavior\ContentReplaceBehavior [ RunTime:0.000112s ]
INFO: [ template_filter ] --END-- [ RunTime:0.000187s ]
INFO: Run Behavior\ParseTemplateBehavior [ RunTime:0.009984s ]
INFO: [ view_parse ] --END-- [ RunTime:0.010059s ]
INFO: [ view_filter ] --START--
INFO: Run Behavior\WriteHtmlCacheBehavior [ RunTime:0.000542s ]
INFO: [ view_filter ] --END-- [ RunTime:0.000594s ]
INFO: [ app_end ] --START--
INFO: Run Behavior\ShowPageTraceBehavior [ RunTime:0.001159s ]
INFO: [ app_end ] --END-- [ RunTime:0.001255s ]

[ 2016-12-19T15:49:28+08:00 ] 127.0.0.1 /github/Wplus/ThinkWplus/index.php/Home/Menu/content
INFO: [ app_init ] --START--
INFO: Run Behavior\BuildLiteBehavior [ RunTime:0.000017s ]
INFO: [ app_init ] --END-- [ RunTime:0.000552s ]
INFO: [ app_begin ] --START--
INFO: Run Behavior\ReadHtmlCacheBehavior [ RunTime:0.000693s ]
INFO: [ app_begin ] --END-- [ RunTime:0.000768s ]
SQL: SHOW COLUMNS FROM `recipe` [ RunTime:0.0337s ]
SQL: SELECT * FROM `recipe` WHERE ( id=1 ) LIMIT 1   [ RunTime:0.0319s ]
INFO: [ view_parse ] --START--
INFO: [ template_filter ] --START--
INFO: Run Behavior\ContentReplaceBehavior [ RunTime:0.000325s ]
INFO: [ template_filter ] --END-- [ RunTime:0.000514s ]
NOTIC: [8] Undefined offset: 3 G:\wwwroot\github\Wplus\ThinkWplus\Application\Runtime\Cache\Home\3b92e5aee561cba8eaafd2831ee92d6e.php 第 81 行.
NOTIC: [8] Undefined offset: 4 G:\wwwroot\github\Wplus\ThinkWplus\Application\Runtime\Cache\Home\3b92e5aee561cba8eaafd2831ee92d6e.php 第 81 行.
NOTIC: [8] Undefined offset: 5 G:\wwwroot\github\Wplus\ThinkWplus\Application\Runtime\Cache\Home\3b92e5aee561cba8eaafd2831ee92d6e.php 第 81 行.
INFO: Run Behavior\ParseTemplateBehavior [ RunTime:0.035899s ]
INFO: [ view_parse ] --END-- [ RunTime:0.036134s ]
INFO: [ view_filter ] --START--
INFO: Run Behavior\WriteHtmlCacheBehavior [ RunTime:0.000738s ]
INFO: [ view_filter ] --END-- [ RunTime:0.000824s ]
INFO: [ app_end ] --START--
INFO: Run Behavior\ShowPageTraceBehavior [ RunTime:0.001034s ]
INFO: [ app_end ] --END-- [ RunTime:0.001145s ]

[ 2016-12-19T15:49:59+08:00 ] 127.0.0.1 /github/Wplus/ThinkWplus/index.php/Home/Menu/content
INFO: [ app_init ] --START--
INFO: Run Behavior\BuildLiteBehavior [ RunTime:0.000015s ]
INFO: [ app_init ] --END-- [ RunTime:0.000600s ]
INFO: [ app_begin ] --START--
INFO: Run Behavior\ReadHtmlCacheBehavior [ RunTime:0.000782s ]
INFO: [ app_begin ] --END-- [ RunTime:0.000859s ]
SQL: SHOW COLUMNS FROM `recipe` [ RunTime:0.0409s ]
SQL: SELECT * FROM `recipe` WHERE ( id=1 ) LIMIT 1   [ RunTime:0.0364s ]
INFO: [ view_parse ] --START--
INFO: [ template_filter ] --START--
INFO: Run Behavior\ContentReplaceBehavior [ RunTime:0.000449s ]
INFO: [ template_filter ] --END-- [ RunTime:0.000662s ]
NOTIC: [8] Undefined offset: 3 G:\wwwroot\github\Wplus\ThinkWplus\Application\Runtime\Cache\Home\3b92e5aee561cba8eaafd2831ee92d6e.php 第 81 行.
INFO: Run Behavior\ParseTemplateBehavior [ RunTime:0.032467s ]
INFO: [ view_parse ] --END-- [ RunTime:0.032655s ]
INFO: [ view_filter ] --START--
INFO: Run Behavior\WriteHtmlCacheBehavior [ RunTime:0.001541s ]
INFO: [ view_filter ] --END-- [ RunTime:0.001733s ]
INFO: [ app_end ] --START--
INFO: Run Behavior\ShowPageTraceBehavior [ RunTime:0.004057s ]
INFO: [ app_end ] --END-- [ RunTime:0.004359s ]

[ 2016-12-19T15:55:18+08:00 ] 127.0.0.1 /github/Wplus/ThinkWplus/index.php/Home/Menu/content
INFO: [ app_init ] --START--
INFO: Run Behavior\BuildLiteBehavior [ RunTime:0.000015s ]
INFO: [ app_init ] --END-- [ RunTime:0.000740s ]
INFO: [ app_begin ] --START--
INFO: Run Behavior\ReadHtmlCacheBehavior [ RunTime:0.000989s ]
INFO: [ app_begin ] --END-- [ RunTime:0.001102s ]
SQL: SHOW COLUMNS FROM `recipe` [ RunTime:0.2424s ]
SQL: SELECT * FROM `recipe` WHERE ( id=1 ) LIMIT 1   [ RunTime:0.0298s ]
INFO: [ view_parse ] --START--
INFO: [ template_filter ] --START--
INFO: Run Behavior\ContentReplaceBehavior [ RunTime:0.000105s ]
INFO: [ template_filter ] --END-- [ RunTime:0.000168s ]
NOTIC: [8] Undefined offset: 3 G:\wwwroot\github\Wplus\ThinkWplus\Application\Runtime\Cache\Home\3b92e5aee561cba8eaafd2831ee92d6e.php 第 81 行.
INFO: Run Behavior\ParseTemplateBehavior [ RunTime:0.011324s ]
INFO: [ view_parse ] --END-- [ RunTime:0.011504s ]
INFO: [ view_filter ] --START--
INFO: Run Behavior\WriteHtmlCacheBehavior [ RunTime:0.000637s ]
INFO: [ view_filter ] --END-- [ RunTime:0.000696s ]
INFO: [ app_end ] --START--
INFO: Run Behavior\ShowPageTraceBehavior [ RunTime:0.001097s ]
INFO: [ app_end ] --END-- [ RunTime:0.001191s ]

[ 2016-12-19T15:56:29+08:00 ] 127.0.0.1 /github/Wplus/ThinkWplus/index.php/Home/Menu/content
INFO: [ app_init ] --START--
INFO: Run Behavior\BuildLiteBehavior [ RunTime:0.000025s ]
INFO: [ app_init ] --END-- [ RunTime:0.001115s ]
INFO: [ app_begin ] --START--
INFO: Run Behavior\ReadHtmlCacheBehavior [ RunTime:0.001272s ]
INFO: [ app_begin ] --END-- [ RunTime:0.001379s ]
SQL: SHOW COLUMNS FROM `recipe` [ RunTime:0.0382s ]
SQL: SELECT * FROM `recipe` WHERE ( id=1 ) LIMIT 1   [ RunTime:0.0734s ]
INFO: [ view_parse ] --START--
INFO: [ template_filter ] --START--
INFO: Run Behavior\ContentReplaceBehavior [ RunTime:0.000107s ]
INFO: [ template_filter ] --END-- [ RunTime:0.000175s ]
NOTIC: [8] Undefined offset: 4 G:\wwwroot\github\Wplus\ThinkWplus\Application\Runtime\Cache\Home\3b92e5aee561cba8eaafd2831ee92d6e.php 第 81 行.
NOTIC: [8] Undefined offset: 3 G:\wwwroot\github\Wplus\ThinkWplus\Application\Runtime\Cache\Home\3b92e5aee561cba8eaafd2831ee92d6e.php 第 81 行.
INFO: Run Behavior\ParseTemplateBehavior [ RunTime:0.029650s ]
INFO: [ view_parse ] --END-- [ RunTime:0.029821s ]
INFO: [ view_filter ] --START--
INFO: Run Behavior\WriteHtmlCacheBehavior [ RunTime:0.000502s ]
INFO: [ view_filter ] --END-- [ RunTime:0.000555s ]
INFO: [ app_end ] --START--
INFO: Run Behavior\ShowPageTraceBehavior [ RunTime:0.001025s ]
INFO: [ app_end ] --END-- [ RunTime:0.001117s ]

[ 2016-12-19T15:56:35+08:00 ] 127.0.0.1 /github/Wplus/ThinkWplus/index.php/Home/Menu/content
INFO: [ app_init ] --START--
INFO: Run Behavior\BuildLiteBehavior [ RunTime:0.000015s ]
INFO: [ app_init ] --END-- [ RunTime:0.000622s ]
INFO: [ app_begin ] --START--
INFO: Run Behavior\ReadHtmlCacheBehavior [ RunTime:0.000757s ]
INFO: [ app_begin ] --END-- [ RunTime:0.000819s ]
SQL: SHOW COLUMNS FROM `recipe` [ RunTime:0.0319s ]
SQL: SELECT * FROM `recipe` WHERE ( id=1 ) LIMIT 1   [ RunTime:0.0345s ]
INFO: [ view_parse ] --START--
INFO: [ template_filter ] --START--
INFO: Run Behavior\ContentReplaceBehavior [ RunTime:0.000330s ]
INFO: [ template_filter ] --END-- [ RunTime:0.000526s ]
NOTIC: [8] Undefined offset: 4 G:\wwwroot\github\Wplus\ThinkWplus\Application\Runtime\Cache\Home\3b92e5aee561cba8eaafd2831ee92d6e.php 第 81 行.
NOTIC: [8] Undefined offset: 3 G:\wwwroot\github\Wplus\ThinkWplus\Application\Runtime\Cache\Home\3b92e5aee561cba8eaafd2831ee92d6e.php 第 81 行.
INFO: Run Behavior\ParseTemplateBehavior [ RunTime:0.035101s ]
INFO: [ view_parse ] --END-- [ RunTime:0.035423s ]
INFO: [ view_filter ] --START--
INFO: Run Behavior\WriteHtmlCacheBehavior [ RunTime:0.001194s ]
INFO: [ view_filter ] --END-- [ RunTime:0.001366s ]
INFO: [ app_end ] --START--
INFO: Run Behavior\ShowPageTraceBehavior [ RunTime:0.001624s ]
INFO: [ app_end ] --END-- [ RunTime:0.001851s ]

[ 2016-12-19T15:57:03+08:00 ] 127.0.0.1 /github/Wplus/ThinkWplus/index.php/Home/Menu/content
INFO: [ app_init ] --START--
INFO: Run Behavior\BuildLiteBehavior [ RunTime:0.000015s ]
INFO: [ app_init ] --END-- [ RunTime:0.000595s ]
INFO: [ app_begin ] --START--
INFO: Run Behavior\ReadHtmlCacheBehavior [ RunTime:0.000803s ]
INFO: [ app_begin ] --END-- [ RunTime:0.000891s ]
SQL: SHOW COLUMNS FROM `recipe` [ RunTime:0.0400s ]
SQL: SELECT * FROM `recipe` WHERE ( id=1 ) LIMIT 1   [ RunTime:0.2589s ]
INFO: [ view_parse ] --START--
INFO: [ template_filter ] --START--
INFO: Run Behavior\ContentReplaceBehavior [ RunTime:0.000219s ]
INFO: [ template_filter ] --END-- [ RunTime:0.000346s ]
NOTIC: [8] Undefined offset: 4 G:\wwwroot\github\Wplus\ThinkWplus\Application\Runtime\Cache\Home\3b92e5aee561cba8eaafd2831ee92d6e.php 第 81 行.
NOTIC: [8] Undefined offset: 3 G:\wwwroot\github\Wplus\ThinkWplus\Application\Runtime\Cache\Home\3b92e5aee561cba8eaafd2831ee92d6e.php 第 81 行.
INFO: Run Behavior\ParseTemplateBehavior [ RunTime:0.028478s ]
INFO: [ view_parse ] --END-- [ RunTime:0.028641s ]
INFO: [ view_filter ] --START--
INFO: Run Behavior\WriteHtmlCacheBehavior [ RunTime:0.000985s ]
INFO: [ view_filter ] --END-- [ RunTime:0.001100s ]
INFO: [ app_end ] --START--
INFO: Run Behavior\ShowPageTraceBehavior [ RunTime:0.002299s ]
INFO: [ app_end ] --END-- [ RunTime:0.002506s ]

[ 2016-12-19T15:57:09+08:00 ] 127.0.0.1 /github/Wplus/ThinkWplus/index.php/Home/Menu/lists
INFO: [ app_init ] --START--
INFO: Run Behavior\BuildLiteBehavior [ RunTime:0.000016s ]
INFO: [ app_init ] --END-- [ RunTime:0.001200s ]
INFO: [ app_begin ] --START--
INFO: Run Behavior\ReadHtmlCacheBehavior [ RunTime:0.000627s ]
INFO: [ app_begin ] --END-- [ RunTime:0.000686s ]
INFO: [ view_parse ] --START--
INFO: [ template_filter ] --START--
INFO: Run Behavior\ContentReplaceBehavior [ RunTime:0.000089s ]
INFO: [ template_filter ] --END-- [ RunTime:0.000157s ]
INFO: Run Behavior\ParseTemplateBehavior [ RunTime:0.055365s ]
INFO: [ view_parse ] --END-- [ RunTime:0.055440s ]
INFO: [ view_filter ] --START--
INFO: Run Behavior\WriteHtmlCacheBehavior [ RunTime:0.000432s ]
INFO: [ view_filter ] --END-- [ RunTime:0.000487s ]
INFO: [ app_end ] --START--
INFO: Run Behavior\ShowPageTraceBehavior [ RunTime:0.001088s ]
INFO: [ app_end ] --END-- [ RunTime:0.001191s ]

[ 2016-12-19T15:57:14+08:00 ] 127.0.0.1 /github/Wplus/ThinkWplus/index.php/Home/Menu/content
INFO: [ app_init ] --START--
INFO: Run Behavior\BuildLiteBehavior [ RunTime:0.000018s ]
INFO: [ app_init ] --END-- [ RunTime:0.000549s ]
INFO: [ app_begin ] --START--
INFO: Run Behavior\ReadHtmlCacheBehavior [ RunTime:0.000712s ]
INFO: [ app_begin ] --END-- [ RunTime:0.000772s ]
SQL: SHOW COLUMNS FROM `recipe` [ RunTime:0.0368s ]
SQL: SELECT * FROM `recipe` WHERE ( id=1 ) LIMIT 1   [ RunTime:0.0359s ]
INFO: [ view_parse ] --START--
INFO: [ template_filter ] --START--
INFO: Run Behavior\ContentReplaceBehavior [ RunTime:0.000522s ]
INFO: [ template_filter ] --END-- [ RunTime:0.000844s ]
NOTIC: [8] Undefined offset: 4 G:\wwwroot\github\Wplus\ThinkWplus\Application\Runtime\Cache\Home\3b92e5aee561cba8eaafd2831ee92d6e.php 第 81 行.
NOTIC: [8] Undefined offset: 3 G:\wwwroot\github\Wplus\ThinkWplus\Application\Runtime\Cache\Home\3b92e5aee561cba8eaafd2831ee92d6e.php 第 81 行.
INFO: Run Behavior\ParseTemplateBehavior [ RunTime:0.036076s ]
INFO: [ view_parse ] --END-- [ RunTime:0.036307s ]
INFO: [ view_filter ] --START--
INFO: Run Behavior\WriteHtmlCacheBehavior [ RunTime:0.001126s ]
INFO: [ view_filter ] --END-- [ RunTime:0.001257s ]
INFO: [ app_end ] --START--
INFO: Run Behavior\ShowPageTraceBehavior [ RunTime:0.001120s ]
INFO: [ app_end ] --END-- [ RunTime:0.001234s ]

[ 2016-12-19T15:57:54+08:00 ] 127.0.0.1 /github/Wplus/ThinkWplus/index.php/Home/Menu/content
INFO: [ app_init ] --START--
INFO: Run Behavior\BuildLiteBehavior [ RunTime:0.000018s ]
INFO: [ app_init ] --END-- [ RunTime:0.000780s ]
INFO: [ app_begin ] --START--
INFO: Run Behavior\ReadHtmlCacheBehavior [ RunTime:0.000940s ]
INFO: [ app_begin ] --END-- [ RunTime:0.001041s ]
SQL: SHOW COLUMNS FROM `recipe` [ RunTime:0.0330s ]
SQL: SELECT * FROM `recipe` WHERE ( id=1 ) LIMIT 1   [ RunTime:0.0319s ]
INFO: [ view_parse ] --START--
INFO: [ template_filter ] --START--
INFO: Run Behavior\ContentReplaceBehavior [ RunTime:0.000336s ]
INFO: [ template_filter ] --END-- [ RunTime:0.000523s ]
NOTIC: [8] Undefined offset: 2 G:\wwwroot\github\Wplus\ThinkWplus\Application\Runtime\Cache\Home\3b92e5aee561cba8eaafd2831ee92d6e.php 第 81 行.
NOTIC: [8] Undefined offset: 3 G:\wwwroot\github\Wplus\ThinkWplus\Application\Runtime\Cache\Home\3b92e5aee561cba8eaafd2831ee92d6e.php 第 81 行.
NOTIC: [8] Undefined offset: 4 G:\wwwroot\github\Wplus\ThinkWplus\Application\Runtime\Cache\Home\3b92e5aee561cba8eaafd2831ee92d6e.php 第 81 行.
NOTIC: [8] Undefined offset: 3 G:\wwwroot\github\Wplus\ThinkWplus\Application\Runtime\Cache\Home\3b92e5aee561cba8eaafd2831ee92d6e.php 第 81 行.
NOTIC: [8] Undefined offset: 5 G:\wwwroot\github\Wplus\ThinkWplus\Application\Runtime\Cache\Home\3b92e5aee561cba8eaafd2831ee92d6e.php 第 81 行.
INFO: Run Behavior\ParseTemplateBehavior [ RunTime:0.038892s ]
INFO: [ view_parse ] --END-- [ RunTime:0.039079s ]
INFO: [ view_filter ] --START--
INFO: Run Behavior\WriteHtmlCacheBehavior [ RunTime:0.001441s ]
INFO: [ view_filter ] --END-- [ RunTime:0.001609s ]
INFO: [ app_end ] --START--
INFO: Run Behavior\ShowPageTraceBehavior [ RunTime:0.004321s ]
INFO: [ app_end ] --END-- [ RunTime:0.004552s ]

[ 2016-12-19T15:59:16+08:00 ] 127.0.0.1 /github/Wplus/ThinkWplus/index.php/Home/Menu/content
INFO: [ app_init ] --START--
INFO: Run Behavior\BuildLiteBehavior [ RunTime:0.000018s ]
INFO: [ app_init ] --END-- [ RunTime:0.000622s ]
INFO: [ app_begin ] --START--
INFO: Run Behavior\ReadHtmlCacheBehavior [ RunTime:0.001131s ]
INFO: [ app_begin ] --END-- [ RunTime:0.001208s ]
SQL: SHOW COLUMNS FROM `recipe` [ RunTime:0.0382s ]
SQL: SELECT * FROM `recipe` WHERE ( id=1 ) LIMIT 1   [ RunTime:0.0361s ]
INFO: [ view_parse ] --START--
INFO: [ template_filter ] --START--
INFO: Run Behavior\ContentReplaceBehavior [ RunTime:0.000385s ]
INFO: [ template_filter ] --END-- [ RunTime:0.000613s ]
NOTIC: [8] Undefined offset: 2 G:\wwwroot\github\Wplus\ThinkWplus\Application\Runtime\Cache\Home\3b92e5aee561cba8eaafd2831ee92d6e.php 第 81 行.
NOTIC: [8] Undefined offset: 3 G:\wwwroot\github\Wplus\ThinkWplus\Application\Runtime\Cache\Home\3b92e5aee561cba8eaafd2831ee92d6e.php 第 81 行.
NOTIC: [8] Undefined offset: 4 G:\wwwroot\github\Wplus\ThinkWplus\Application\Runtime\Cache\Home\3b92e5aee561cba8eaafd2831ee92d6e.php 第 81 行.
NOTIC: [8] Undefined offset: 3 G:\wwwroot\github\Wplus\ThinkWplus\Application\Runtime\Cache\Home\3b92e5aee561cba8eaafd2831ee92d6e.php 第 81 行.
NOTIC: [8] Undefined offset: 5 G:\wwwroot\github\Wplus\ThinkWplus\Application\Runtime\Cache\Home\3b92e5aee561cba8eaafd2831ee92d6e.php 第 81 行.
INFO: Run Behavior\ParseTemplateBehavior [ RunTime:0.031924s ]
INFO: [ view_parse ] --END-- [ RunTime:0.032063s ]
INFO: [ view_filter ] --START--
INFO: Run Behavior\WriteHtmlCacheBehavior [ RunTime:0.000828s ]
INFO: [ view_filter ] --END-- [ RunTime:0.000918s ]
INFO: [ app_end ] --START--
INFO: Run Behavior\ShowPageTraceBehavior [ RunTime:0.002029s ]
INFO: [ app_end ] --END-- [ RunTime:0.002174s ]

[ 2016-12-19T16:03:56+08:00 ] 127.0.0.1 /github/Wplus/ThinkWplus/index.php/Home/Menu/content
INFO: [ app_init ] --START--
INFO: Run Behavior\BuildLiteBehavior [ RunTime:0.000029s ]
INFO: [ app_init ] --END-- [ RunTime:0.000767s ]
INFO: [ app_begin ] --START--
INFO: Run Behavior\ReadHtmlCacheBehavior [ RunTime:0.000854s ]
INFO: [ app_begin ] --END-- [ RunTime:0.000932s ]
SQL: SHOW COLUMNS FROM `recipe` [ RunTime:0.0360s ]
SQL: SELECT * FROM `recipe` WHERE ( id=1 ) LIMIT 1   [ RunTime:0.0361s ]
INFO: [ view_parse ] --START--
INFO: [ template_filter ] --START--
INFO: Run Behavior\ContentReplaceBehavior [ RunTime:0.000253s ]
INFO: [ template_filter ] --END-- [ RunTime:0.000420s ]
NOTIC: [8] Undefined offset: 2 G:\wwwroot\github\Wplus\ThinkWplus\Application\Runtime\Cache\Home\3b92e5aee561cba8eaafd2831ee92d6e.php 第 81 行.
NOTIC: [8] Undefined offset: 3 G:\wwwroot\github\Wplus\ThinkWplus\Application\Runtime\Cache\Home\3b92e5aee561cba8eaafd2831ee92d6e.php 第 81 行.
NOTIC: [8] Undefined offset: 4 G:\wwwroot\github\Wplus\ThinkWplus\Application\Runtime\Cache\Home\3b92e5aee561cba8eaafd2831ee92d6e.php 第 81 行.
NOTIC: [8] Undefined offset: 3 G:\wwwroot\github\Wplus\ThinkWplus\Application\Runtime\Cache\Home\3b92e5aee561cba8eaafd2831ee92d6e.php 第 81 行.
NOTIC: [8] Undefined offset: 5 G:\wwwroot\github\Wplus\ThinkWplus\Application\Runtime\Cache\Home\3b92e5aee561cba8eaafd2831ee92d6e.php 第 81 行.
INFO: Run Behavior\ParseTemplateBehavior [ RunTime:0.023893s ]
INFO: [ view_parse ] --END-- [ RunTime:0.024041s ]
INFO: [ view_filter ] --START--
INFO: Run Behavior\WriteHtmlCacheBehavior [ RunTime:0.000725s ]
INFO: [ view_filter ] --END-- [ RunTime:0.000795s ]
INFO: [ app_end ] --START--
INFO: Run Behavior\ShowPageTraceBehavior [ RunTime:0.001408s ]
INFO: [ app_end ] --END-- [ RunTime:0.001538s ]

[ 2016-12-19T16:07:12+08:00 ] 127.0.0.1 /github/Wplus/ThinkWplus/index.php/Home/Menu/content
INFO: [ app_init ] --START--
INFO: Run Behavior\BuildLiteBehavior [ RunTime:0.000018s ]
INFO: [ app_init ] --END-- [ RunTime:0.000831s ]
INFO: [ app_begin ] --START--
INFO: Run Behavior\ReadHtmlCacheBehavior [ RunTime:0.000886s ]
INFO: [ app_begin ] --END-- [ RunTime:0.000971s ]
SQL: SHOW COLUMNS FROM `recipe` [ RunTime:0.0284s ]
SQL: SELECT * FROM `recipe` WHERE ( id=1 ) LIMIT 1   [ RunTime:0.0259s ]
INFO: [ view_parse ] --START--
INFO: [ template_filter ] --START--
INFO: Run Behavior\ContentReplaceBehavior [ RunTime:0.000217s ]
INFO: [ template_filter ] --END-- [ RunTime:0.000342s ]
NOTIC: [8] Undefined offset: 2 G:\wwwroot\github\Wplus\ThinkWplus\Application\Runtime\Cache\Home\3b92e5aee561cba8eaafd2831ee92d6e.php 第 81 行.
NOTIC: [8] Undefined offset: 3 G:\wwwroot\github\Wplus\ThinkWplus\Application\Runtime\Cache\Home\3b92e5aee561cba8eaafd2831ee92d6e.php 第 81 行.
NOTIC: [8] Undefined offset: 4 G:\wwwroot\github\Wplus\ThinkWplus\Application\Runtime\Cache\Home\3b92e5aee561cba8eaafd2831ee92d6e.php 第 81 行.
NOTIC: [8] Undefined offset: 3 G:\wwwroot\github\Wplus\ThinkWplus\Application\Runtime\Cache\Home\3b92e5aee561cba8eaafd2831ee92d6e.php 第 81 行.
NOTIC: [8] Undefined offset: 5 G:\wwwroot\github\Wplus\ThinkWplus\Application\Runtime\Cache\Home\3b92e5aee561cba8eaafd2831ee92d6e.php 第 81 行.
INFO: Run Behavior\ParseTemplateBehavior [ RunTime:0.022713s ]
INFO: [ view_parse ] --END-- [ RunTime:0.022848s ]
INFO: [ view_filter ] --START--
INFO: Run Behavior\WriteHtmlCacheBehavior [ RunTime:0.001039s ]
INFO: [ view_filter ] --END-- [ RunTime:0.001157s ]
INFO: [ app_end ] --START--
INFO: Run Behavior\ShowPageTraceBehavior [ RunTime:0.001574s ]
INFO: [ app_end ] --END-- [ RunTime:0.001686s ]

[ 2016-12-19T16:24:18+08:00 ] 127.0.0.1 /github/Wplus/ThinkWplus/index.php/Home/Menu/steps
INFO: [ app_init ] --START--
INFO: Run Behavior\BuildLiteBehavior [ RunTime:0.000183s ]
INFO: [ app_init ] --END-- [ RunTime:0.057607s ]
INFO: [ app_begin ] --START--
INFO: Run Behavior\ReadHtmlCacheBehavior [ RunTime:0.009976s ]
INFO: [ app_begin ] --END-- [ RunTime:0.010217s ]
SQL: SHOW COLUMNS FROM `recipe` [ RunTime:0.0833s ]
SQL: SELECT * FROM `recipe` WHERE ( id=1 ) LIMIT 1   [ RunTime:0.0357s ]
INFO: [ view_parse ] --START--
INFO: [ template_filter ] --START--
INFO: Run Behavior\ContentReplaceBehavior [ RunTime:0.000422s ]
INFO: [ template_filter ] --END-- [ RunTime:0.000575s ]
INFO: Run Behavior\ParseTemplateBehavior [ RunTime:0.079654s ]
INFO: [ view_parse ] --END-- [ RunTime:0.079808s ]
INFO: [ view_filter ] --START--
INFO: Run Behavior\WriteHtmlCacheBehavior [ RunTime:0.000517s ]
INFO: [ view_filter ] --END-- [ RunTime:0.000574s ]
INFO: [ app_end ] --START--
INFO: Run Behavior\ShowPageTraceBehavior [ RunTime:0.001287s ]
INFO: [ app_end ] --END-- [ RunTime:0.001401s ]

[ 2016-12-19T16:24:49+08:00 ] 127.0.0.1 /github/Wplus/ThinkWplus/index.php/Home/Menu/steps
INFO: [ app_init ] --START--
INFO: Run Behavior\BuildLiteBehavior [ RunTime:0.000045s ]
INFO: [ app_init ] --END-- [ RunTime:0.002083s ]
INFO: [ app_begin ] --START--
INFO: Run Behavior\ReadHtmlCacheBehavior [ RunTime:0.003343s ]
INFO: [ app_begin ] --END-- [ RunTime:0.003620s ]
SQL: SHOW COLUMNS FROM `recipe` [ RunTime:0.0451s ]
SQL: SELECT * FROM `recipe` WHERE ( id=1 ) LIMIT 1   [ RunTime:0.0319s ]
INFO: [ view_parse ] --START--
INFO: [ template_filter ] --START--
INFO: Run Behavior\ContentReplaceBehavior [ RunTime:0.000408s ]
INFO: [ template_filter ] --END-- [ RunTime:0.000629s ]
INFO: Run Behavior\ParseTemplateBehavior [ RunTime:0.070499s ]
INFO: [ view_parse ] --END-- [ RunTime:0.070735s ]
INFO: [ view_filter ] --START--
INFO: Run Behavior\WriteHtmlCacheBehavior [ RunTime:0.001537s ]
INFO: [ view_filter ] --END-- [ RunTime:0.001707s ]
INFO: [ app_end ] --START--
INFO: Run Behavior\ShowPageTraceBehavior [ RunTime:0.003416s ]
INFO: [ app_end ] --END-- [ RunTime:0.003652s ]

[ 2016-12-19T16:25:11+08:00 ] 127.0.0.1 /github/Wplus/ThinkWplus/index.php/Home/Menu/steps
INFO: [ app_init ] --START--
INFO: Run Behavior\BuildLiteBehavior [ RunTime:0.000019s ]
INFO: [ app_init ] --END-- [ RunTime:0.000643s ]
INFO: [ app_begin ] --START--
INFO: Run Behavior\ReadHtmlCacheBehavior [ RunTime:0.001240s ]
INFO: [ app_begin ] --END-- [ RunTime:0.001343s ]
SQL: SHOW COLUMNS FROM `recipe` [ RunTime:0.0282s ]
SQL: SELECT * FROM `recipe` WHERE ( id=1 ) LIMIT 1   [ RunTime:0.0294s ]
INFO: [ view_parse ] --START--
INFO: [ template_filter ] --START--
INFO: Run Behavior\ContentReplaceBehavior [ RunTime:0.000262s ]
INFO: [ template_filter ] --END-- [ RunTime:0.000416s ]
INFO: Run Behavior\ParseTemplateBehavior [ RunTime:0.049475s ]
INFO: [ view_parse ] --END-- [ RunTime:0.049654s ]
INFO: [ view_filter ] --START--
INFO: Run Behavior\WriteHtmlCacheBehavior [ RunTime:0.000950s ]
INFO: [ view_filter ] --END-- [ RunTime:0.001055s ]
INFO: [ app_end ] --START--
INFO: Run Behavior\ShowPageTraceBehavior [ RunTime:0.001692s ]
INFO: [ app_end ] --END-- [ RunTime:0.001826s ]

[ 2016-12-19T16:27:51+08:00 ] 127.0.0.1 /github/Wplus/ThinkWplus/index.php/Home/Menu/steps
INFO: [ app_init ] --START--
INFO: Run Behavior\BuildLiteBehavior [ RunTime:0.000020s ]
INFO: [ app_init ] --END-- [ RunTime:0.000701s ]
INFO: [ app_begin ] --START--
INFO: Run Behavior\ReadHtmlCacheBehavior [ RunTime:0.000811s ]
INFO: [ app_begin ] --END-- [ RunTime:0.000882s ]
SQL: SHOW COLUMNS FROM `recipe` [ RunTime:0.0352s ]
SQL: SELECT * FROM `recipe` WHERE ( id=1 ) LIMIT 1   [ RunTime:0.0349s ]
INFO: [ view_parse ] --START--
INFO: [ template_filter ] --START--
INFO: Run Behavior\ContentReplaceBehavior [ RunTime:0.000131s ]
INFO: [ template_filter ] --END-- [ RunTime:0.000243s ]
INFO: Run Behavior\ParseTemplateBehavior [ RunTime:0.012452s ]
INFO: [ view_parse ] --END-- [ RunTime:0.012582s ]
INFO: [ view_filter ] --START--
INFO: Run Behavior\WriteHtmlCacheBehavior [ RunTime:0.000584s ]
INFO: [ view_filter ] --END-- [ RunTime:0.000638s ]
INFO: [ app_end ] --START--
INFO: Run Behavior\ShowPageTraceBehavior [ RunTime:0.001350s ]
INFO: [ app_end ] --END-- [ RunTime:0.001511s ]

[ 2016-12-19T16:34:32+08:00 ] 127.0.0.1 /github/Wplus/ThinkWplus/index.php/Home/Menu/steps
INFO: [ app_init ] --START--
INFO: Run Behavior\BuildLiteBehavior [ RunTime:0.000016s ]
INFO: [ app_init ] --END-- [ RunTime:0.000857s ]
INFO: [ app_begin ] --START--
INFO: Run Behavior\ReadHtmlCacheBehavior [ RunTime:0.001050s ]
INFO: [ app_begin ] --END-- [ RunTime:0.001149s ]
SQL: SHOW COLUMNS FROM `recipe` [ RunTime:0.0373s ]
SQL: SELECT * FROM `recipe` WHERE ( id=1 ) LIMIT 1   [ RunTime:0.0324s ]
INFO: [ view_parse ] --START--
INFO: [ template_filter ] --START--
INFO: Run Behavior\ContentReplaceBehavior [ RunTime:0.000224s ]
INFO: [ template_filter ] --END-- [ RunTime:0.000375s ]
INFO: Run Behavior\ParseTemplateBehavior [ RunTime:0.100760s ]
INFO: [ view_parse ] --END-- [ RunTime:0.100915s ]
INFO: [ view_filter ] --START--
INFO: Run Behavior\WriteHtmlCacheBehavior [ RunTime:0.000957s ]
INFO: [ view_filter ] --END-- [ RunTime:0.001063s ]
INFO: [ app_end ] --START--
INFO: Run Behavior\ShowPageTraceBehavior [ RunTime:0.002693s ]
INFO: [ app_end ] --END-- [ RunTime:0.002895s ]

[ 2016-12-19T16:43:55+08:00 ] 127.0.0.1 /github/Wplus/ThinkWplus/index.php/Home/Menu/content
INFO: [ app_init ] --START--
INFO: Run Behavior\BuildLiteBehavior [ RunTime:0.000036s ]
INFO: [ app_init ] --END-- [ RunTime:0.001070s ]
INFO: [ app_begin ] --START--
INFO: Run Behavior\ReadHtmlCacheBehavior [ RunTime:0.001486s ]
INFO: [ app_begin ] --END-- [ RunTime:0.001650s ]
SQL: SHOW COLUMNS FROM `recipe` [ RunTime:0.0333s ]
SQL: SELECT * FROM `recipe` WHERE ( id=1 ) LIMIT 1   [ RunTime:0.0300s ]
INFO: [ view_parse ] --START--
INFO: [ template_filter ] --START--
INFO: Run Behavior\ContentReplaceBehavior [ RunTime:0.000534s ]
INFO: [ template_filter ] --END-- [ RunTime:0.000850s ]
NOTIC: [8] Undefined offset: 2 G:\wwwroot\github\Wplus\ThinkWplus\Application\Runtime\Cache\Home\3b92e5aee561cba8eaafd2831ee92d6e.php 第 81 行.
NOTIC: [8] Undefined offset: 3 G:\wwwroot\github\Wplus\ThinkWplus\Application\Runtime\Cache\Home\3b92e5aee561cba8eaafd2831ee92d6e.php 第 81 行.
NOTIC: [8] Undefined offset: 4 G:\wwwroot\github\Wplus\ThinkWplus\Application\Runtime\Cache\Home\3b92e5aee561cba8eaafd2831ee92d6e.php 第 81 行.
NOTIC: [8] Undefined offset: 3 G:\wwwroot\github\Wplus\ThinkWplus\Application\Runtime\Cache\Home\3b92e5aee561cba8eaafd2831ee92d6e.php 第 81 行.
NOTIC: [8] Undefined offset: 5 G:\wwwroot\github\Wplus\ThinkWplus\Application\Runtime\Cache\Home\3b92e5aee561cba8eaafd2831ee92d6e.php 第 81 行.
INFO: Run Behavior\ParseTemplateBehavior [ RunTime:0.105963s ]
INFO: [ view_parse ] --END-- [ RunTime:0.106217s ]
INFO: [ view_filter ] --START--
INFO: Run Behavior\WriteHtmlCacheBehavior [ RunTime:0.001688s ]
INFO: [ view_filter ] --END-- [ RunTime:0.001897s ]
INFO: [ app_end ] --START--
INFO: Run Behavior\ShowPageTraceBehavior [ RunTime:0.003004s ]
INFO: [ app_end ] --END-- [ RunTime:0.003336s ]

[ 2016-12-19T16:44:05+08:00 ] 127.0.0.1 /github/Wplus/ThinkWplus/index.php/Home/Menu/steps
INFO: [ app_init ] --START--
INFO: Run Behavior\BuildLiteBehavior [ RunTime:0.000015s ]
INFO: [ app_init ] --END-- [ RunTime:0.000623s ]
INFO: [ app_begin ] --START--
INFO: Run Behavior\ReadHtmlCacheBehavior [ RunTime:0.000780s ]
INFO: [ app_begin ] --END-- [ RunTime:0.000842s ]
SQL: SHOW COLUMNS FROM `recipe` [ RunTime:0.0328s ]
SQL: SELECT * FROM `recipe` WHERE ( id=1 ) LIMIT 1   [ RunTime:0.0343s ]
INFO: [ view_parse ] --START--
INFO: [ template_filter ] --START--
INFO: Run Behavior\ContentReplaceBehavior [ RunTime:0.000197s ]
INFO: [ template_filter ] --END-- [ RunTime:0.000326s ]
INFO: Run Behavior\ParseTemplateBehavior [ RunTime:0.020050s ]
INFO: [ view_parse ] --END-- [ RunTime:0.020206s ]
INFO: [ view_filter ] --START--
INFO: Run Behavior\WriteHtmlCacheBehavior [ RunTime:0.000914s ]
INFO: [ view_filter ] --END-- [ RunTime:0.001019s ]
INFO: [ app_end ] --START--
INFO: Run Behavior\ShowPageTraceBehavior [ RunTime:0.002770s ]
INFO: [ app_end ] --END-- [ RunTime:0.002957s ]

[ 2016-12-19T16:44:51+08:00 ] 127.0.0.1 /github/Wplus/ThinkWplus/index.php/Home/Menu/menu-content.html
INFO: [ app_init ] --START--
INFO: Run Behavior\BuildLiteBehavior [ RunTime:0.000015s ]
INFO: [ app_init ] --END-- [ RunTime:0.000596s ]
INFO: [ app_begin ] --START--
INFO: Run Behavior\ReadHtmlCacheBehavior [ RunTime:0.001502s ]
INFO: [ app_begin ] --END-- [ RunTime:0.001648s ]
ERR: 非法操作:menu-content

[ 2016-12-19T16:45:39+08:00 ] 127.0.0.1 /github/Wplus/ThinkWplus/index.php/Home/Menu/steps
INFO: [ app_init ] --START--
INFO: Run Behavior\BuildLiteBehavior [ RunTime:0.000016s ]
INFO: [ app_init ] --END-- [ RunTime:0.000561s ]
INFO: [ app_begin ] --START--
INFO: Run Behavior\ReadHtmlCacheBehavior [ RunTime:0.000824s ]
INFO: [ app_begin ] --END-- [ RunTime:0.000917s ]
SQL: SHOW COLUMNS FROM `recipe` [ RunTime:0.0320s ]
SQL: SELECT * FROM `recipe` WHERE ( id=1 ) LIMIT 1   [ RunTime:0.0321s ]
INFO: [ view_parse ] --START--
INFO: [ template_filter ] --START--
INFO: Run Behavior\ContentReplaceBehavior [ RunTime:0.000358s ]
INFO: [ template_filter ] --END-- [ RunTime:0.000566s ]
INFO: Run Behavior\ParseTemplateBehavior [ RunTime:0.032208s ]
INFO: [ view_parse ] --END-- [ RunTime:0.032476s ]
INFO: [ view_filter ] --START--
INFO: Run Behavior\WriteHtmlCacheBehavior [ RunTime:0.001366s ]
INFO: [ view_filter ] --END-- [ RunTime:0.001566s ]
INFO: [ app_end ] --START--
INFO: Run Behavior\ShowPageTraceBehavior [ RunTime:0.002745s ]
INFO: [ app_end ] --END-- [ RunTime:0.003019s ]

[ 2016-12-19T16:48:59+08:00 ] 127.0.0.1 /github/Wplus/ThinkWplus/index.php/Home/Menu/content
INFO: [ app_init ] --START--
INFO: Run Behavior\BuildLiteBehavior [ RunTime:0.000014s ]
INFO: [ app_init ] --END-- [ RunTime:0.000715s ]
INFO: [ app_begin ] --START--
INFO: Run Behavior\ReadHtmlCacheBehavior [ RunTime:0.000829s ]
INFO: [ app_begin ] --END-- [ RunTime:0.000897s ]
SQL: SHOW COLUMNS FROM `recipe` [ RunTime:0.0257s ]
SQL: SELECT * FROM `recipe` WHERE ( id=1 ) LIMIT 1   [ RunTime:0.0269s ]
INFO: [ view_parse ] --START--
INFO: [ template_filter ] --START--
INFO: Run Behavior\ContentReplaceBehavior [ RunTime:0.000158s ]
INFO: [ template_filter ] --END-- [ RunTime:0.000267s ]
NOTIC: [8] Undefined offset: 2 G:\wwwroot\github\Wplus\ThinkWplus\Application\Runtime\Cache\Home\3b92e5aee561cba8eaafd2831ee92d6e.php 第 81 行.
NOTIC: [8] Undefined offset: 3 G:\wwwroot\github\Wplus\ThinkWplus\Application\Runtime\Cache\Home\3b92e5aee561cba8eaafd2831ee92d6e.php 第 81 行.
NOTIC: [8] Undefined offset: 4 G:\wwwroot\github\Wplus\ThinkWplus\Application\Runtime\Cache\Home\3b92e5aee561cba8eaafd2831ee92d6e.php 第 81 行.
NOTIC: [8] Undefined offset: 3 G:\wwwroot\github\Wplus\ThinkWplus\Application\Runtime\Cache\Home\3b92e5aee561cba8eaafd2831ee92d6e.php 第 81 行.
NOTIC: [8] Undefined offset: 5 G:\wwwroot\github\Wplus\ThinkWplus\Application\Runtime\Cache\Home\3b92e5aee561cba8eaafd2831ee92d6e.php 第 81 行.
INFO: Run Behavior\ParseTemplateBehavior [ RunTime:0.054662s ]
INFO: [ view_parse ] --END-- [ RunTime:0.054805s ]
INFO: [ view_filter ] --START--
INFO: Run Behavior\WriteHtmlCacheBehavior [ RunTime:0.000764s ]
INFO: [ view_filter ] --END-- [ RunTime:0.000827s ]
INFO: [ app_end ] --START--
INFO: Run Behavior\ShowPageTraceBehavior [ RunTime:0.001368s ]
INFO: [ app_end ] --END-- [ RunTime:0.001457s ]

[ 2016-12-19T16:55:33+08:00 ] 127.0.0.1 /github/Wplus/ThinkWplus/index.php/Home/Menu/steps
INFO: [ app_init ] --START--
INFO: Run Behavior\BuildLiteBehavior [ RunTime:0.000026s ]
INFO: [ app_init ] --END-- [ RunTime:0.001048s ]
INFO: [ app_begin ] --START--
INFO: Run Behavior\ReadHtmlCacheBehavior [ RunTime:0.001395s ]
INFO: [ app_begin ] --END-- [ RunTime:0.001510s ]
SQL: SHOW COLUMNS FROM `recipe` [ RunTime:0.0380s ]
SQL: SELECT * FROM `recipe` WHERE ( id=1 ) LIMIT 1   [ RunTime:0.0351s ]
INFO: [ view_parse ] --START--
INFO: [ template_filter ] --START--
INFO: Run Behavior\ContentReplaceBehavior [ RunTime:0.000340s ]
INFO: [ template_filter ] --END-- [ RunTime:0.000544s ]
INFO: Run Behavior\ParseTemplateBehavior [ RunTime:0.033794s ]
INFO: [ view_parse ] --END-- [ RunTime:0.034113s ]
INFO: [ view_filter ] --START--
INFO: Run Behavior\WriteHtmlCacheBehavior [ RunTime:0.001526s ]
INFO: [ view_filter ] --END-- [ RunTime:0.001720s ]
INFO: [ app_end ] --START--
INFO: Run Behavior\ShowPageTraceBehavior [ RunTime:0.003006s ]
INFO: [ app_end ] --END-- [ RunTime:0.003303s ]

[ 2016-12-19T17:04:10+08:00 ] 127.0.0.1 /github/Wplus/ThinkWplus/index.php/Home/Menu/steps
INFO: [ app_init ] --START--
INFO: Run Behavior\BuildLiteBehavior [ RunTime:0.000017s ]
INFO: [ app_init ] --END-- [ RunTime:0.000753s ]
INFO: [ app_begin ] --START--
INFO: Run Behavior\ReadHtmlCacheBehavior [ RunTime:0.000801s ]
INFO: [ app_begin ] --END-- [ RunTime:0.000865s ]
SQL: SHOW COLUMNS FROM `recipe` [ RunTime:0.0345s ]
SQL: SELECT * FROM `recipe` WHERE ( id=1 ) LIMIT 1   [ RunTime:0.0345s ]
INFO: [ view_parse ] --START--
INFO: [ template_filter ] --START--
INFO: Run Behavior\ContentReplaceBehavior [ RunTime:0.000366s ]
INFO: [ template_filter ] --END-- [ RunTime:0.000568s ]
NOTIC: [8] Undefined offset: 2 G:\wwwroot\github\Wplus\ThinkWplus\Application\Runtime\Cache\Home\2f2545dfa069154872ac9e82eb68b401.php 第 76 行.
NOTIC: [8] Undefined offset: 3 G:\wwwroot\github\Wplus\ThinkWplus\Application\Runtime\Cache\Home\2f2545dfa069154872ac9e82eb68b401.php 第 76 行.
NOTIC: [8] Undefined offset: 4 G:\wwwroot\github\Wplus\ThinkWplus\Application\Runtime\Cache\Home\2f2545dfa069154872ac9e82eb68b401.php 第 76 行.
NOTIC: [8] Undefined offset: 3 G:\wwwroot\github\Wplus\ThinkWplus\Application\Runtime\Cache\Home\2f2545dfa069154872ac9e82eb68b401.php 第 76 行.
NOTIC: [8] Undefined offset: 5 G:\wwwroot\github\Wplus\ThinkWplus\Application\Runtime\Cache\Home\2f2545dfa069154872ac9e82eb68b401.php 第 76 行.
INFO: Run Behavior\ParseTemplateBehavior [ RunTime:0.041545s ]
INFO: [ view_parse ] --END-- [ RunTime:0.041770s ]
INFO: [ view_filter ] --START--
INFO: Run Behavior\WriteHtmlCacheBehavior [ RunTime:0.001904s ]
INFO: [ view_filter ] --END-- [ RunTime:0.002111s ]
INFO: [ app_end ] --START--
INFO: Run Behavior\ShowPageTraceBehavior [ RunTime:0.003752s ]
INFO: [ app_end ] --END-- [ RunTime:0.004056s ]

[ 2016-12-19T17:10:16+08:00 ] 127.0.0.1 /github/Wplus/ThinkWplus/index.php/Home/Menu/steps
INFO: [ app_init ] --START--
INFO: Run Behavior\BuildLiteBehavior [ RunTime:0.000016s ]
INFO: [ app_init ] --END-- [ RunTime:0.000674s ]
INFO: [ app_begin ] --START--
INFO: Run Behavior\ReadHtmlCacheBehavior [ RunTime:0.000864s ]
INFO: [ app_begin ] --END-- [ RunTime:0.000945s ]
SQL: SHOW COLUMNS FROM `recipe` [ RunTime:0.0295s ]
SQL: SELECT * FROM `recipe` WHERE ( id=1 ) LIMIT 1   [ RunTime:0.0506s ]
INFO: [ view_parse ] --START--
INFO: [ template_filter ] --START--
INFO: Run Behavior\ContentReplaceBehavior [ RunTime:0.000124s ]
INFO: [ template_filter ] --END-- [ RunTime:0.000196s ]
NOTIC: [8] Undefined offset: 2 G:\wwwroot\github\Wplus\ThinkWplus\Application\Runtime\Cache\Home\2f2545dfa069154872ac9e82eb68b401.php 第 76 行.
NOTIC: [8] Undefined offset: 3 G:\wwwroot\github\Wplus\ThinkWplus\Application\Runtime\Cache\Home\2f2545dfa069154872ac9e82eb68b401.php 第 76 行.
NOTIC: [8] Undefined offset: 4 G:\wwwroot\github\Wplus\ThinkWplus\Application\Runtime\Cache\Home\2f2545dfa069154872ac9e82eb68b401.php 第 76 行.
NOTIC: [8] Undefined offset: 3 G:\wwwroot\github\Wplus\ThinkWplus\Application\Runtime\Cache\Home\2f2545dfa069154872ac9e82eb68b401.php 第 76 行.
NOTIC: [8] Undefined offset: 5 G:\wwwroot\github\Wplus\ThinkWplus\Application\Runtime\Cache\Home\2f2545dfa069154872ac9e82eb68b401.php 第 76 行.
INFO: Run Behavior\ParseTemplateBehavior [ RunTime:0.030176s ]
INFO: [ view_parse ] --END-- [ RunTime:0.030326s ]
INFO: [ view_filter ] --START--
INFO: Run Behavior\WriteHtmlCacheBehavior [ RunTime:0.000546s ]
INFO: [ view_filter ] --END-- [ RunTime:0.000609s ]
INFO: [ app_end ] --START--
INFO: Run Behavior\ShowPageTraceBehavior [ RunTime:0.001205s ]
INFO: [ app_end ] --END-- [ RunTime:0.001317s ]

[ 2016-12-19T17:12:58+08:00 ] 127.0.0.1 /github/Wplus/ThinkWplus/index.php/Home/Menu/content
INFO: [ app_init ] --START--
INFO: Run Behavior\BuildLiteBehavior [ RunTime:0.000015s ]
INFO: [ app_init ] --END-- [ RunTime:0.000710s ]
INFO: [ app_begin ] --START--
INFO: Run Behavior\ReadHtmlCacheBehavior [ RunTime:0.000828s ]
INFO: [ app_begin ] --END-- [ RunTime:0.000901s ]
SQL: SHOW COLUMNS FROM `recipe` [ RunTime:0.0267s ]
SQL: SELECT * FROM `recipe` WHERE ( id=1 ) LIMIT 1   [ RunTime:0.0278s ]
INFO: [ view_parse ] --START--
INFO: [ template_filter ] --START--
INFO: Run Behavior\ContentReplaceBehavior [ RunTime:0.000346s ]
INFO: [ template_filter ] --END-- [ RunTime:0.000534s ]
NOTIC: [8] Undefined offset: 2 G:\wwwroot\github\Wplus\ThinkWplus\Application\Runtime\Cache\Home\3b92e5aee561cba8eaafd2831ee92d6e.php 第 81 行.
NOTIC: [8] Undefined offset: 3 G:\wwwroot\github\Wplus\ThinkWplus\Application\Runtime\Cache\Home\3b92e5aee561cba8eaafd2831ee92d6e.php 第 81 行.
NOTIC: [8] Undefined offset: 4 G:\wwwroot\github\Wplus\ThinkWplus\Application\Runtime\Cache\Home\3b92e5aee561cba8eaafd2831ee92d6e.php 第 81 行.
NOTIC: [8] Undefined offset: 3 G:\wwwroot\github\Wplus\ThinkWplus\Application\Runtime\Cache\Home\3b92e5aee561cba8eaafd2831ee92d6e.php 第 81 行.
NOTIC: [8] Undefined offset: 5 G:\wwwroot\github\Wplus\ThinkWplus\Application\Runtime\Cache\Home\3b92e5aee561cba8eaafd2831ee92d6e.php 第 81 行.
INFO: Run Behavior\ParseTemplateBehavior [ RunTime:0.036981s ]
INFO: [ view_parse ] --END-- [ RunTime:0.037495s ]
INFO: [ view_filter ] --START--
INFO: Run Behavior\WriteHtmlCacheBehavior [ RunTime:0.001764s ]
INFO: [ view_filter ] --END-- [ RunTime:0.001941s ]
INFO: [ app_end ] --START--
INFO: Run Behavior\ShowPageTraceBehavior [ RunTime:0.001664s ]
INFO: [ app_end ] --END-- [ RunTime:0.001769s ]

[ 2016-12-19T17:13:07+08:00 ] 127.0.0.1 /github/Wplus/ThinkWplus/index.php/Home/Menu/steps
INFO: [ app_init ] --START--
INFO: Run Behavior\BuildLiteBehavior [ RunTime:0.000015s ]
INFO: [ app_init ] --END-- [ RunTime:0.000569s ]
INFO: [ app_begin ] --START--
INFO: Run Behavior\ReadHtmlCacheBehavior [ RunTime:0.000783s ]
INFO: [ app_begin ] --END-- [ RunTime:0.000862s ]
SQL: SHOW COLUMNS FROM `recipe` [ RunTime:0.0347s ]
SQL: SELECT * FROM `recipe` WHERE ( id=1 ) LIMIT 1   [ RunTime:0.0370s ]
INFO: [ view_parse ] --START--
INFO: [ template_filter ] --START--
INFO: Run Behavior\ContentReplaceBehavior [ RunTime:0.000374s ]
INFO: [ template_filter ] --END-- [ RunTime:0.000577s ]
NOTIC: [8] Undefined offset: 2 G:\wwwroot\github\Wplus\ThinkWplus\Application\Runtime\Cache\Home\2f2545dfa069154872ac9e82eb68b401.php 第 76 行.
NOTIC: [8] Undefined offset: 3 G:\wwwroot\github\Wplus\ThinkWplus\Application\Runtime\Cache\Home\2f2545dfa069154872ac9e82eb68b401.php 第 76 行.
NOTIC: [8] Undefined offset: 4 G:\wwwroot\github\Wplus\ThinkWplus\Application\Runtime\Cache\Home\2f2545dfa069154872ac9e82eb68b401.php 第 76 行.
NOTIC: [8] Undefined offset: 3 G:\wwwroot\github\Wplus\ThinkWplus\Application\Runtime\Cache\Home\2f2545dfa069154872ac9e82eb68b401.php 第 76 行.
NOTIC: [8] Undefined offset: 5 G:\wwwroot\github\Wplus\ThinkWplus\Application\Runtime\Cache\Home\2f2545dfa069154872ac9e82eb68b401.php 第 76 行.
INFO: Run Behavior\ParseTemplateBehavior [ RunTime:0.079214s ]
INFO: [ view_parse ] --END-- [ RunTime:0.079360s ]
INFO: [ view_filter ] --START--
INFO: Run Behavior\WriteHtmlCacheBehavior [ RunTime:0.000824s ]
INFO: [ view_filter ] --END-- [ RunTime:0.000920s ]
INFO: [ app_end ] --START--
INFO: Run Behavior\ShowPageTraceBehavior [ RunTime:0.001835s ]
INFO: [ app_end ] --END-- [ RunTime:0.002015s ]

[ 2016-12-19T17:14:03+08:00 ] 127.0.0.1 /github/Wplus/ThinkWplus/index.php/Home/Menu/steps
INFO: [ app_init ] --START--
INFO: Run Behavior\BuildLiteBehavior [ RunTime:0.000017s ]
INFO: [ app_init ] --END-- [ RunTime:0.000843s ]
INFO: [ app_begin ] --START--
INFO: Run Behavior\ReadHtmlCacheBehavior [ RunTime:0.000873s ]
INFO: [ app_begin ] --END-- [ RunTime:0.000961s ]
SQL: SHOW COLUMNS FROM `recipe` [ RunTime:0.0313s ]
SQL: SELECT * FROM `recipe` WHERE ( id=1 ) LIMIT 1   [ RunTime:0.0318s ]
INFO: [ view_parse ] --START--
INFO: [ template_filter ] --START--
INFO: Run Behavior\ContentReplaceBehavior [ RunTime:0.000279s ]
INFO: [ template_filter ] --END-- [ RunTime:0.000480s ]
NOTIC: [8] Undefined offset: 2 G:\wwwroot\github\Wplus\ThinkWplus\Application\Runtime\Cache\Home\2f2545dfa069154872ac9e82eb68b401.php 第 76 行.
NOTIC: [8] Undefined offset: 3 G:\wwwroot\github\Wplus\ThinkWplus\Application\Runtime\Cache\Home\2f2545dfa069154872ac9e82eb68b401.php 第 76 行.
NOTIC: [8] Undefined offset: 4 G:\wwwroot\github\Wplus\ThinkWplus\Application\Runtime\Cache\Home\2f2545dfa069154872ac9e82eb68b401.php 第 76 行.
NOTIC: [8] Undefined offset: 3 G:\wwwroot\github\Wplus\ThinkWplus\Application\Runtime\Cache\Home\2f2545dfa069154872ac9e82eb68b401.php 第 76 行.
NOTIC: [8] Undefined offset: 5 G:\wwwroot\github\Wplus\ThinkWplus\Application\Runtime\Cache\Home\2f2545dfa069154872ac9e82eb68b401.php 第 76 行.
INFO: Run Behavior\ParseTemplateBehavior [ RunTime:0.028599s ]
INFO: [ view_parse ] --END-- [ RunTime:0.028840s ]
INFO: [ view_filter ] --START--
INFO: Run Behavior\WriteHtmlCacheBehavior [ RunTime:0.000798s ]
INFO: [ view_filter ] --END-- [ RunTime:0.000902s ]
INFO: [ app_end ] --START--
INFO: Run Behavior\ShowPageTraceBehavior [ RunTime:0.002447s ]
INFO: [ app_end ] --END-- [ RunTime:0.002615s ]

