[ 2016-12-24T22:22:17+08:00 ] 127.0.0.1 /github/Wplus/ThinkWplus/index.php/home
INFO: [ app_init ] --START--
INFO: Run Behavior\BuildLiteBehavior [ RunTime:0.000149s ]
INFO: [ app_init ] --END-- [ RunTime:0.037729s ]
INFO: [ app_begin ] --START--
INFO: Run Behavior\ReadHtmlCacheBehavior [ RunTime:0.122326s ]
INFO: [ app_begin ] --END-- [ RunTime:0.122481s ]

[ 2016-12-24T22:22:17+08:00 ] 127.0.0.1 /github/Wplus/ThinkWplus/index.php/Home/Signup/signin.html
INFO: [ app_init ] --START--
INFO: Run Behavior\BuildLiteBehavior [ RunTime:0.000017s ]
INFO: [ app_init ] --END-- [ RunTime:0.000618s ]
INFO: [ app_begin ] --START--
INFO: Run Behavior\ReadHtmlCacheBehavior [ RunTime:0.001073s ]
INFO: [ app_begin ] --END-- [ RunTime:0.001196s ]
INFO: [ view_parse ] --START--
INFO: [ template_filter ] --START--
INFO: Run Behavior\ContentReplaceBehavior [ RunTime:0.042067s ]
INFO: [ template_filter ] --END-- [ RunTime:0.042403s ]
INFO: Run Behavior\ParseTemplateBehavior [ RunTime:0.347789s ]
INFO: [ view_parse ] --END-- [ RunTime:0.348113s ]
INFO: [ view_filter ] --START--
INFO: Run Behavior\WriteHtmlCacheBehavior [ RunTime:0.001541s ]
INFO: [ view_filter ] --END-- [ RunTime:0.001713s ]
INFO: [ app_end ] --START--
INFO: Run Behavior\ShowPageTraceBehavior [ RunTime:0.002553s ]
INFO: [ app_end ] --END-- [ RunTime:0.002778s ]

[ 2016-12-24T22:22:23+08:00 ] 127.0.0.1 /github/Wplus/ThinkWplus/index.php/Home/Signup/signin.html
INFO: [ app_init ] --START--
INFO: Run Behavior\BuildLiteBehavior [ RunTime:0.000025s ]
INFO: [ app_init ] --END-- [ RunTime:0.000780s ]
INFO: [ app_begin ] --START--
INFO: Run Behavior\ReadHtmlCacheBehavior [ RunTime:0.001069s ]
INFO: [ app_begin ] --END-- [ RunTime:0.001156s ]
INFO: [ view_parse ] --START--
INFO: [ template_filter ] --START--
INFO: Run Behavior\ContentReplaceBehavior [ RunTime:0.000093s ]
INFO: [ template_filter ] --END-- [ RunTime:0.000188s ]
INFO: Run Behavior\ParseTemplateBehavior [ RunTime:0.022869s ]
INFO: [ view_parse ] --END-- [ RunTime:0.022965s ]
INFO: [ view_filter ] --START--
INFO: Run Behavior\WriteHtmlCacheBehavior [ RunTime:0.000556s ]
INFO: [ view_filter ] --END-- [ RunTime:0.000608s ]
INFO: [ app_end ] --START--
INFO: Run Behavior\ShowPageTraceBehavior [ RunTime:0.000842s ]
INFO: [ app_end ] --END-- [ RunTime:0.000898s ]

[ 2016-12-24T22:22:35+08:00 ] 127.0.0.1 /github/Wplus/ThinkWplus/index.php/Home/Signup/doSign
INFO: [ app_init ] --START--
INFO: Run Behavior\BuildLiteBehavior [ RunTime:0.000018s ]
INFO: [ app_init ] --END-- [ RunTime:0.000572s ]
INFO: [ app_begin ] --START--
INFO: Run Behavior\ReadHtmlCacheBehavior [ RunTime:0.000819s ]
INFO: [ app_begin ] --END-- [ RunTime:0.000894s ]
SQL: SHOW COLUMNS FROM `user` [ RunTime:0.0646s ]
SQL: SELECT COUNT(*) AS tp_count FROM `user` WHERE `phonenum` = '15232145874' AND `password` = 'jialin' LIMIT 1   [ RunTime:0.0362s ]
SQL: SELECT `username` FROM `user` WHERE `phonenum` = '15232145874' AND `password` = 'jialin' LIMIT 1   [ RunTime:0.0357s ]
SQL: SELECT `id` FROM `user` WHERE `phonenum` = '15232145874' AND `password` = 'jialin' LIMIT 1   [ RunTime:0.0360s ]
INFO: [ app_end ] --START--
INFO: Run Behavior\ShowPageTraceBehavior [ RunTime:0.002180s ]
INFO: [ app_end ] --END-- [ RunTime:0.002328s ]

[ 2016-12-24T22:22:48+08:00 ] 127.0.0.1 /github/Wplus/ThinkWplus/index.php/Home/Signup/doSign
INFO: [ app_init ] --START--
INFO: Run Behavior\BuildLiteBehavior [ RunTime:0.000039s ]
INFO: [ app_init ] --END-- [ RunTime:0.001161s ]
INFO: [ app_begin ] --START--
INFO: Run Behavior\ReadHtmlCacheBehavior [ RunTime:0.001541s ]
INFO: [ app_begin ] --END-- [ RunTime:0.001679s ]
SQL: SHOW COLUMNS FROM `user` [ RunTime:0.0412s ]
SQL: SELECT COUNT(*) AS tp_count FROM `user` WHERE `phonenum` = '15232145874' AND `password` = 'sun234' LIMIT 1   [ RunTime:0.0406s ]
SQL: SELECT `username` FROM `user` WHERE `phonenum` = '15232145874' AND `password` = 'sun234' LIMIT 1   [ RunTime:0.0415s ]
SQL: SELECT `id` FROM `user` WHERE `phonenum` = '15232145874' AND `password` = 'sun234' LIMIT 1   [ RunTime:0.0395s ]

[ 2016-12-24T22:22:52+08:00 ] 127.0.0.1 /github/Wplus/ThinkWplus/index.php/Home/Index/index.html
INFO: [ app_init ] --START--
INFO: Run Behavior\BuildLiteBehavior [ RunTime:0.000030s ]
INFO: [ app_init ] --END-- [ RunTime:0.001240s ]
INFO: [ app_begin ] --START--
INFO: Run Behavior\ReadHtmlCacheBehavior [ RunTime:0.001501s ]
INFO: [ app_begin ] --END-- [ RunTime:0.001615s ]
SQL: SHOW COLUMNS FROM `article` [ RunTime:0.0391s ]
SQL: SELECT * FROM article a,user b WHERE ( a.authorid = b.id ) LIMIT 10   [ RunTime:0.0924s ]
INFO: [ view_parse ] --START--
INFO: [ template_filter ] --START--
INFO: Run Behavior\ContentReplaceBehavior [ RunTime:0.000397s ]
INFO: [ template_filter ] --END-- [ RunTime:0.000669s ]
INFO: Run Behavior\ParseTemplateBehavior [ RunTime:0.195648s ]
INFO: [ view_parse ] --END-- [ RunTime:0.195858s ]
INFO: [ view_filter ] --START--
INFO: Run Behavior\WriteHtmlCacheBehavior [ RunTime:0.002089s ]
INFO: [ view_filter ] --END-- [ RunTime:0.002330s ]
INFO: [ app_end ] --START--
INFO: Run Behavior\ShowPageTraceBehavior [ RunTime:0.002890s ]
INFO: [ app_end ] --END-- [ RunTime:0.003126s ]

[ 2016-12-24T22:22:59+08:00 ] 127.0.0.1 /github/Wplus/ThinkWplus/index.php/Home/Nowait/requestlist
INFO: [ app_init ] --START--
INFO: Run Behavior\BuildLiteBehavior [ RunTime:0.000014s ]
INFO: [ app_init ] --END-- [ RunTime:0.000580s ]
INFO: [ app_begin ] --START--
INFO: Run Behavior\ReadHtmlCacheBehavior [ RunTime:0.000754s ]
INFO: [ app_begin ] --END-- [ RunTime:0.000816s ]
NOTIC: [2048] Declaration of Home\Controller\NowaitController::get() should be compatible with that of Think\Controller::get() G:\wwwroot\github\Wplus\ThinkWplus\Application\Home\Controller\NowaitController.class.php 第 109 行.
SQL: SHOW COLUMNS FROM `orderform` [ RunTime:0.0398s ]
SQL: SELECT * FROM `orderform` INNER JOIN address ON orderform.addressid = address.id INNER JOIN user ON orderform.makerid = user.id  WHERE ( purchaserid is null )  [ RunTime:0.0406s ]
INFO: [ view_parse ] --START--
INFO: [ template_filter ] --START--
INFO: Run Behavior\ContentReplaceBehavior [ RunTime:0.000143s ]
INFO: [ template_filter ] --END-- [ RunTime:0.000267s ]
INFO: Run Behavior\ParseTemplateBehavior [ RunTime:0.110973s ]
INFO: [ view_parse ] --END-- [ RunTime:0.111237s ]
INFO: [ view_filter ] --START--
INFO: Run Behavior\WriteHtmlCacheBehavior [ RunTime:0.001258s ]
INFO: [ view_filter ] --END-- [ RunTime:0.001430s ]
INFO: [ app_end ] --START--
INFO: Run Behavior\ShowPageTraceBehavior [ RunTime:0.007193s ]
INFO: [ app_end ] --END-- [ RunTime:0.007472s ]

[ 2016-12-24T22:23:04+08:00 ] 127.0.0.1 /github/Wplus/ThinkWplus/index.php/Home/Nowait/makeorder
INFO: [ app_init ] --START--
INFO: Run Behavior\BuildLiteBehavior [ RunTime:0.000024s ]
INFO: [ app_init ] --END-- [ RunTime:0.000786s ]
INFO: [ app_begin ] --START--
INFO: Run Behavior\ReadHtmlCacheBehavior [ RunTime:0.000782s ]
INFO: [ app_begin ] --END-- [ RunTime:0.000864s ]
NOTIC: [2048] Declaration of Home\Controller\NowaitController::get() should be compatible with that of Think\Controller::get() G:\wwwroot\github\Wplus\ThinkWplus\Application\Home\Controller\NowaitController.class.php 第 109 行.
SQL: SHOW COLUMNS FROM `user` [ RunTime:0.0360s ]
SQL: SHOW COLUMNS FROM `address` [ RunTime:0.0372s ]
SQL: SELECT `id` FROM `user` WHERE `username` = '孙哲' LIMIT 1   [ RunTime:0.0355s ]
SQL: SELECT * FROM `address` WHERE ( userid=2 ) LIMIT 1   [ RunTime:0.0359s ]
INFO: [ view_parse ] --START--
INFO: [ template_filter ] --START--
INFO: Run Behavior\ContentReplaceBehavior [ RunTime:0.000163s ]
INFO: [ template_filter ] --END-- [ RunTime:0.000276s ]
INFO: Run Behavior\ParseTemplateBehavior [ RunTime:0.028024s ]
INFO: [ view_parse ] --END-- [ RunTime:0.028203s ]
INFO: [ view_filter ] --START--
INFO: Run Behavior\WriteHtmlCacheBehavior [ RunTime:0.000690s ]
INFO: [ view_filter ] --END-- [ RunTime:0.000780s ]
INFO: [ app_end ] --START--
INFO: Run Behavior\ShowPageTraceBehavior [ RunTime:0.001305s ]
INFO: [ app_end ] --END-- [ RunTime:0.001418s ]

[ 2016-12-24T22:23:54+08:00 ] 127.0.0.1 /github/Wplus/ThinkWplus/index.php/Home/Nowait/makeorder
INFO: [ app_init ] --START--
INFO: Run Behavior\BuildLiteBehavior [ RunTime:0.000017s ]
INFO: [ app_init ] --END-- [ RunTime:0.000676s ]
INFO: [ app_begin ] --START--
INFO: Run Behavior\ReadHtmlCacheBehavior [ RunTime:0.001101s ]
INFO: [ app_begin ] --END-- [ RunTime:0.001190s ]
NOTIC: [2048] Declaration of Home\Controller\NowaitController::get() should be compatible with that of Think\Controller::get() G:\wwwroot\github\Wplus\ThinkWplus\Application\Home\Controller\NowaitController.class.php 第 109 行.
SQL: SHOW COLUMNS FROM `user` [ RunTime:0.0360s ]
SQL: SHOW COLUMNS FROM `address` [ RunTime:0.0381s ]
SQL: SELECT `id` FROM `user` WHERE `username` = '孙哲' LIMIT 1   [ RunTime:0.0360s ]
SQL: SELECT * FROM `address` WHERE ( userid=2 ) LIMIT 1   [ RunTime:0.0363s ]
INFO: [ view_parse ] --START--
INFO: [ template_filter ] --START--
INFO: Run Behavior\ContentReplaceBehavior [ RunTime:0.000267s ]
INFO: [ template_filter ] --END-- [ RunTime:0.000470s ]
INFO: Run Behavior\ParseTemplateBehavior [ RunTime:0.052836s ]
INFO: [ view_parse ] --END-- [ RunTime:0.053053s ]
INFO: [ view_filter ] --START--
INFO: Run Behavior\WriteHtmlCacheBehavior [ RunTime:0.001545s ]
INFO: [ view_filter ] --END-- [ RunTime:0.001726s ]
INFO: [ app_end ] --START--
INFO: Run Behavior\ShowPageTraceBehavior [ RunTime:0.002859s ]
INFO: [ app_end ] --END-- [ RunTime:0.003070s ]

[ 2016-12-24T22:24:29+08:00 ] 127.0.0.1 /github/Wplus/ThinkWplus/index.php/Home/Nowait/makeorder
INFO: [ app_init ] --START--
INFO: Run Behavior\BuildLiteBehavior [ RunTime:0.000016s ]
INFO: [ app_init ] --END-- [ RunTime:0.000648s ]
INFO: [ app_begin ] --START--
INFO: Run Behavior\ReadHtmlCacheBehavior [ RunTime:0.000831s ]
INFO: [ app_begin ] --END-- [ RunTime:0.000893s ]
NOTIC: [2048] Declaration of Home\Controller\NowaitController::get() should be compatible with that of Think\Controller::get() G:\wwwroot\github\Wplus\ThinkWplus\Application\Home\Controller\NowaitController.class.php 第 109 行.
SQL: SHOW COLUMNS FROM `user` [ RunTime:0.0374s ]
SQL: SHOW COLUMNS FROM `address` [ RunTime:0.0371s ]
SQL: SELECT `id` FROM `user` WHERE `username` = '孙哲' LIMIT 1   [ RunTime:0.0356s ]
SQL: SELECT * FROM `address` WHERE ( userid=2 ) LIMIT 1   [ RunTime:0.0361s ]
INFO: [ view_parse ] --START--
INFO: [ template_filter ] --START--
INFO: Run Behavior\ContentReplaceBehavior [ RunTime:0.000319s ]
INFO: [ template_filter ] --END-- [ RunTime:0.000513s ]
INFO: Run Behavior\ParseTemplateBehavior [ RunTime:0.225950s ]
INFO: [ view_parse ] --END-- [ RunTime:0.226214s ]
INFO: [ view_filter ] --START--
INFO: Run Behavior\WriteHtmlCacheBehavior [ RunTime:0.001635s ]
INFO: [ view_filter ] --END-- [ RunTime:0.001810s ]
INFO: [ app_end ] --START--
INFO: Run Behavior\ShowPageTraceBehavior [ RunTime:0.001943s ]
INFO: [ app_end ] --END-- [ RunTime:0.002169s ]

[ 2016-12-24T22:24:54+08:00 ] 127.0.0.1 /github/Wplus/ThinkWplus/index.php/Home/Nowait/makeorder
INFO: [ app_init ] --START--
INFO: Run Behavior\BuildLiteBehavior [ RunTime:0.000018s ]
INFO: [ app_init ] --END-- [ RunTime:0.000658s ]
INFO: [ app_begin ] --START--
INFO: Run Behavior\ReadHtmlCacheBehavior [ RunTime:0.000711s ]
INFO: [ app_begin ] --END-- [ RunTime:0.000774s ]
NOTIC: [2048] Declaration of Home\Controller\NowaitController::get() should be compatible with that of Think\Controller::get() G:\wwwroot\github\Wplus\ThinkWplus\Application\Home\Controller\NowaitController.class.php 第 109 行.
SQL: SHOW COLUMNS FROM `user` [ RunTime:0.0371s ]
SQL: SHOW COLUMNS FROM `address` [ RunTime:0.0366s ]
SQL: SELECT `id` FROM `user` WHERE `username` = '孙哲' LIMIT 1   [ RunTime:0.0368s ]
SQL: SELECT * FROM `address` WHERE ( userid=2 ) LIMIT 1   [ RunTime:0.0366s ]
INFO: [ view_parse ] --START--
INFO: [ template_filter ] --START--
INFO: Run Behavior\ContentReplaceBehavior [ RunTime:0.000270s ]
INFO: [ template_filter ] --END-- [ RunTime:0.000461s ]
INFO: Run Behavior\ParseTemplateBehavior [ RunTime:0.029049s ]
INFO: [ view_parse ] --END-- [ RunTime:0.029253s ]
INFO: [ view_filter ] --START--
INFO: Run Behavior\WriteHtmlCacheBehavior [ RunTime:0.000600s ]
INFO: [ view_filter ] --END-- [ RunTime:0.000692s ]
INFO: [ app_end ] --START--
INFO: Run Behavior\ShowPageTraceBehavior [ RunTime:0.000846s ]
INFO: [ app_end ] --END-- [ RunTime:0.000949s ]

[ 2016-12-24T22:25:45+08:00 ] 127.0.0.1 /github/Wplus/ThinkWplus/index.php/Home/Nowait/makeorder
INFO: [ app_init ] --START--
INFO: Run Behavior\BuildLiteBehavior [ RunTime:0.000018s ]
INFO: [ app_init ] --END-- [ RunTime:0.001053s ]
INFO: [ app_begin ] --START--
INFO: Run Behavior\ReadHtmlCacheBehavior [ RunTime:0.000932s ]
INFO: [ app_begin ] --END-- [ RunTime:0.000998s ]
NOTIC: [2048] Declaration of Home\Controller\NowaitController::get() should be compatible with that of Think\Controller::get() G:\wwwroot\github\Wplus\ThinkWplus\Application\Home\Controller\NowaitController.class.php 第 109 行.
SQL: SHOW COLUMNS FROM `user` [ RunTime:0.0351s ]
SQL: SHOW COLUMNS FROM `address` [ RunTime:0.0357s ]
SQL: SELECT `id` FROM `user` WHERE `username` = '孙哲' LIMIT 1   [ RunTime:0.0338s ]
SQL: SELECT * FROM `address` WHERE ( userid=2 ) LIMIT 1   [ RunTime:0.0347s ]
INFO: [ view_parse ] --START--
INFO: [ template_filter ] --START--
INFO: Run Behavior\ContentReplaceBehavior [ RunTime:0.000087s ]
INFO: [ template_filter ] --END-- [ RunTime:0.000149s ]
INFO: Run Behavior\ParseTemplateBehavior [ RunTime:0.009508s ]
INFO: [ view_parse ] --END-- [ RunTime:0.009650s ]
INFO: [ view_filter ] --START--
INFO: Run Behavior\WriteHtmlCacheBehavior [ RunTime:0.000827s ]
INFO: [ view_filter ] --END-- [ RunTime:0.000923s ]
INFO: [ app_end ] --START--
INFO: Run Behavior\ShowPageTraceBehavior [ RunTime:0.001311s ]
INFO: [ app_end ] --END-- [ RunTime:0.001457s ]

[ 2016-12-24T22:26:41+08:00 ] 127.0.0.1 /github/Wplus/ThinkWplus/index.php/Home/Nowait/makeorder
INFO: [ app_init ] --START--
INFO: Run Behavior\BuildLiteBehavior [ RunTime:0.000031s ]
INFO: [ app_init ] --END-- [ RunTime:0.001452s ]
INFO: [ app_begin ] --START--
INFO: Run Behavior\ReadHtmlCacheBehavior [ RunTime:0.001559s ]
INFO: [ app_begin ] --END-- [ RunTime:0.001678s ]
NOTIC: [2048] Declaration of Home\Controller\NowaitController::get() should be compatible with that of Think\Controller::get() G:\wwwroot\github\Wplus\ThinkWplus\Application\Home\Controller\NowaitController.class.php 第 109 行.
SQL: SHOW COLUMNS FROM `user` [ RunTime:0.0419s ]
SQL: SHOW COLUMNS FROM `address` [ RunTime:0.0428s ]
SQL: SELECT `id` FROM `user` WHERE `username` = '孙哲' LIMIT 1   [ RunTime:0.0414s ]
SQL: SELECT * FROM `address` WHERE ( userid=2 ) LIMIT 1   [ RunTime:0.0420s ]
INFO: [ view_parse ] --START--
INFO: [ template_filter ] --START--
INFO: Run Behavior\ContentReplaceBehavior [ RunTime:0.000167s ]
INFO: [ template_filter ] --END-- [ RunTime:0.000285s ]
INFO: Run Behavior\ParseTemplateBehavior [ RunTime:0.027552s ]
INFO: [ view_parse ] --END-- [ RunTime:0.027712s ]
INFO: [ view_filter ] --START--
INFO: Run Behavior\WriteHtmlCacheBehavior [ RunTime:0.000975s ]
INFO: [ view_filter ] --END-- [ RunTime:0.001080s ]
INFO: [ app_end ] --START--
INFO: Run Behavior\ShowPageTraceBehavior [ RunTime:0.002446s ]
INFO: [ app_end ] --END-- [ RunTime:0.002737s ]

[ 2016-12-24T22:27:58+08:00 ] 127.0.0.1 /github/Wplus/ThinkWplus/index.php/Home/Nowait/makeorder
INFO: [ app_init ] --START--
INFO: Run Behavior\BuildLiteBehavior [ RunTime:0.000017s ]
INFO: [ app_init ] --END-- [ RunTime:0.000610s ]
INFO: [ app_begin ] --START--
INFO: Run Behavior\ReadHtmlCacheBehavior [ RunTime:0.000926s ]
INFO: [ app_begin ] --END-- [ RunTime:0.001013s ]
NOTIC: [2048] Declaration of Home\Controller\NowaitController::get() should be compatible with that of Think\Controller::get() G:\wwwroot\github\Wplus\ThinkWplus\Application\Home\Controller\NowaitController.class.php 第 109 行.
SQL: SHOW COLUMNS FROM `user` [ RunTime:0.0355s ]
SQL: SHOW COLUMNS FROM `address` [ RunTime:0.0344s ]
SQL: SELECT `id` FROM `user` WHERE `username` = '孙哲' LIMIT 1   [ RunTime:0.0349s ]
SQL: SELECT * FROM `address` WHERE ( userid=2 ) LIMIT 1   [ RunTime:0.0338s ]
INFO: [ view_parse ] --START--
INFO: [ template_filter ] --START--
INFO: Run Behavior\ContentReplaceBehavior [ RunTime:0.000149s ]
INFO: [ template_filter ] --END-- [ RunTime:0.000257s ]
INFO: Run Behavior\ParseTemplateBehavior [ RunTime:0.016277s ]
INFO: [ view_parse ] --END-- [ RunTime:0.016396s ]
INFO: [ view_filter ] --START--
INFO: Run Behavior\WriteHtmlCacheBehavior [ RunTime:0.000902s ]
INFO: [ view_filter ] --END-- [ RunTime:0.000997s ]
INFO: [ app_end ] --START--
INFO: Run Behavior\ShowPageTraceBehavior [ RunTime:0.001561s ]
INFO: [ app_end ] --END-- [ RunTime:0.001720s ]

[ 2016-12-24T22:28:31+08:00 ] 127.0.0.1 /github/Wplus/ThinkWplus/index.php/Home/Nowait/makeorder
INFO: [ app_init ] --START--
INFO: Run Behavior\BuildLiteBehavior [ RunTime:0.000027s ]
INFO: [ app_init ] --END-- [ RunTime:0.001109s ]
INFO: [ app_begin ] --START--
INFO: Run Behavior\ReadHtmlCacheBehavior [ RunTime:0.001120s ]
INFO: [ app_begin ] --END-- [ RunTime:0.001295s ]
NOTIC: [2048] Declaration of Home\Controller\NowaitController::get() should be compatible with that of Think\Controller::get() G:\wwwroot\github\Wplus\ThinkWplus\Application\Home\Controller\NowaitController.class.php 第 109 行.
SQL: SHOW COLUMNS FROM `user` [ RunTime:0.0387s ]
SQL: SHOW COLUMNS FROM `address` [ RunTime:0.0396s ]
SQL: SELECT `id` FROM `user` WHERE `username` = '孙哲' LIMIT 1   [ RunTime:0.0384s ]
SQL: SELECT * FROM `address` WHERE ( userid=2 ) LIMIT 1   [ RunTime:0.0386s ]
INFO: [ view_parse ] --START--
INFO: [ template_filter ] --START--
INFO: Run Behavior\ContentReplaceBehavior [ RunTime:0.000310s ]
INFO: [ template_filter ] --END-- [ RunTime:0.000524s ]
INFO: Run Behavior\ParseTemplateBehavior [ RunTime:0.029254s ]
INFO: [ view_parse ] --END-- [ RunTime:0.029482s ]
INFO: [ view_filter ] --START--
INFO: Run Behavior\WriteHtmlCacheBehavior [ RunTime:0.001148s ]
INFO: [ view_filter ] --END-- [ RunTime:0.001317s ]
INFO: [ app_end ] --START--
INFO: Run Behavior\ShowPageTraceBehavior [ RunTime:0.003431s ]
INFO: [ app_end ] --END-- [ RunTime:0.003682s ]

[ 2016-12-24T22:31:34+08:00 ] 127.0.0.1 /github/Wplus/ThinkWplus/index.php/Home/Nowait/makeorder
INFO: [ app_init ] --START--
INFO: Run Behavior\BuildLiteBehavior [ RunTime:0.000017s ]
INFO: [ app_init ] --END-- [ RunTime:0.000613s ]
INFO: [ app_begin ] --START--
INFO: Run Behavior\ReadHtmlCacheBehavior [ RunTime:0.000802s ]
INFO: [ app_begin ] --END-- [ RunTime:0.000876s ]
NOTIC: [2048] Declaration of Home\Controller\NowaitController::get() should be compatible with that of Think\Controller::get() G:\wwwroot\github\Wplus\ThinkWplus\Application\Home\Controller\NowaitController.class.php 第 109 行.
SQL: SHOW COLUMNS FROM `user` [ RunTime:0.0348s ]
SQL: SHOW COLUMNS FROM `address` [ RunTime:0.0353s ]
SQL: SELECT `id` FROM `user` WHERE `username` = '孙哲' LIMIT 1   [ RunTime:0.0344s ]
SQL: SELECT * FROM `address` WHERE ( userid=2 ) LIMIT 1   [ RunTime:0.0344s ]
INFO: [ view_parse ] --START--
INFO: [ template_filter ] --START--
INFO: Run Behavior\ContentReplaceBehavior [ RunTime:0.000285s ]
INFO: [ template_filter ] --END-- [ RunTime:0.000473s ]
INFO: Run Behavior\ParseTemplateBehavior [ RunTime:0.030788s ]
INFO: [ view_parse ] --END-- [ RunTime:0.030991s ]
INFO: [ view_filter ] --START--
INFO: Run Behavior\WriteHtmlCacheBehavior [ RunTime:0.001665s ]
INFO: [ view_filter ] --END-- [ RunTime:0.001795s ]
INFO: [ app_end ] --START--
INFO: Run Behavior\ShowPageTraceBehavior [ RunTime:0.002714s ]
INFO: [ app_end ] --END-- [ RunTime:0.002939s ]

[ 2016-12-24T22:35:03+08:00 ] 127.0.0.1 /github/Wplus/ThinkWplus/index.php/Home/Nowait/makeorder
INFO: [ app_init ] --START--
INFO: Run Behavior\BuildLiteBehavior [ RunTime:0.000027s ]
INFO: [ app_init ] --END-- [ RunTime:0.000678s ]
INFO: [ app_begin ] --START--
INFO: Run Behavior\ReadHtmlCacheBehavior [ RunTime:0.000833s ]
INFO: [ app_begin ] --END-- [ RunTime:0.000896s ]
NOTIC: [2048] Declaration of Home\Controller\NowaitController::get() should be compatible with that of Think\Controller::get() G:\wwwroot\github\Wplus\ThinkWplus\Application\Home\Controller\NowaitController.class.php 第 109 行.
SQL: SHOW COLUMNS FROM `user` [ RunTime:0.0388s ]
SQL: SHOW COLUMNS FROM `address` [ RunTime:0.0384s ]
SQL: SELECT `id` FROM `user` WHERE `username` = '孙哲' LIMIT 1   [ RunTime:0.0369s ]
SQL: SELECT * FROM `address` WHERE ( userid=2 ) LIMIT 1   [ RunTime:0.0380s ]
INFO: [ view_parse ] --START--
INFO: [ template_filter ] --START--
INFO: Run Behavior\ContentReplaceBehavior [ RunTime:0.000151s ]
INFO: [ template_filter ] --END-- [ RunTime:0.000262s ]
INFO: Run Behavior\ParseTemplateBehavior [ RunTime:0.019315s ]
INFO: [ view_parse ] --END-- [ RunTime:0.019519s ]
INFO: [ view_filter ] --START--
INFO: Run Behavior\WriteHtmlCacheBehavior [ RunTime:0.000750s ]
INFO: [ view_filter ] --END-- [ RunTime:0.000841s ]
INFO: [ app_end ] --START--
INFO: Run Behavior\ShowPageTraceBehavior [ RunTime:0.001993s ]
INFO: [ app_end ] --END-- [ RunTime:0.002257s ]

[ 2016-12-24T22:36:25+08:00 ] 127.0.0.1 /github/Wplus/ThinkWplus/index.php/Home/Nowait/makeorder
INFO: [ app_init ] --START--
INFO: Run Behavior\BuildLiteBehavior [ RunTime:0.000034s ]
INFO: [ app_init ] --END-- [ RunTime:0.001291s ]
INFO: [ app_begin ] --START--
INFO: Run Behavior\ReadHtmlCacheBehavior [ RunTime:0.001301s ]
INFO: [ app_begin ] --END-- [ RunTime:0.001412s ]
NOTIC: [2048] Declaration of Home\Controller\NowaitController::get() should be compatible with that of Think\Controller::get() G:\wwwroot\github\Wplus\ThinkWplus\Application\Home\Controller\NowaitController.class.php 第 109 行.
SQL: SHOW COLUMNS FROM `user` [ RunTime:0.0408s ]
SQL: SHOW COLUMNS FROM `address` [ RunTime:0.0422s ]
SQL: SELECT `id` FROM `user` WHERE `username` = '孙哲' LIMIT 1   [ RunTime:0.0400s ]
SQL: SELECT * FROM `address` WHERE ( userid=2 ) LIMIT 1   [ RunTime:0.0395s ]
INFO: [ view_parse ] --START--
INFO: [ template_filter ] --START--
INFO: Run Behavior\ContentReplaceBehavior [ RunTime:0.000274s ]
INFO: [ template_filter ] --END-- [ RunTime:0.000474s ]
INFO: Run Behavior\ParseTemplateBehavior [ RunTime:0.053072s ]
INFO: [ view_parse ] --END-- [ RunTime:0.053278s ]
INFO: [ view_filter ] --START--
INFO: Run Behavior\WriteHtmlCacheBehavior [ RunTime:0.000815s ]
INFO: [ view_filter ] --END-- [ RunTime:0.000921s ]
INFO: [ app_end ] --START--
INFO: Run Behavior\ShowPageTraceBehavior [ RunTime:0.001992s ]
INFO: [ app_end ] --END-- [ RunTime:0.002117s ]

[ 2016-12-24T22:36:43+08:00 ] 127.0.0.1 /github/Wplus/ThinkWplus/index.php/Home/Nowait/makeorder
INFO: [ app_init ] --START--
INFO: Run Behavior\BuildLiteBehavior [ RunTime:0.000017s ]
INFO: [ app_init ] --END-- [ RunTime:0.000642s ]
INFO: [ app_begin ] --START--
INFO: Run Behavior\ReadHtmlCacheBehavior [ RunTime:0.000819s ]
INFO: [ app_begin ] --END-- [ RunTime:0.000880s ]
NOTIC: [2048] Declaration of Home\Controller\NowaitController::get() should be compatible with that of Think\Controller::get() G:\wwwroot\github\Wplus\ThinkWplus\Application\Home\Controller\NowaitController.class.php 第 109 行.
SQL: SHOW COLUMNS FROM `user` [ RunTime:0.0353s ]
SQL: SHOW COLUMNS FROM `address` [ RunTime:0.0355s ]
SQL: SELECT `id` FROM `user` WHERE `username` = '孙哲' LIMIT 1   [ RunTime:0.0349s ]
SQL: SELECT * FROM `address` WHERE ( userid=2 ) LIMIT 1   [ RunTime:0.0347s ]
INFO: [ view_parse ] --START--
INFO: [ template_filter ] --START--
INFO: Run Behavior\ContentReplaceBehavior [ RunTime:0.000088s ]
INFO: [ template_filter ] --END-- [ RunTime:0.000151s ]
INFO: Run Behavior\ParseTemplateBehavior [ RunTime:0.011320s ]
INFO: [ view_parse ] --END-- [ RunTime:0.011431s ]
INFO: [ view_filter ] --START--
INFO: Run Behavior\WriteHtmlCacheBehavior [ RunTime:0.000538s ]
INFO: [ view_filter ] --END-- [ RunTime:0.000594s ]
INFO: [ app_end ] --START--
INFO: Run Behavior\ShowPageTraceBehavior [ RunTime:0.001153s ]
INFO: [ app_end ] --END-- [ RunTime:0.001252s ]

[ 2016-12-24T22:37:55+08:00 ] 127.0.0.1 /github/Wplus/ThinkWplus/index.php/Home/Nowait/makeorder
INFO: [ app_init ] --START--
INFO: Run Behavior\BuildLiteBehavior [ RunTime:0.000017s ]
INFO: [ app_init ] --END-- [ RunTime:0.000592s ]
INFO: [ app_begin ] --START--
INFO: Run Behavior\ReadHtmlCacheBehavior [ RunTime:0.000708s ]
INFO: [ app_begin ] --END-- [ RunTime:0.000778s ]
NOTIC: [2048] Declaration of Home\Controller\NowaitController::get() should be compatible with that of Think\Controller::get() G:\wwwroot\github\Wplus\ThinkWplus\Application\Home\Controller\NowaitController.class.php 第 109 行.
SQL: SHOW COLUMNS FROM `user` [ RunTime:0.0357s ]
SQL: SHOW COLUMNS FROM `address` [ RunTime:0.0367s ]
SQL: SELECT `id` FROM `user` WHERE `username` = '孙哲' LIMIT 1   [ RunTime:0.0355s ]
SQL: SELECT * FROM `address` WHERE ( userid=2 ) LIMIT 1   [ RunTime:0.0358s ]
INFO: [ view_parse ] --START--
INFO: [ template_filter ] --START--
INFO: Run Behavior\ContentReplaceBehavior [ RunTime:0.000191s ]
INFO: [ template_filter ] --END-- [ RunTime:0.000343s ]
INFO: Run Behavior\ParseTemplateBehavior [ RunTime:0.022019s ]
INFO: [ view_parse ] --END-- [ RunTime:0.022205s ]
INFO: [ view_filter ] --START--
INFO: Run Behavior\WriteHtmlCacheBehavior [ RunTime:0.000784s ]
INFO: [ view_filter ] --END-- [ RunTime:0.000889s ]
INFO: [ app_end ] --START--
INFO: Run Behavior\ShowPageTraceBehavior [ RunTime:0.001351s ]
INFO: [ app_end ] --END-- [ RunTime:0.001513s ]

[ 2016-12-24T22:38:07+08:00 ] 127.0.0.1 /github/Wplus/ThinkWplus/index.php/Home/Nowait/makeorder
INFO: [ app_init ] --START--
INFO: Run Behavior\BuildLiteBehavior [ RunTime:0.000029s ]
INFO: [ app_init ] --END-- [ RunTime:0.000832s ]
INFO: [ app_begin ] --START--
INFO: Run Behavior\ReadHtmlCacheBehavior [ RunTime:0.000898s ]
INFO: [ app_begin ] --END-- [ RunTime:0.000963s ]
NOTIC: [2048] Declaration of Home\Controller\NowaitController::get() should be compatible with that of Think\Controller::get() G:\wwwroot\github\Wplus\ThinkWplus\Application\Home\Controller\NowaitController.class.php 第 109 行.
SQL: SHOW COLUMNS FROM `user` [ RunTime:0.0335s ]
SQL: SHOW COLUMNS FROM `address` [ RunTime:0.0336s ]
SQL: SELECT `id` FROM `user` WHERE `username` = '孙哲' LIMIT 1   [ RunTime:0.0340s ]
SQL: SELECT * FROM `address` WHERE ( userid=2 ) LIMIT 1   [ RunTime:0.0324s ]
INFO: [ view_parse ] --START--
INFO: [ template_filter ] --START--
INFO: Run Behavior\ContentReplaceBehavior [ RunTime:0.000272s ]
INFO: [ template_filter ] --END-- [ RunTime:0.000462s ]
INFO: Run Behavior\ParseTemplateBehavior [ RunTime:0.033316s ]
INFO: [ view_parse ] --END-- [ RunTime:0.033542s ]
INFO: [ view_filter ] --START--
INFO: Run Behavior\WriteHtmlCacheBehavior [ RunTime:0.001546s ]
INFO: [ view_filter ] --END-- [ RunTime:0.001717s ]
INFO: [ app_end ] --START--
INFO: Run Behavior\ShowPageTraceBehavior [ RunTime:0.002898s ]
INFO: [ app_end ] --END-- [ RunTime:0.003108s ]

[ 2016-12-24T22:38:53+08:00 ] 127.0.0.1 /github/Wplus/ThinkWplus/index.php/Home/Nowait/makeorder
INFO: [ app_init ] --START--
INFO: Run Behavior\BuildLiteBehavior [ RunTime:0.000014s ]
INFO: [ app_init ] --END-- [ RunTime:0.000581s ]
INFO: [ app_begin ] --START--
INFO: Run Behavior\ReadHtmlCacheBehavior [ RunTime:0.000806s ]
INFO: [ app_begin ] --END-- [ RunTime:0.000868s ]
NOTIC: [2048] Declaration of Home\Controller\NowaitController::get() should be compatible with that of Think\Controller::get() G:\wwwroot\github\Wplus\ThinkWplus\Application\Home\Controller\NowaitController.class.php 第 109 行.
SQL: SHOW COLUMNS FROM `user` [ RunTime:0.0378s ]
SQL: SHOW COLUMNS FROM `address` [ RunTime:0.0380s ]
SQL: SELECT `id` FROM `user` WHERE `username` = '孙哲' LIMIT 1   [ RunTime:0.0377s ]
SQL: SELECT * FROM `address` WHERE ( userid=2 ) LIMIT 1   [ RunTime:0.0369s ]
INFO: [ view_parse ] --START--
INFO: [ template_filter ] --START--
INFO: Run Behavior\ContentReplaceBehavior [ RunTime:0.000273s ]
INFO: [ template_filter ] --END-- [ RunTime:0.000461s ]
INFO: Run Behavior\ParseTemplateBehavior [ RunTime:0.030425s ]
INFO: [ view_parse ] --END-- [ RunTime:0.030584s ]
INFO: [ view_filter ] --START--
INFO: Run Behavior\WriteHtmlCacheBehavior [ RunTime:0.000831s ]
INFO: [ view_filter ] --END-- [ RunTime:0.000928s ]
INFO: [ app_end ] --START--
INFO: Run Behavior\ShowPageTraceBehavior [ RunTime:0.001663s ]
INFO: [ app_end ] --END-- [ RunTime:0.001785s ]

[ 2016-12-24T22:39:05+08:00 ] 127.0.0.1 /github/Wplus/ThinkWplus/index.php/Home/Nowait/makeorder
INFO: [ app_init ] --START--
INFO: Run Behavior\BuildLiteBehavior [ RunTime:0.000027s ]
INFO: [ app_init ] --END-- [ RunTime:0.000821s ]
INFO: [ app_begin ] --START--
INFO: Run Behavior\ReadHtmlCacheBehavior [ RunTime:0.001049s ]
INFO: [ app_begin ] --END-- [ RunTime:0.001143s ]
NOTIC: [2048] Declaration of Home\Controller\NowaitController::get() should be compatible with that of Think\Controller::get() G:\wwwroot\github\Wplus\ThinkWplus\Application\Home\Controller\NowaitController.class.php 第 109 行.
SQL: SHOW COLUMNS FROM `user` [ RunTime:0.0328s ]
SQL: SHOW COLUMNS FROM `address` [ RunTime:0.0344s ]
SQL: SELECT `id` FROM `user` WHERE `username` = '孙哲' LIMIT 1   [ RunTime:0.0331s ]
SQL: SELECT * FROM `address` WHERE ( userid=2 ) LIMIT 1   [ RunTime:0.0334s ]
INFO: [ view_parse ] --START--
INFO: [ template_filter ] --START--
INFO: Run Behavior\ContentReplaceBehavior [ RunTime:0.000314s ]
INFO: [ template_filter ] --END-- [ RunTime:0.000511s ]
INFO: Run Behavior\ParseTemplateBehavior [ RunTime:0.030789s ]
INFO: [ view_parse ] --END-- [ RunTime:0.030992s ]
INFO: [ view_filter ] --START--
INFO: Run Behavior\WriteHtmlCacheBehavior [ RunTime:0.001427s ]
INFO: [ view_filter ] --END-- [ RunTime:0.001594s ]
INFO: [ app_end ] --START--
INFO: Run Behavior\ShowPageTraceBehavior [ RunTime:0.002856s ]
INFO: [ app_end ] --END-- [ RunTime:0.003123s ]

[ 2016-12-24T22:39:41+08:00 ] 127.0.0.1 /github/Wplus/ThinkWplus/index.php/Home/Nowait/makeorder
INFO: [ app_init ] --START--
INFO: Run Behavior\BuildLiteBehavior [ RunTime:0.000030s ]
INFO: [ app_init ] --END-- [ RunTime:0.001104s ]
INFO: [ app_begin ] --START--
INFO: Run Behavior\ReadHtmlCacheBehavior [ RunTime:0.001437s ]
INFO: [ app_begin ] --END-- [ RunTime:0.001560s ]
NOTIC: [2048] Declaration of Home\Controller\NowaitController::get() should be compatible with that of Think\Controller::get() G:\wwwroot\github\Wplus\ThinkWplus\Application\Home\Controller\NowaitController.class.php 第 109 行.
SQL: SHOW COLUMNS FROM `user` [ RunTime:0.0361s ]
SQL: SHOW COLUMNS FROM `address` [ RunTime:0.0359s ]
SQL: SELECT `id` FROM `user` WHERE `username` = '孙哲' LIMIT 1   [ RunTime:0.0351s ]
SQL: SELECT * FROM `address` WHERE ( userid=2 ) LIMIT 1   [ RunTime:0.0354s ]
INFO: [ view_parse ] --START--
INFO: [ template_filter ] --START--
INFO: Run Behavior\ContentReplaceBehavior [ RunTime:0.000158s ]
INFO: [ template_filter ] --END-- [ RunTime:0.000271s ]
INFO: Run Behavior\ParseTemplateBehavior [ RunTime:0.017187s ]
INFO: [ view_parse ] --END-- [ RunTime:0.017343s ]
INFO: [ view_filter ] --START--
INFO: Run Behavior\WriteHtmlCacheBehavior [ RunTime:0.000724s ]
INFO: [ view_filter ] --END-- [ RunTime:0.000846s ]
INFO: [ app_end ] --START--
INFO: Run Behavior\ShowPageTraceBehavior [ RunTime:0.001419s ]
INFO: [ app_end ] --END-- [ RunTime:0.001569s ]

[ 2016-12-24T22:42:39+08:00 ] 127.0.0.1 /github/Wplus/ThinkWplus/index.php/Home/Nowait/makeorder
INFO: [ app_init ] --START--
INFO: Run Behavior\BuildLiteBehavior [ RunTime:0.000031s ]
INFO: [ app_init ] --END-- [ RunTime:0.001124s ]
INFO: [ app_begin ] --START--
INFO: Run Behavior\ReadHtmlCacheBehavior [ RunTime:0.001739s ]
INFO: [ app_begin ] --END-- [ RunTime:0.001898s ]
NOTIC: [2048] Declaration of Home\Controller\NowaitController::get() should be compatible with that of Think\Controller::get() G:\wwwroot\github\Wplus\ThinkWplus\Application\Home\Controller\NowaitController.class.php 第 109 行.
SQL: SHOW COLUMNS FROM `user` [ RunTime:0.0389s ]
SQL: SHOW COLUMNS FROM `address` [ RunTime:0.0384s ]
SQL: SELECT `id` FROM `user` WHERE `username` = '孙哲' LIMIT 1   [ RunTime:0.0394s ]
SQL: SELECT * FROM `address` WHERE ( userid=2 ) LIMIT 1   [ RunTime:0.0376s ]
INFO: [ view_parse ] --START--
INFO: [ template_filter ] --START--
INFO: Run Behavior\ContentReplaceBehavior [ RunTime:0.000272s ]
INFO: [ template_filter ] --END-- [ RunTime:0.000462s ]
INFO: Run Behavior\ParseTemplateBehavior [ RunTime:0.032399s ]
INFO: [ view_parse ] --END-- [ RunTime:0.032623s ]
INFO: [ view_filter ] --START--
INFO: Run Behavior\WriteHtmlCacheBehavior [ RunTime:0.001772s ]
INFO: [ view_filter ] --END-- [ RunTime:0.001980s ]
INFO: [ app_end ] --START--
INFO: Run Behavior\ShowPageTraceBehavior [ RunTime:0.003064s ]
INFO: [ app_end ] --END-- [ RunTime:0.003349s ]

[ 2016-12-24T22:44:00+08:00 ] 127.0.0.1 /github/Wplus/ThinkWplus/index.php/Home/Nowait/makeorder
INFO: [ app_init ] --START--
INFO: Run Behavior\BuildLiteBehavior [ RunTime:0.000027s ]
INFO: [ app_init ] --END-- [ RunTime:0.001239s ]
INFO: [ app_begin ] --START--
INFO: Run Behavior\ReadHtmlCacheBehavior [ RunTime:0.001872s ]
INFO: [ app_begin ] --END-- [ RunTime:0.002033s ]
NOTIC: [2048] Declaration of Home\Controller\NowaitController::get() should be compatible with that of Think\Controller::get() G:\wwwroot\github\Wplus\ThinkWplus\Application\Home\Controller\NowaitController.class.php 第 109 行.
SQL: SHOW COLUMNS FROM `user` [ RunTime:0.0329s ]
SQL: SHOW COLUMNS FROM `address` [ RunTime:0.0328s ]
SQL: SELECT `id` FROM `user` WHERE `username` = '孙哲' LIMIT 1   [ RunTime:0.0326s ]
SQL: SELECT * FROM `address` WHERE ( userid=2 ) LIMIT 1   [ RunTime:0.0322s ]
INFO: [ view_parse ] --START--
INFO: [ template_filter ] --START--
INFO: Run Behavior\ContentReplaceBehavior [ RunTime:0.000171s ]
INFO: [ template_filter ] --END-- [ RunTime:0.000291s ]
INFO: Run Behavior\ParseTemplateBehavior [ RunTime:0.025665s ]
INFO: [ view_parse ] --END-- [ RunTime:0.025821s ]
INFO: [ view_filter ] --START--
INFO: Run Behavior\WriteHtmlCacheBehavior [ RunTime:0.000964s ]
INFO: [ view_filter ] --END-- [ RunTime:0.001067s ]
INFO: [ app_end ] --START--
INFO: Run Behavior\ShowPageTraceBehavior [ RunTime:0.002313s ]
INFO: [ app_end ] --END-- [ RunTime:0.002477s ]

[ 2016-12-24T22:45:29+08:00 ] 127.0.0.1 /github/Wplus/ThinkWplus/index.php/Home/Nowait/makeorder
INFO: [ app_init ] --START--
INFO: Run Behavior\BuildLiteBehavior [ RunTime:0.000017s ]
INFO: [ app_init ] --END-- [ RunTime:0.000682s ]
INFO: [ app_begin ] --START--
INFO: Run Behavior\ReadHtmlCacheBehavior [ RunTime:0.000815s ]
INFO: [ app_begin ] --END-- [ RunTime:0.000906s ]
NOTIC: [2048] Declaration of Home\Controller\NowaitController::get() should be compatible with that of Think\Controller::get() G:\wwwroot\github\Wplus\ThinkWplus\Application\Home\Controller\NowaitController.class.php 第 109 行.
SQL: SHOW COLUMNS FROM `user` [ RunTime:0.0348s ]
SQL: SHOW COLUMNS FROM `address` [ RunTime:0.0341s ]
SQL: SELECT `id` FROM `user` WHERE `username` = '孙哲' LIMIT 1   [ RunTime:0.0330s ]
SQL: SELECT * FROM `address` WHERE ( userid=2 ) LIMIT 1   [ RunTime:0.0335s ]
INFO: [ view_parse ] --START--
INFO: [ template_filter ] --START--
INFO: Run Behavior\ContentReplaceBehavior [ RunTime:0.000382s ]
INFO: [ template_filter ] --END-- [ RunTime:0.000672s ]
INFO: Run Behavior\ParseTemplateBehavior [ RunTime:0.030222s ]
INFO: [ view_parse ] --END-- [ RunTime:0.030459s ]
INFO: [ view_filter ] --START--
INFO: Run Behavior\WriteHtmlCacheBehavior [ RunTime:0.000689s ]
INFO: [ view_filter ] --END-- [ RunTime:0.000779s ]
INFO: [ app_end ] --START--
INFO: Run Behavior\ShowPageTraceBehavior [ RunTime:0.001300s ]
INFO: [ app_end ] --END-- [ RunTime:0.001445s ]

[ 2016-12-24T22:46:41+08:00 ] 127.0.0.1 /github/Wplus/ThinkWplus/index.php/Home/Nowait/makeorder
INFO: [ app_init ] --START--
INFO: Run Behavior\BuildLiteBehavior [ RunTime:0.000016s ]
INFO: [ app_init ] --END-- [ RunTime:0.000624s ]
INFO: [ app_begin ] --START--
INFO: Run Behavior\ReadHtmlCacheBehavior [ RunTime:0.000812s ]
INFO: [ app_begin ] --END-- [ RunTime:0.000884s ]
NOTIC: [2048] Declaration of Home\Controller\NowaitController::get() should be compatible with that of Think\Controller::get() G:\wwwroot\github\Wplus\ThinkWplus\Application\Home\Controller\NowaitController.class.php 第 109 行.
SQL: SHOW COLUMNS FROM `user` [ RunTime:0.0371s ]
SQL: SHOW COLUMNS FROM `address` [ RunTime:0.0367s ]
SQL: SELECT `id` FROM `user` WHERE `username` = '孙哲' LIMIT 1   [ RunTime:0.0361s ]
SQL: SELECT * FROM `address` WHERE ( userid=2 ) LIMIT 1   [ RunTime:0.0370s ]
INFO: [ view_parse ] --START--
INFO: [ template_filter ] --START--
INFO: Run Behavior\ContentReplaceBehavior [ RunTime:0.000186s ]
INFO: [ template_filter ] --END-- [ RunTime:0.000301s ]
INFO: Run Behavior\ParseTemplateBehavior [ RunTime:0.029232s ]
INFO: [ view_parse ] --END-- [ RunTime:0.029466s ]
INFO: [ view_filter ] --START--
INFO: Run Behavior\WriteHtmlCacheBehavior [ RunTime:0.000889s ]
INFO: [ view_filter ] --END-- [ RunTime:0.000990s ]
INFO: [ app_end ] --START--
INFO: Run Behavior\ShowPageTraceBehavior [ RunTime:0.002411s ]
INFO: [ app_end ] --END-- [ RunTime:0.002572s ]

[ 2016-12-24T22:46:49+08:00 ] 127.0.0.1 /github/Wplus/ThinkWplus/index.php/Home/Nowait/makeorder
INFO: [ app_init ] --START--
INFO: Run Behavior\BuildLiteBehavior [ RunTime:0.000015s ]
INFO: [ app_init ] --END-- [ RunTime:0.000608s ]
INFO: [ app_begin ] --START--
INFO: Run Behavior\ReadHtmlCacheBehavior [ RunTime:0.000771s ]
INFO: [ app_begin ] --END-- [ RunTime:0.000849s ]
NOTIC: [2048] Declaration of Home\Controller\NowaitController::get() should be compatible with that of Think\Controller::get() G:\wwwroot\github\Wplus\ThinkWplus\Application\Home\Controller\NowaitController.class.php 第 109 行.
SQL: SHOW COLUMNS FROM `user` [ RunTime:0.0396s ]
SQL: SHOW COLUMNS FROM `address` [ RunTime:0.0380s ]
SQL: SELECT `id` FROM `user` WHERE `username` = '孙哲' LIMIT 1   [ RunTime:0.0382s ]
SQL: SELECT * FROM `address` WHERE ( userid=2 ) LIMIT 1   [ RunTime:0.0387s ]
INFO: [ view_parse ] --START--
INFO: [ template_filter ] --START--
INFO: Run Behavior\ContentReplaceBehavior [ RunTime:0.000275s ]
INFO: [ template_filter ] --END-- [ RunTime:0.000462s ]
INFO: Run Behavior\ParseTemplateBehavior [ RunTime:0.030638s ]
INFO: [ view_parse ] --END-- [ RunTime:0.030839s ]
INFO: [ view_filter ] --START--
INFO: Run Behavior\WriteHtmlCacheBehavior [ RunTime:0.001432s ]
INFO: [ view_filter ] --END-- [ RunTime:0.001600s ]
INFO: [ app_end ] --START--
INFO: Run Behavior\ShowPageTraceBehavior [ RunTime:0.003815s ]
INFO: [ app_end ] --END-- [ RunTime:0.004070s ]

[ 2016-12-24T22:47:28+08:00 ] 127.0.0.1 /github/Wplus/ThinkWplus/index.php/Home/Nowait/makeorder
INFO: [ app_init ] --START--
INFO: Run Behavior\BuildLiteBehavior [ RunTime:0.000015s ]
INFO: [ app_init ] --END-- [ RunTime:0.000568s ]
INFO: [ app_begin ] --START--
INFO: Run Behavior\ReadHtmlCacheBehavior [ RunTime:0.000724s ]
INFO: [ app_begin ] --END-- [ RunTime:0.000786s ]
NOTIC: [2048] Declaration of Home\Controller\NowaitController::get() should be compatible with that of Think\Controller::get() G:\wwwroot\github\Wplus\ThinkWplus\Application\Home\Controller\NowaitController.class.php 第 109 行.
SQL: SHOW COLUMNS FROM `user` [ RunTime:0.0364s ]
SQL: SHOW COLUMNS FROM `address` [ RunTime:0.0377s ]
SQL: SELECT `id` FROM `user` WHERE `username` = '孙哲' LIMIT 1   [ RunTime:0.0373s ]
SQL: SELECT * FROM `address` WHERE ( userid=2 ) LIMIT 1   [ RunTime:0.0366s ]
INFO: [ view_parse ] --START--
INFO: [ template_filter ] --START--
INFO: Run Behavior\ContentReplaceBehavior [ RunTime:0.000315s ]
INFO: [ template_filter ] --END-- [ RunTime:0.000511s ]
INFO: Run Behavior\ParseTemplateBehavior [ RunTime:0.028685s ]
INFO: [ view_parse ] --END-- [ RunTime:0.028903s ]
INFO: [ view_filter ] --START--
INFO: Run Behavior\WriteHtmlCacheBehavior [ RunTime:0.001197s ]
INFO: [ view_filter ] --END-- [ RunTime:0.001410s ]
INFO: [ app_end ] --START--
INFO: Run Behavior\ShowPageTraceBehavior [ RunTime:0.003125s ]
INFO: [ app_end ] --END-- [ RunTime:0.004336s ]

[ 2016-12-24T22:48:09+08:00 ] 127.0.0.1 /github/Wplus/ThinkWplus/index.php/Home/Nowait/makeorder
INFO: [ app_init ] --START--
INFO: Run Behavior\BuildLiteBehavior [ RunTime:0.000016s ]
INFO: [ app_init ] --END-- [ RunTime:0.000643s ]
INFO: [ app_begin ] --START--
INFO: Run Behavior\ReadHtmlCacheBehavior [ RunTime:0.000800s ]
INFO: [ app_begin ] --END-- [ RunTime:0.000861s ]
NOTIC: [2048] Declaration of Home\Controller\NowaitController::get() should be compatible with that of Think\Controller::get() G:\wwwroot\github\Wplus\ThinkWplus\Application\Home\Controller\NowaitController.class.php 第 109 行.
SQL: SHOW COLUMNS FROM `user` [ RunTime:0.0370s ]
SQL: SHOW COLUMNS FROM `address` [ RunTime:0.0378s ]
SQL: SELECT `id` FROM `user` WHERE `username` = '孙哲' LIMIT 1   [ RunTime:0.0373s ]
SQL: SELECT * FROM `address` WHERE ( userid=2 ) LIMIT 1   [ RunTime:0.0372s ]
INFO: [ view_parse ] --START--
INFO: [ template_filter ] --START--
INFO: Run Behavior\ContentReplaceBehavior [ RunTime:0.000502s ]
INFO: [ template_filter ] --END-- [ RunTime:0.000785s ]
INFO: Run Behavior\ParseTemplateBehavior [ RunTime:0.031035s ]
INFO: [ view_parse ] --END-- [ RunTime:0.031238s ]
INFO: [ view_filter ] --START--
INFO: Run Behavior\WriteHtmlCacheBehavior [ RunTime:0.001427s ]
INFO: [ view_filter ] --END-- [ RunTime:0.001594s ]
INFO: [ app_end ] --START--
INFO: Run Behavior\ShowPageTraceBehavior [ RunTime:0.003163s ]
INFO: [ app_end ] --END-- [ RunTime:0.003416s ]

[ 2016-12-24T22:48:19+08:00 ] 127.0.0.1 /github/Wplus/ThinkWplus/index.php/Home/Nowait/makeorder
INFO: [ app_init ] --START--
INFO: Run Behavior\BuildLiteBehavior [ RunTime:0.000017s ]
INFO: [ app_init ] --END-- [ RunTime:0.000542s ]
INFO: [ app_begin ] --START--
INFO: Run Behavior\ReadHtmlCacheBehavior [ RunTime:0.000689s ]
INFO: [ app_begin ] --END-- [ RunTime:0.000752s ]
NOTIC: [2048] Declaration of Home\Controller\NowaitController::get() should be compatible with that of Think\Controller::get() G:\wwwroot\github\Wplus\ThinkWplus\Application\Home\Controller\NowaitController.class.php 第 109 行.
SQL: SHOW COLUMNS FROM `user` [ RunTime:0.0403s ]
SQL: SHOW COLUMNS FROM `address` [ RunTime:0.0405s ]
SQL: SELECT `id` FROM `user` WHERE `username` = '孙哲' LIMIT 1   [ RunTime:0.0399s ]
SQL: SELECT * FROM `address` WHERE ( userid=2 ) LIMIT 1   [ RunTime:0.0400s ]
INFO: [ view_parse ] --START--
INFO: [ template_filter ] --START--
INFO: Run Behavior\ContentReplaceBehavior [ RunTime:0.000296s ]
INFO: [ template_filter ] --END-- [ RunTime:0.000484s ]
INFO: Run Behavior\ParseTemplateBehavior [ RunTime:0.028725s ]
INFO: [ view_parse ] --END-- [ RunTime:0.028943s ]
INFO: [ view_filter ] --START--
INFO: Run Behavior\WriteHtmlCacheBehavior [ RunTime:0.000840s ]
INFO: [ view_filter ] --END-- [ RunTime:0.000980s ]
INFO: [ app_end ] --START--
INFO: Run Behavior\ShowPageTraceBehavior [ RunTime:0.001976s ]
INFO: [ app_end ] --END-- [ RunTime:0.002166s ]

[ 2016-12-24T22:49:51+08:00 ] 127.0.0.1 /github/Wplus/ThinkWplus/index.php/Home/Nowait/makeorder
INFO: [ app_init ] --START--
INFO: Run Behavior\BuildLiteBehavior [ RunTime:0.000014s ]
INFO: [ app_init ] --END-- [ RunTime:0.000646s ]
INFO: [ app_begin ] --START--
INFO: Run Behavior\ReadHtmlCacheBehavior [ RunTime:0.002218s ]
INFO: [ app_begin ] --END-- [ RunTime:0.002303s ]
NOTIC: [2048] Declaration of Home\Controller\NowaitController::get() should be compatible with that of Think\Controller::get() G:\wwwroot\github\Wplus\ThinkWplus\Application\Home\Controller\NowaitController.class.php 第 109 行.
SQL: SHOW COLUMNS FROM `user` [ RunTime:0.0417s ]
SQL: SHOW COLUMNS FROM `address` [ RunTime:0.0421s ]
SQL: SELECT `id` FROM `user` WHERE `username` = '孙哲' LIMIT 1   [ RunTime:0.0415s ]
SQL: SELECT * FROM `address` WHERE ( userid=2 ) LIMIT 1   [ RunTime:0.0416s ]
INFO: [ view_parse ] --START--
INFO: [ template_filter ] --START--
INFO: Run Behavior\ContentReplaceBehavior [ RunTime:0.000344s ]
INFO: [ template_filter ] --END-- [ RunTime:0.000581s ]
INFO: Run Behavior\ParseTemplateBehavior [ RunTime:0.030699s ]
INFO: [ view_parse ] --END-- [ RunTime:0.030972s ]
INFO: [ view_filter ] --START--
INFO: Run Behavior\WriteHtmlCacheBehavior [ RunTime:0.001590s ]
INFO: [ view_filter ] --END-- [ RunTime:0.001805s ]
INFO: [ app_end ] --START--
INFO: Run Behavior\ShowPageTraceBehavior [ RunTime:0.002573s ]
INFO: [ app_end ] --END-- [ RunTime:0.002827s ]

[ 2016-12-24T22:52:50+08:00 ] 127.0.0.1 /github/Wplus/ThinkWplus/index.php/Home/Nowait/makeorder
INFO: [ app_init ] --START--
INFO: Run Behavior\BuildLiteBehavior [ RunTime:0.000020s ]
INFO: [ app_init ] --END-- [ RunTime:0.000828s ]
INFO: [ app_begin ] --START--
INFO: Run Behavior\ReadHtmlCacheBehavior [ RunTime:0.000956s ]
INFO: [ app_begin ] --END-- [ RunTime:0.001023s ]
NOTIC: [2048] Declaration of Home\Controller\NowaitController::get() should be compatible with that of Think\Controller::get() G:\wwwroot\github\Wplus\ThinkWplus\Application\Home\Controller\NowaitController.class.php 第 109 行.
SQL: SHOW COLUMNS FROM `user` [ RunTime:0.0425s ]
SQL: SHOW COLUMNS FROM `address` [ RunTime:0.0409s ]
SQL: SELECT `id` FROM `user` WHERE `username` = '孙哲' LIMIT 1   [ RunTime:0.0414s ]
SQL: SELECT * FROM `address` WHERE ( userid=2 ) LIMIT 1   [ RunTime:0.0417s ]
INFO: [ view_parse ] --START--
INFO: [ template_filter ] --START--
INFO: Run Behavior\ContentReplaceBehavior [ RunTime:0.000160s ]
INFO: [ template_filter ] --END-- [ RunTime:0.000272s ]
INFO: Run Behavior\ParseTemplateBehavior [ RunTime:0.025033s ]
INFO: [ view_parse ] --END-- [ RunTime:0.025238s ]
INFO: [ view_filter ] --START--
INFO: Run Behavior\WriteHtmlCacheBehavior [ RunTime:0.000903s ]
INFO: [ view_filter ] --END-- [ RunTime:0.001002s ]
INFO: [ app_end ] --START--
INFO: Run Behavior\ShowPageTraceBehavior [ RunTime:0.001527s ]
INFO: [ app_end ] --END-- [ RunTime:0.001685s ]

[ 2016-12-24T22:57:15+08:00 ] 127.0.0.1 /github/Wplus/ThinkWplus/index.php/Home/Nowait/makeorder
INFO: [ app_init ] --START--
INFO: Run Behavior\BuildLiteBehavior [ RunTime:0.000028s ]
INFO: [ app_init ] --END-- [ RunTime:0.001076s ]
INFO: [ app_begin ] --START--
INFO: Run Behavior\ReadHtmlCacheBehavior [ RunTime:0.001415s ]
INFO: [ app_begin ] --END-- [ RunTime:0.001530s ]
NOTIC: [2048] Declaration of Home\Controller\NowaitController::get() should be compatible with that of Think\Controller::get() G:\wwwroot\github\Wplus\ThinkWplus\Application\Home\Controller\NowaitController.class.php 第 109 行.
SQL: SHOW COLUMNS FROM `user` [ RunTime:0.0355s ]
SQL: SHOW COLUMNS FROM `address` [ RunTime:0.0356s ]
SQL: SELECT `id` FROM `user` WHERE `username` = '孙哲' LIMIT 1   [ RunTime:0.0333s ]
SQL: SELECT * FROM `address` WHERE ( userid=2 ) LIMIT 1   [ RunTime:0.0348s ]
INFO: [ view_parse ] --START--
INFO: [ template_filter ] --START--
INFO: Run Behavior\ContentReplaceBehavior [ RunTime:0.000185s ]
INFO: [ template_filter ] --END-- [ RunTime:0.000313s ]
INFO: Run Behavior\ParseTemplateBehavior [ RunTime:0.029475s ]
INFO: [ view_parse ] --END-- [ RunTime:0.029645s ]
INFO: [ view_filter ] --START--
INFO: Run Behavior\WriteHtmlCacheBehavior [ RunTime:0.001124s ]
INFO: [ view_filter ] --END-- [ RunTime:0.001243s ]
INFO: [ app_end ] --START--
INFO: Run Behavior\ShowPageTraceBehavior [ RunTime:0.001958s ]
INFO: [ app_end ] --END-- [ RunTime:0.002097s ]

[ 2016-12-24T22:57:48+08:00 ] 127.0.0.1 /github/Wplus/ThinkWplus/index.php/Home/Nowait/makeorder
INFO: [ app_init ] --START--
INFO: Run Behavior\BuildLiteBehavior [ RunTime:0.000015s ]
INFO: [ app_init ] --END-- [ RunTime:0.000661s ]
INFO: [ app_begin ] --START--
INFO: Run Behavior\ReadHtmlCacheBehavior [ RunTime:0.000964s ]
INFO: [ app_begin ] --END-- [ RunTime:0.001026s ]
NOTIC: [2048] Declaration of Home\Controller\NowaitController::get() should be compatible with that of Think\Controller::get() G:\wwwroot\github\Wplus\ThinkWplus\Application\Home\Controller\NowaitController.class.php 第 109 行.
SQL: SHOW COLUMNS FROM `user` [ RunTime:0.0339s ]
SQL: SHOW COLUMNS FROM `address` [ RunTime:0.0334s ]
SQL: SELECT `id` FROM `user` WHERE `username` = '孙哲' LIMIT 1   [ RunTime:0.0326s ]
SQL: SELECT * FROM `address` WHERE ( userid=2 ) LIMIT 1   [ RunTime:0.0342s ]
INFO: [ view_parse ] --START--
INFO: [ template_filter ] --START--
INFO: Run Behavior\ContentReplaceBehavior [ RunTime:0.000565s ]
INFO: [ template_filter ] --END-- [ RunTime:0.000840s ]
INFO: Run Behavior\ParseTemplateBehavior [ RunTime:0.031945s ]
INFO: [ view_parse ] --END-- [ RunTime:0.032338s ]
INFO: [ view_filter ] --START--
INFO: Run Behavior\WriteHtmlCacheBehavior [ RunTime:0.002079s ]
INFO: [ view_filter ] --END-- [ RunTime:0.002315s ]
INFO: [ app_end ] --START--
INFO: Run Behavior\ShowPageTraceBehavior [ RunTime:0.002871s ]
INFO: [ app_end ] --END-- [ RunTime:0.003096s ]

[ 2016-12-24T22:57:58+08:00 ] 127.0.0.1 /github/Wplus/ThinkWplus/index.php/Home/Nowait/makeorder
INFO: [ app_init ] --START--
INFO: Run Behavior\BuildLiteBehavior [ RunTime:0.000015s ]
INFO: [ app_init ] --END-- [ RunTime:0.000617s ]
INFO: [ app_begin ] --START--
INFO: Run Behavior\ReadHtmlCacheBehavior [ RunTime:0.000836s ]
INFO: [ app_begin ] --END-- [ RunTime:0.000899s ]
NOTIC: [2048] Declaration of Home\Controller\NowaitController::get() should be compatible with that of Think\Controller::get() G:\wwwroot\github\Wplus\ThinkWplus\Application\Home\Controller\NowaitController.class.php 第 109 行.
SQL: SHOW COLUMNS FROM `user` [ RunTime:0.0387s ]
SQL: SHOW COLUMNS FROM `address` [ RunTime:0.0376s ]
SQL: SELECT `id` FROM `user` WHERE `username` = '孙哲' LIMIT 1   [ RunTime:0.0366s ]
SQL: SELECT * FROM `address` WHERE ( userid=2 ) LIMIT 1   [ RunTime:0.0360s ]
INFO: [ view_parse ] --START--
INFO: [ template_filter ] --START--
INFO: Run Behavior\ContentReplaceBehavior [ RunTime:0.000288s ]
INFO: [ template_filter ] --END-- [ RunTime:0.000514s ]
INFO: Run Behavior\ParseTemplateBehavior [ RunTime:0.033473s ]
INFO: [ view_parse ] --END-- [ RunTime:0.033681s ]
INFO: [ view_filter ] --START--
INFO: Run Behavior\WriteHtmlCacheBehavior [ RunTime:0.000891s ]
INFO: [ view_filter ] --END-- [ RunTime:0.001008s ]
INFO: [ app_end ] --START--
INFO: Run Behavior\ShowPageTraceBehavior [ RunTime:0.002319s ]
INFO: [ app_end ] --END-- [ RunTime:0.002426s ]

[ 2016-12-24T22:58:55+08:00 ] 127.0.0.1 /github/Wplus/ThinkWplus/index.php/Home/Nowait/makeorder
INFO: [ app_init ] --START--
INFO: Run Behavior\BuildLiteBehavior [ RunTime:0.000018s ]
INFO: [ app_init ] --END-- [ RunTime:0.000824s ]
INFO: [ app_begin ] --START--
INFO: Run Behavior\ReadHtmlCacheBehavior [ RunTime:0.000809s ]
INFO: [ app_begin ] --END-- [ RunTime:0.000880s ]
NOTIC: [2048] Declaration of Home\Controller\NowaitController::get() should be compatible with that of Think\Controller::get() G:\wwwroot\github\Wplus\ThinkWplus\Application\Home\Controller\NowaitController.class.php 第 109 行.
SQL: SHOW COLUMNS FROM `user` [ RunTime:0.0377s ]
SQL: SHOW COLUMNS FROM `address` [ RunTime:0.0373s ]
SQL: SELECT `id` FROM `user` WHERE `username` = '孙哲' LIMIT 1   [ RunTime:0.0356s ]
SQL: SELECT * FROM `address` WHERE ( userid=2 ) LIMIT 1   [ RunTime:0.0369s ]
INFO: [ view_parse ] --START--
INFO: [ template_filter ] --START--
INFO: Run Behavior\ContentReplaceBehavior [ RunTime:0.000249s ]
INFO: [ template_filter ] --END-- [ RunTime:0.000410s ]
INFO: Run Behavior\ParseTemplateBehavior [ RunTime:0.018820s ]
INFO: [ view_parse ] --END-- [ RunTime:0.019012s ]
INFO: [ view_filter ] --START--
INFO: Run Behavior\WriteHtmlCacheBehavior [ RunTime:0.000914s ]
INFO: [ view_filter ] --END-- [ RunTime:0.001011s ]
INFO: [ app_end ] --START--
INFO: Run Behavior\ShowPageTraceBehavior [ RunTime:0.001262s ]
INFO: [ app_end ] --END-- [ RunTime:0.001367s ]

[ 2016-12-24T23:00:42+08:00 ] 127.0.0.1 /github/Wplus/ThinkWplus/index.php/Home/Nowait/makeorder
INFO: [ app_init ] --START--
INFO: Run Behavior\BuildLiteBehavior [ RunTime:0.000023s ]
INFO: [ app_init ] --END-- [ RunTime:0.000934s ]
INFO: [ app_begin ] --START--
INFO: Run Behavior\ReadHtmlCacheBehavior [ RunTime:0.001215s ]
INFO: [ app_begin ] --END-- [ RunTime:0.001362s ]
NOTIC: [2048] Declaration of Home\Controller\NowaitController::get() should be compatible with that of Think\Controller::get() G:\wwwroot\github\Wplus\ThinkWplus\Application\Home\Controller\NowaitController.class.php 第 109 行.
SQL: SHOW COLUMNS FROM `user` [ RunTime:0.0354s ]
SQL: SHOW COLUMNS FROM `address` [ RunTime:0.0357s ]
SQL: SELECT `id` FROM `user` WHERE `username` = '孙哲' LIMIT 1   [ RunTime:0.0353s ]
SQL: SELECT * FROM `address` WHERE ( userid=2 ) LIMIT 1   [ RunTime:0.0348s ]
INFO: [ view_parse ] --START--
INFO: [ template_filter ] --START--
INFO: Run Behavior\ContentReplaceBehavior [ RunTime:0.000159s ]
INFO: [ template_filter ] --END-- [ RunTime:0.000270s ]
INFO: Run Behavior\ParseTemplateBehavior [ RunTime:0.029982s ]
INFO: [ view_parse ] --END-- [ RunTime:0.030252s ]
INFO: [ view_filter ] --START--
INFO: Run Behavior\WriteHtmlCacheBehavior [ RunTime:0.001109s ]
INFO: [ view_filter ] --END-- [ RunTime:0.001431s ]
INFO: [ app_end ] --START--
INFO: Run Behavior\ShowPageTraceBehavior [ RunTime:0.001729s ]
INFO: [ app_end ] --END-- [ RunTime:0.001885s ]

[ 2016-12-24T23:00:49+08:00 ] 127.0.0.1 /github/Wplus/ThinkWplus/index.php/Home/Menu/othersbuy.html
INFO: [ app_init ] --START--
INFO: Run Behavior\BuildLiteBehavior [ RunTime:0.000021s ]
INFO: [ app_init ] --END-- [ RunTime:0.000755s ]
INFO: [ app_begin ] --START--
INFO: Run Behavior\ReadHtmlCacheBehavior [ RunTime:0.001186s ]
INFO: [ app_begin ] --END-- [ RunTime:0.001278s ]
SQL: SHOW COLUMNS FROM `user` [ RunTime:0.0393s ]
SQL: SHOW COLUMNS FROM `address` [ RunTime:0.0390s ]
SQL: SELECT `id` FROM `user` WHERE `username` = '孙哲' LIMIT 1   [ RunTime:0.0374s ]
SQL: SELECT `id` FROM `address` WHERE `address` = '4栋546' LIMIT 1   [ RunTime:0.0384s ]
NOTIC: [8] Undefined index: ingredients G:\wwwroot\github\Wplus\ThinkWplus\Application\Home\Controller\MenuController.class.php 第 103 行.
NOTIC: [2] implode() [<a href='function.implode'>function.implode</a>]: Invalid arguments passed G:\wwwroot\github\Wplus\ThinkWplus\Application\Home\Controller\MenuController.class.php 第 103 行.
NOTIC: [8] Undefined index: amount G:\wwwroot\github\Wplus\ThinkWplus\Application\Home\Controller\MenuController.class.php 第 104 行.
NOTIC: [2] implode() [<a href='function.implode'>function.implode</a>]: Invalid arguments passed G:\wwwroot\github\Wplus\ThinkWplus\Application\Home\Controller\MenuController.class.php 第 104 行.
SQL: SHOW COLUMNS FROM `orderform` [ RunTime:0.0387s ]
NOTIC: [8] Undefined index: validate G:\wwwroot\github\Wplus\ThinkWplus\ThinkPHP\Library\Think\Model.class.php 第 1185 行.
NOTIC: [8] Undefined index: auto G:\wwwroot\github\Wplus\ThinkWplus\ThinkPHP\Library\Think\Model.class.php 第 1128 行.
SQL: INSERT INTO `orderform` (`reward`,`deadline`,`ingredients`,`amount`,`makerid`,`purchaserid`,`addressid`) VALUES ('0','',NULL,NULL,'2',NULL,'2') [ RunTime:0.0698s ]

[ 2016-12-24T23:00:54+08:00 ] 127.0.0.1 /github/Wplus/ThinkWplus/index.php/Home/Nowait/requestlist.html
INFO: [ app_init ] --START--
INFO: Run Behavior\BuildLiteBehavior [ RunTime:0.000016s ]
INFO: [ app_init ] --END-- [ RunTime:0.000587s ]
INFO: [ app_begin ] --START--
INFO: Run Behavior\ReadHtmlCacheBehavior [ RunTime:0.000752s ]
INFO: [ app_begin ] --END-- [ RunTime:0.000814s ]
NOTIC: [2048] Declaration of Home\Controller\NowaitController::get() should be compatible with that of Think\Controller::get() G:\wwwroot\github\Wplus\ThinkWplus\Application\Home\Controller\NowaitController.class.php 第 109 行.
SQL: SHOW COLUMNS FROM `orderform` [ RunTime:0.0311s ]
SQL: SELECT * FROM `orderform` INNER JOIN address ON orderform.addressid = address.id INNER JOIN user ON orderform.makerid = user.id  WHERE ( purchaserid is null )  [ RunTime:0.0336s ]
INFO: [ view_parse ] --START--
INFO: [ template_filter ] --START--
INFO: Run Behavior\ContentReplaceBehavior [ RunTime:0.000231s ]
INFO: [ template_filter ] --END-- [ RunTime:0.000515s ]
INFO: Run Behavior\ParseTemplateBehavior [ RunTime:0.065452s ]
INFO: [ view_parse ] --END-- [ RunTime:0.065632s ]
INFO: [ view_filter ] --START--
INFO: Run Behavior\WriteHtmlCacheBehavior [ RunTime:0.001146s ]
INFO: [ view_filter ] --END-- [ RunTime:0.001279s ]
INFO: [ app_end ] --START--
INFO: Run Behavior\ShowPageTraceBehavior [ RunTime:0.002225s ]
INFO: [ app_end ] --END-- [ RunTime:0.002461s ]

[ 2016-12-24T23:03:15+08:00 ] 127.0.0.1 /github/Wplus/ThinkWplus/index.php/Home/Nowait/makeorder
INFO: [ app_init ] --START--
INFO: Run Behavior\BuildLiteBehavior [ RunTime:0.000018s ]
INFO: [ app_init ] --END-- [ RunTime:0.000655s ]
INFO: [ app_begin ] --START--
INFO: Run Behavior\ReadHtmlCacheBehavior [ RunTime:0.000903s ]
INFO: [ app_begin ] --END-- [ RunTime:0.001006s ]
NOTIC: [2048] Declaration of Home\Controller\NowaitController::get() should be compatible with that of Think\Controller::get() G:\wwwroot\github\Wplus\ThinkWplus\Application\Home\Controller\NowaitController.class.php 第 109 行.
SQL: SHOW COLUMNS FROM `user` [ RunTime:0.0398s ]
SQL: SHOW COLUMNS FROM `address` [ RunTime:0.0386s ]
SQL: SELECT `id` FROM `user` WHERE `username` = '孙哲' LIMIT 1   [ RunTime:0.0382s ]
SQL: SELECT * FROM `address` WHERE ( userid=2 ) LIMIT 1   [ RunTime:0.0383s ]
INFO: [ view_parse ] --START--
INFO: [ template_filter ] --START--
INFO: Run Behavior\ContentReplaceBehavior [ RunTime:0.000160s ]
INFO: [ template_filter ] --END-- [ RunTime:0.000225s ]
INFO: Run Behavior\ParseTemplateBehavior [ RunTime:0.010418s ]
INFO: [ view_parse ] --END-- [ RunTime:0.010503s ]
INFO: [ view_filter ] --START--
INFO: Run Behavior\WriteHtmlCacheBehavior [ RunTime:0.000543s ]
INFO: [ view_filter ] --END-- [ RunTime:0.000600s ]
INFO: [ app_end ] --START--
INFO: Run Behavior\ShowPageTraceBehavior [ RunTime:0.000983s ]
INFO: [ app_end ] --END-- [ RunTime:0.001060s ]

[ 2016-12-24T23:03:43+08:00 ] 127.0.0.1 /github/Wplus/ThinkWplus/index.php/Home/Menu/othersbuy.html
INFO: [ app_init ] --START--
INFO: Run Behavior\BuildLiteBehavior [ RunTime:0.000015s ]
INFO: [ app_init ] --END-- [ RunTime:0.000640s ]
INFO: [ app_begin ] --START--
INFO: Run Behavior\ReadHtmlCacheBehavior [ RunTime:0.000809s ]
INFO: [ app_begin ] --END-- [ RunTime:0.000874s ]
SQL: SHOW COLUMNS FROM `user` [ RunTime:0.0353s ]
SQL: SHOW COLUMNS FROM `address` [ RunTime:0.0345s ]
SQL: SELECT `id` FROM `user` WHERE `username` = '孙哲' LIMIT 1   [ RunTime:0.0351s ]
SQL: SELECT `id` FROM `address` WHERE `address` = '4栋546' LIMIT 1   [ RunTime:0.0345s ]
SQL: SHOW COLUMNS FROM `orderform` [ RunTime:0.0343s ]
NOTIC: [8] Undefined index: validate G:\wwwroot\github\Wplus\ThinkWplus\ThinkPHP\Library\Think\Model.class.php 第 1185 行.
NOTIC: [8] Undefined index: auto G:\wwwroot\github\Wplus\ThinkWplus\ThinkPHP\Library\Think\Model.class.php 第 1128 行.
SQL: INSERT INTO `orderform` (`ingredients`,`amount`,`reward`,`deadline`,`makerid`,`purchaserid`,`addressid`) VALUES ('大米','1袋','1','3:00','2',NULL,'2') [ RunTime:0.0421s ]

[ 2016-12-24T23:03:48+08:00 ] 127.0.0.1 /github/Wplus/ThinkWplus/index.php/Home/Nowait/requestlist.html
INFO: [ app_init ] --START--
INFO: Run Behavior\BuildLiteBehavior [ RunTime:0.000038s ]
INFO: [ app_init ] --END-- [ RunTime:0.001271s ]
INFO: [ app_begin ] --START--
INFO: Run Behavior\ReadHtmlCacheBehavior [ RunTime:0.001230s ]
INFO: [ app_begin ] --END-- [ RunTime:0.001356s ]
NOTIC: [2048] Declaration of Home\Controller\NowaitController::get() should be compatible with that of Think\Controller::get() G:\wwwroot\github\Wplus\ThinkWplus\Application\Home\Controller\NowaitController.class.php 第 109 行.
SQL: SHOW COLUMNS FROM `orderform` [ RunTime:0.0354s ]
SQL: SELECT * FROM `orderform` INNER JOIN address ON orderform.addressid = address.id INNER JOIN user ON orderform.makerid = user.id  WHERE ( purchaserid is null )  [ RunTime:0.0384s ]
INFO: [ view_parse ] --START--
INFO: [ template_filter ] --START--
INFO: Run Behavior\ContentReplaceBehavior [ RunTime:0.000477s ]
INFO: [ template_filter ] --END-- [ RunTime:0.000687s ]
INFO: Run Behavior\ParseTemplateBehavior [ RunTime:0.095816s ]
INFO: [ view_parse ] --END-- [ RunTime:0.096053s ]
INFO: [ view_filter ] --START--
INFO: Run Behavior\WriteHtmlCacheBehavior [ RunTime:0.001561s ]
INFO: [ view_filter ] --END-- [ RunTime:0.001776s ]
INFO: [ app_end ] --START--
INFO: Run Behavior\ShowPageTraceBehavior [ RunTime:0.004497s ]
INFO: [ app_end ] --END-- [ RunTime:0.004876s ]

[ 2016-12-24T23:04:06+08:00 ] 127.0.0.1 /github/Wplus/ThinkWplus/index.php/Home/Nowait/makeorder
INFO: [ app_init ] --START--
INFO: Run Behavior\BuildLiteBehavior [ RunTime:0.000029s ]
INFO: [ app_init ] --END-- [ RunTime:0.001036s ]
INFO: [ app_begin ] --START--
INFO: Run Behavior\ReadHtmlCacheBehavior [ RunTime:0.001210s ]
INFO: [ app_begin ] --END-- [ RunTime:0.001357s ]
NOTIC: [2048] Declaration of Home\Controller\NowaitController::get() should be compatible with that of Think\Controller::get() G:\wwwroot\github\Wplus\ThinkWplus\Application\Home\Controller\NowaitController.class.php 第 109 行.
SQL: SHOW COLUMNS FROM `user` [ RunTime:0.0434s ]
SQL: SHOW COLUMNS FROM `address` [ RunTime:0.0440s ]
SQL: SELECT `id` FROM `user` WHERE `username` = '孙哲' LIMIT 1   [ RunTime:0.0433s ]
SQL: SELECT * FROM `address` WHERE ( userid=2 ) LIMIT 1   [ RunTime:0.0426s ]
INFO: [ view_parse ] --START--
INFO: [ template_filter ] --START--
INFO: Run Behavior\ContentReplaceBehavior [ RunTime:0.000270s ]
INFO: [ template_filter ] --END-- [ RunTime:0.000556s ]
INFO: Run Behavior\ParseTemplateBehavior [ RunTime:0.029714s ]
INFO: [ view_parse ] --END-- [ RunTime:0.029938s ]
INFO: [ view_filter ] --START--
INFO: Run Behavior\WriteHtmlCacheBehavior [ RunTime:0.001211s ]
INFO: [ view_filter ] --END-- [ RunTime:0.001380s ]
INFO: [ app_end ] --START--
INFO: Run Behavior\ShowPageTraceBehavior [ RunTime:0.001919s ]
INFO: [ app_end ] --END-- [ RunTime:0.002110s ]

[ 2016-12-24T23:04:16+08:00 ] 127.0.0.1 /github/Wplus/ThinkWplus/index.php/Home/Index/index
INFO: [ app_init ] --START--
INFO: Run Behavior\BuildLiteBehavior [ RunTime:0.000016s ]
INFO: [ app_init ] --END-- [ RunTime:0.000625s ]
INFO: [ app_begin ] --START--
INFO: Run Behavior\ReadHtmlCacheBehavior [ RunTime:0.000725s ]
INFO: [ app_begin ] --END-- [ RunTime:0.000790s ]
SQL: SHOW COLUMNS FROM `article` [ RunTime:0.0329s ]
SQL: SELECT * FROM article a,user b WHERE ( a.authorid = b.id ) LIMIT 10   [ RunTime:0.0354s ]
INFO: [ view_parse ] --START--
INFO: [ template_filter ] --START--
INFO: Run Behavior\ContentReplaceBehavior [ RunTime:0.000161s ]
INFO: [ template_filter ] --END-- [ RunTime:0.000287s ]
INFO: Run Behavior\ParseTemplateBehavior [ RunTime:0.019211s ]
INFO: [ view_parse ] --END-- [ RunTime:0.019382s ]
INFO: [ view_filter ] --START--
INFO: Run Behavior\WriteHtmlCacheBehavior [ RunTime:0.000753s ]
INFO: [ view_filter ] --END-- [ RunTime:0.000863s ]
INFO: [ app_end ] --START--
INFO: Run Behavior\ShowPageTraceBehavior [ RunTime:0.001508s ]
INFO: [ app_end ] --END-- [ RunTime:0.001639s ]

[ 2016-12-24T23:04:22+08:00 ] 127.0.0.1 /github/Wplus/ThinkWplus/index.php/Home/Menu/assortment
INFO: [ app_init ] --START--
INFO: Run Behavior\BuildLiteBehavior [ RunTime:0.000048s ]
INFO: [ app_init ] --END-- [ RunTime:0.001591s ]
INFO: [ app_begin ] --START--
INFO: Run Behavior\ReadHtmlCacheBehavior [ RunTime:0.001585s ]
INFO: [ app_begin ] --END-- [ RunTime:0.001727s ]
SQL: SHOW COLUMNS FROM `menu` [ RunTime:0.0346s ]
SQL: SELECT * FROM `menu`  [ RunTime:0.0346s ]
INFO: [ view_parse ] --START--
INFO: [ template_filter ] --START--
INFO: Run Behavior\ContentReplaceBehavior [ RunTime:0.000200s ]
INFO: [ template_filter ] --END-- [ RunTime:0.000341s ]
INFO: Run Behavior\ParseTemplateBehavior [ RunTime:0.079418s ]
INFO: [ view_parse ] --END-- [ RunTime:0.079627s ]
INFO: [ view_filter ] --START--
INFO: Run Behavior\WriteHtmlCacheBehavior [ RunTime:0.000814s ]
INFO: [ view_filter ] --END-- [ RunTime:0.000929s ]
INFO: [ app_end ] --START--
INFO: Run Behavior\ShowPageTraceBehavior [ RunTime:0.001677s ]
INFO: [ app_end ] --END-- [ RunTime:0.001835s ]

[ 2016-12-24T23:04:27+08:00 ] 127.0.0.1 /github/Wplus/ThinkWplus/index.php/Home/Menu/lists/tagid/1
INFO: [ app_init ] --START--
INFO: Run Behavior\BuildLiteBehavior [ RunTime:0.000016s ]
INFO: [ app_init ] --END-- [ RunTime:0.000542s ]
INFO: [ app_begin ] --START--
INFO: Run Behavior\ReadHtmlCacheBehavior [ RunTime:0.000985s ]
INFO: [ app_begin ] --END-- [ RunTime:0.001062s ]
SQL: SHOW COLUMNS FROM `menu` [ RunTime:0.0361s ]
SQL: SELECT * FROM `menu` WHERE ( id=1 )  [ RunTime:0.0349s ]
SQL: SHOW COLUMNS FROM `recipe` [ RunTime:0.0368s ]
SQL: SELECT `id`,`recipename`,`img` FROM `recipe` WHERE ( recipetagid = 1 )  [ RunTime:0.0370s ]
INFO: [ view_parse ] --START--
INFO: [ template_filter ] --START--
INFO: Run Behavior\ContentReplaceBehavior [ RunTime:0.000351s ]
INFO: [ template_filter ] --END-- [ RunTime:0.000565s ]
INFO: Run Behavior\ParseTemplateBehavior [ RunTime:0.083107s ]
INFO: [ view_parse ] --END-- [ RunTime:0.083261s ]
INFO: [ view_filter ] --START--
INFO: Run Behavior\WriteHtmlCacheBehavior [ RunTime:0.000480s ]
INFO: [ view_filter ] --END-- [ RunTime:0.000535s ]
INFO: [ app_end ] --START--
INFO: Run Behavior\ShowPageTraceBehavior [ RunTime:0.000897s ]
INFO: [ app_end ] --END-- [ RunTime:0.000995s ]

[ 2016-12-24T23:04:31+08:00 ] 127.0.0.1 /github/Wplus/ThinkWplus/index.php/Home/Menu/content/id/15
INFO: [ app_init ] --START--
INFO: Run Behavior\BuildLiteBehavior [ RunTime:0.000015s ]
INFO: [ app_init ] --END-- [ RunTime:0.000638s ]
INFO: [ app_begin ] --START--
INFO: Run Behavior\ReadHtmlCacheBehavior [ RunTime:0.000668s ]
INFO: [ app_begin ] --END-- [ RunTime:0.000734s ]
SQL: SHOW COLUMNS FROM `recipe` [ RunTime:0.0377s ]
SQL: SELECT * FROM `recipe` WHERE ( id=15 ) LIMIT 1   [ RunTime:0.0383s ]
INFO: [ view_parse ] --START--
INFO: [ template_filter ] --START--
INFO: Run Behavior\ContentReplaceBehavior [ RunTime:0.000320s ]
INFO: [ template_filter ] --END-- [ RunTime:0.000523s ]
NOTIC: [8] Undefined offset: 2 G:\wwwroot\github\Wplus\ThinkWplus\Application\Runtime\Cache\Home\3b92e5aee561cba8eaafd2831ee92d6e.php 第 82 行.
INFO: Run Behavior\ParseTemplateBehavior [ RunTime:0.120266s ]
INFO: [ view_parse ] --END-- [ RunTime:0.120421s ]
INFO: [ view_filter ] --START--
INFO: Run Behavior\WriteHtmlCacheBehavior [ RunTime:0.000862s ]
INFO: [ view_filter ] --END-- [ RunTime:0.000972s ]
INFO: [ app_end ] --START--
INFO: Run Behavior\ShowPageTraceBehavior [ RunTime:0.001629s ]
INFO: [ app_end ] --END-- [ RunTime:0.001768s ]

[ 2016-12-24T23:04:40+08:00 ] 127.0.0.1 /github/Wplus/ThinkWplus/index.php/Home/Menu/makeorder/id/15
INFO: [ app_init ] --START--
INFO: Run Behavior\BuildLiteBehavior [ RunTime:0.000016s ]
INFO: [ app_init ] --END-- [ RunTime:0.000653s ]
INFO: [ app_begin ] --START--
INFO: Run Behavior\ReadHtmlCacheBehavior [ RunTime:0.001188s ]
INFO: [ app_begin ] --END-- [ RunTime:0.001284s ]
SQL: SHOW COLUMNS FROM `recipe` [ RunTime:0.0371s ]
SQL: SHOW COLUMNS FROM `user` [ RunTime:0.0356s ]
SQL: SHOW COLUMNS FROM `address` [ RunTime:0.0364s ]
SQL: SELECT * FROM `recipe` WHERE ( id=15 ) LIMIT 1   [ RunTime:0.0363s ]
SQL: SELECT `id` FROM `user` WHERE `username` = '孙哲' LIMIT 1   [ RunTime:0.0357s ]
SQL: SELECT * FROM `address` WHERE ( userid=2 ) LIMIT 1   [ RunTime:0.0354s ]
INFO: [ view_parse ] --START--
INFO: [ template_filter ] --START--
INFO: Run Behavior\ContentReplaceBehavior [ RunTime:0.000268s ]
INFO: [ template_filter ] --END-- [ RunTime:0.000452s ]
INFO: Run Behavior\ParseTemplateBehavior [ RunTime:0.110869s ]
INFO: [ view_parse ] --END-- [ RunTime:0.111069s ]
INFO: [ view_filter ] --START--
INFO: Run Behavior\WriteHtmlCacheBehavior [ RunTime:0.001434s ]
INFO: [ view_filter ] --END-- [ RunTime:0.001612s ]
INFO: [ app_end ] --START--
INFO: Run Behavior\ShowPageTraceBehavior [ RunTime:0.002280s ]
INFO: [ app_end ] --END-- [ RunTime:0.002445s ]

[ 2016-12-24T23:05:31+08:00 ] 127.0.0.1 /github/Wplus/ThinkWplus/index.php/Home/Menu/makeorder/id/15
INFO: [ app_init ] --START--
INFO: Run Behavior\BuildLiteBehavior [ RunTime:0.000019s ]
INFO: [ app_init ] --END-- [ RunTime:0.000729s ]
INFO: [ app_begin ] --START--
INFO: Run Behavior\ReadHtmlCacheBehavior [ RunTime:0.000754s ]
INFO: [ app_begin ] --END-- [ RunTime:0.000818s ]
SQL: SHOW COLUMNS FROM `recipe` [ RunTime:0.0386s ]
SQL: SHOW COLUMNS FROM `user` [ RunTime:0.0378s ]
SQL: SHOW COLUMNS FROM `address` [ RunTime:0.0387s ]
SQL: SELECT * FROM `recipe` WHERE ( id=15 ) LIMIT 1   [ RunTime:0.0390s ]
SQL: SELECT `id` FROM `user` WHERE `username` = '孙哲' LIMIT 1   [ RunTime:0.0367s ]
SQL: SELECT * FROM `address` WHERE ( userid=2 ) LIMIT 1   [ RunTime:0.0377s ]
INFO: [ view_parse ] --START--
INFO: [ template_filter ] --START--
INFO: Run Behavior\ContentReplaceBehavior [ RunTime:0.000280s ]
INFO: [ template_filter ] --END-- [ RunTime:0.000465s ]
INFO: Run Behavior\ParseTemplateBehavior [ RunTime:0.029609s ]
INFO: [ view_parse ] --END-- [ RunTime:0.029845s ]
INFO: [ view_filter ] --START--
INFO: Run Behavior\WriteHtmlCacheBehavior [ RunTime:0.001173s ]
INFO: [ view_filter ] --END-- [ RunTime:0.001342s ]
INFO: [ app_end ] --START--
INFO: Run Behavior\ShowPageTraceBehavior [ RunTime:0.003357s ]
INFO: [ app_end ] --END-- [ RunTime:0.004368s ]

