[ 2016-12-25T22:27:17+08:00 ] 127.0.0.1 /github/Wplus/ThinkWplus/index.php/Admin/
INFO: [ app_init ] --START--
INFO: Run Behavior\BuildLiteBehavior [ RunTime:0.000316s ]
INFO: [ app_init ] --END-- [ RunTime:0.044492s ]
INFO: [ app_begin ] --START--
INFO: Run Behavior\ReadHtmlCacheBehavior [ RunTime:0.009660s ]
INFO: [ app_begin ] --END-- [ RunTime:0.009958s ]
INFO: [ view_parse ] --START--
INFO: [ template_filter ] --START--
INFO: Run Behavior\ContentReplaceBehavior [ RunTime:0.021545s ]
INFO: [ template_filter ] --END-- [ RunTime:0.021807s ]
INFO: Run Behavior\ParseTemplateBehavior [ RunTime:0.266305s ]
INFO: [ view_parse ] --END-- [ RunTime:0.266544s ]
INFO: [ view_filter ] --START--
INFO: Run Behavior\WriteHtmlCacheBehavior [ RunTime:0.001683s ]
INFO: [ view_filter ] --END-- [ RunTime:0.001865s ]

[ 2016-12-25T22:27:20+08:00 ] 127.0.0.1 /github/Wplus/ThinkWplus/index.php/Admin/Login/login.html
INFO: [ app_init ] --START--
INFO: Run Behavior\BuildLiteBehavior [ RunTime:0.000017s ]
INFO: [ app_init ] --END-- [ RunTime:0.000636s ]
INFO: [ app_begin ] --START--
INFO: Run Behavior\ReadHtmlCacheBehavior [ RunTime:0.000712s ]
INFO: [ app_begin ] --END-- [ RunTime:0.000773s ]
INFO: [ view_parse ] --START--
INFO: [ template_filter ] --START--
INFO: Run Behavior\ContentReplaceBehavior [ RunTime:0.000054s ]
INFO: [ template_filter ] --END-- [ RunTime:0.000119s ]
INFO: Run Behavior\ParseTemplateBehavior [ RunTime:0.051488s ]
INFO: [ view_parse ] --END-- [ RunTime:0.051600s ]
INFO: [ view_filter ] --START--
INFO: Run Behavior\WriteHtmlCacheBehavior [ RunTime:0.000474s ]
INFO: [ view_filter ] --END-- [ RunTime:0.000527s ]
INFO: [ app_end ] --START--
INFO: Run Behavior\ShowPageTraceBehavior [ RunTime:0.000905s ]
INFO: [ app_end ] --END-- [ RunTime:0.000988s ]

[ 2016-12-25T22:28:05+08:00 ] 127.0.0.1 /github/Wplus/ThinkWplus/index.php/Admin/
INFO: [ app_init ] --START--
INFO: Run Behavior\BuildLiteBehavior [ RunTime:0.000046s ]
INFO: [ app_init ] --END-- [ RunTime:0.001710s ]
INFO: [ app_begin ] --START--
INFO: Run Behavior\ReadHtmlCacheBehavior [ RunTime:0.002417s ]
INFO: [ app_begin ] --END-- [ RunTime:0.002626s ]

[ 2016-12-25T22:28:05+08:00 ] 127.0.0.1 /github/Wplus/ThinkWplus/index.php/Admin/Login/login.html
INFO: [ app_init ] --START--
INFO: Run Behavior\BuildLiteBehavior [ RunTime:0.000035s ]
INFO: [ app_init ] --END-- [ RunTime:0.001237s ]
INFO: [ app_begin ] --START--
INFO: Run Behavior\ReadHtmlCacheBehavior [ RunTime:0.001219s ]
INFO: [ app_begin ] --END-- [ RunTime:0.001341s ]
INFO: [ view_parse ] --START--
INFO: [ template_filter ] --START--
INFO: Run Behavior\ContentReplaceBehavior [ RunTime:0.000102s ]
INFO: [ template_filter ] --END-- [ RunTime:0.000257s ]
INFO: Run Behavior\ParseTemplateBehavior [ RunTime:0.022284s ]
INFO: [ view_parse ] --END-- [ RunTime:0.022463s ]
INFO: [ view_filter ] --START--
INFO: Run Behavior\WriteHtmlCacheBehavior [ RunTime:0.001196s ]
INFO: [ view_filter ] --END-- [ RunTime:0.001296s ]
INFO: [ app_end ] --START--
INFO: Run Behavior\ShowPageTraceBehavior [ RunTime:0.001400s ]
INFO: [ app_end ] --END-- [ RunTime:0.001502s ]

[ 2016-12-25T22:28:12+08:00 ] 127.0.0.1 /github/Wplus/ThinkWplus/index.php/Admin/
INFO: [ app_init ] --START--
INFO: Run Behavior\BuildLiteBehavior [ RunTime:0.000028s ]
INFO: [ app_init ] --END-- [ RunTime:0.001184s ]
INFO: [ app_begin ] --START--
INFO: Run Behavior\ReadHtmlCacheBehavior [ RunTime:0.001592s ]
INFO: [ app_begin ] --END-- [ RunTime:0.001726s ]

[ 2016-12-25T22:28:12+08:00 ] 127.0.0.1 /github/Wplus/ThinkWplus/index.php/Admin/Login/login.html
INFO: [ app_init ] --START--
INFO: Run Behavior\BuildLiteBehavior [ RunTime:0.000031s ]
INFO: [ app_init ] --END-- [ RunTime:0.000892s ]
INFO: [ app_begin ] --START--
INFO: Run Behavior\ReadHtmlCacheBehavior [ RunTime:0.001162s ]
INFO: [ app_begin ] --END-- [ RunTime:0.001277s ]
INFO: [ view_parse ] --START--
INFO: [ template_filter ] --START--
INFO: Run Behavior\ContentReplaceBehavior [ RunTime:0.000099s ]
INFO: [ template_filter ] --END-- [ RunTime:0.000227s ]
INFO: Run Behavior\ParseTemplateBehavior [ RunTime:0.053264s ]
INFO: [ view_parse ] --END-- [ RunTime:0.053382s ]
INFO: [ view_filter ] --START--
INFO: Run Behavior\WriteHtmlCacheBehavior [ RunTime:0.000811s ]
INFO: [ view_filter ] --END-- [ RunTime:0.000890s ]
INFO: [ app_end ] --START--
INFO: Run Behavior\ShowPageTraceBehavior [ RunTime:0.001118s ]
INFO: [ app_end ] --END-- [ RunTime:0.001202s ]

[ 2016-12-25T22:29:03+08:00 ] 127.0.0.1 /github/Wplus/ThinkWplus/index.php/Admin/Login/login
INFO: [ app_init ] --START--
INFO: Run Behavior\BuildLiteBehavior [ RunTime:0.000030s ]
INFO: [ app_init ] --END-- [ RunTime:0.001278s ]
INFO: [ app_begin ] --START--
INFO: Run Behavior\ReadHtmlCacheBehavior [ RunTime:0.001664s ]
INFO: [ app_begin ] --END-- [ RunTime:0.002014s ]
SQL: SHOW COLUMNS FROM `adminuser` [ RunTime:0.0940s ]
SQL: SELECT COUNT(*) AS tp_count FROM `adminuser` WHERE `username` = 'admin' AND `password` = '123456' LIMIT 1   [ RunTime:0.0369s ]
SQL: SELECT `id` FROM `adminuser` WHERE `username` = 'admin' AND `password` = '123456'  [ RunTime:0.0351s ]

[ 2016-12-25T22:29:03+08:00 ] 127.0.0.1 /github/Wplus/ThinkWplus/index.php/Admin/Index/index.html
INFO: [ app_init ] --START--
INFO: Run Behavior\BuildLiteBehavior [ RunTime:0.000025s ]
INFO: [ app_init ] --END-- [ RunTime:0.000921s ]
INFO: [ app_begin ] --START--
INFO: Run Behavior\ReadHtmlCacheBehavior [ RunTime:0.001192s ]
INFO: [ app_begin ] --END-- [ RunTime:0.001313s ]
INFO: [ view_parse ] --START--
INFO: [ template_filter ] --START--
INFO: Run Behavior\ContentReplaceBehavior [ RunTime:0.000292s ]
INFO: [ template_filter ] --END-- [ RunTime:0.000495s ]
INFO: Run Behavior\ParseTemplateBehavior [ RunTime:0.050861s ]
INFO: [ view_parse ] --END-- [ RunTime:0.051038s ]
INFO: [ view_filter ] --START--
INFO: Run Behavior\WriteHtmlCacheBehavior [ RunTime:0.001436s ]
INFO: [ view_filter ] --END-- [ RunTime:0.001615s ]
INFO: [ app_end ] --START--
INFO: Run Behavior\ShowPageTraceBehavior [ RunTime:0.005187s ]
INFO: [ app_end ] --END-- [ RunTime:0.005407s ]

[ 2016-12-25T22:29:07+08:00 ] 127.0.0.1 /github/Wplus/ThinkWplus/index.php/Admin/Index/indexIndex
INFO: [ app_init ] --START--
INFO: Run Behavior\BuildLiteBehavior [ RunTime:0.000017s ]
INFO: [ app_init ] --END-- [ RunTime:0.000691s ]
INFO: [ app_begin ] --START--
INFO: Run Behavior\ReadHtmlCacheBehavior [ RunTime:0.000793s ]
INFO: [ app_begin ] --END-- [ RunTime:0.000865s ]
NOTIC: [8] Use of undefined constant dish - assumed 'dish' G:\wwwroot\github\Wplus\ThinkWplus\Application\Admin\Controller\IndexController.class.php 第 18 行.
SQL: SHOW COLUMNS FROM `dish` [ RunTime:0.0348s ]
SQL: SELECT COUNT(*) AS tp_count FROM `dish` LIMIT 1   [ RunTime:0.0339s ]
NOTIC: [8] Use of undefined constant orderform - assumed 'orderform' G:\wwwroot\github\Wplus\ThinkWplus\Application\Admin\Controller\IndexController.class.php 第 22 行.
SQL: SHOW COLUMNS FROM `orderform` [ RunTime:0.0360s ]
SQL: SELECT COUNT(*) AS tp_count FROM `orderform` LIMIT 1   [ RunTime:0.0358s ]
NOTIC: [8] Use of undefined constant feedback - assumed 'feedback' G:\wwwroot\github\Wplus\ThinkWplus\Application\Admin\Controller\IndexController.class.php 第 26 行.
SQL: SHOW COLUMNS FROM `feedback` [ RunTime:0.0360s ]
SQL: SELECT COUNT(*) AS tp_count FROM `feedback` LIMIT 1   [ RunTime:0.0352s ]
NOTIC: [8] Use of undefined constant user - assumed 'user' G:\wwwroot\github\Wplus\ThinkWplus\Application\Admin\Controller\IndexController.class.php 第 30 行.
SQL: SHOW COLUMNS FROM `user` [ RunTime:0.0357s ]
SQL: SELECT COUNT(*) AS tp_count FROM `user` LIMIT 1   [ RunTime:0.0341s ]
NOTIC: [8] Use of undefined constant Y - assumed 'Y' G:\wwwroot\github\Wplus\ThinkWplus\Application\Admin\Controller\IndexController.class.php 第 34 行.
NOTIC: [8] Use of undefined constant article - assumed 'article' G:\wwwroot\github\Wplus\ThinkWplus\Application\Admin\Controller\IndexController.class.php 第 35 行.
SQL: SHOW COLUMNS FROM `article` [ RunTime:0.0351s ]
SQL: SELECT COUNT(*) AS tp_count FROM `article` WHERE `time` LIKE '2016%' LIMIT 1   [ RunTime:0.0344s ]
NOTIC: [8] Use of undefined constant Y - assumed 'Y' G:\wwwroot\github\Wplus\ThinkWplus\Application\Admin\Controller\IndexController.class.php 第 40 行.
SQL: SELECT COUNT(*) AS tp_count FROM `article` WHERE `time` LIKE '2015%' LIMIT 1   [ RunTime:0.0345s ]
NOTIC: [8] Use of undefined constant Y - assumed 'Y' G:\wwwroot\github\Wplus\ThinkWplus\Application\Admin\Controller\IndexController.class.php 第 45 行.
SQL: SELECT COUNT(*) AS tp_count FROM `article` WHERE `time` LIKE '2014%' LIMIT 1   [ RunTime:0.0342s ]
NOTIC: [8] Use of undefined constant Y - assumed 'Y' G:\wwwroot\github\Wplus\ThinkWplus\Application\Admin\Controller\IndexController.class.php 第 50 行.
SQL: SELECT COUNT(*) AS tp_count FROM `article` WHERE `time` LIKE '2013%' LIMIT 1   [ RunTime:0.0352s ]
NOTIC: [8] Use of undefined constant Y - assumed 'Y' G:\wwwroot\github\Wplus\ThinkWplus\Application\Admin\Controller\IndexController.class.php 第 55 行.
SQL: SELECT COUNT(*) AS tp_count FROM `article` WHERE `time` LIKE '2012%' LIMIT 1   [ RunTime:0.0353s ]
NOTIC: [8] Use of undefined constant Y - assumed 'Y' G:\wwwroot\github\Wplus\ThinkWplus\Application\Admin\Controller\IndexController.class.php 第 60 行.
SQL: SELECT COUNT(*) AS tp_count FROM `article` WHERE `time` LIKE '2011%' LIMIT 1   [ RunTime:0.0354s ]
NOTIC: [8] Use of undefined constant Y - assumed 'Y' G:\wwwroot\github\Wplus\ThinkWplus\Application\Admin\Controller\IndexController.class.php 第 65 行.
SQL: SELECT COUNT(*) AS tp_count FROM `article` WHERE `time` LIKE '2010%' LIMIT 1   [ RunTime:0.0346s ]
SQL: SELECT COUNT(*) AS tp_count FROM `user` WHERE `birthday` LIKE '2%' LIMIT 1   [ RunTime:0.0357s ]
SQL: SELECT COUNT(*) AS tp_count FROM `user` WHERE `birthday` LIKE '199%' LIMIT 1   [ RunTime:0.0359s ]
SQL: SELECT COUNT(*) AS tp_count FROM `user` WHERE `birthday` LIKE '198%' LIMIT 1   [ RunTime:0.0352s ]
SQL: SELECT COUNT(*) AS tp_count FROM `user` WHERE `birthday` LIKE '197%' LIMIT 1   [ RunTime:0.0343s ]
SQL: SELECT COUNT(*) AS tp_count FROM `user` WHERE `birthday` LIKE '196%' LIMIT 1   [ RunTime:0.0358s ]
SQL: SELECT COUNT(*) AS tp_count FROM `user` WHERE `birthday` LIKE '195%' LIMIT 1   [ RunTime:0.0357s ]
INFO: [ view_parse ] --START--
INFO: [ template_filter ] --START--
INFO: Run Behavior\ContentReplaceBehavior [ RunTime:0.000269s ]
INFO: [ template_filter ] --END-- [ RunTime:0.000462s ]
INFO: Run Behavior\ParseTemplateBehavior [ RunTime:0.055947s ]
INFO: [ view_parse ] --END-- [ RunTime:0.056172s ]
INFO: [ view_filter ] --START--
INFO: Run Behavior\WriteHtmlCacheBehavior [ RunTime:0.001156s ]
INFO: [ view_filter ] --END-- [ RunTime:0.001326s ]
INFO: [ app_end ] --START--
INFO: Run Behavior\ShowPageTraceBehavior [ RunTime:0.002588s ]
INFO: [ app_end ] --END-- [ RunTime:0.002895s ]

[ 2016-12-25T22:29:08+08:00 ] 127.0.0.1 /github/Wplus/ThinkWplus/index.php/Admin/Index/favicon.ico
INFO: [ app_init ] --START--
INFO: Run Behavior\BuildLiteBehavior [ RunTime:0.000020s ]
INFO: [ app_init ] --END-- [ RunTime:0.000691s ]

[ 2016-12-25T22:29:13+08:00 ] 127.0.0.1 /github/Wplus/ThinkWplus/index.php/Admin/Admin/add
INFO: [ app_init ] --START--
INFO: Run Behavior\BuildLiteBehavior [ RunTime:0.000061s ]
INFO: [ app_init ] --END-- [ RunTime:0.000819s ]
INFO: [ app_begin ] --START--
INFO: Run Behavior\ReadHtmlCacheBehavior [ RunTime:0.000773s ]
INFO: [ app_begin ] --END-- [ RunTime:0.000841s ]
INFO: [ view_parse ] --START--
INFO: [ template_filter ] --START--
INFO: Run Behavior\ContentReplaceBehavior [ RunTime:0.000121s ]
INFO: [ template_filter ] --END-- [ RunTime:0.000257s ]
INFO: Run Behavior\ParseTemplateBehavior [ RunTime:0.026717s ]
INFO: [ view_parse ] --END-- [ RunTime:0.026803s ]
INFO: [ view_filter ] --START--
INFO: Run Behavior\WriteHtmlCacheBehavior [ RunTime:0.000542s ]
INFO: [ view_filter ] --END-- [ RunTime:0.000616s ]
INFO: [ app_end ] --START--
INFO: Run Behavior\ShowPageTraceBehavior [ RunTime:0.000974s ]
INFO: [ app_end ] --END-- [ RunTime:0.001080s ]

[ 2016-12-25T22:30:02+08:00 ] 127.0.0.1 /github/Wplus/ThinkWplus/index.php/Admin/Admin/doAdd.html
INFO: [ app_init ] --START--
INFO: Run Behavior\BuildLiteBehavior [ RunTime:0.000018s ]
INFO: [ app_init ] --END-- [ RunTime:0.000751s ]
INFO: [ app_begin ] --START--
INFO: Run Behavior\ReadHtmlCacheBehavior [ RunTime:0.001188s ]
INFO: [ app_begin ] --END-- [ RunTime:0.001462s ]
SQL: SHOW COLUMNS FROM `adminuser` [ RunTime:0.0421s ]
NOTIC: [8] Undefined index: validate G:\wwwroot\github\Wplus\ThinkWplus\ThinkPHP\Library\Think\Model.class.php 第 1185 行.
SQL: SELECT * FROM `adminuser` WHERE `username` = 'wu' LIMIT 1   [ RunTime:0.0414s ]
NOTIC: [8] Undefined index: auto G:\wwwroot\github\Wplus\ThinkWplus\ThinkPHP\Library\Think\Model.class.php 第 1128 行.
SQL: INSERT INTO `adminuser` (`username`,`realname`,`password`,`repassword`,`sex`,`position`,`phonenum`,`email`,`birth`,`headimg`) VALUES ('wu','武','555555','555555','女','管理层','11111111111','111@qq.com','2016-12-02','') [ RunTime:0.0495s ]

[ 2016-12-25T22:30:05+08:00 ] 127.0.0.1 /github/Wplus/ThinkWplus/index.php/Admin/Admin/lists.html
INFO: [ app_init ] --START--
INFO: Run Behavior\BuildLiteBehavior [ RunTime:0.000027s ]
INFO: [ app_init ] --END-- [ RunTime:0.001107s ]
INFO: [ app_begin ] --START--
INFO: Run Behavior\ReadHtmlCacheBehavior [ RunTime:0.001636s ]
INFO: [ app_begin ] --END-- [ RunTime:0.001771s ]
SQL: SHOW COLUMNS FROM `adminuser` [ RunTime:0.0425s ]
SQL: SELECT COUNT(*) AS tp_count FROM `adminuser` LIMIT 1   [ RunTime:0.0414s ]
SQL: SELECT * FROM `adminuser` ORDER BY `id` ASC LIMIT 0,6   [ RunTime:0.0424s ]
INFO: [ view_parse ] --START--
INFO: [ template_filter ] --START--
INFO: Run Behavior\ContentReplaceBehavior [ RunTime:0.000268s ]
INFO: [ template_filter ] --END-- [ RunTime:0.000648s ]
INFO: Run Behavior\ParseTemplateBehavior [ RunTime:0.176455s ]
INFO: [ view_parse ] --END-- [ RunTime:0.176696s ]
INFO: [ view_filter ] --START--
INFO: Run Behavior\WriteHtmlCacheBehavior [ RunTime:0.001435s ]
INFO: [ view_filter ] --END-- [ RunTime:0.001612s ]
INFO: [ app_end ] --START--
INFO: Run Behavior\ShowPageTraceBehavior [ RunTime:0.011126s ]
INFO: [ app_end ] --END-- [ RunTime:0.011351s ]

[ 2016-12-25T22:30:11+08:00 ] 127.0.0.1 /github/Wplus/ThinkWplus/index.php/Admin/Admin/lists/p/2.html
INFO: [ app_init ] --START--
INFO: Run Behavior\BuildLiteBehavior [ RunTime:0.000016s ]
INFO: [ app_init ] --END-- [ RunTime:0.000554s ]
INFO: [ app_begin ] --START--
INFO: Run Behavior\ReadHtmlCacheBehavior [ RunTime:0.000797s ]
INFO: [ app_begin ] --END-- [ RunTime:0.000871s ]
SQL: SHOW COLUMNS FROM `adminuser` [ RunTime:0.0365s ]
SQL: SELECT COUNT(*) AS tp_count FROM `adminuser` LIMIT 1   [ RunTime:0.0375s ]
SQL: SELECT * FROM `adminuser` ORDER BY `id` ASC LIMIT 6,6   [ RunTime:0.0364s ]
INFO: [ view_parse ] --START--
INFO: [ template_filter ] --START--
INFO: Run Behavior\ContentReplaceBehavior [ RunTime:0.000203s ]
INFO: [ template_filter ] --END-- [ RunTime:0.000393s ]
INFO: Run Behavior\ParseTemplateBehavior [ RunTime:0.028992s ]
INFO: [ view_parse ] --END-- [ RunTime:0.029192s ]
INFO: [ view_filter ] --START--
INFO: Run Behavior\WriteHtmlCacheBehavior [ RunTime:0.001172s ]
INFO: [ view_filter ] --END-- [ RunTime:0.001347s ]
INFO: [ app_end ] --START--
INFO: Run Behavior\ShowPageTraceBehavior [ RunTime:0.002104s ]
INFO: [ app_end ] --END-- [ RunTime:0.002267s ]

[ 2016-12-25T22:30:25+08:00 ] 127.0.0.1 /github/Wplus/ThinkWplus/index.php/Admin/Admin/edit?id=16
INFO: [ app_init ] --START--
INFO: Run Behavior\BuildLiteBehavior [ RunTime:0.000030s ]
INFO: [ app_init ] --END-- [ RunTime:0.001289s ]
INFO: [ app_begin ] --START--
INFO: Run Behavior\ReadHtmlCacheBehavior [ RunTime:0.001696s ]
INFO: [ app_begin ] --END-- [ RunTime:0.001820s ]
SQL: SHOW COLUMNS FROM `adminuser` [ RunTime:0.0370s ]
SQL: SELECT * FROM `adminuser` WHERE `id` = 16 LIMIT 1   [ RunTime:0.0364s ]
INFO: [ view_parse ] --START--
INFO: [ template_filter ] --START--
INFO: Run Behavior\ContentReplaceBehavior [ RunTime:0.000214s ]
INFO: [ template_filter ] --END-- [ RunTime:0.000402s ]
NOTIC: [8] Use of undefined constant sex - assumed 'sex' G:\wwwroot\github\Wplus\ThinkWplus\Application\Runtime\Cache\Admin\b64e0870e99206b74f3c41c0218e59fb.php 第 46 行.
NOTIC: [8] Use of undefined constant sex - assumed 'sex' G:\wwwroot\github\Wplus\ThinkWplus\Application\Runtime\Cache\Admin\b64e0870e99206b74f3c41c0218e59fb.php 第 48 行.
INFO: Run Behavior\ParseTemplateBehavior [ RunTime:0.119450s ]
INFO: [ view_parse ] --END-- [ RunTime:0.119656s ]
INFO: [ view_filter ] --START--
INFO: Run Behavior\WriteHtmlCacheBehavior [ RunTime:0.001613s ]
INFO: [ view_filter ] --END-- [ RunTime:0.001827s ]
INFO: [ app_end ] --START--
INFO: Run Behavior\ShowPageTraceBehavior [ RunTime:0.002504s ]
INFO: [ app_end ] --END-- [ RunTime:0.002688s ]

[ 2016-12-25T22:30:30+08:00 ] 127.0.0.1 /github/Wplus/ThinkWplus/index.php/Admin/Admin/doEdit
INFO: [ app_init ] --START--
INFO: Run Behavior\BuildLiteBehavior [ RunTime:0.000019s ]
INFO: [ app_init ] --END-- [ RunTime:0.000597s ]
INFO: [ app_begin ] --START--
INFO: Run Behavior\ReadHtmlCacheBehavior [ RunTime:0.000691s ]
INFO: [ app_begin ] --END-- [ RunTime:0.000770s ]
SQL: SHOW COLUMNS FROM `adminuser` [ RunTime:0.0390s ]
NOTIC: [8] Undefined index: validate G:\wwwroot\github\Wplus\ThinkWplus\ThinkPHP\Library\Think\Model.class.php 第 1185 行.
NOTIC: [8] Undefined index: auto G:\wwwroot\github\Wplus\ThinkWplus\ThinkPHP\Library\Think\Model.class.php 第 1128 行.
SQL: UPDATE `adminuser` SET `username`='wu',`realname`='武',`sex`='男',`position`='管理层',`phonenum`='11111111111',`email`='111@qq.com',`birth`='2016-12-02',`headimg`='' WHERE `id` = 16 [ RunTime:0.0445s ]

[ 2016-12-25T22:30:31+08:00 ] 127.0.0.1 /github/Wplus/ThinkWplus/index.php/Admin/Admin/lists.html
INFO: [ app_init ] --START--
INFO: Run Behavior\BuildLiteBehavior [ RunTime:0.000016s ]
INFO: [ app_init ] --END-- [ RunTime:0.000573s ]
INFO: [ app_begin ] --START--
INFO: Run Behavior\ReadHtmlCacheBehavior [ RunTime:0.000811s ]
INFO: [ app_begin ] --END-- [ RunTime:0.000880s ]
SQL: SHOW COLUMNS FROM `adminuser` [ RunTime:0.0327s ]
SQL: SELECT COUNT(*) AS tp_count FROM `adminuser` LIMIT 1   [ RunTime:0.0320s ]
SQL: SELECT * FROM `adminuser` ORDER BY `id` ASC LIMIT 0,6   [ RunTime:0.0340s ]
INFO: [ view_parse ] --START--
INFO: [ template_filter ] --START--
INFO: Run Behavior\ContentReplaceBehavior [ RunTime:0.000082s ]
INFO: [ template_filter ] --END-- [ RunTime:0.000157s ]
INFO: Run Behavior\ParseTemplateBehavior [ RunTime:0.062698s ]
INFO: [ view_parse ] --END-- [ RunTime:0.062817s ]
INFO: [ view_filter ] --START--
INFO: Run Behavior\WriteHtmlCacheBehavior [ RunTime:0.000607s ]
INFO: [ view_filter ] --END-- [ RunTime:0.000676s ]
INFO: [ app_end ] --START--
INFO: Run Behavior\ShowPageTraceBehavior [ RunTime:0.001157s ]
INFO: [ app_end ] --END-- [ RunTime:0.001261s ]

[ 2016-12-25T22:30:34+08:00 ] 127.0.0.1 /github/Wplus/ThinkWplus/index.php/Admin/Admin/lists/p/2.html
INFO: [ app_init ] --START--
INFO: Run Behavior\BuildLiteBehavior [ RunTime:0.000018s ]
INFO: [ app_init ] --END-- [ RunTime:0.000722s ]
INFO: [ app_begin ] --START--
INFO: Run Behavior\ReadHtmlCacheBehavior [ RunTime:0.000797s ]
INFO: [ app_begin ] --END-- [ RunTime:0.000879s ]
SQL: SHOW COLUMNS FROM `adminuser` [ RunTime:0.0437s ]
SQL: SELECT COUNT(*) AS tp_count FROM `adminuser` LIMIT 1   [ RunTime:0.0407s ]
SQL: SELECT * FROM `adminuser` ORDER BY `id` ASC LIMIT 6,6   [ RunTime:0.0416s ]
INFO: [ view_parse ] --START--
INFO: [ template_filter ] --START--
INFO: Run Behavior\ContentReplaceBehavior [ RunTime:0.000202s ]
INFO: [ template_filter ] --END-- [ RunTime:0.000395s ]
INFO: Run Behavior\ParseTemplateBehavior [ RunTime:0.034565s ]
INFO: [ view_parse ] --END-- [ RunTime:0.034754s ]
INFO: [ view_filter ] --START--
INFO: Run Behavior\WriteHtmlCacheBehavior [ RunTime:0.000499s ]
INFO: [ view_filter ] --END-- [ RunTime:0.000562s ]
INFO: [ app_end ] --START--
INFO: Run Behavior\ShowPageTraceBehavior [ RunTime:0.000760s ]
INFO: [ app_end ] --END-- [ RunTime:0.000812s ]

[ 2016-12-25T22:30:40+08:00 ] 127.0.0.1 /github/Wplus/ThinkWplus/index.php/Admin/Admin/delete?id=16
INFO: [ app_init ] --START--
INFO: Run Behavior\BuildLiteBehavior [ RunTime:0.000016s ]
INFO: [ app_init ] --END-- [ RunTime:0.000621s ]
INFO: [ app_begin ] --START--
INFO: Run Behavior\ReadHtmlCacheBehavior [ RunTime:0.000715s ]
INFO: [ app_begin ] --END-- [ RunTime:0.000787s ]
SQL: SHOW COLUMNS FROM `adminuser` [ RunTime:0.0349s ]
SQL: DELETE FROM `adminuser` WHERE ( id = 16 ) [ RunTime:0.0428s ]
INFO: [ app_end ] --START--
INFO: Run Behavior\ShowPageTraceBehavior [ RunTime:0.002355s ]
INFO: [ app_end ] --END-- [ RunTime:0.002543s ]

[ 2016-12-25T22:30:45+08:00 ] 127.0.0.1 /github/Wplus/ThinkWplus/index.php/Admin/Admin/lists
INFO: [ app_init ] --START--
INFO: Run Behavior\BuildLiteBehavior [ RunTime:0.000015s ]
INFO: [ app_init ] --END-- [ RunTime:0.000575s ]
INFO: [ app_begin ] --START--
INFO: Run Behavior\ReadHtmlCacheBehavior [ RunTime:0.000721s ]
INFO: [ app_begin ] --END-- [ RunTime:0.000783s ]
SQL: SHOW COLUMNS FROM `adminuser` [ RunTime:0.0330s ]
SQL: SELECT COUNT(*) AS tp_count FROM `adminuser` LIMIT 1   [ RunTime:0.0322s ]
SQL: SELECT * FROM `adminuser` ORDER BY `id` ASC LIMIT 0,6   [ RunTime:0.0340s ]
INFO: [ view_parse ] --START--
INFO: [ template_filter ] --START--
INFO: Run Behavior\ContentReplaceBehavior [ RunTime:0.000207s ]
INFO: [ template_filter ] --END-- [ RunTime:0.000402s ]
INFO: Run Behavior\ParseTemplateBehavior [ RunTime:0.067030s ]
INFO: [ view_parse ] --END-- [ RunTime:0.067274s ]
INFO: [ view_filter ] --START--
INFO: Run Behavior\WriteHtmlCacheBehavior [ RunTime:0.001163s ]
INFO: [ view_filter ] --END-- [ RunTime:0.001337s ]
INFO: [ app_end ] --START--
INFO: Run Behavior\ShowPageTraceBehavior [ RunTime:0.003483s ]
INFO: [ app_end ] --END-- [ RunTime:0.003769s ]

[ 2016-12-25T22:30:59+08:00 ] 127.0.0.1 /github/Wplus/ThinkWplus/index.php/Admin/Admin/modi
INFO: [ app_init ] --START--
INFO: Run Behavior\BuildLiteBehavior [ RunTime:0.000031s ]
INFO: [ app_init ] --END-- [ RunTime:0.001111s ]
INFO: [ app_begin ] --START--
INFO: Run Behavior\ReadHtmlCacheBehavior [ RunTime:0.001427s ]
INFO: [ app_begin ] --END-- [ RunTime:0.001563s ]
SQL: SHOW COLUMNS FROM `adminuser` [ RunTime:0.0402s ]
SQL: SELECT `id` FROM `adminuser` WHERE `username` = 'admin' LIMIT 1   [ RunTime:0.0403s ]
SQL: SELECT * FROM `adminuser` WHERE `id` = 4 LIMIT 1   [ RunTime:0.0407s ]
INFO: [ view_parse ] --START--
INFO: [ template_filter ] --START--
INFO: Run Behavior\ContentReplaceBehavior [ RunTime:0.000247s ]
INFO: [ template_filter ] --END-- [ RunTime:0.000465s ]
NOTIC: [8] Use of undefined constant sex - assumed 'sex' G:\wwwroot\github\Wplus\ThinkWplus\Application\Runtime\Cache\Admin\64219aa44a378c4c3e2bc4519a837f9d.php 第 57 行.
NOTIC: [8] Use of undefined constant sex - assumed 'sex' G:\wwwroot\github\Wplus\ThinkWplus\Application\Runtime\Cache\Admin\64219aa44a378c4c3e2bc4519a837f9d.php 第 59 行.
INFO: Run Behavior\ParseTemplateBehavior [ RunTime:0.067506s ]
INFO: [ view_parse ] --END-- [ RunTime:0.067646s ]
INFO: [ view_filter ] --START--
INFO: Run Behavior\WriteHtmlCacheBehavior [ RunTime:0.001365s ]
INFO: [ view_filter ] --END-- [ RunTime:0.001557s ]
INFO: [ app_end ] --START--
INFO: Run Behavior\ShowPageTraceBehavior [ RunTime:0.002214s ]
INFO: [ app_end ] --END-- [ RunTime:0.002392s ]

[ 2016-12-25T22:31:23+08:00 ] 127.0.0.1 /github/Wplus/ThinkWplus/index.php/Admin/Admin/doEdit
INFO: [ app_init ] --START--
INFO: Run Behavior\BuildLiteBehavior [ RunTime:0.000018s ]
INFO: [ app_init ] --END-- [ RunTime:0.000662s ]
INFO: [ app_begin ] --START--
INFO: Run Behavior\ReadHtmlCacheBehavior [ RunTime:0.000830s ]
INFO: [ app_begin ] --END-- [ RunTime:0.000894s ]
SQL: SHOW COLUMNS FROM `adminuser` [ RunTime:0.0363s ]
NOTIC: [8] Undefined index: validate G:\wwwroot\github\Wplus\ThinkWplus\ThinkPHP\Library\Think\Model.class.php 第 1185 行.

[ 2016-12-25T22:31:26+08:00 ] 127.0.0.1 /github/Wplus/ThinkWplus/index.php/Admin/Admin/lists.html
INFO: [ app_init ] --START--
INFO: Run Behavior\BuildLiteBehavior [ RunTime:0.000017s ]
INFO: [ app_init ] --END-- [ RunTime:0.000641s ]
INFO: [ app_begin ] --START--
INFO: Run Behavior\ReadHtmlCacheBehavior [ RunTime:0.000821s ]
INFO: [ app_begin ] --END-- [ RunTime:0.000883s ]
SQL: SHOW COLUMNS FROM `adminuser` [ RunTime:0.0391s ]
SQL: SELECT COUNT(*) AS tp_count FROM `adminuser` LIMIT 1   [ RunTime:0.0368s ]
SQL: SELECT * FROM `adminuser` ORDER BY `id` ASC LIMIT 0,6   [ RunTime:0.0383s ]
INFO: [ view_parse ] --START--
INFO: [ template_filter ] --START--
INFO: Run Behavior\ContentReplaceBehavior [ RunTime:0.000202s ]
INFO: [ template_filter ] --END-- [ RunTime:0.000388s ]
INFO: Run Behavior\ParseTemplateBehavior [ RunTime:0.043893s ]
INFO: [ view_parse ] --END-- [ RunTime:0.044095s ]
INFO: [ view_filter ] --START--
INFO: Run Behavior\WriteHtmlCacheBehavior [ RunTime:0.001518s ]
INFO: [ view_filter ] --END-- [ RunTime:0.001695s ]
INFO: [ app_end ] --START--
INFO: Run Behavior\ShowPageTraceBehavior [ RunTime:0.002691s ]
INFO: [ app_end ] --END-- [ RunTime:0.002915s ]

[ 2016-12-25T22:31:39+08:00 ] 127.0.0.1 /github/Wplus/ThinkWplus/index.php/Admin/Admin/lists
INFO: [ app_init ] --START--
INFO: Run Behavior\BuildLiteBehavior [ RunTime:0.000024s ]
INFO: [ app_init ] --END-- [ RunTime:0.000898s ]
INFO: [ app_begin ] --START--
INFO: Run Behavior\ReadHtmlCacheBehavior [ RunTime:0.001108s ]
INFO: [ app_begin ] --END-- [ RunTime:0.001214s ]
SQL: SHOW COLUMNS FROM `adminuser` [ RunTime:0.0375s ]
SQL: SELECT COUNT(*) AS tp_count FROM `adminuser` LIMIT 1   [ RunTime:0.0366s ]
SQL: SELECT * FROM `adminuser` ORDER BY `id` ASC LIMIT 0,6   [ RunTime:0.0386s ]
INFO: [ view_parse ] --START--
INFO: [ template_filter ] --START--
INFO: Run Behavior\ContentReplaceBehavior [ RunTime:0.000118s ]
INFO: [ template_filter ] --END-- [ RunTime:0.000241s ]
INFO: Run Behavior\ParseTemplateBehavior [ RunTime:0.025943s ]
INFO: [ view_parse ] --END-- [ RunTime:0.026094s ]
INFO: [ view_filter ] --START--
INFO: Run Behavior\WriteHtmlCacheBehavior [ RunTime:0.000742s ]
INFO: [ view_filter ] --END-- [ RunTime:0.000842s ]
INFO: [ app_end ] --START--
INFO: Run Behavior\ShowPageTraceBehavior [ RunTime:0.001924s ]
INFO: [ app_end ] --END-- [ RunTime:0.002085s ]

[ 2016-12-25T22:31:49+08:00 ] 127.0.0.1 /github/Wplus/ThinkWplus/index.php/Admin/Admin/edit?id=4
INFO: [ app_init ] --START--
INFO: Run Behavior\BuildLiteBehavior [ RunTime:0.000018s ]
INFO: [ app_init ] --END-- [ RunTime:0.000603s ]
INFO: [ app_begin ] --START--
INFO: Run Behavior\ReadHtmlCacheBehavior [ RunTime:0.000920s ]
INFO: [ app_begin ] --END-- [ RunTime:0.001023s ]
SQL: SHOW COLUMNS FROM `adminuser` [ RunTime:0.0332s ]
SQL: SELECT * FROM `adminuser` WHERE `id` = 4 LIMIT 1   [ RunTime:0.0333s ]
INFO: [ view_parse ] --START--
INFO: [ template_filter ] --START--
INFO: Run Behavior\ContentReplaceBehavior [ RunTime:0.000218s ]
INFO: [ template_filter ] --END-- [ RunTime:0.000428s ]
NOTIC: [8] Use of undefined constant sex - assumed 'sex' G:\wwwroot\github\Wplus\ThinkWplus\Application\Runtime\Cache\Admin\b64e0870e99206b74f3c41c0218e59fb.php 第 46 行.
NOTIC: [8] Use of undefined constant sex - assumed 'sex' G:\wwwroot\github\Wplus\ThinkWplus\Application\Runtime\Cache\Admin\b64e0870e99206b74f3c41c0218e59fb.php 第 48 行.
INFO: Run Behavior\ParseTemplateBehavior [ RunTime:0.027077s ]
INFO: [ view_parse ] --END-- [ RunTime:0.027256s ]
INFO: [ view_filter ] --START--
INFO: Run Behavior\WriteHtmlCacheBehavior [ RunTime:0.001135s ]
INFO: [ view_filter ] --END-- [ RunTime:0.001309s ]
INFO: [ app_end ] --START--
INFO: Run Behavior\ShowPageTraceBehavior [ RunTime:0.002061s ]
INFO: [ app_end ] --END-- [ RunTime:0.002230s ]

[ 2016-12-25T22:31:57+08:00 ] 127.0.0.1 /github/Wplus/ThinkWplus/index.php/Admin/Work/articleLists
INFO: [ app_init ] --START--
INFO: Run Behavior\BuildLiteBehavior [ RunTime:0.000014s ]
INFO: [ app_init ] --END-- [ RunTime:0.000567s ]
INFO: [ app_begin ] --START--
INFO: Run Behavior\ReadHtmlCacheBehavior [ RunTime:0.000700s ]
INFO: [ app_begin ] --END-- [ RunTime:0.000762s ]
SQL: SHOW COLUMNS FROM `user` [ RunTime:0.0321s ]
SQL: SELECT * FROM `user` INNER JOIN article ON user.id = article.authorid   [ RunTime:0.0345s ]
INFO: [ view_parse ] --START--
INFO: [ template_filter ] --START--
INFO: Run Behavior\ContentReplaceBehavior [ RunTime:0.000123s ]
INFO: [ template_filter ] --END-- [ RunTime:0.000241s ]
NOTIC: [8] Undefined variable: page G:\wwwroot\github\Wplus\ThinkWplus\Application\Runtime\Cache\Admin\1c449bf630e1032a3ae5c11b4f601586.php 第 82 行.
INFO: Run Behavior\ParseTemplateBehavior [ RunTime:0.059900s ]
INFO: [ view_parse ] --END-- [ RunTime:0.060058s ]
INFO: [ view_filter ] --START--
INFO: Run Behavior\WriteHtmlCacheBehavior [ RunTime:0.000764s ]
INFO: [ view_filter ] --END-- [ RunTime:0.000869s ]
INFO: [ app_end ] --START--
INFO: Run Behavior\ShowPageTraceBehavior [ RunTime:0.001493s ]
INFO: [ app_end ] --END-- [ RunTime:0.001600s ]

[ 2016-12-25T22:32:15+08:00 ] 127.0.0.1 /github/Wplus/ThinkWplus/index.php/Admin/Work/videoLists
INFO: [ app_init ] --START--
INFO: Run Behavior\BuildLiteBehavior [ RunTime:0.000027s ]
INFO: [ app_init ] --END-- [ RunTime:0.001100s ]
INFO: [ app_begin ] --START--
INFO: Run Behavior\ReadHtmlCacheBehavior [ RunTime:0.001435s ]
INFO: [ app_begin ] --END-- [ RunTime:0.001576s ]
SQL: SHOW COLUMNS FROM `video` [ RunTime:0.0350s ]
SQL: SELECT COUNT(*) AS tp_count FROM `video` LIMIT 1   [ RunTime:0.0332s ]
SQL: SELECT * FROM `video` ORDER BY `id` ASC LIMIT 0,8   [ RunTime:0.0358s ]
INFO: [ view_parse ] --START--
INFO: [ template_filter ] --START--
INFO: Run Behavior\ContentReplaceBehavior [ RunTime:0.000190s ]
INFO: [ template_filter ] --END-- [ RunTime:0.000436s ]
INFO: Run Behavior\ParseTemplateBehavior [ RunTime:0.083169s ]
INFO: [ view_parse ] --END-- [ RunTime:0.083443s ]
INFO: [ view_filter ] --START--
INFO: Run Behavior\WriteHtmlCacheBehavior [ RunTime:0.001340s ]
INFO: [ view_filter ] --END-- [ RunTime:0.001534s ]
INFO: [ app_end ] --START--
INFO: Run Behavior\ShowPageTraceBehavior [ RunTime:0.002259s ]
INFO: [ app_end ] --END-- [ RunTime:0.002471s ]

[ 2016-12-25T22:32:19+08:00 ] 127.0.0.1 /github/Wplus/ThinkWplus/index.php/Admin/Work/imageLists
INFO: [ app_init ] --START--
INFO: Run Behavior\BuildLiteBehavior [ RunTime:0.000015s ]
INFO: [ app_init ] --END-- [ RunTime:0.000583s ]
INFO: [ app_begin ] --START--
INFO: Run Behavior\ReadHtmlCacheBehavior [ RunTime:0.000687s ]
INFO: [ app_begin ] --END-- [ RunTime:0.000747s ]
SQL: SHOW COLUMNS FROM `image` [ RunTime:0.0335s ]
SQL: SELECT COUNT(*) AS tp_count FROM `image` LIMIT 1   [ RunTime:0.0322s ]
SQL: SELECT * FROM `image` ORDER BY `id` ASC LIMIT 0,6   [ RunTime:0.0335s ]
INFO: [ view_parse ] --START--
INFO: [ template_filter ] --START--
INFO: Run Behavior\ContentReplaceBehavior [ RunTime:0.000181s ]
INFO: [ template_filter ] --END-- [ RunTime:0.000366s ]
INFO: Run Behavior\ParseTemplateBehavior [ RunTime:0.060259s ]
INFO: [ view_parse ] --END-- [ RunTime:0.060515s ]
INFO: [ view_filter ] --START--
INFO: Run Behavior\WriteHtmlCacheBehavior [ RunTime:0.001188s ]
INFO: [ view_filter ] --END-- [ RunTime:0.001365s ]
INFO: [ app_end ] --START--
INFO: Run Behavior\ShowPageTraceBehavior [ RunTime:0.002219s ]
INFO: [ app_end ] --END-- [ RunTime:0.002406s ]

[ 2016-12-25T22:32:23+08:00 ] 127.0.0.1 /github/Wplus/ThinkWplus/index.php/Admin/Feedback/index
INFO: [ app_init ] --START--
INFO: Run Behavior\BuildLiteBehavior [ RunTime:0.000015s ]
INFO: [ app_init ] --END-- [ RunTime:0.000545s ]
INFO: [ app_begin ] --START--
INFO: Run Behavior\ReadHtmlCacheBehavior [ RunTime:0.000950s ]
INFO: [ app_begin ] --END-- [ RunTime:0.001161s ]
SQL: SHOW COLUMNS FROM `feedback` [ RunTime:0.0397s ]
SQL: SELECT COUNT(*) AS tp_count FROM `feedback` LIMIT 1   [ RunTime:0.0397s ]
SQL: SELECT * FROM `feedback` ORDER BY `id` ASC LIMIT 0,3   [ RunTime:0.0389s ]
INFO: [ view_parse ] --START--
INFO: [ template_filter ] --START--
INFO: Run Behavior\ContentReplaceBehavior [ RunTime:0.000196s ]
INFO: [ template_filter ] --END-- [ RunTime:0.000398s ]
INFO: Run Behavior\ParseTemplateBehavior [ RunTime:0.049009s ]
INFO: [ view_parse ] --END-- [ RunTime:0.049335s ]
INFO: [ view_filter ] --START--
INFO: Run Behavior\WriteHtmlCacheBehavior [ RunTime:0.001286s ]
INFO: [ view_filter ] --END-- [ RunTime:0.001514s ]
INFO: [ app_end ] --START--
INFO: Run Behavior\ShowPageTraceBehavior [ RunTime:0.002568s ]
INFO: [ app_end ] --END-- [ RunTime:0.003001s ]

[ 2016-12-25T22:32:28+08:00 ] 127.0.0.1 /github/Wplus/ThinkWplus/index.php/Admin/User/lists
INFO: [ app_init ] --START--
INFO: Run Behavior\BuildLiteBehavior [ RunTime:0.000014s ]
INFO: [ app_init ] --END-- [ RunTime:0.000648s ]
INFO: [ app_begin ] --START--
INFO: Run Behavior\ReadHtmlCacheBehavior [ RunTime:0.000820s ]
INFO: [ app_begin ] --END-- [ RunTime:0.000887s ]
SQL: SHOW COLUMNS FROM `user` [ RunTime:0.0375s ]
SQL: SELECT * FROM `user`  [ RunTime:0.0394s ]
INFO: [ view_parse ] --START--
INFO: [ template_filter ] --START--
INFO: Run Behavior\ContentReplaceBehavior [ RunTime:0.000218s ]
INFO: [ template_filter ] --END-- [ RunTime:0.000404s ]
NOTIC: [8] Undefined index: headimg G:\wwwroot\github\Wplus\ThinkWplus\Application\Runtime\Cache\Admin\07a7390f5188fd09cd264af8c6efc1dc.php 第 35 行.
NOTIC: [8] Undefined index: headimg G:\wwwroot\github\Wplus\ThinkWplus\Application\Runtime\Cache\Admin\07a7390f5188fd09cd264af8c6efc1dc.php 第 35 行.
NOTIC: [8] Undefined index: headimg G:\wwwroot\github\Wplus\ThinkWplus\Application\Runtime\Cache\Admin\07a7390f5188fd09cd264af8c6efc1dc.php 第 35 行.
NOTIC: [8] Undefined index: headimg G:\wwwroot\github\Wplus\ThinkWplus\Application\Runtime\Cache\Admin\07a7390f5188fd09cd264af8c6efc1dc.php 第 35 行.
NOTIC: [8] Undefined index: headimg G:\wwwroot\github\Wplus\ThinkWplus\Application\Runtime\Cache\Admin\07a7390f5188fd09cd264af8c6efc1dc.php 第 35 行.
NOTIC: [8] Undefined index: headimg G:\wwwroot\github\Wplus\ThinkWplus\Application\Runtime\Cache\Admin\07a7390f5188fd09cd264af8c6efc1dc.php 第 35 行.
NOTIC: [8] Undefined index: headimg G:\wwwroot\github\Wplus\ThinkWplus\Application\Runtime\Cache\Admin\07a7390f5188fd09cd264af8c6efc1dc.php 第 35 行.
NOTIC: [8] Undefined index: headimg G:\wwwroot\github\Wplus\ThinkWplus\Application\Runtime\Cache\Admin\07a7390f5188fd09cd264af8c6efc1dc.php 第 35 行.
NOTIC: [8] Undefined index: headimg G:\wwwroot\github\Wplus\ThinkWplus\Application\Runtime\Cache\Admin\07a7390f5188fd09cd264af8c6efc1dc.php 第 35 行.
NOTIC: [8] Undefined index: headimg G:\wwwroot\github\Wplus\ThinkWplus\Application\Runtime\Cache\Admin\07a7390f5188fd09cd264af8c6efc1dc.php 第 35 行.
NOTIC: [8] Undefined index: headimg G:\wwwroot\github\Wplus\ThinkWplus\Application\Runtime\Cache\Admin\07a7390f5188fd09cd264af8c6efc1dc.php 第 35 行.
NOTIC: [8] Undefined index: headimg G:\wwwroot\github\Wplus\ThinkWplus\Application\Runtime\Cache\Admin\07a7390f5188fd09cd264af8c6efc1dc.php 第 35 行.
INFO: Run Behavior\ParseTemplateBehavior [ RunTime:0.079005s ]
INFO: [ view_parse ] --END-- [ RunTime:0.079297s ]
INFO: [ view_filter ] --START--
INFO: Run Behavior\WriteHtmlCacheBehavior [ RunTime:0.001508s ]
INFO: [ view_filter ] --END-- [ RunTime:0.001766s ]
INFO: [ app_end ] --START--
INFO: Run Behavior\ShowPageTraceBehavior [ RunTime:0.002846s ]
INFO: [ app_end ] --END-- [ RunTime:0.003126s ]

