[ 2016-12-19T14:39:22+08:00 ] 127.0.0.1 /github/Wplus/ThinkWplus/index.php/Admin/home
INFO: [ app_init ] --START--
INFO: Run Behavior\BuildLiteBehavior [ RunTime:0.000020s ]
INFO: [ app_init ] --END-- [ RunTime:0.000912s ]
INFO: [ app_begin ] --START--
INFO: Run Behavior\ReadHtmlCacheBehavior [ RunTime:0.001112s ]
INFO: [ app_begin ] --END-- [ RunTime:0.001212s ]
ERR: 无法加载控制器:Home

[ 2016-12-19T14:39:28+08:00 ] 127.0.0.1 /github/Wplus/ThinkWplus/index.php/Admin/index
INFO: [ app_init ] --START--
INFO: Run Behavior\BuildLiteBehavior [ RunTime:0.000048s ]
INFO: [ app_init ] --END-- [ RunTime:0.000990s ]
INFO: [ app_begin ] --START--
INFO: Run Behavior\ReadHtmlCacheBehavior [ RunTime:0.000849s ]
INFO: [ app_begin ] --END-- [ RunTime:0.000925s ]
INFO: [ view_parse ] --START--
INFO: [ template_filter ] --START--
INFO: Run Behavior\ContentReplaceBehavior [ RunTime:0.000048s ]
INFO: [ template_filter ] --END-- [ RunTime:0.000113s ]
INFO: Run Behavior\ParseTemplateBehavior [ RunTime:0.028149s ]
INFO: [ view_parse ] --END-- [ RunTime:0.028240s ]
INFO: [ view_filter ] --START--
INFO: Run Behavior\WriteHtmlCacheBehavior [ RunTime:0.000535s ]
INFO: [ view_filter ] --END-- [ RunTime:0.000587s ]

[ 2016-12-19T14:39:31+08:00 ] 127.0.0.1 /github/Wplus/ThinkWplus/index.php/Admin/Login/login.html
INFO: [ app_init ] --START--
INFO: Run Behavior\BuildLiteBehavior [ RunTime:0.000016s ]
INFO: [ app_init ] --END-- [ RunTime:0.000589s ]
INFO: [ app_begin ] --START--
INFO: Run Behavior\ReadHtmlCacheBehavior [ RunTime:0.000985s ]
INFO: [ app_begin ] --END-- [ RunTime:0.001083s ]
INFO: [ view_parse ] --START--
INFO: [ template_filter ] --START--
INFO: Run Behavior\ContentReplaceBehavior [ RunTime:0.000056s ]
INFO: [ template_filter ] --END-- [ RunTime:0.000129s ]
INFO: Run Behavior\ParseTemplateBehavior [ RunTime:0.016191s ]
INFO: [ view_parse ] --END-- [ RunTime:0.016290s ]
INFO: [ view_filter ] --START--
INFO: Run Behavior\WriteHtmlCacheBehavior [ RunTime:0.000445s ]
INFO: [ view_filter ] --END-- [ RunTime:0.000523s ]
INFO: [ app_end ] --START--
INFO: Run Behavior\ShowPageTraceBehavior [ RunTime:0.000789s ]
INFO: [ app_end ] --END-- [ RunTime:0.000845s ]

[ 2016-12-19T14:39:40+08:00 ] 127.0.0.1 /github/Wplus/ThinkWplus/index.php/Admin/Login/login
INFO: [ app_init ] --START--
INFO: Run Behavior\BuildLiteBehavior [ RunTime:0.000017s ]
INFO: [ app_init ] --END-- [ RunTime:0.000599s ]
INFO: [ app_begin ] --START--
INFO: Run Behavior\ReadHtmlCacheBehavior [ RunTime:0.000751s ]
INFO: [ app_begin ] --END-- [ RunTime:0.000814s ]
SQL: SHOW COLUMNS FROM `adminuser` [ RunTime:0.0351s ]
SQL: SELECT COUNT(*) AS tp_count FROM `adminuser` WHERE `password` = '' LIMIT 1   [ RunTime:0.0338s ]
SQL: SELECT `id` FROM `adminuser` WHERE `password` = ''  [ RunTime:0.0353s ]
INFO: [ view_parse ] --START--
INFO: [ template_filter ] --START--
INFO: Run Behavior\ContentReplaceBehavior [ RunTime:0.000141s ]
INFO: [ template_filter ] --END-- [ RunTime:0.000387s ]
INFO: Run Behavior\ParseTemplateBehavior [ RunTime:0.028109s ]
INFO: [ view_parse ] --END-- [ RunTime:0.028326s ]
INFO: [ view_filter ] --START--
INFO: Run Behavior\WriteHtmlCacheBehavior [ RunTime:0.001485s ]
INFO: [ view_filter ] --END-- [ RunTime:0.001655s ]

[ 2016-12-19T14:39:51+08:00 ] 127.0.0.1 /github/Wplus/ThinkWplus/index.php/Admin/Login/login
INFO: [ app_init ] --START--
INFO: Run Behavior\BuildLiteBehavior [ RunTime:0.000018s ]
INFO: [ app_init ] --END-- [ RunTime:0.000646s ]
INFO: [ app_begin ] --START--
INFO: Run Behavior\ReadHtmlCacheBehavior [ RunTime:0.000931s ]
INFO: [ app_begin ] --END-- [ RunTime:0.001013s ]
SQL: SHOW COLUMNS FROM `adminuser` [ RunTime:0.0398s ]
SQL: SELECT COUNT(*) AS tp_count FROM `adminuser` WHERE `password` = '111111' LIMIT 1   [ RunTime:0.0398s ]
SQL: SELECT `id` FROM `adminuser` WHERE `password` = '111111'  [ RunTime:0.0388s ]
INFO: [ view_parse ] --START--
INFO: [ template_filter ] --START--
INFO: Run Behavior\ContentReplaceBehavior [ RunTime:0.000130s ]
INFO: [ template_filter ] --END-- [ RunTime:0.000316s ]
INFO: Run Behavior\ParseTemplateBehavior [ RunTime:0.019050s ]
INFO: [ view_parse ] --END-- [ RunTime:0.019217s ]
INFO: [ view_filter ] --START--
INFO: Run Behavior\WriteHtmlCacheBehavior [ RunTime:0.000748s ]
INFO: [ view_filter ] --END-- [ RunTime:0.000846s ]
INFO: [ app_end ] --START--
INFO: Run Behavior\ShowPageTraceBehavior [ RunTime:0.001246s ]
INFO: [ app_end ] --END-- [ RunTime:0.001348s ]

[ 2016-12-19T14:39:52+08:00 ] 127.0.0.1 /github/Wplus/ThinkWplus/index.php/Admin/Index/index.html
INFO: [ app_init ] --START--
INFO: Run Behavior\BuildLiteBehavior [ RunTime:0.000027s ]
INFO: [ app_init ] --END-- [ RunTime:0.000935s ]
INFO: [ app_begin ] --START--
INFO: Run Behavior\ReadHtmlCacheBehavior [ RunTime:0.001224s ]
INFO: [ app_begin ] --END-- [ RunTime:0.001360s ]
INFO: [ view_parse ] --START--
INFO: [ template_filter ] --START--
INFO: Run Behavior\ContentReplaceBehavior [ RunTime:0.000161s ]
INFO: [ template_filter ] --END-- [ RunTime:0.000286s ]
INFO: Run Behavior\ParseTemplateBehavior [ RunTime:0.044872s ]
INFO: [ view_parse ] --END-- [ RunTime:0.044963s ]
INFO: [ view_filter ] --START--
INFO: Run Behavior\WriteHtmlCacheBehavior [ RunTime:0.000412s ]
INFO: [ view_filter ] --END-- [ RunTime:0.000465s ]
INFO: [ app_end ] --START--
INFO: Run Behavior\ShowPageTraceBehavior [ RunTime:0.000924s ]
INFO: [ app_end ] --END-- [ RunTime:0.001020s ]

[ 2016-12-19T14:39:57+08:00 ] 127.0.0.1 /github/Wplus/ThinkWplus/index.php/Admin/Index/indexIndex
INFO: [ app_init ] --START--
INFO: Run Behavior\BuildLiteBehavior [ RunTime:0.000017s ]
INFO: [ app_init ] --END-- [ RunTime:0.000553s ]
INFO: [ app_begin ] --START--
INFO: Run Behavior\ReadHtmlCacheBehavior [ RunTime:0.000852s ]
INFO: [ app_begin ] --END-- [ RunTime:0.000941s ]
NOTIC: [8] Use of undefined constant dish - assumed 'dish' G:\wwwroot\github\Wplus\ThinkWplus\Application\Admin\Controller\IndexController.class.php 第 18 行.
SQL: SHOW COLUMNS FROM `dish` [ RunTime:0.0400s ]
SQL: SELECT COUNT(*) AS tp_count FROM `dish` LIMIT 1   [ RunTime:0.2570s ]
NOTIC: [8] Use of undefined constant order - assumed 'order' G:\wwwroot\github\Wplus\ThinkWplus\Application\Admin\Controller\IndexController.class.php 第 22 行.
SQL: SHOW COLUMNS FROM `order` [ RunTime:0.0378s ]
SQL: SELECT COUNT(*) AS tp_count FROM `order` LIMIT 1   [ RunTime:0.0406s ]
NOTIC: [8] Use of undefined constant feedback - assumed 'feedback' G:\wwwroot\github\Wplus\ThinkWplus\Application\Admin\Controller\IndexController.class.php 第 26 行.
SQL: SHOW COLUMNS FROM `feedback` [ RunTime:0.0395s ]
SQL: SELECT COUNT(*) AS tp_count FROM `feedback` LIMIT 1   [ RunTime:0.0387s ]
NOTIC: [8] Use of undefined constant user - assumed 'user' G:\wwwroot\github\Wplus\ThinkWplus\Application\Admin\Controller\IndexController.class.php 第 30 行.
SQL: SHOW COLUMNS FROM `user` [ RunTime:0.2596s ]
SQL: SELECT COUNT(*) AS tp_count FROM `user` LIMIT 1   [ RunTime:0.0396s ]
NOTIC: [8] Use of undefined constant Y - assumed 'Y' G:\wwwroot\github\Wplus\ThinkWplus\Application\Admin\Controller\IndexController.class.php 第 34 行.
NOTIC: [8] Use of undefined constant article - assumed 'article' G:\wwwroot\github\Wplus\ThinkWplus\Application\Admin\Controller\IndexController.class.php 第 35 行.
SQL: SHOW COLUMNS FROM `article` [ RunTime:0.0409s ]
SQL: SELECT COUNT(*) AS tp_count FROM `article` WHERE `time` LIKE '2016%' LIMIT 1   [ RunTime:0.0404s ]
NOTIC: [8] Use of undefined constant Y - assumed 'Y' G:\wwwroot\github\Wplus\ThinkWplus\Application\Admin\Controller\IndexController.class.php 第 40 行.
SQL: SELECT COUNT(*) AS tp_count FROM `article` WHERE `time` LIKE '2015%' LIMIT 1   [ RunTime:0.0380s ]
NOTIC: [8] Use of undefined constant Y - assumed 'Y' G:\wwwroot\github\Wplus\ThinkWplus\Application\Admin\Controller\IndexController.class.php 第 45 行.
SQL: SELECT COUNT(*) AS tp_count FROM `article` WHERE `time` LIKE '2014%' LIMIT 1   [ RunTime:0.0379s ]
NOTIC: [8] Use of undefined constant Y - assumed 'Y' G:\wwwroot\github\Wplus\ThinkWplus\Application\Admin\Controller\IndexController.class.php 第 50 行.
SQL: SELECT COUNT(*) AS tp_count FROM `article` WHERE `time` LIKE '2013%' LIMIT 1   [ RunTime:0.0416s ]
NOTIC: [8] Use of undefined constant Y - assumed 'Y' G:\wwwroot\github\Wplus\ThinkWplus\Application\Admin\Controller\IndexController.class.php 第 55 行.
SQL: SELECT COUNT(*) AS tp_count FROM `article` WHERE `time` LIKE '2012%' LIMIT 1   [ RunTime:0.0390s ]
NOTIC: [8] Use of undefined constant Y - assumed 'Y' G:\wwwroot\github\Wplus\ThinkWplus\Application\Admin\Controller\IndexController.class.php 第 60 行.
SQL: SELECT COUNT(*) AS tp_count FROM `article` WHERE `time` LIKE '2011%' LIMIT 1   [ RunTime:0.0376s ]
NOTIC: [8] Use of undefined constant Y - assumed 'Y' G:\wwwroot\github\Wplus\ThinkWplus\Application\Admin\Controller\IndexController.class.php 第 65 行.
SQL: SELECT COUNT(*) AS tp_count FROM `article` WHERE `time` LIKE '2010%' LIMIT 1   [ RunTime:0.0410s ]
SQL: SELECT COUNT(*) AS tp_count FROM `user` WHERE `birthday` LIKE '2%' LIMIT 1   [ RunTime:0.0393s ]
SQL: SELECT COUNT(*) AS tp_count FROM `user` WHERE `birthday` LIKE '199%' LIMIT 1   [ RunTime:0.0390s ]
SQL: SELECT COUNT(*) AS tp_count FROM `user` WHERE `birthday` LIKE '198%' LIMIT 1   [ RunTime:0.0395s ]
SQL: SELECT COUNT(*) AS tp_count FROM `user` WHERE `birthday` LIKE '197%' LIMIT 1   [ RunTime:0.0381s ]
SQL: SELECT COUNT(*) AS tp_count FROM `user` WHERE `birthday` LIKE '196%' LIMIT 1   [ RunTime:0.0397s ]
SQL: SELECT COUNT(*) AS tp_count FROM `user` WHERE `birthday` LIKE '195%' LIMIT 1   [ RunTime:0.0398s ]
INFO: [ view_parse ] --START--
INFO: [ template_filter ] --START--
INFO: Run Behavior\ContentReplaceBehavior [ RunTime:0.000326s ]
INFO: [ template_filter ] --END-- [ RunTime:0.000541s ]
INFO: Run Behavior\ParseTemplateBehavior [ RunTime:0.116757s ]
INFO: [ view_parse ] --END-- [ RunTime:0.117052s ]
INFO: [ view_filter ] --START--
INFO: Run Behavior\WriteHtmlCacheBehavior [ RunTime:0.001306s ]
INFO: [ view_filter ] --END-- [ RunTime:0.001520s ]
INFO: [ app_end ] --START--
INFO: Run Behavior\ShowPageTraceBehavior [ RunTime:0.003229s ]
INFO: [ app_end ] --END-- [ RunTime:0.003458s ]

[ 2016-12-19T14:39:58+08:00 ] 127.0.0.1 /github/Wplus/ThinkWplus/index.php/Admin/Index/favicon.ico
INFO: [ app_init ] --START--
INFO: Run Behavior\BuildLiteBehavior [ RunTime:0.000021s ]
INFO: [ app_init ] --END-- [ RunTime:0.000778s ]

[ 2016-12-19T14:40:11+08:00 ] 127.0.0.1 /github/Wplus/ThinkWplus/index.php/Admin/Recipe/lists
INFO: [ app_init ] --START--
INFO: Run Behavior\BuildLiteBehavior [ RunTime:0.000021s ]
INFO: [ app_init ] --END-- [ RunTime:0.000674s ]
INFO: [ app_begin ] --START--
INFO: Run Behavior\ReadHtmlCacheBehavior [ RunTime:0.001489s ]
INFO: [ app_begin ] --END-- [ RunTime:0.001649s ]
SQL: SHOW COLUMNS FROM `recipe` [ RunTime:0.0436s ]
SQL: SELECT * FROM `recipe`  [ RunTime:0.3078s ]
INFO: [ view_parse ] --START--
INFO: [ template_filter ] --START--
INFO: Run Behavior\ContentReplaceBehavior [ RunTime:0.000088s ]
INFO: [ template_filter ] --END-- [ RunTime:0.000163s ]
NOTIC: [8] Undefined offset: 2 G:\wwwroot\github\Wplus\ThinkWplus\Application\Runtime\Cache\Admin\d10ae714aaae9645c2f788751bddff5f.php 第 68 行.
NOTIC: [8] Undefined offset: 3 G:\wwwroot\github\Wplus\ThinkWplus\Application\Runtime\Cache\Admin\d10ae714aaae9645c2f788751bddff5f.php 第 68 行.
NOTIC: [8] Undefined offset: 4 G:\wwwroot\github\Wplus\ThinkWplus\Application\Runtime\Cache\Admin\d10ae714aaae9645c2f788751bddff5f.php 第 68 行.
NOTIC: [8] Undefined offset: 5 G:\wwwroot\github\Wplus\ThinkWplus\Application\Runtime\Cache\Admin\d10ae714aaae9645c2f788751bddff5f.php 第 68 行.
NOTIC: [8] Undefined offset: 2 G:\wwwroot\github\Wplus\ThinkWplus\Application\Runtime\Cache\Admin\d10ae714aaae9645c2f788751bddff5f.php 第 68 行.
NOTIC: [8] Undefined offset: 2 G:\wwwroot\github\Wplus\ThinkWplus\Application\Runtime\Cache\Admin\d10ae714aaae9645c2f788751bddff5f.php 第 68 行.
NOTIC: [8] Undefined offset: 3 G:\wwwroot\github\Wplus\ThinkWplus\Application\Runtime\Cache\Admin\d10ae714aaae9645c2f788751bddff5f.php 第 68 行.
NOTIC: [8] Undefined offset: 4 G:\wwwroot\github\Wplus\ThinkWplus\Application\Runtime\Cache\Admin\d10ae714aaae9645c2f788751bddff5f.php 第 68 行.
NOTIC: [8] Undefined offset: 2 G:\wwwroot\github\Wplus\ThinkWplus\Application\Runtime\Cache\Admin\d10ae714aaae9645c2f788751bddff5f.php 第 68 行.
NOTIC: [8] Undefined offset: 3 G:\wwwroot\github\Wplus\ThinkWplus\Application\Runtime\Cache\Admin\d10ae714aaae9645c2f788751bddff5f.php 第 68 行.
INFO: Run Behavior\ParseTemplateBehavior [ RunTime:0.215481s ]
INFO: [ view_parse ] --END-- [ RunTime:0.215584s ]
INFO: [ view_filter ] --START--
INFO: Run Behavior\WriteHtmlCacheBehavior [ RunTime:0.000616s ]
INFO: [ view_filter ] --END-- [ RunTime:0.000687s ]
INFO: [ app_end ] --START--
INFO: Run Behavior\ShowPageTraceBehavior [ RunTime:0.002001s ]
INFO: [ app_end ] --END-- [ RunTime:0.002189s ]

[ 2016-12-19T14:40:11+08:00 ] 127.0.0.1 /github/Wplus/ThinkWplus/index.php/Admin/Public/uploads/2016-12-18/58569ffa46fe4.jpg
INFO: [ app_init ] --START--
INFO: Run Behavior\BuildLiteBehavior [ RunTime:0.000018s ]
INFO: [ app_init ] --END-- [ RunTime:0.000574s ]

[ 2016-12-19T14:40:11+08:00 ] 127.0.0.1 /github/Wplus/ThinkWplus/index.php/Admin/Public/Public/uploads/2016-12-18/58569ffa46fe4.jpg
INFO: [ app_init ] --START--
INFO: Run Behavior\BuildLiteBehavior [ RunTime:0.000021s ]
INFO: [ app_init ] --END-- [ RunTime:0.000785s ]

[ 2016-12-19T14:40:26+08:00 ] 127.0.0.1 /github/Wplus/ThinkWplus/index.php/Admin/Index/index.html
INFO: [ app_init ] --START--
INFO: Run Behavior\BuildLiteBehavior [ RunTime:0.000017s ]
INFO: [ app_init ] --END-- [ RunTime:0.000642s ]
INFO: [ app_begin ] --START--
INFO: Run Behavior\ReadHtmlCacheBehavior [ RunTime:0.001675s ]
INFO: [ app_begin ] --END-- [ RunTime:0.001970s ]
INFO: [ view_parse ] --START--
INFO: [ template_filter ] --START--
INFO: Run Behavior\ContentReplaceBehavior [ RunTime:0.000126s ]
INFO: [ template_filter ] --END-- [ RunTime:0.000268s ]
INFO: Run Behavior\ParseTemplateBehavior [ RunTime:0.012870s ]
INFO: [ view_parse ] --END-- [ RunTime:0.012956s ]
INFO: [ view_filter ] --START--
INFO: Run Behavior\WriteHtmlCacheBehavior [ RunTime:0.000521s ]
INFO: [ view_filter ] --END-- [ RunTime:0.000573s ]
INFO: [ app_end ] --START--
INFO: Run Behavior\ShowPageTraceBehavior [ RunTime:0.001101s ]
INFO: [ app_end ] --END-- [ RunTime:0.001191s ]

[ 2016-12-19T14:40:33+08:00 ] 127.0.0.1 /github/Wplus/ThinkWplus/index.php/Admin/Index/indexIndex
INFO: [ app_init ] --START--
INFO: Run Behavior\BuildLiteBehavior [ RunTime:0.000015s ]
INFO: [ app_init ] --END-- [ RunTime:0.000584s ]
INFO: [ app_begin ] --START--
INFO: Run Behavior\ReadHtmlCacheBehavior [ RunTime:0.000871s ]
INFO: [ app_begin ] --END-- [ RunTime:0.000945s ]
NOTIC: [8] Use of undefined constant dish - assumed 'dish' G:\wwwroot\github\Wplus\ThinkWplus\Application\Admin\Controller\IndexController.class.php 第 18 行.
SQL: SHOW COLUMNS FROM `dish` [ RunTime:0.0364s ]
SQL: SELECT COUNT(*) AS tp_count FROM `dish` LIMIT 1   [ RunTime:0.2541s ]
NOTIC: [8] Use of undefined constant order - assumed 'order' G:\wwwroot\github\Wplus\ThinkWplus\Application\Admin\Controller\IndexController.class.php 第 22 行.
SQL: SHOW COLUMNS FROM `order` [ RunTime:0.4733s ]
SQL: SELECT COUNT(*) AS tp_count FROM `order` LIMIT 1   [ RunTime:0.0342s ]
NOTIC: [8] Use of undefined constant feedback - assumed 'feedback' G:\wwwroot\github\Wplus\ThinkWplus\Application\Admin\Controller\IndexController.class.php 第 26 行.
SQL: SHOW COLUMNS FROM `feedback` [ RunTime:0.0343s ]
SQL: SELECT COUNT(*) AS tp_count FROM `feedback` LIMIT 1   [ RunTime:0.0344s ]
NOTIC: [8] Use of undefined constant user - assumed 'user' G:\wwwroot\github\Wplus\ThinkWplus\Application\Admin\Controller\IndexController.class.php 第 30 行.
SQL: SHOW COLUMNS FROM `user` [ RunTime:0.6878s ]
SQL: SELECT COUNT(*) AS tp_count FROM `user` LIMIT 1   [ RunTime:0.0335s ]
NOTIC: [8] Use of undefined constant Y - assumed 'Y' G:\wwwroot\github\Wplus\ThinkWplus\Application\Admin\Controller\IndexController.class.php 第 34 行.
NOTIC: [8] Use of undefined constant article - assumed 'article' G:\wwwroot\github\Wplus\ThinkWplus\Application\Admin\Controller\IndexController.class.php 第 35 行.
SQL: SHOW COLUMNS FROM `article` [ RunTime:0.0332s ]
SQL: SELECT COUNT(*) AS tp_count FROM `article` WHERE `time` LIKE '2016%' LIMIT 1   [ RunTime:0.0352s ]
NOTIC: [8] Use of undefined constant Y - assumed 'Y' G:\wwwroot\github\Wplus\ThinkWplus\Application\Admin\Controller\IndexController.class.php 第 40 行.
SQL: SELECT COUNT(*) AS tp_count FROM `article` WHERE `time` LIKE '2015%' LIMIT 1   [ RunTime:0.0339s ]
NOTIC: [8] Use of undefined constant Y - assumed 'Y' G:\wwwroot\github\Wplus\ThinkWplus\Application\Admin\Controller\IndexController.class.php 第 45 行.
SQL: SELECT COUNT(*) AS tp_count FROM `article` WHERE `time` LIKE '2014%' LIMIT 1   [ RunTime:0.0353s ]
NOTIC: [8] Use of undefined constant Y - assumed 'Y' G:\wwwroot\github\Wplus\ThinkWplus\Application\Admin\Controller\IndexController.class.php 第 50 行.
SQL: SELECT COUNT(*) AS tp_count FROM `article` WHERE `time` LIKE '2013%' LIMIT 1   [ RunTime:0.0332s ]
NOTIC: [8] Use of undefined constant Y - assumed 'Y' G:\wwwroot\github\Wplus\ThinkWplus\Application\Admin\Controller\IndexController.class.php 第 55 行.
SQL: SELECT COUNT(*) AS tp_count FROM `article` WHERE `time` LIKE '2012%' LIMIT 1   [ RunTime:0.0334s ]
NOTIC: [8] Use of undefined constant Y - assumed 'Y' G:\wwwroot\github\Wplus\ThinkWplus\Application\Admin\Controller\IndexController.class.php 第 60 行.
SQL: SELECT COUNT(*) AS tp_count FROM `article` WHERE `time` LIKE '2011%' LIMIT 1   [ RunTime:0.0350s ]
NOTIC: [8] Use of undefined constant Y - assumed 'Y' G:\wwwroot\github\Wplus\ThinkWplus\Application\Admin\Controller\IndexController.class.php 第 65 行.
SQL: SELECT COUNT(*) AS tp_count FROM `article` WHERE `time` LIKE '2010%' LIMIT 1   [ RunTime:0.0341s ]
SQL: SELECT COUNT(*) AS tp_count FROM `user` WHERE `birthday` LIKE '2%' LIMIT 1   [ RunTime:0.0341s ]
SQL: SELECT COUNT(*) AS tp_count FROM `user` WHERE `birthday` LIKE '199%' LIMIT 1   [ RunTime:0.0316s ]
SQL: SELECT COUNT(*) AS tp_count FROM `user` WHERE `birthday` LIKE '198%' LIMIT 1   [ RunTime:0.0342s ]
SQL: SELECT COUNT(*) AS tp_count FROM `user` WHERE `birthday` LIKE '197%' LIMIT 1   [ RunTime:0.0351s ]
SQL: SELECT COUNT(*) AS tp_count FROM `user` WHERE `birthday` LIKE '196%' LIMIT 1   [ RunTime:0.0352s ]
SQL: SELECT COUNT(*) AS tp_count FROM `user` WHERE `birthday` LIKE '195%' LIMIT 1   [ RunTime:0.0329s ]
INFO: [ view_parse ] --START--
INFO: [ template_filter ] --START--
INFO: Run Behavior\ContentReplaceBehavior [ RunTime:0.000188s ]
INFO: [ template_filter ] --END-- [ RunTime:0.000318s ]
INFO: Run Behavior\ParseTemplateBehavior [ RunTime:0.019460s ]
INFO: [ view_parse ] --END-- [ RunTime:0.019606s ]
INFO: [ view_filter ] --START--
INFO: Run Behavior\WriteHtmlCacheBehavior [ RunTime:0.000849s ]
INFO: [ view_filter ] --END-- [ RunTime:0.000962s ]
INFO: [ app_end ] --START--
INFO: Run Behavior\ShowPageTraceBehavior [ RunTime:0.001515s ]
INFO: [ app_end ] --END-- [ RunTime:0.001627s ]

[ 2016-12-19T14:40:35+08:00 ] 127.0.0.1 /github/Wplus/ThinkWplus/index.php/Admin/Recipe/lists
INFO: [ app_init ] --START--
INFO: Run Behavior\BuildLiteBehavior [ RunTime:0.000016s ]
INFO: [ app_init ] --END-- [ RunTime:0.000625s ]
INFO: [ app_begin ] --START--
INFO: Run Behavior\ReadHtmlCacheBehavior [ RunTime:0.000996s ]
INFO: [ app_begin ] --END-- [ RunTime:0.001099s ]
SQL: SHOW COLUMNS FROM `recipe` [ RunTime:0.2549s ]
SQL: SELECT * FROM `recipe`  [ RunTime:0.0780s ]
INFO: [ view_parse ] --START--
INFO: [ template_filter ] --START--
INFO: Run Behavior\ContentReplaceBehavior [ RunTime:0.000389s ]
INFO: [ template_filter ] --END-- [ RunTime:0.000701s ]
NOTIC: [8] Undefined offset: 2 G:\wwwroot\github\Wplus\ThinkWplus\Application\Runtime\Cache\Admin\d10ae714aaae9645c2f788751bddff5f.php 第 68 行.
NOTIC: [8] Undefined offset: 3 G:\wwwroot\github\Wplus\ThinkWplus\Application\Runtime\Cache\Admin\d10ae714aaae9645c2f788751bddff5f.php 第 68 行.
NOTIC: [8] Undefined offset: 4 G:\wwwroot\github\Wplus\ThinkWplus\Application\Runtime\Cache\Admin\d10ae714aaae9645c2f788751bddff5f.php 第 68 行.
NOTIC: [8] Undefined offset: 5 G:\wwwroot\github\Wplus\ThinkWplus\Application\Runtime\Cache\Admin\d10ae714aaae9645c2f788751bddff5f.php 第 68 行.
NOTIC: [8] Undefined offset: 2 G:\wwwroot\github\Wplus\ThinkWplus\Application\Runtime\Cache\Admin\d10ae714aaae9645c2f788751bddff5f.php 第 68 行.
NOTIC: [8] Undefined offset: 2 G:\wwwroot\github\Wplus\ThinkWplus\Application\Runtime\Cache\Admin\d10ae714aaae9645c2f788751bddff5f.php 第 68 行.
NOTIC: [8] Undefined offset: 3 G:\wwwroot\github\Wplus\ThinkWplus\Application\Runtime\Cache\Admin\d10ae714aaae9645c2f788751bddff5f.php 第 68 行.
NOTIC: [8] Undefined offset: 4 G:\wwwroot\github\Wplus\ThinkWplus\Application\Runtime\Cache\Admin\d10ae714aaae9645c2f788751bddff5f.php 第 68 行.
NOTIC: [8] Undefined offset: 2 G:\wwwroot\github\Wplus\ThinkWplus\Application\Runtime\Cache\Admin\d10ae714aaae9645c2f788751bddff5f.php 第 68 行.
NOTIC: [8] Undefined offset: 3 G:\wwwroot\github\Wplus\ThinkWplus\Application\Runtime\Cache\Admin\d10ae714aaae9645c2f788751bddff5f.php 第 68 行.
INFO: Run Behavior\ParseTemplateBehavior [ RunTime:0.069991s ]
INFO: [ view_parse ] --END-- [ RunTime:0.070153s ]
INFO: [ view_filter ] --START--
INFO: Run Behavior\WriteHtmlCacheBehavior [ RunTime:0.000610s ]
INFO: [ view_filter ] --END-- [ RunTime:0.000695s ]
INFO: [ app_end ] --START--
INFO: Run Behavior\ShowPageTraceBehavior [ RunTime:0.001235s ]
INFO: [ app_end ] --END-- [ RunTime:0.001369s ]

[ 2016-12-19T14:40:35+08:00 ] 127.0.0.1 /github/Wplus/ThinkWplus/index.php/Admin/Public/uploads/2016-12-18/58569ffa46fe4.jpg
INFO: [ app_init ] --START--
INFO: Run Behavior\BuildLiteBehavior [ RunTime:0.000026s ]
INFO: [ app_init ] --END-- [ RunTime:0.000605s ]

[ 2016-12-19T14:40:35+08:00 ] 127.0.0.1 /github/Wplus/ThinkWplus/index.php/Admin/Public/Public/uploads/2016-12-18/58569ffa46fe4.jpg
INFO: [ app_init ] --START--
INFO: Run Behavior\BuildLiteBehavior [ RunTime:0.000019s ]
INFO: [ app_init ] --END-- [ RunTime:0.000643s ]

[ 2016-12-19T15:23:37+08:00 ] 127.0.0.1 /github/Wplus/ThinkWplus/index.php/Admin/Index/index.html
INFO: [ app_init ] --START--
INFO: Run Behavior\BuildLiteBehavior [ RunTime:0.000017s ]
INFO: [ app_init ] --END-- [ RunTime:0.000612s ]
INFO: [ app_begin ] --START--
INFO: Run Behavior\ReadHtmlCacheBehavior [ RunTime:0.000878s ]
INFO: [ app_begin ] --END-- [ RunTime:0.000947s ]
INFO: [ view_parse ] --START--
INFO: [ template_filter ] --START--
INFO: Run Behavior\ContentReplaceBehavior [ RunTime:0.000140s ]
INFO: [ template_filter ] --END-- [ RunTime:0.000263s ]
INFO: Run Behavior\ParseTemplateBehavior [ RunTime:0.009611s ]
INFO: [ view_parse ] --END-- [ RunTime:0.009688s ]
INFO: [ view_filter ] --START--
INFO: Run Behavior\WriteHtmlCacheBehavior [ RunTime:0.000582s ]
INFO: [ view_filter ] --END-- [ RunTime:0.000655s ]
INFO: [ app_end ] --START--
INFO: Run Behavior\ShowPageTraceBehavior [ RunTime:0.001064s ]
INFO: [ app_end ] --END-- [ RunTime:0.001143s ]

[ 2016-12-19T15:23:42+08:00 ] 127.0.0.1 /github/Wplus/ThinkWplus/index.php/Admin/Index/indexIndex
INFO: [ app_init ] --START--
INFO: Run Behavior\BuildLiteBehavior [ RunTime:0.000017s ]
INFO: [ app_init ] --END-- [ RunTime:0.000558s ]
INFO: [ app_begin ] --START--
INFO: Run Behavior\ReadHtmlCacheBehavior [ RunTime:0.000688s ]
INFO: [ app_begin ] --END-- [ RunTime:0.000759s ]
NOTIC: [8] Use of undefined constant dish - assumed 'dish' G:\wwwroot\github\Wplus\ThinkWplus\Application\Admin\Controller\IndexController.class.php 第 18 行.
SQL: SHOW COLUMNS FROM `dish` [ RunTime:0.0356s ]
SQL: SELECT COUNT(*) AS tp_count FROM `dish` LIMIT 1   [ RunTime:0.0356s ]
NOTIC: [8] Use of undefined constant order - assumed 'order' G:\wwwroot\github\Wplus\ThinkWplus\Application\Admin\Controller\IndexController.class.php 第 22 行.
SQL: SHOW COLUMNS FROM `order` [ RunTime:0.0360s ]
SQL: SELECT COUNT(*) AS tp_count FROM `order` LIMIT 1   [ RunTime:0.2519s ]
NOTIC: [8] Use of undefined constant feedback - assumed 'feedback' G:\wwwroot\github\Wplus\ThinkWplus\Application\Admin\Controller\IndexController.class.php 第 26 行.
SQL: SHOW COLUMNS FROM `feedback` [ RunTime:0.0350s ]
SQL: SELECT COUNT(*) AS tp_count FROM `feedback` LIMIT 1   [ RunTime:0.0345s ]
NOTIC: [8] Use of undefined constant user - assumed 'user' G:\wwwroot\github\Wplus\ThinkWplus\Application\Admin\Controller\IndexController.class.php 第 30 行.
SQL: SHOW COLUMNS FROM `user` [ RunTime:0.0327s ]
SQL: SELECT COUNT(*) AS tp_count FROM `user` LIMIT 1   [ RunTime:0.0329s ]
NOTIC: [8] Use of undefined constant Y - assumed 'Y' G:\wwwroot\github\Wplus\ThinkWplus\Application\Admin\Controller\IndexController.class.php 第 34 行.
NOTIC: [8] Use of undefined constant article - assumed 'article' G:\wwwroot\github\Wplus\ThinkWplus\Application\Admin\Controller\IndexController.class.php 第 35 行.
SQL: SHOW COLUMNS FROM `article` [ RunTime:0.0343s ]
SQL: SELECT COUNT(*) AS tp_count FROM `article` WHERE `time` LIKE '2016%' LIMIT 1   [ RunTime:0.2530s ]
NOTIC: [8] Use of undefined constant Y - assumed 'Y' G:\wwwroot\github\Wplus\ThinkWplus\Application\Admin\Controller\IndexController.class.php 第 40 行.
SQL: SELECT COUNT(*) AS tp_count FROM `article` WHERE `time` LIKE '2015%' LIMIT 1   [ RunTime:0.0319s ]
NOTIC: [8] Use of undefined constant Y - assumed 'Y' G:\wwwroot\github\Wplus\ThinkWplus\Application\Admin\Controller\IndexController.class.php 第 45 行.
SQL: SELECT COUNT(*) AS tp_count FROM `article` WHERE `time` LIKE '2014%' LIMIT 1   [ RunTime:0.0310s ]
NOTIC: [8] Use of undefined constant Y - assumed 'Y' G:\wwwroot\github\Wplus\ThinkWplus\Application\Admin\Controller\IndexController.class.php 第 50 行.
SQL: SELECT COUNT(*) AS tp_count FROM `article` WHERE `time` LIKE '2013%' LIMIT 1   [ RunTime:0.0304s ]
NOTIC: [8] Use of undefined constant Y - assumed 'Y' G:\wwwroot\github\Wplus\ThinkWplus\Application\Admin\Controller\IndexController.class.php 第 55 行.
SQL: SELECT COUNT(*) AS tp_count FROM `article` WHERE `time` LIKE '2012%' LIMIT 1   [ RunTime:0.0344s ]
NOTIC: [8] Use of undefined constant Y - assumed 'Y' G:\wwwroot\github\Wplus\ThinkWplus\Application\Admin\Controller\IndexController.class.php 第 60 行.
SQL: SELECT COUNT(*) AS tp_count FROM `article` WHERE `time` LIKE '2011%' LIMIT 1   [ RunTime:0.0318s ]
NOTIC: [8] Use of undefined constant Y - assumed 'Y' G:\wwwroot\github\Wplus\ThinkWplus\Application\Admin\Controller\IndexController.class.php 第 65 行.
SQL: SELECT COUNT(*) AS tp_count FROM `article` WHERE `time` LIKE '2010%' LIMIT 1   [ RunTime:0.0324s ]
SQL: SELECT COUNT(*) AS tp_count FROM `user` WHERE `birthday` LIKE '2%' LIMIT 1   [ RunTime:0.0338s ]
SQL: SELECT COUNT(*) AS tp_count FROM `user` WHERE `birthday` LIKE '199%' LIMIT 1   [ RunTime:0.0314s ]
SQL: SELECT COUNT(*) AS tp_count FROM `user` WHERE `birthday` LIKE '198%' LIMIT 1   [ RunTime:0.0315s ]
SQL: SELECT COUNT(*) AS tp_count FROM `user` WHERE `birthday` LIKE '197%' LIMIT 1   [ RunTime:0.0348s ]
SQL: SELECT COUNT(*) AS tp_count FROM `user` WHERE `birthday` LIKE '196%' LIMIT 1   [ RunTime:0.0337s ]
SQL: SELECT COUNT(*) AS tp_count FROM `user` WHERE `birthday` LIKE '195%' LIMIT 1   [ RunTime:0.0326s ]
INFO: [ view_parse ] --START--
INFO: [ template_filter ] --START--
INFO: Run Behavior\ContentReplaceBehavior [ RunTime:0.000185s ]
INFO: [ template_filter ] --END-- [ RunTime:0.000312s ]
INFO: Run Behavior\ParseTemplateBehavior [ RunTime:0.017730s ]
INFO: [ view_parse ] --END-- [ RunTime:0.017907s ]
INFO: [ view_filter ] --START--
INFO: Run Behavior\WriteHtmlCacheBehavior [ RunTime:0.000993s ]
INFO: [ view_filter ] --END-- [ RunTime:0.001149s ]
INFO: [ app_end ] --START--
INFO: Run Behavior\ShowPageTraceBehavior [ RunTime:0.001765s ]
INFO: [ app_end ] --END-- [ RunTime:0.001950s ]

[ 2016-12-19T15:24:03+08:00 ] 127.0.0.1 /github/Wplus/ThinkWplus/index.php/Admin/Recipe/lists
INFO: [ app_init ] --START--
INFO: Run Behavior\BuildLiteBehavior [ RunTime:0.000021s ]
INFO: [ app_init ] --END-- [ RunTime:0.000805s ]
INFO: [ app_begin ] --START--
INFO: Run Behavior\ReadHtmlCacheBehavior [ RunTime:0.001035s ]
INFO: [ app_begin ] --END-- [ RunTime:0.001134s ]
SQL: SHOW COLUMNS FROM `recipe` [ RunTime:0.2486s ]
SQL: SELECT * FROM `recipe`  [ RunTime:0.0372s ]
INFO: [ view_parse ] --START--
INFO: [ template_filter ] --START--
INFO: Run Behavior\ContentReplaceBehavior [ RunTime:0.000162s ]
INFO: [ template_filter ] --END-- [ RunTime:0.000347s ]
NOTIC: [8] Undefined offset: 2 G:\wwwroot\github\Wplus\ThinkWplus\Application\Runtime\Cache\Admin\d10ae714aaae9645c2f788751bddff5f.php 第 68 行.
NOTIC: [8] Undefined offset: 3 G:\wwwroot\github\Wplus\ThinkWplus\Application\Runtime\Cache\Admin\d10ae714aaae9645c2f788751bddff5f.php 第 68 行.
NOTIC: [8] Undefined offset: 4 G:\wwwroot\github\Wplus\ThinkWplus\Application\Runtime\Cache\Admin\d10ae714aaae9645c2f788751bddff5f.php 第 68 行.
NOTIC: [8] Undefined offset: 5 G:\wwwroot\github\Wplus\ThinkWplus\Application\Runtime\Cache\Admin\d10ae714aaae9645c2f788751bddff5f.php 第 68 行.
NOTIC: [8] Undefined offset: 2 G:\wwwroot\github\Wplus\ThinkWplus\Application\Runtime\Cache\Admin\d10ae714aaae9645c2f788751bddff5f.php 第 68 行.
NOTIC: [8] Undefined offset: 2 G:\wwwroot\github\Wplus\ThinkWplus\Application\Runtime\Cache\Admin\d10ae714aaae9645c2f788751bddff5f.php 第 68 行.
NOTIC: [8] Undefined offset: 3 G:\wwwroot\github\Wplus\ThinkWplus\Application\Runtime\Cache\Admin\d10ae714aaae9645c2f788751bddff5f.php 第 68 行.
NOTIC: [8] Undefined offset: 4 G:\wwwroot\github\Wplus\ThinkWplus\Application\Runtime\Cache\Admin\d10ae714aaae9645c2f788751bddff5f.php 第 68 行.
NOTIC: [8] Undefined offset: 2 G:\wwwroot\github\Wplus\ThinkWplus\Application\Runtime\Cache\Admin\d10ae714aaae9645c2f788751bddff5f.php 第 68 行.
NOTIC: [8] Undefined offset: 3 G:\wwwroot\github\Wplus\ThinkWplus\Application\Runtime\Cache\Admin\d10ae714aaae9645c2f788751bddff5f.php 第 68 行.
INFO: Run Behavior\ParseTemplateBehavior [ RunTime:0.074964s ]
INFO: [ view_parse ] --END-- [ RunTime:0.075094s ]
INFO: [ view_filter ] --START--
INFO: Run Behavior\WriteHtmlCacheBehavior [ RunTime:0.002149s ]
INFO: [ view_filter ] --END-- [ RunTime:0.002292s ]
INFO: [ app_end ] --START--
INFO: Run Behavior\ShowPageTraceBehavior [ RunTime:0.002500s ]
INFO: [ app_end ] --END-- [ RunTime:0.002818s ]

[ 2016-12-19T15:24:04+08:00 ] 127.0.0.1 /github/Wplus/ThinkWplus/index.php/Admin/Public/uploads/2016-12-18/58569ffa46fe4.jpg
INFO: [ app_init ] --START--
INFO: Run Behavior\BuildLiteBehavior [ RunTime:0.000025s ]
INFO: [ app_init ] --END-- [ RunTime:0.000792s ]

[ 2016-12-19T15:24:04+08:00 ] 127.0.0.1 /github/Wplus/ThinkWplus/index.php/Admin/Public/Public/uploads/2016-12-18/58569ffa46fe4.jpg
INFO: [ app_init ] --START--
INFO: Run Behavior\BuildLiteBehavior [ RunTime:0.000025s ]
INFO: [ app_init ] --END-- [ RunTime:0.000799s ]

[ 2016-12-19T15:24:26+08:00 ] 127.0.0.1 /github/Wplus/ThinkWplus/index.php/Admin/Recipe/edit/id/1
INFO: [ app_init ] --START--
INFO: Run Behavior\BuildLiteBehavior [ RunTime:0.000015s ]
INFO: [ app_init ] --END-- [ RunTime:0.000644s ]
INFO: [ app_begin ] --START--
INFO: Run Behavior\ReadHtmlCacheBehavior [ RunTime:0.001189s ]
INFO: [ app_begin ] --END-- [ RunTime:0.001299s ]
SQL: SHOW COLUMNS FROM `recipe` [ RunTime:0.0354s ]
SQL: SELECT * FROM `recipe` WHERE ( id=1 )  [ RunTime:0.0579s ]
INFO: [ view_parse ] --START--
INFO: [ template_filter ] --START--
INFO: Run Behavior\ContentReplaceBehavior [ RunTime:0.000184s ]
INFO: [ template_filter ] --END-- [ RunTime:0.000309s ]
INFO: Run Behavior\ParseTemplateBehavior [ RunTime:0.095063s ]
INFO: [ view_parse ] --END-- [ RunTime:0.095233s ]
INFO: [ view_filter ] --START--
INFO: Run Behavior\WriteHtmlCacheBehavior [ RunTime:0.000833s ]
INFO: [ view_filter ] --END-- [ RunTime:0.000943s ]
INFO: [ app_end ] --START--
INFO: Run Behavior\ShowPageTraceBehavior [ RunTime:0.001995s ]
INFO: [ app_end ] --END-- [ RunTime:0.002298s ]

[ 2016-12-19T15:25:07+08:00 ] 127.0.0.1 /github/Wplus/ThinkWplus/index.php/Admin/Recipe/doEdit
INFO: [ app_init ] --START--
INFO: Run Behavior\BuildLiteBehavior [ RunTime:0.000015s ]
INFO: [ app_init ] --END-- [ RunTime:0.000561s ]
INFO: [ app_begin ] --START--
INFO: Run Behavior\ReadHtmlCacheBehavior [ RunTime:0.000712s ]
INFO: [ app_begin ] --END-- [ RunTime:0.000774s ]
SQL: SHOW COLUMNS FROM `recipe` [ RunTime:0.0351s ]
NOTIC: [8] Undefined index: validate G:\wwwroot\github\Wplus\ThinkWplus\ThinkPHP\Library\Think\Model.class.php 第 1185 行.
NOTIC: [8] Undefined index: auto G:\wwwroot\github\Wplus\ThinkWplus\ThinkPHP\Library\Think\Model.class.php 第 1128 行.
SQL: UPDATE `recipe` SET `recipename`='糖醋排骨',`foodname`='猪小排&白糖&醋',`foodnum`='1斤&1勺&1勺',`step`='小排500克焯水后，煮三十分钟，肉汤可以煮面条，别倒掉了。& 用一汤匙料酒，一汤匙生抽，半汤匙老抽，二汤匙香醋（不是白醋）腌渍20分钟。& 捞出洗净控水备用，炸制金黄，油别放多，可以省油，只要翻身的勤就好了。&锅内放排骨，腌排骨的水，三汤勺白糖（大胆的放糖吧，三汤匙，别怕多）。半碗肉汤大火烧开，调入半茶匙盐提味。& 小火焖十分钟大火收汁，收汁的时候最后加一汤匙香醋，那个酸甜口就出来了。& 临出锅撒葱花芝麻，少许味精。',`clocknum`='1&5&2',`clocktime`='00:10:00&00:10:00&00:01:00',`id`='1' WHERE ( id=1 ) [ RunTime:0.0425s ]
INFO: [ view_parse ] --START--
INFO: [ template_filter ] --START--
INFO: Run Behavior\ContentReplaceBehavior [ RunTime:0.000073s ]
INFO: [ template_filter ] --END-- [ RunTime:0.000153s ]
INFO: Run Behavior\ParseTemplateBehavior [ RunTime:0.007802s ]
INFO: [ view_parse ] --END-- [ RunTime:0.007919s ]
INFO: [ view_filter ] --START--
INFO: Run Behavior\WriteHtmlCacheBehavior [ RunTime:0.000388s ]
INFO: [ view_filter ] --END-- [ RunTime:0.000444s ]
INFO: [ app_end ] --START--
INFO: Run Behavior\ShowPageTraceBehavior [ RunTime:0.000742s ]
INFO: [ app_end ] --END-- [ RunTime:0.000802s ]

[ 2016-12-19T15:25:13+08:00 ] 127.0.0.1 /github/Wplus/ThinkWplus/index.php/Admin/Recipe/lists.html
INFO: [ app_init ] --START--
INFO: Run Behavior\BuildLiteBehavior [ RunTime:0.000021s ]
INFO: [ app_init ] --END-- [ RunTime:0.000721s ]
INFO: [ app_begin ] --START--
INFO: Run Behavior\ReadHtmlCacheBehavior [ RunTime:0.000794s ]
INFO: [ app_begin ] --END-- [ RunTime:0.000876s ]
SQL: SHOW COLUMNS FROM `recipe` [ RunTime:0.2609s ]
SQL: SELECT * FROM `recipe`  [ RunTime:0.0405s ]
INFO: [ view_parse ] --START--
INFO: [ template_filter ] --START--
INFO: Run Behavior\ContentReplaceBehavior [ RunTime:0.000259s ]
INFO: [ template_filter ] --END-- [ RunTime:0.000468s ]
NOTIC: [8] Undefined offset: 2 G:\wwwroot\github\Wplus\ThinkWplus\Application\Runtime\Cache\Admin\d10ae714aaae9645c2f788751bddff5f.php 第 68 行.
NOTIC: [8] Undefined offset: 3 G:\wwwroot\github\Wplus\ThinkWplus\Application\Runtime\Cache\Admin\d10ae714aaae9645c2f788751bddff5f.php 第 68 行.
NOTIC: [8] Undefined offset: 4 G:\wwwroot\github\Wplus\ThinkWplus\Application\Runtime\Cache\Admin\d10ae714aaae9645c2f788751bddff5f.php 第 68 行.
NOTIC: [8] Undefined offset: 5 G:\wwwroot\github\Wplus\ThinkWplus\Application\Runtime\Cache\Admin\d10ae714aaae9645c2f788751bddff5f.php 第 68 行.
NOTIC: [8] Undefined offset: 2 G:\wwwroot\github\Wplus\ThinkWplus\Application\Runtime\Cache\Admin\d10ae714aaae9645c2f788751bddff5f.php 第 68 行.
NOTIC: [8] Undefined offset: 2 G:\wwwroot\github\Wplus\ThinkWplus\Application\Runtime\Cache\Admin\d10ae714aaae9645c2f788751bddff5f.php 第 68 行.
NOTIC: [8] Undefined offset: 3 G:\wwwroot\github\Wplus\ThinkWplus\Application\Runtime\Cache\Admin\d10ae714aaae9645c2f788751bddff5f.php 第 68 行.
NOTIC: [8] Undefined offset: 4 G:\wwwroot\github\Wplus\ThinkWplus\Application\Runtime\Cache\Admin\d10ae714aaae9645c2f788751bddff5f.php 第 68 行.
NOTIC: [8] Undefined offset: 2 G:\wwwroot\github\Wplus\ThinkWplus\Application\Runtime\Cache\Admin\d10ae714aaae9645c2f788751bddff5f.php 第 68 行.
NOTIC: [8] Undefined offset: 3 G:\wwwroot\github\Wplus\ThinkWplus\Application\Runtime\Cache\Admin\d10ae714aaae9645c2f788751bddff5f.php 第 68 行.
INFO: Run Behavior\ParseTemplateBehavior [ RunTime:0.042761s ]
INFO: [ view_parse ] --END-- [ RunTime:0.042877s ]
INFO: [ view_filter ] --START--
INFO: Run Behavior\WriteHtmlCacheBehavior [ RunTime:0.000522s ]
INFO: [ view_filter ] --END-- [ RunTime:0.000575s ]
INFO: [ app_end ] --START--
INFO: Run Behavior\ShowPageTraceBehavior [ RunTime:0.001127s ]
INFO: [ app_end ] --END-- [ RunTime:0.001237s ]

[ 2016-12-19T15:25:13+08:00 ] 127.0.0.1 /github/Wplus/ThinkWplus/index.php/Admin/Public/uploads/2016-12-18/58569ffa46fe4.jpg
INFO: [ app_init ] --START--
INFO: Run Behavior\BuildLiteBehavior [ RunTime:0.000028s ]
INFO: [ app_init ] --END-- [ RunTime:0.001512s ]

[ 2016-12-19T15:25:13+08:00 ] 127.0.0.1 /github/Wplus/ThinkWplus/index.php/Admin/Public/Public/uploads/2016-12-18/58569ffa46fe4.jpg
INFO: [ app_init ] --START--
INFO: Run Behavior\BuildLiteBehavior [ RunTime:0.000019s ]
INFO: [ app_init ] --END-- [ RunTime:0.000659s ]

[ 2016-12-19T15:32:59+08:00 ] 127.0.0.1 /github/Wplus/ThinkWplus/index.php/Admin/Index/index.html
INFO: [ app_init ] --START--
INFO: Run Behavior\BuildLiteBehavior [ RunTime:0.000020s ]
INFO: [ app_init ] --END-- [ RunTime:0.000626s ]
INFO: [ app_begin ] --START--
INFO: Run Behavior\ReadHtmlCacheBehavior [ RunTime:0.000829s ]
INFO: [ app_begin ] --END-- [ RunTime:0.000900s ]
INFO: [ view_parse ] --START--
INFO: [ template_filter ] --START--
INFO: Run Behavior\ContentReplaceBehavior [ RunTime:0.000092s ]
INFO: [ template_filter ] --END-- [ RunTime:0.000155s ]
INFO: Run Behavior\ParseTemplateBehavior [ RunTime:0.008724s ]
INFO: [ view_parse ] --END-- [ RunTime:0.008792s ]
INFO: [ view_filter ] --START--
INFO: Run Behavior\WriteHtmlCacheBehavior [ RunTime:0.000520s ]
INFO: [ view_filter ] --END-- [ RunTime:0.000577s ]
INFO: [ app_end ] --START--
INFO: Run Behavior\ShowPageTraceBehavior [ RunTime:0.001238s ]
INFO: [ app_end ] --END-- [ RunTime:0.001371s ]

[ 2016-12-19T15:33:04+08:00 ] 127.0.0.1 /github/Wplus/ThinkWplus/index.php/Admin/Index/indexIndex
INFO: [ app_init ] --START--
INFO: Run Behavior\BuildLiteBehavior [ RunTime:0.000019s ]
INFO: [ app_init ] --END-- [ RunTime:0.000820s ]
INFO: [ app_begin ] --START--
INFO: Run Behavior\ReadHtmlCacheBehavior [ RunTime:0.000736s ]
INFO: [ app_begin ] --END-- [ RunTime:0.000810s ]
NOTIC: [8] Use of undefined constant dish - assumed 'dish' G:\wwwroot\github\Wplus\ThinkWplus\Application\Admin\Controller\IndexController.class.php 第 18 行.
SQL: SHOW COLUMNS FROM `dish` [ RunTime:0.0323s ]
SQL: SELECT COUNT(*) AS tp_count FROM `dish` LIMIT 1   [ RunTime:0.0293s ]
NOTIC: [8] Use of undefined constant order - assumed 'order' G:\wwwroot\github\Wplus\ThinkWplus\Application\Admin\Controller\IndexController.class.php 第 22 行.
SQL: SHOW COLUMNS FROM `order` [ RunTime:0.0321s ]
SQL: SELECT COUNT(*) AS tp_count FROM `order` LIMIT 1   [ RunTime:0.0338s ]
NOTIC: [8] Use of undefined constant feedback - assumed 'feedback' G:\wwwroot\github\Wplus\ThinkWplus\Application\Admin\Controller\IndexController.class.php 第 26 行.
SQL: SHOW COLUMNS FROM `feedback` [ RunTime:0.0304s ]
SQL: SELECT COUNT(*) AS tp_count FROM `feedback` LIMIT 1   [ RunTime:0.0289s ]
NOTIC: [8] Use of undefined constant user - assumed 'user' G:\wwwroot\github\Wplus\ThinkWplus\Application\Admin\Controller\IndexController.class.php 第 30 行.
SQL: SHOW COLUMNS FROM `user` [ RunTime:0.0293s ]
SQL: SELECT COUNT(*) AS tp_count FROM `user` LIMIT 1   [ RunTime:0.0291s ]
NOTIC: [8] Use of undefined constant Y - assumed 'Y' G:\wwwroot\github\Wplus\ThinkWplus\Application\Admin\Controller\IndexController.class.php 第 34 行.
NOTIC: [8] Use of undefined constant article - assumed 'article' G:\wwwroot\github\Wplus\ThinkWplus\Application\Admin\Controller\IndexController.class.php 第 35 行.
SQL: SHOW COLUMNS FROM `article` [ RunTime:0.2447s ]
SQL: SELECT COUNT(*) AS tp_count FROM `article` WHERE `time` LIKE '2016%' LIMIT 1   [ RunTime:0.0305s ]
NOTIC: [8] Use of undefined constant Y - assumed 'Y' G:\wwwroot\github\Wplus\ThinkWplus\Application\Admin\Controller\IndexController.class.php 第 40 行.
SQL: SELECT COUNT(*) AS tp_count FROM `article` WHERE `time` LIKE '2015%' LIMIT 1   [ RunTime:0.0336s ]
NOTIC: [8] Use of undefined constant Y - assumed 'Y' G:\wwwroot\github\Wplus\ThinkWplus\Application\Admin\Controller\IndexController.class.php 第 45 行.
SQL: SELECT COUNT(*) AS tp_count FROM `article` WHERE `time` LIKE '2014%' LIMIT 1   [ RunTime:0.0295s ]
NOTIC: [8] Use of undefined constant Y - assumed 'Y' G:\wwwroot\github\Wplus\ThinkWplus\Application\Admin\Controller\IndexController.class.php 第 50 行.
SQL: SELECT COUNT(*) AS tp_count FROM `article` WHERE `time` LIKE '2013%' LIMIT 1   [ RunTime:0.0299s ]
NOTIC: [8] Use of undefined constant Y - assumed 'Y' G:\wwwroot\github\Wplus\ThinkWplus\Application\Admin\Controller\IndexController.class.php 第 55 行.
SQL: SELECT COUNT(*) AS tp_count FROM `article` WHERE `time` LIKE '2012%' LIMIT 1   [ RunTime:0.0286s ]
NOTIC: [8] Use of undefined constant Y - assumed 'Y' G:\wwwroot\github\Wplus\ThinkWplus\Application\Admin\Controller\IndexController.class.php 第 60 行.
SQL: SELECT COUNT(*) AS tp_count FROM `article` WHERE `time` LIKE '2011%' LIMIT 1   [ RunTime:0.0303s ]
NOTIC: [8] Use of undefined constant Y - assumed 'Y' G:\wwwroot\github\Wplus\ThinkWplus\Application\Admin\Controller\IndexController.class.php 第 65 行.
SQL: SELECT COUNT(*) AS tp_count FROM `article` WHERE `time` LIKE '2010%' LIMIT 1   [ RunTime:0.0287s ]
SQL: SELECT COUNT(*) AS tp_count FROM `user` WHERE `birthday` LIKE '2%' LIMIT 1   [ RunTime:0.0257s ]
SQL: SELECT COUNT(*) AS tp_count FROM `user` WHERE `birthday` LIKE '199%' LIMIT 1   [ RunTime:0.0284s ]
SQL: SELECT COUNT(*) AS tp_count FROM `user` WHERE `birthday` LIKE '198%' LIMIT 1   [ RunTime:0.0295s ]
SQL: SELECT COUNT(*) AS tp_count FROM `user` WHERE `birthday` LIKE '197%' LIMIT 1   [ RunTime:0.0308s ]
SQL: SELECT COUNT(*) AS tp_count FROM `user` WHERE `birthday` LIKE '196%' LIMIT 1   [ RunTime:0.0292s ]
SQL: SELECT COUNT(*) AS tp_count FROM `user` WHERE `birthday` LIKE '195%' LIMIT 1   [ RunTime:0.0278s ]
INFO: [ view_parse ] --START--
INFO: [ template_filter ] --START--
INFO: Run Behavior\ContentReplaceBehavior [ RunTime:0.000154s ]
INFO: [ template_filter ] --END-- [ RunTime:0.000267s ]
INFO: Run Behavior\ParseTemplateBehavior [ RunTime:0.017901s ]
INFO: [ view_parse ] --END-- [ RunTime:0.018165s ]
INFO: [ view_filter ] --START--
INFO: Run Behavior\WriteHtmlCacheBehavior [ RunTime:0.001107s ]
INFO: [ view_filter ] --END-- [ RunTime:0.001236s ]
INFO: [ app_end ] --START--
INFO: Run Behavior\ShowPageTraceBehavior [ RunTime:0.001649s ]
INFO: [ app_end ] --END-- [ RunTime:0.001827s ]

[ 2016-12-19T15:33:11+08:00 ] 127.0.0.1 /github/Wplus/ThinkWplus/index.php/Admin/Recipe/lists
INFO: [ app_init ] --START--
INFO: Run Behavior\BuildLiteBehavior [ RunTime:0.000016s ]
INFO: [ app_init ] --END-- [ RunTime:0.000899s ]
INFO: [ app_begin ] --START--
INFO: Run Behavior\ReadHtmlCacheBehavior [ RunTime:0.001214s ]
INFO: [ app_begin ] --END-- [ RunTime:0.001355s ]
SQL: SHOW COLUMNS FROM `recipe` [ RunTime:0.0381s ]
SQL: SELECT * FROM `recipe`  [ RunTime:0.0369s ]
INFO: [ view_parse ] --START--
INFO: [ template_filter ] --START--
INFO: Run Behavior\ContentReplaceBehavior [ RunTime:0.000110s ]
INFO: [ template_filter ] --END-- [ RunTime:0.000219s ]
NOTIC: [8] Undefined offset: 2 G:\wwwroot\github\Wplus\ThinkWplus\Application\Runtime\Cache\Admin\d10ae714aaae9645c2f788751bddff5f.php 第 68 行.
NOTIC: [8] Undefined offset: 3 G:\wwwroot\github\Wplus\ThinkWplus\Application\Runtime\Cache\Admin\d10ae714aaae9645c2f788751bddff5f.php 第 68 行.
NOTIC: [8] Undefined offset: 4 G:\wwwroot\github\Wplus\ThinkWplus\Application\Runtime\Cache\Admin\d10ae714aaae9645c2f788751bddff5f.php 第 68 行.
NOTIC: [8] Undefined offset: 5 G:\wwwroot\github\Wplus\ThinkWplus\Application\Runtime\Cache\Admin\d10ae714aaae9645c2f788751bddff5f.php 第 68 行.
NOTIC: [8] Undefined offset: 2 G:\wwwroot\github\Wplus\ThinkWplus\Application\Runtime\Cache\Admin\d10ae714aaae9645c2f788751bddff5f.php 第 68 行.
NOTIC: [8] Undefined offset: 2 G:\wwwroot\github\Wplus\ThinkWplus\Application\Runtime\Cache\Admin\d10ae714aaae9645c2f788751bddff5f.php 第 68 行.
NOTIC: [8] Undefined offset: 3 G:\wwwroot\github\Wplus\ThinkWplus\Application\Runtime\Cache\Admin\d10ae714aaae9645c2f788751bddff5f.php 第 68 行.
NOTIC: [8] Undefined offset: 4 G:\wwwroot\github\Wplus\ThinkWplus\Application\Runtime\Cache\Admin\d10ae714aaae9645c2f788751bddff5f.php 第 68 行.
NOTIC: [8] Undefined offset: 2 G:\wwwroot\github\Wplus\ThinkWplus\Application\Runtime\Cache\Admin\d10ae714aaae9645c2f788751bddff5f.php 第 68 行.
NOTIC: [8] Undefined offset: 3 G:\wwwroot\github\Wplus\ThinkWplus\Application\Runtime\Cache\Admin\d10ae714aaae9645c2f788751bddff5f.php 第 68 行.
INFO: Run Behavior\ParseTemplateBehavior [ RunTime:0.016333s ]
INFO: [ view_parse ] --END-- [ RunTime:0.016464s ]
INFO: [ view_filter ] --START--
INFO: Run Behavior\WriteHtmlCacheBehavior [ RunTime:0.000515s ]
INFO: [ view_filter ] --END-- [ RunTime:0.000590s ]
INFO: [ app_end ] --START--
INFO: Run Behavior\ShowPageTraceBehavior [ RunTime:0.000830s ]
INFO: [ app_end ] --END-- [ RunTime:0.000909s ]

[ 2016-12-19T15:33:11+08:00 ] 127.0.0.1 /github/Wplus/ThinkWplus/index.php/Admin/Public/uploads/2016-12-18/58569ffa46fe4.jpg
INFO: [ app_init ] --START--
INFO: Run Behavior\BuildLiteBehavior [ RunTime:0.000027s ]
INFO: [ app_init ] --END-- [ RunTime:0.000842s ]

[ 2016-12-19T15:33:11+08:00 ] 127.0.0.1 /github/Wplus/ThinkWplus/index.php/Admin/Public/Public/uploads/2016-12-18/58569ffa46fe4.jpg
INFO: [ app_init ] --START--
INFO: Run Behavior\BuildLiteBehavior [ RunTime:0.000022s ]
INFO: [ app_init ] --END-- [ RunTime:0.000788s ]

