[ 2016-12-18T21:52:17+08:00 ] 127.0.0.1 /github/Wplus/ThinkWplus/index.php/Admin/Admin/add.html
INFO: [ app_init ] --START--
INFO: Run Behavior\BuildLiteBehavior [ RunTime:0.000025s ]
INFO: [ app_init ] --END-- [ RunTime:0.000762s ]
INFO: [ app_begin ] --START--
INFO: Run Behavior\ReadHtmlCacheBehavior [ RunTime:0.000844s ]
INFO: [ app_begin ] --END-- [ RunTime:0.000909s ]
INFO: [ view_parse ] --START--
INFO: [ template_filter ] --START--
INFO: Run Behavior\ContentReplaceBehavior [ RunTime:0.000127s ]
INFO: [ template_filter ] --END-- [ RunTime:0.000225s ]
INFO: Run Behavior\ParseTemplateBehavior [ RunTime:0.056872s ]
INFO: [ view_parse ] --END-- [ RunTime:0.056959s ]
INFO: [ view_filter ] --START--
INFO: Run Behavior\WriteHtmlCacheBehavior [ RunTime:0.000601s ]
INFO: [ view_filter ] --END-- [ RunTime:0.000665s ]
INFO: [ app_end ] --START--
INFO: Run Behavior\ShowPageTraceBehavior [ RunTime:0.000820s ]
INFO: [ app_end ] --END-- [ RunTime:0.000879s ]

[ 2016-12-18T21:52:17+08:00 ] 127.0.0.1 /github/Wplus/ThinkWplus/index.php/Admin/Admin/favicon.ico
INFO: [ app_init ] --START--
INFO: Run Behavior\BuildLiteBehavior [ RunTime:0.000017s ]
INFO: [ app_init ] --END-- [ RunTime:0.000665s ]

[ 2016-12-18T21:52:22+08:00 ] 127.0.0.1 /github/Wplus/ThinkWplus/index.php/Admin/home
INFO: [ app_init ] --START--
INFO: Run Behavior\BuildLiteBehavior [ RunTime:0.000016s ]
INFO: [ app_init ] --END-- [ RunTime:0.000802s ]
INFO: [ app_begin ] --START--
INFO: Run Behavior\ReadHtmlCacheBehavior [ RunTime:0.001264s ]
INFO: [ app_begin ] --END-- [ RunTime:0.001369s ]
ERR: 无法加载控制器:Home

[ 2016-12-18T21:52:28+08:00 ] 127.0.0.1 /github/Wplus/ThinkWplus/index.php/Admin/index
INFO: [ app_init ] --START--
INFO: Run Behavior\BuildLiteBehavior [ RunTime:0.000016s ]
INFO: [ app_init ] --END-- [ RunTime:0.000504s ]
INFO: [ app_begin ] --START--
INFO: Run Behavior\ReadHtmlCacheBehavior [ RunTime:0.000791s ]
INFO: [ app_begin ] --END-- [ RunTime:0.000862s ]
INFO: [ view_parse ] --START--
INFO: [ template_filter ] --START--
INFO: Run Behavior\ContentReplaceBehavior [ RunTime:0.000047s ]
INFO: [ template_filter ] --END-- [ RunTime:0.000110s ]
INFO: Run Behavior\ParseTemplateBehavior [ RunTime:0.023587s ]
INFO: [ view_parse ] --END-- [ RunTime:0.023702s ]
INFO: [ view_filter ] --START--
INFO: Run Behavior\WriteHtmlCacheBehavior [ RunTime:0.000571s ]
INFO: [ view_filter ] --END-- [ RunTime:0.000636s ]

[ 2016-12-18T21:52:32+08:00 ] 127.0.0.1 /github/Wplus/ThinkWplus/index.php/Admin/Login/login.html
INFO: [ app_init ] --START--
INFO: Run Behavior\BuildLiteBehavior [ RunTime:0.000015s ]
INFO: [ app_init ] --END-- [ RunTime:0.000603s ]
INFO: [ app_begin ] --START--
INFO: Run Behavior\ReadHtmlCacheBehavior [ RunTime:0.001632s ]
INFO: [ app_begin ] --END-- [ RunTime:0.001870s ]
INFO: [ view_parse ] --START--
INFO: [ template_filter ] --START--
INFO: Run Behavior\ContentReplaceBehavior [ RunTime:0.000103s ]
INFO: [ template_filter ] --END-- [ RunTime:0.000230s ]
INFO: Run Behavior\ParseTemplateBehavior [ RunTime:0.020032s ]
INFO: [ view_parse ] --END-- [ RunTime:0.020197s ]
INFO: [ view_filter ] --START--
INFO: Run Behavior\WriteHtmlCacheBehavior [ RunTime:0.000778s ]
INFO: [ view_filter ] --END-- [ RunTime:0.000880s ]
INFO: [ app_end ] --START--
INFO: Run Behavior\ShowPageTraceBehavior [ RunTime:0.001484s ]
INFO: [ app_end ] --END-- [ RunTime:0.001592s ]

[ 2016-12-18T21:52:46+08:00 ] 127.0.0.1 /github/Wplus/ThinkWplus/index.php/Admin/Login/login
INFO: [ app_init ] --START--
INFO: Run Behavior\BuildLiteBehavior [ RunTime:0.000016s ]
INFO: [ app_init ] --END-- [ RunTime:0.000582s ]
INFO: [ app_begin ] --START--
INFO: Run Behavior\ReadHtmlCacheBehavior [ RunTime:0.000664s ]
INFO: [ app_begin ] --END-- [ RunTime:0.000748s ]
SQL: SHOW COLUMNS FROM `adminuser` [ RunTime:0.0302s ]
SQL: SELECT COUNT(*) AS tp_count FROM `adminuser` WHERE `password` = '111111' LIMIT 1   [ RunTime:0.0287s ]
SQL: SELECT `id` FROM `adminuser` WHERE `password` = '111111'  [ RunTime:0.0295s ]
INFO: [ view_parse ] --START--
INFO: [ template_filter ] --START--
INFO: Run Behavior\ContentReplaceBehavior [ RunTime:0.000081s ]
INFO: [ template_filter ] --END-- [ RunTime:0.000190s ]
INFO: Run Behavior\ParseTemplateBehavior [ RunTime:0.012562s ]
INFO: [ view_parse ] --END-- [ RunTime:0.012688s ]
INFO: [ view_filter ] --START--
INFO: Run Behavior\WriteHtmlCacheBehavior [ RunTime:0.000897s ]
INFO: [ view_filter ] --END-- [ RunTime:0.001025s ]
INFO: [ app_end ] --START--
INFO: Run Behavior\ShowPageTraceBehavior [ RunTime:0.001473s ]
INFO: [ app_end ] --END-- [ RunTime:0.001604s ]

[ 2016-12-18T21:52:47+08:00 ] 127.0.0.1 /github/Wplus/ThinkWplus/index.php/Admin/Index/index.html
INFO: [ app_init ] --START--
INFO: Run Behavior\BuildLiteBehavior [ RunTime:0.000020s ]
INFO: [ app_init ] --END-- [ RunTime:0.000710s ]
INFO: [ app_begin ] --START--
INFO: Run Behavior\ReadHtmlCacheBehavior [ RunTime:0.000796s ]
INFO: [ app_begin ] --END-- [ RunTime:0.000873s ]
INFO: [ view_parse ] --START--
INFO: [ template_filter ] --START--
INFO: Run Behavior\ContentReplaceBehavior [ RunTime:0.000106s ]
INFO: [ template_filter ] --END-- [ RunTime:0.000187s ]
INFO: Run Behavior\ParseTemplateBehavior [ RunTime:0.034678s ]
INFO: [ view_parse ] --END-- [ RunTime:0.034774s ]
INFO: [ view_filter ] --START--
INFO: Run Behavior\WriteHtmlCacheBehavior [ RunTime:0.000391s ]
INFO: [ view_filter ] --END-- [ RunTime:0.000445s ]
INFO: [ app_end ] --START--
INFO: Run Behavior\ShowPageTraceBehavior [ RunTime:0.000974s ]
INFO: [ app_end ] --END-- [ RunTime:0.001115s ]

[ 2016-12-18T21:52:50+08:00 ] 127.0.0.1 /github/Wplus/ThinkWplus/index.php/Admin/Index/indexIndex
INFO: [ app_init ] --START--
INFO: Run Behavior\BuildLiteBehavior [ RunTime:0.000024s ]
INFO: [ app_init ] --END-- [ RunTime:0.000795s ]
INFO: [ app_begin ] --START--
INFO: Run Behavior\ReadHtmlCacheBehavior [ RunTime:0.001187s ]
INFO: [ app_begin ] --END-- [ RunTime:0.001343s ]
NOTIC: [8] Use of undefined constant dish - assumed 'dish' G:\wwwroot\github\Wplus\ThinkWplus\Application\Admin\Controller\IndexController.class.php 第 18 行.
SQL: SHOW COLUMNS FROM `dish` [ RunTime:0.0419s ]
SQL: SELECT COUNT(*) AS tp_count FROM `dish` LIMIT 1   [ RunTime:0.0405s ]
NOTIC: [8] Use of undefined constant order - assumed 'order' G:\wwwroot\github\Wplus\ThinkWplus\Application\Admin\Controller\IndexController.class.php 第 22 行.
SQL: SHOW COLUMNS FROM `order` [ RunTime:0.0421s ]
SQL: SELECT COUNT(*) AS tp_count FROM `order` LIMIT 1   [ RunTime:0.0401s ]
NOTIC: [8] Use of undefined constant feedback - assumed 'feedback' G:\wwwroot\github\Wplus\ThinkWplus\Application\Admin\Controller\IndexController.class.php 第 26 行.
SQL: SHOW COLUMNS FROM `feedback` [ RunTime:0.0418s ]
SQL: SELECT COUNT(*) AS tp_count FROM `feedback` LIMIT 1   [ RunTime:0.0400s ]
NOTIC: [8] Use of undefined constant user - assumed 'user' G:\wwwroot\github\Wplus\ThinkWplus\Application\Admin\Controller\IndexController.class.php 第 30 行.
SQL: SHOW COLUMNS FROM `user` [ RunTime:0.0410s ]
SQL: SELECT COUNT(*) AS tp_count FROM `user` LIMIT 1   [ RunTime:0.0410s ]
NOTIC: [8] Use of undefined constant Y - assumed 'Y' G:\wwwroot\github\Wplus\ThinkWplus\Application\Admin\Controller\IndexController.class.php 第 34 行.
NOTIC: [8] Use of undefined constant article - assumed 'article' G:\wwwroot\github\Wplus\ThinkWplus\Application\Admin\Controller\IndexController.class.php 第 35 行.
SQL: SHOW COLUMNS FROM `article` [ RunTime:0.0404s ]
SQL: SELECT COUNT(*) AS tp_count FROM `article` WHERE `time` LIKE '2016%' LIMIT 1   [ RunTime:0.0437s ]
NOTIC: [8] Use of undefined constant Y - assumed 'Y' G:\wwwroot\github\Wplus\ThinkWplus\Application\Admin\Controller\IndexController.class.php 第 40 行.
SQL: SELECT COUNT(*) AS tp_count FROM `article` WHERE `time` LIKE '2015%' LIMIT 1   [ RunTime:0.0405s ]
NOTIC: [8] Use of undefined constant Y - assumed 'Y' G:\wwwroot\github\Wplus\ThinkWplus\Application\Admin\Controller\IndexController.class.php 第 45 行.
SQL: SELECT COUNT(*) AS tp_count FROM `article` WHERE `time` LIKE '2014%' LIMIT 1   [ RunTime:0.0414s ]
NOTIC: [8] Use of undefined constant Y - assumed 'Y' G:\wwwroot\github\Wplus\ThinkWplus\Application\Admin\Controller\IndexController.class.php 第 50 行.
SQL: SELECT COUNT(*) AS tp_count FROM `article` WHERE `time` LIKE '2013%' LIMIT 1   [ RunTime:0.0405s ]
NOTIC: [8] Use of undefined constant Y - assumed 'Y' G:\wwwroot\github\Wplus\ThinkWplus\Application\Admin\Controller\IndexController.class.php 第 55 行.
SQL: SELECT COUNT(*) AS tp_count FROM `article` WHERE `time` LIKE '2012%' LIMIT 1   [ RunTime:0.0422s ]
NOTIC: [8] Use of undefined constant Y - assumed 'Y' G:\wwwroot\github\Wplus\ThinkWplus\Application\Admin\Controller\IndexController.class.php 第 60 行.
SQL: SELECT COUNT(*) AS tp_count FROM `article` WHERE `time` LIKE '2011%' LIMIT 1   [ RunTime:0.0409s ]
NOTIC: [8] Use of undefined constant Y - assumed 'Y' G:\wwwroot\github\Wplus\ThinkWplus\Application\Admin\Controller\IndexController.class.php 第 65 行.
SQL: SELECT COUNT(*) AS tp_count FROM `article` WHERE `time` LIKE '2010%' LIMIT 1   [ RunTime:0.0412s ]
SQL: SELECT COUNT(*) AS tp_count FROM `user` WHERE `birthday` LIKE '2%' LIMIT 1   [ RunTime:0.0399s ]
SQL: SELECT COUNT(*) AS tp_count FROM `user` WHERE `birthday` LIKE '199%' LIMIT 1   [ RunTime:0.0422s ]
SQL: SELECT COUNT(*) AS tp_count FROM `user` WHERE `birthday` LIKE '198%' LIMIT 1   [ RunTime:0.0395s ]
SQL: SELECT COUNT(*) AS tp_count FROM `user` WHERE `birthday` LIKE '197%' LIMIT 1   [ RunTime:0.0420s ]
SQL: SELECT COUNT(*) AS tp_count FROM `user` WHERE `birthday` LIKE '196%' LIMIT 1   [ RunTime:0.0396s ]
SQL: SELECT COUNT(*) AS tp_count FROM `user` WHERE `birthday` LIKE '195%' LIMIT 1   [ RunTime:0.0413s ]
INFO: [ view_parse ] --START--
INFO: [ template_filter ] --START--
INFO: Run Behavior\ContentReplaceBehavior [ RunTime:0.000289s ]
INFO: [ template_filter ] --END-- [ RunTime:0.000488s ]
INFO: Run Behavior\ParseTemplateBehavior [ RunTime:0.060055s ]
INFO: [ view_parse ] --END-- [ RunTime:0.060274s ]
INFO: [ view_filter ] --START--
INFO: Run Behavior\WriteHtmlCacheBehavior [ RunTime:0.001193s ]
INFO: [ view_filter ] --END-- [ RunTime:0.001403s ]
INFO: [ app_end ] --START--
INFO: Run Behavior\ShowPageTraceBehavior [ RunTime:0.003313s ]
INFO: [ app_end ] --END-- [ RunTime:0.003904s ]

[ 2016-12-18T21:52:51+08:00 ] 127.0.0.1 /github/Wplus/ThinkWplus/index.php/Admin/Index/favicon.ico
INFO: [ app_init ] --START--
INFO: Run Behavior\BuildLiteBehavior [ RunTime:0.000016s ]
INFO: [ app_init ] --END-- [ RunTime:0.000677s ]

[ 2016-12-18T21:52:51+08:00 ] 127.0.0.1 /github/Wplus/ThinkWplus/index.php/Admin/Recipe/add
INFO: [ app_init ] --START--
INFO: Run Behavior\BuildLiteBehavior [ RunTime:0.000031s ]
INFO: [ app_init ] --END-- [ RunTime:0.001064s ]
INFO: [ app_begin ] --START--
INFO: Run Behavior\ReadHtmlCacheBehavior [ RunTime:0.001272s ]
INFO: [ app_begin ] --END-- [ RunTime:0.001393s ]
INFO: [ view_parse ] --START--
INFO: [ template_filter ] --START--
INFO: Run Behavior\ContentReplaceBehavior [ RunTime:0.000094s ]
INFO: [ template_filter ] --END-- [ RunTime:0.000181s ]
INFO: Run Behavior\ParseTemplateBehavior [ RunTime:0.075417s ]
INFO: [ view_parse ] --END-- [ RunTime:0.075530s ]
INFO: [ view_filter ] --START--
INFO: Run Behavior\WriteHtmlCacheBehavior [ RunTime:0.000506s ]
INFO: [ view_filter ] --END-- [ RunTime:0.000566s ]
INFO: [ app_end ] --START--
INFO: Run Behavior\ShowPageTraceBehavior [ RunTime:0.001891s ]
INFO: [ app_end ] --END-- [ RunTime:0.002294s ]

